<html>
<head>
<title>TestNG:  component-tests(failed)(failed)(failed)(failed)</title>
<link href="../testng.css" rel="stylesheet" type="text/css" />
<link href="../my-testng.css" rel="stylesheet" type="text/css" />

<style type="text/css">
.log { display: none;} 
.stack-trace { display: none;} 
</style>
<script type="text/javascript">
<!--
function flip(e) {
  current = e.style.display;
  if (current == 'block') {
    e.style.display = 'none';
    return 0;
  }
  else {
    e.style.display = 'block';
    return 1;
  }
}

function toggleBox(szDivId, elem, msg1, msg2)
{
  var res = -1;  if (document.getElementById) {
    res = flip(document.getElementById(szDivId));
  }
  else if (document.all) {
    // this is the way old msie versions work
    res = flip(document.all[szDivId]);
  }
  if(elem) {
    if(res == 0) elem.innerHTML = msg1; else elem.innerHTML = msg2;
  }

}

function toggleAllBoxes() {
  if (document.getElementsByTagName) {
    d = document.getElementsByTagName('div');
    for (i = 0; i < d.length; i++) {
      if (d[i].className == 'log') {
        flip(d[i]);
      }
    }
  }
}

// -->
</script>

</head>
<body>
<h2 align='center'>component-tests(failed)(failed)(failed)(failed)</h2><table border='1' align="center">
<tr>
<td>Tests passed/Failed/Skipped:</td><td>0/5/0</td>
</tr><tr>
<td>Started on:</td><td>Wed Aug 06 03:32:28 UTC 2014</td>
</tr>
<tr><td>Total time:</td><td>3 seconds (3514 ms)</td>
</tr><tr>
<td>Included groups:</td><td></td>
</tr><tr>
<td>Excluded groups:</td><td></td>
</tr>
</table><p/>
<small><i>(Hover the method name to see the test class name)</i></small><p/>
<table width='100%' border='1' class='invocation-failed'>
<tr><td colspan='4' align='center'><b>FAILED TESTS</b></td></tr>
<tr><td><b>Test method</b></td>
<td width="30%"><b>Exception</b></td>
<td width="10%"><b>Time (seconds)</b></td>
<td><b>Instance</b></td>
</tr>
<tr>
<td title='teammates.test.cases.ui.AllActionsAccessControlTest.StudentProfilePictureEdit()'><b>StudentProfilePictureEdit</b><br>Test class: teammates.test.cases.ui.AllActionsAccessControlTest</td>
<td><div><pre>java.lang.NoClassDefFoundError: com/google/appengine/tools/cloudstorage/GcsFilename
	at teammates.ui.controller.StudentProfilePictureEditAction.execute(StudentProfilePictureEditAction.java:60)
	at teammates.ui.controller.Action.executeAndPostProcess(Action.java:312)
	at teammates.test.cases.ui.BaseActionTest.verifyCanAccess(BaseActionTest.java:635)
	at teammates.test.cases.ui.BaseActionTest.verifyAccessibleForStudents(BaseActionTest.java:352)
	at teammates.test.cases.ui.BaseActionTest.verifyAnyRegisteredUserCanAccess(BaseActionTest.java:252)
	at teammates.test.cases.ui.AllActionsAccessControlTest.StudentProfilePictureEdit(AllActionsAccessControlTest.java:1516)
	at java.util.concurrent.FutureTask.run(FutureTask.java:262)
	at java.util.concurrent.ThreadPoolExecutor.runWorker(ThreadPoolExecutor.java:1145)
	at java.util.concurrent.ThreadPoolExecutor$Worker.run(ThreadPoolExecutor.java:615)
	at java.lang.Thread.run(Thread.java:745)
Caused by: java.lang.ClassNotFoundException: com.google.appengine.tools.cloudstorage.GcsFilename
	at java.net.URLClassLoader$1.run(URLClassLoader.java:366)
	at java.net.URLClassLoader$1.run(URLClassLoader.java:355)
	at java.security.AccessController.doPrivileged(Native Method)
	at java.net.URLClassLoader.findClass(URLClassLoader.java:354)
	at java.lang.ClassLoader.loadClass(ClassLoader.java:425)
	at sun.misc.Launcher$AppClassLoader.loadClass(Launcher.java:308)
	at java.lang.ClassLoader.loadClass(ClassLoader.java:358)
	... 26 more
... Removed 16 stack frames</pre></div><a href='#' onClick='toggleBox("stack-trace26329023", this, "Click to show all stack frames", "Click to hide stack frames")'>Click to show all stack frames</a>
<div class='stack-trace' id='stack-trace26329023'><pre>java.lang.NoClassDefFoundError: com/google/appengine/tools/cloudstorage/GcsFilename
	at teammates.ui.controller.StudentProfilePictureEditAction.execute(StudentProfilePictureEditAction.java:60)
	at teammates.ui.controller.Action.executeAndPostProcess(Action.java:312)
	at teammates.test.cases.ui.BaseActionTest.verifyCanAccess(BaseActionTest.java:635)
	at teammates.test.cases.ui.BaseActionTest.verifyAccessibleForStudents(BaseActionTest.java:352)
	at teammates.test.cases.ui.BaseActionTest.verifyAnyRegisteredUserCanAccess(BaseActionTest.java:252)
	at teammates.test.cases.ui.AllActionsAccessControlTest.StudentProfilePictureEdit(AllActionsAccessControlTest.java:1516)
	at sun.reflect.NativeMethodAccessorImpl.invoke0(Native Method)
	at sun.reflect.NativeMethodAccessorImpl.invoke(NativeMethodAccessorImpl.java:57)
	at sun.reflect.DelegatingMethodAccessorImpl.invoke(DelegatingMethodAccessorImpl.java:43)
	at java.lang.reflect.Method.invoke(Method.java:606)
	at org.testng.internal.MethodInvocationHelper.invokeMethod(MethodInvocationHelper.java:84)
	at org.testng.internal.Invoker.invokeMethod(Invoker.java:714)
	at org.testng.internal.Invoker.invokeTestMethod(Invoker.java:901)
	at org.testng.internal.Invoker.invokeTestMethods(Invoker.java:1231)
	at org.testng.internal.TestMethodWorker.invokeTestMethods(TestMethodWorker.java:127)
	at org.testng.internal.TestMethodWorker.run(TestMethodWorker.java:111)
	at org.testng.TestRunner.privateRun(TestRunner.java:767)
	at org.testng.TestRunner.run(TestRunner.java:617)
	at org.testng.SuiteRunner.runTest(SuiteRunner.java:334)
	at org.testng.SuiteRunner.access$000(SuiteRunner.java:37)
	at org.testng.SuiteRunner$SuiteWorker.run(SuiteRunner.java:368)
	at org.testng.internal.thread.ThreadUtil$2.call(ThreadUtil.java:64)
	at java.util.concurrent.FutureTask.run(FutureTask.java:262)
	at java.util.concurrent.ThreadPoolExecutor.runWorker(ThreadPoolExecutor.java:1145)
	at java.util.concurrent.ThreadPoolExecutor$Worker.run(ThreadPoolExecutor.java:615)
	at java.lang.Thread.run(Thread.java:745)
Caused by: java.lang.ClassNotFoundException: com.google.appengine.tools.cloudstorage.GcsFilename
	at java.net.URLClassLoader$1.run(URLClassLoader.java:366)
	at java.net.URLClassLoader$1.run(URLClassLoader.java:355)
	at java.security.AccessController.doPrivileged(Native Method)
	at java.net.URLClassLoader.findClass(URLClassLoader.java:354)
	at java.lang.ClassLoader.loadClass(ClassLoader.java:425)
	at sun.misc.Launcher$AppClassLoader.loadClass(Launcher.java:308)
	at java.lang.ClassLoader.loadClass(ClassLoader.java:358)
	... 26 more
</pre></div></td>
<td>0</td>
<td>teammates.test.cases.ui.AllActionsAccessControlTest@62953a</td></tr>
<tr>
<td title='teammates.test.cases.storage.AccountsDbTest.testDeleteAccount()'><b>testDeleteAccount</b><br>Test class: teammates.test.cases.storage.AccountsDbTest</td>
<td><div><pre>java.lang.NoClassDefFoundError: com/google/appengine/tools/cloudstorage/GcsFilename
	at teammates.common.util.GoogleCloudStorageHelper.writeDataToGcs(GoogleCloudStorageHelper.java:54)
	at teammates.common.util.GoogleCloudStorageHelper.writeFileToGcs(GoogleCloudStorageHelper.java:26)
	at teammates.test.cases.storage.AccountsDbTest.testDeleteAccount(AccountsDbTest.java:273)
	at java.util.concurrent.FutureTask.run(FutureTask.java:262)
	at java.util.concurrent.ThreadPoolExecutor.runWorker(ThreadPoolExecutor.java:1145)
	at java.util.concurrent.ThreadPoolExecutor$Worker.run(ThreadPoolExecutor.java:615)
	at java.lang.Thread.run(Thread.java:745)
Caused by: java.lang.ClassNotFoundException: com.google.appengine.tools.cloudstorage.GcsFilename
	at java.net.URLClassLoader$1.run(URLClassLoader.java:366)
	at java.net.URLClassLoader$1.run(URLClassLoader.java:355)
	at java.security.AccessController.doPrivileged(Native Method)
	at java.net.URLClassLoader.findClass(URLClassLoader.java:354)
	at java.lang.ClassLoader.loadClass(ClassLoader.java:425)
	at sun.misc.Launcher$AppClassLoader.loadClass(Launcher.java:308)
	at java.lang.ClassLoader.loadClass(ClassLoader.java:358)
	... 23 more
... Removed 16 stack frames</pre></div><a href='#' onClick='toggleBox("stack-trace13583259", this, "Click to show all stack frames", "Click to hide stack frames")'>Click to show all stack frames</a>
<div class='stack-trace' id='stack-trace13583259'><pre>java.lang.NoClassDefFoundError: com/google/appengine/tools/cloudstorage/GcsFilename
	at teammates.common.util.GoogleCloudStorageHelper.writeDataToGcs(GoogleCloudStorageHelper.java:54)
	at teammates.common.util.GoogleCloudStorageHelper.writeFileToGcs(GoogleCloudStorageHelper.java:26)
	at teammates.test.cases.storage.AccountsDbTest.testDeleteAccount(AccountsDbTest.java:273)
	at sun.reflect.NativeMethodAccessorImpl.invoke0(Native Method)
	at sun.reflect.NativeMethodAccessorImpl.invoke(NativeMethodAccessorImpl.java:57)
	at sun.reflect.DelegatingMethodAccessorImpl.invoke(DelegatingMethodAccessorImpl.java:43)
	at java.lang.reflect.Method.invoke(Method.java:606)
	at org.testng.internal.MethodInvocationHelper.invokeMethod(MethodInvocationHelper.java:84)
	at org.testng.internal.Invoker.invokeMethod(Invoker.java:714)
	at org.testng.internal.Invoker.invokeTestMethod(Invoker.java:901)
	at org.testng.internal.Invoker.invokeTestMethods(Invoker.java:1231)
	at org.testng.internal.TestMethodWorker.invokeTestMethods(TestMethodWorker.java:127)
	at org.testng.internal.TestMethodWorker.run(TestMethodWorker.java:111)
	at org.testng.TestRunner.privateRun(TestRunner.java:767)
	at org.testng.TestRunner.run(TestRunner.java:617)
	at org.testng.SuiteRunner.runTest(SuiteRunner.java:334)
	at org.testng.SuiteRunner.access$000(SuiteRunner.java:37)
	at org.testng.SuiteRunner$SuiteWorker.run(SuiteRunner.java:368)
	at org.testng.internal.thread.ThreadUtil$2.call(ThreadUtil.java:64)
	at java.util.concurrent.FutureTask.run(FutureTask.java:262)
	at java.util.concurrent.ThreadPoolExecutor.runWorker(ThreadPoolExecutor.java:1145)
	at java.util.concurrent.ThreadPoolExecutor$Worker.run(ThreadPoolExecutor.java:615)
	at java.lang.Thread.run(Thread.java:745)
Caused by: java.lang.ClassNotFoundException: com.google.appengine.tools.cloudstorage.GcsFilename
	at java.net.URLClassLoader$1.run(URLClassLoader.java:366)
	at java.net.URLClassLoader$1.run(URLClassLoader.java:355)
	at java.security.AccessController.doPrivileged(Native Method)
	at java.net.URLClassLoader.findClass(URLClassLoader.java:354)
	at java.lang.ClassLoader.loadClass(ClassLoader.java:425)
	at sun.misc.Launcher$AppClassLoader.loadClass(Launcher.java:308)
	at java.lang.ClassLoader.loadClass(ClassLoader.java:358)
	... 23 more
</pre></div></td>
<td>0</td>
<td>teammates.test.cases.storage.AccountsDbTest@17951c9</td></tr>
<tr>
<td title='teammates.test.cases.ui.StudentProfilePictureEditActionTest.testExecuteAndPostProcess()'><b>testExecuteAndPostProcess</b><br>Test class: teammates.test.cases.ui.StudentProfilePictureEditActionTest</td>
<td><div><pre>java.lang.NoClassDefFoundError: com/google/appengine/tools/cloudstorage/GcsFilename
	at teammates.ui.controller.StudentProfilePictureEditAction.execute(StudentProfilePictureEditAction.java:60)
	at teammates.ui.controller.Action.executeAndPostProcess(Action.java:312)
	at teammates.test.cases.ui.StudentProfilePictureEditActionTest.testExecuteAndPostProcess(StudentProfilePictureEditActionTest.java:100)
	at java.util.concurrent.FutureTask.run(FutureTask.java:262)
	at java.util.concurrent.ThreadPoolExecutor.runWorker(ThreadPoolExecutor.java:1145)
	at java.util.concurrent.ThreadPoolExecutor$Worker.run(ThreadPoolExecutor.java:615)
	at java.lang.Thread.run(Thread.java:745)
... Removed 16 stack frames</pre></div><a href='#' onClick='toggleBox("stack-trace28174559", this, "Click to show all stack frames", "Click to hide stack frames")'>Click to show all stack frames</a>
<div class='stack-trace' id='stack-trace28174559'><pre>java.lang.NoClassDefFoundError: com/google/appengine/tools/cloudstorage/GcsFilename
	at teammates.ui.controller.StudentProfilePictureEditAction.execute(StudentProfilePictureEditAction.java:60)
	at teammates.ui.controller.Action.executeAndPostProcess(Action.java:312)
	at teammates.test.cases.ui.StudentProfilePictureEditActionTest.testExecuteAndPostProcess(StudentProfilePictureEditActionTest.java:100)
	at sun.reflect.NativeMethodAccessorImpl.invoke0(Native Method)
	at sun.reflect.NativeMethodAccessorImpl.invoke(NativeMethodAccessorImpl.java:57)
	at sun.reflect.DelegatingMethodAccessorImpl.invoke(DelegatingMethodAccessorImpl.java:43)
	at java.lang.reflect.Method.invoke(Method.java:606)
	at org.testng.internal.MethodInvocationHelper.invokeMethod(MethodInvocationHelper.java:84)
	at org.testng.internal.Invoker.invokeMethod(Invoker.java:714)
	at org.testng.internal.Invoker.invokeTestMethod(Invoker.java:901)
	at org.testng.internal.Invoker.invokeTestMethods(Invoker.java:1231)
	at org.testng.internal.TestMethodWorker.invokeTestMethods(TestMethodWorker.java:127)
	at org.testng.internal.TestMethodWorker.run(TestMethodWorker.java:111)
	at org.testng.TestRunner.privateRun(TestRunner.java:767)
	at org.testng.TestRunner.run(TestRunner.java:617)
	at org.testng.SuiteRunner.runTest(SuiteRunner.java:334)
	at org.testng.SuiteRunner.access$000(SuiteRunner.java:37)
	at org.testng.SuiteRunner$SuiteWorker.run(SuiteRunner.java:368)
	at org.testng.internal.thread.ThreadUtil$2.call(ThreadUtil.java:64)
	at java.util.concurrent.FutureTask.run(FutureTask.java:262)
	at java.util.concurrent.ThreadPoolExecutor.runWorker(ThreadPoolExecutor.java:1145)
	at java.util.concurrent.ThreadPoolExecutor$Worker.run(ThreadPoolExecutor.java:615)
	at java.lang.Thread.run(Thread.java:745)
</pre></div></td>
<td>0</td>
<td>teammates.test.cases.ui.StudentProfilePictureEditActionTest@137695c</td></tr>
<tr>
<td title='teammates.test.cases.storage.ProfilesDbTest.testUpdateStudentProfile()'><b>testUpdateStudentProfile</b><br>Test class: teammates.test.cases.storage.ProfilesDbTest</td>
<td><div><pre>java.lang.NoClassDefFoundError: com/google/appengine/tools/cloudstorage/GcsFilename
	at teammates.common.util.GoogleCloudStorageHelper.writeDataToGcs(GoogleCloudStorageHelper.java:54)
	at teammates.common.util.GoogleCloudStorageHelper.writeFileToGcs(GoogleCloudStorageHelper.java:26)
	at teammates.test.cases.storage.ProfilesDbTest.testUpdateStudentProfile(ProfilesDbTest.java:88)
	at java.util.concurrent.FutureTask.run(FutureTask.java:262)
	at java.util.concurrent.ThreadPoolExecutor.runWorker(ThreadPoolExecutor.java:1145)
	at java.util.concurrent.ThreadPoolExecutor$Worker.run(ThreadPoolExecutor.java:615)
	at java.lang.Thread.run(Thread.java:745)
... Removed 16 stack frames</pre></div><a href='#' onClick='toggleBox("stack-trace31025295", this, "Click to show all stack frames", "Click to hide stack frames")'>Click to show all stack frames</a>
<div class='stack-trace' id='stack-trace31025295'><pre>java.lang.NoClassDefFoundError: com/google/appengine/tools/cloudstorage/GcsFilename
	at teammates.common.util.GoogleCloudStorageHelper.writeDataToGcs(GoogleCloudStorageHelper.java:54)
	at teammates.common.util.GoogleCloudStorageHelper.writeFileToGcs(GoogleCloudStorageHelper.java:26)
	at teammates.test.cases.storage.ProfilesDbTest.testUpdateStudentProfile(ProfilesDbTest.java:88)
	at sun.reflect.NativeMethodAccessorImpl.invoke0(Native Method)
	at sun.reflect.NativeMethodAccessorImpl.invoke(NativeMethodAccessorImpl.java:57)
	at sun.reflect.DelegatingMethodAccessorImpl.invoke(DelegatingMethodAccessorImpl.java:43)
	at java.lang.reflect.Method.invoke(Method.java:606)
	at org.testng.internal.MethodInvocationHelper.invokeMethod(MethodInvocationHelper.java:84)
	at org.testng.internal.Invoker.invokeMethod(Invoker.java:714)
	at org.testng.internal.Invoker.invokeTestMethod(Invoker.java:901)
	at org.testng.internal.Invoker.invokeTestMethods(Invoker.java:1231)
	at org.testng.internal.TestMethodWorker.invokeTestMethods(TestMethodWorker.java:127)
	at org.testng.internal.TestMethodWorker.run(TestMethodWorker.java:111)
	at org.testng.TestRunner.privateRun(TestRunner.java:767)
	at org.testng.TestRunner.run(TestRunner.java:617)
	at org.testng.SuiteRunner.runTest(SuiteRunner.java:334)
	at org.testng.SuiteRunner.access$000(SuiteRunner.java:37)
	at org.testng.SuiteRunner$SuiteWorker.run(SuiteRunner.java:368)
	at org.testng.internal.thread.ThreadUtil$2.call(ThreadUtil.java:64)
	at java.util.concurrent.FutureTask.run(FutureTask.java:262)
	at java.util.concurrent.ThreadPoolExecutor.runWorker(ThreadPoolExecutor.java:1145)
	at java.util.concurrent.ThreadPoolExecutor$Worker.run(ThreadPoolExecutor.java:615)
	at java.lang.Thread.run(Thread.java:745)
</pre></div></td>
<td>0</td>
<td>teammates.test.cases.storage.ProfilesDbTest@a484c7</td></tr>
<tr>
<td title='teammates.test.cases.storage.ProfilesDbTest.testUpdateStudentProfilePicture()'><b>testUpdateStudentProfilePicture</b><br>Test class: teammates.test.cases.storage.ProfilesDbTest</td>
<td><div><pre>java.lang.NoClassDefFoundError: com/google/appengine/tools/cloudstorage/GcsFilename
	at teammates.common.util.GoogleCloudStorageHelper.writeDataToGcs(GoogleCloudStorageHelper.java:54)
	at teammates.common.util.GoogleCloudStorageHelper.writeFileToGcs(GoogleCloudStorageHelper.java:26)
	at teammates.test.cases.storage.ProfilesDbTest.testUpdateStudentProfilePicture(ProfilesDbTest.java:164)
	at java.util.concurrent.FutureTask.run(FutureTask.java:262)
	at java.util.concurrent.ThreadPoolExecutor.runWorker(ThreadPoolExecutor.java:1145)
	at java.util.concurrent.ThreadPoolExecutor$Worker.run(ThreadPoolExecutor.java:615)
	at java.lang.Thread.run(Thread.java:745)
... Removed 16 stack frames</pre></div><a href='#' onClick='toggleBox("stack-trace16053824", this, "Click to show all stack frames", "Click to hide stack frames")'>Click to show all stack frames</a>
<div class='stack-trace' id='stack-trace16053824'><pre>java.lang.NoClassDefFoundError: com/google/appengine/tools/cloudstorage/GcsFilename
	at teammates.common.util.GoogleCloudStorageHelper.writeDataToGcs(GoogleCloudStorageHelper.java:54)
	at teammates.common.util.GoogleCloudStorageHelper.writeFileToGcs(GoogleCloudStorageHelper.java:26)
	at teammates.test.cases.storage.ProfilesDbTest.testUpdateStudentProfilePicture(ProfilesDbTest.java:164)
	at sun.reflect.NativeMethodAccessorImpl.invoke0(Native Method)
	at sun.reflect.NativeMethodAccessorImpl.invoke(NativeMethodAccessorImpl.java:57)
	at sun.reflect.DelegatingMethodAccessorImpl.invoke(DelegatingMethodAccessorImpl.java:43)
	at java.lang.reflect.Method.invoke(Method.java:606)
	at org.testng.internal.MethodInvocationHelper.invokeMethod(MethodInvocationHelper.java:84)
	at org.testng.internal.Invoker.invokeMethod(Invoker.java:714)
	at org.testng.internal.Invoker.invokeTestMethod(Invoker.java:901)
	at org.testng.internal.Invoker.invokeTestMethods(Invoker.java:1231)
	at org.testng.internal.TestMethodWorker.invokeTestMethods(TestMethodWorker.java:127)
	at org.testng.internal.TestMethodWorker.run(TestMethodWorker.java:111)
	at org.testng.TestRunner.privateRun(TestRunner.java:767)
	at org.testng.TestRunner.run(TestRunner.java:617)
	at org.testng.SuiteRunner.runTest(SuiteRunner.java:334)
	at org.testng.SuiteRunner.access$000(SuiteRunner.java:37)
	at org.testng.SuiteRunner$SuiteWorker.run(SuiteRunner.java:368)
	at org.testng.internal.thread.ThreadUtil$2.call(ThreadUtil.java:64)
	at java.util.concurrent.FutureTask.run(FutureTask.java:262)
	at java.util.concurrent.ThreadPoolExecutor.runWorker(ThreadPoolExecutor.java:1145)
	at java.util.concurrent.ThreadPoolExecutor$Worker.run(ThreadPoolExecutor.java:615)
	at java.lang.Thread.run(Thread.java:745)
</pre></div></td>
<td>0</td>
<td>teammates.test.cases.storage.ProfilesDbTest@a484c7</td></tr>
</table><p>
</body>
</html>