<html>
<head>
<title>TestNG:  component-tests(failed)</title>
<link href="../testng.css" rel="stylesheet" type="text/css" />
<link href="../my-testng.css" rel="stylesheet" type="text/css" />

<style type="text/css">
.log { display: none;} 
.stack-trace { display: none;} 
</style>
<script type="text/javascript">
<!--
function flip(e) {
  current = e.style.display;
  if (current == 'block') {
    e.style.display = 'none';
    return 0;
  }
  else {
    e.style.display = 'block';
    return 1;
  }
}

function toggleBox(szDivId, elem, msg1, msg2)
{
  var res = -1;  if (document.getElementById) {
    res = flip(document.getElementById(szDivId));
  }
  else if (document.all) {
    // this is the way old msie versions work
    res = flip(document.all[szDivId]);
  }
  if(elem) {
    if(res == 0) elem.innerHTML = msg1; else elem.innerHTML = msg2;
  }

}

function toggleAllBoxes() {
  if (document.getElementsByTagName) {
    d = document.getElementsByTagName('div');
    for (i = 0; i < d.length; i++) {
      if (d[i].className == 'log') {
        flip(d[i]);
      }
    }
  }
}

// -->
</script>

</head>
<body>
<h2 align='center'>component-tests(failed)</h2><table border='1' align="center">
<tr>
<td>Tests passed/Failed/Skipped:</td><td>2/21/0</td>
</tr><tr>
<td>Started on:</td><td>Fri Jan 02 09:17:36 UTC 2015</td>
</tr>
<tr><td>Total time:</td><td>16 seconds (16728 ms)</td>
</tr><tr>
<td>Included groups:</td><td></td>
</tr><tr>
<td>Excluded groups:</td><td></td>
</tr>
</table><p/>
<small><i>(Hover the method name to see the test class name)</i></small><p/>
<table width='100%' border='1' class='invocation-failed'>
<tr><td colspan='4' align='center'><b>FAILED TESTS</b></td></tr>
<tr><td><b>Test method</b></td>
<td width="30%"><b>Exception</b></td>
<td width="10%"><b>Time (seconds)</b></td>
<td><b>Instance</b></td>
</tr>
<tr>
<td title='teammates.test.cases.ui.AllActionsAccessControlTest.InstructorCourseInstructorAdd()'><b>InstructorCourseInstructorAdd</b><br>Test class: teammates.test.cases.ui.AllActionsAccessControlTest</td>
<td><div><pre>java.lang.NoClassDefFoundError: Could not initialize class teammates.common.util.EmailTemplates
	at teammates.logic.core.Emails.generateInstructorCourseJoinEmail(Emails.java:805)
	at teammates.logic.core.InstructorsLogic.sendRegistrationInviteToInstructor(InstructorsLogic.java:309)
	at teammates.logic.api.Logic.sendRegistrationInviteToInstructor(Logic.java:595)
	at teammates.ui.controller.InstructorCourseInstructorAddAction.execute(InstructorCourseInstructorAddAction.java:45)
	at teammates.ui.controller.Action.executeAndPostProcess(Action.java:328)
	at teammates.test.cases.ui.BaseActionTest.verifyCanAccess(BaseActionTest.java:644)
	at teammates.test.cases.ui.BaseActionTest.verifyAccessibleForInstructorsOfTheSameCourse(BaseActionTest.java:381)
	at teammates.test.cases.ui.BaseActionTest.verifyOnlyInstructorsOfTheSameCourseCanAccess(BaseActionTest.java:296)
	at teammates.test.cases.ui.AllActionsAccessControlTest.InstructorCourseInstructorAdd(AllActionsAccessControlTest.java:289)
	at java.util.concurrent.FutureTask.run(FutureTask.java:262)
	at java.util.concurrent.ThreadPoolExecutor.runWorker(ThreadPoolExecutor.java:1145)
	at java.util.concurrent.ThreadPoolExecutor$Worker.run(ThreadPoolExecutor.java:615)
	at java.lang.Thread.run(Thread.java:745)
... Removed 16 stack frames</pre></div><a href='#' onClick='toggleBox("stack-trace27641369", this, "Click to show all stack frames", "Click to hide stack frames")'>Click to show all stack frames</a>
<div class='stack-trace' id='stack-trace27641369'><pre>java.lang.NoClassDefFoundError: Could not initialize class teammates.common.util.EmailTemplates
	at teammates.logic.core.Emails.generateInstructorCourseJoinEmail(Emails.java:805)
	at teammates.logic.core.InstructorsLogic.sendRegistrationInviteToInstructor(InstructorsLogic.java:309)
	at teammates.logic.api.Logic.sendRegistrationInviteToInstructor(Logic.java:595)
	at teammates.ui.controller.InstructorCourseInstructorAddAction.execute(InstructorCourseInstructorAddAction.java:45)
	at teammates.ui.controller.Action.executeAndPostProcess(Action.java:328)
	at teammates.test.cases.ui.BaseActionTest.verifyCanAccess(BaseActionTest.java:644)
	at teammates.test.cases.ui.BaseActionTest.verifyAccessibleForInstructorsOfTheSameCourse(BaseActionTest.java:381)
	at teammates.test.cases.ui.BaseActionTest.verifyOnlyInstructorsOfTheSameCourseCanAccess(BaseActionTest.java:296)
	at teammates.test.cases.ui.AllActionsAccessControlTest.InstructorCourseInstructorAdd(AllActionsAccessControlTest.java:289)
	at sun.reflect.NativeMethodAccessorImpl.invoke0(Native Method)
	at sun.reflect.NativeMethodAccessorImpl.invoke(NativeMethodAccessorImpl.java:57)
	at sun.reflect.DelegatingMethodAccessorImpl.invoke(DelegatingMethodAccessorImpl.java:43)
	at java.lang.reflect.Method.invoke(Method.java:606)
	at org.testng.internal.MethodInvocationHelper.invokeMethod(MethodInvocationHelper.java:84)
	at org.testng.internal.Invoker.invokeMethod(Invoker.java:714)
	at org.testng.internal.Invoker.invokeTestMethod(Invoker.java:901)
	at org.testng.internal.Invoker.invokeTestMethods(Invoker.java:1231)
	at org.testng.internal.TestMethodWorker.invokeTestMethods(TestMethodWorker.java:127)
	at org.testng.internal.TestMethodWorker.run(TestMethodWorker.java:111)
	at org.testng.TestRunner.privateRun(TestRunner.java:767)
	at org.testng.TestRunner.run(TestRunner.java:617)
	at org.testng.SuiteRunner.runTest(SuiteRunner.java:334)
	at org.testng.SuiteRunner.access$000(SuiteRunner.java:37)
	at org.testng.SuiteRunner$SuiteWorker.run(SuiteRunner.java:368)
	at org.testng.internal.thread.ThreadUtil$2.call(ThreadUtil.java:64)
	at java.util.concurrent.FutureTask.run(FutureTask.java:262)
	at java.util.concurrent.ThreadPoolExecutor.runWorker(ThreadPoolExecutor.java:1145)
	at java.util.concurrent.ThreadPoolExecutor$Worker.run(ThreadPoolExecutor.java:615)
	at java.lang.Thread.run(Thread.java:745)
</pre></div></td>
<td>0</td>
<td>teammates.test.cases.ui.AllActionsAccessControlTest@bca0dd</td></tr>
<tr>
<td title='teammates.test.cases.ui.AllActionsAccessControlTest.InstructorCourseRemind()'><b>InstructorCourseRemind</b><br>Test class: teammates.test.cases.ui.AllActionsAccessControlTest</td>
<td><div><pre>java.lang.NoClassDefFoundError: Could not initialize class teammates.common.util.EmailTemplates
	at teammates.logic.core.Emails.generateStudentCourseJoinEmail(Emails.java:750)
	at teammates.logic.core.StudentsLogic.sendRegistrationInviteToStudent(StudentsLogic.java:543)
	at teammates.logic.core.StudentsLogic.sendRegistrationInviteForCourse(StudentsLogic.java:560)
	at teammates.logic.api.Logic.sendRegistrationInviteForCourse(Logic.java:1180)
	at teammates.ui.controller.InstructorCourseRemindAction.execute(InstructorCourseRemindAction.java:70)
	at teammates.ui.controller.Action.executeAndPostProcess(Action.java:328)
	at teammates.test.cases.ui.BaseActionTest.verifyCanAccess(BaseActionTest.java:644)
	at teammates.test.cases.ui.BaseActionTest.verifyAccessibleForInstructorsOfTheSameCourse(BaseActionTest.java:381)
	at teammates.test.cases.ui.BaseActionTest.verifyOnlyInstructorsOfTheSameCourseCanAccess(BaseActionTest.java:296)
	at teammates.test.cases.ui.AllActionsAccessControlTest.InstructorCourseRemind(AllActionsAccessControlTest.java:357)
	at java.util.concurrent.FutureTask.run(FutureTask.java:262)
	at java.util.concurrent.ThreadPoolExecutor.runWorker(ThreadPoolExecutor.java:1145)
	at java.util.concurrent.ThreadPoolExecutor$Worker.run(ThreadPoolExecutor.java:615)
	at java.lang.Thread.run(Thread.java:745)
... Removed 16 stack frames</pre></div><a href='#' onClick='toggleBox("stack-trace11758845", this, "Click to show all stack frames", "Click to hide stack frames")'>Click to show all stack frames</a>
<div class='stack-trace' id='stack-trace11758845'><pre>java.lang.NoClassDefFoundError: Could not initialize class teammates.common.util.EmailTemplates
	at teammates.logic.core.Emails.generateStudentCourseJoinEmail(Emails.java:750)
	at teammates.logic.core.StudentsLogic.sendRegistrationInviteToStudent(StudentsLogic.java:543)
	at teammates.logic.core.StudentsLogic.sendRegistrationInviteForCourse(StudentsLogic.java:560)
	at teammates.logic.api.Logic.sendRegistrationInviteForCourse(Logic.java:1180)
	at teammates.ui.controller.InstructorCourseRemindAction.execute(InstructorCourseRemindAction.java:70)
	at teammates.ui.controller.Action.executeAndPostProcess(Action.java:328)
	at teammates.test.cases.ui.BaseActionTest.verifyCanAccess(BaseActionTest.java:644)
	at teammates.test.cases.ui.BaseActionTest.verifyAccessibleForInstructorsOfTheSameCourse(BaseActionTest.java:381)
	at teammates.test.cases.ui.BaseActionTest.verifyOnlyInstructorsOfTheSameCourseCanAccess(BaseActionTest.java:296)
	at teammates.test.cases.ui.AllActionsAccessControlTest.InstructorCourseRemind(AllActionsAccessControlTest.java:357)
	at sun.reflect.NativeMethodAccessorImpl.invoke0(Native Method)
	at sun.reflect.NativeMethodAccessorImpl.invoke(NativeMethodAccessorImpl.java:57)
	at sun.reflect.DelegatingMethodAccessorImpl.invoke(DelegatingMethodAccessorImpl.java:43)
	at java.lang.reflect.Method.invoke(Method.java:606)
	at org.testng.internal.MethodInvocationHelper.invokeMethod(MethodInvocationHelper.java:84)
	at org.testng.internal.Invoker.invokeMethod(Invoker.java:714)
	at org.testng.internal.Invoker.invokeTestMethod(Invoker.java:901)
	at org.testng.internal.Invoker.invokeTestMethods(Invoker.java:1231)
	at org.testng.internal.TestMethodWorker.invokeTestMethods(TestMethodWorker.java:127)
	at org.testng.internal.TestMethodWorker.run(TestMethodWorker.java:111)
	at org.testng.TestRunner.privateRun(TestRunner.java:767)
	at org.testng.TestRunner.run(TestRunner.java:617)
	at org.testng.SuiteRunner.runTest(SuiteRunner.java:334)
	at org.testng.SuiteRunner.access$000(SuiteRunner.java:37)
	at org.testng.SuiteRunner$SuiteWorker.run(SuiteRunner.java:368)
	at org.testng.internal.thread.ThreadUtil$2.call(ThreadUtil.java:64)
	at java.util.concurrent.FutureTask.run(FutureTask.java:262)
	at java.util.concurrent.ThreadPoolExecutor.runWorker(ThreadPoolExecutor.java:1145)
	at java.util.concurrent.ThreadPoolExecutor$Worker.run(ThreadPoolExecutor.java:615)
	at java.lang.Thread.run(Thread.java:745)
</pre></div></td>
<td>0</td>
<td>teammates.test.cases.ui.AllActionsAccessControlTest@bca0dd</td></tr>
<tr>
<td title='teammates.test.cases.common.BuildPropertiesTest.checkReadingEmailTemplates()'><b>checkReadingEmailTemplates</b><br>Test class: teammates.test.cases.common.BuildPropertiesTest</td>
<td><div><pre>java.lang.ExceptionInInitializerError
	at teammates.test.cases.common.BuildPropertiesTest.checkReadingEmailTemplates(BuildPropertiesTest.java:21)
	at java.util.concurrent.FutureTask.run(FutureTask.java:262)
	at java.util.concurrent.ThreadPoolExecutor.runWorker(ThreadPoolExecutor.java:1145)
	at java.util.concurrent.ThreadPoolExecutor$Worker.run(ThreadPoolExecutor.java:615)
	at java.lang.Thread.run(Thread.java:745)
Caused by: java.lang.NullPointerException: source
	at java.util.Objects.requireNonNull(Objects.java:226)
	at java.util.Scanner.&lt;init&gt;(Scanner.java:623)
	at teammates.common.util.FileHelper.readStream(FileHelper.java:38)
	at teammates.common.util.FileHelper.readResourseFile(FileHelper.java:45)
	at teammates.common.util.EmailTemplates.&lt;clinit&gt;(EmailTemplates.java:11)
	... 21 more
... Removed 16 stack frames</pre></div><a href='#' onClick='toggleBox("stack-trace12560042", this, "Click to show all stack frames", "Click to hide stack frames")'>Click to show all stack frames</a>
<div class='stack-trace' id='stack-trace12560042'><pre>java.lang.ExceptionInInitializerError
	at teammates.test.cases.common.BuildPropertiesTest.checkReadingEmailTemplates(BuildPropertiesTest.java:21)
	at sun.reflect.NativeMethodAccessorImpl.invoke0(Native Method)
	at sun.reflect.NativeMethodAccessorImpl.invoke(NativeMethodAccessorImpl.java:57)
	at sun.reflect.DelegatingMethodAccessorImpl.invoke(DelegatingMethodAccessorImpl.java:43)
	at java.lang.reflect.Method.invoke(Method.java:606)
	at org.testng.internal.MethodInvocationHelper.invokeMethod(MethodInvocationHelper.java:84)
	at org.testng.internal.Invoker.invokeMethod(Invoker.java:714)
	at org.testng.internal.Invoker.invokeTestMethod(Invoker.java:901)
	at org.testng.internal.Invoker.invokeTestMethods(Invoker.java:1231)
	at org.testng.internal.TestMethodWorker.invokeTestMethods(TestMethodWorker.java:127)
	at org.testng.internal.TestMethodWorker.run(TestMethodWorker.java:111)
	at org.testng.TestRunner.privateRun(TestRunner.java:767)
	at org.testng.TestRunner.run(TestRunner.java:617)
	at org.testng.SuiteRunner.runTest(SuiteRunner.java:334)
	at org.testng.SuiteRunner.access$000(SuiteRunner.java:37)
	at org.testng.SuiteRunner$SuiteWorker.run(SuiteRunner.java:368)
	at org.testng.internal.thread.ThreadUtil$2.call(ThreadUtil.java:64)
	at java.util.concurrent.FutureTask.run(FutureTask.java:262)
	at java.util.concurrent.ThreadPoolExecutor.runWorker(ThreadPoolExecutor.java:1145)
	at java.util.concurrent.ThreadPoolExecutor$Worker.run(ThreadPoolExecutor.java:615)
	at java.lang.Thread.run(Thread.java:745)
Caused by: java.lang.NullPointerException: source
	at java.util.Objects.requireNonNull(Objects.java:226)
	at java.util.Scanner.&lt;init&gt;(Scanner.java:623)
	at teammates.common.util.FileHelper.readStream(FileHelper.java:38)
	at teammates.common.util.FileHelper.readResourseFile(FileHelper.java:45)
	at teammates.common.util.EmailTemplates.&lt;clinit&gt;(EmailTemplates.java:11)
	... 21 more
</pre></div></td>
<td>0</td>
<td>teammates.test.cases.common.BuildPropertiesTest@567b7</td></tr>
<tr>
<td title='teammates.test.cases.logic.EvaluationsLogicTest.testAll()'><b>testAll</b><br>Test class: teammates.test.cases.logic.EvaluationsLogicTest</td>
<td><div><pre>java.lang.NoClassDefFoundError: Could not initialize class teammates.common.util.EmailTemplates
	at teammates.logic.core.Emails.generateEvaluationReminderEmails(Emails.java:172)
	at teammates.logic.core.EvaluationsLogic.sendReminderForEvaluation(EvaluationsLogic.java:499)
	at teammates.test.cases.logic.EvaluationsLogicTest.testSendReminderForEvaluation(EvaluationsLogicTest.java:1313)
	at teammates.test.cases.logic.EvaluationsLogicTest.testAll(EvaluationsLogicTest.java:76)
	at java.util.concurrent.FutureTask.run(FutureTask.java:262)
	at java.util.concurrent.ThreadPoolExecutor.runWorker(ThreadPoolExecutor.java:1145)
	at java.util.concurrent.ThreadPoolExecutor$Worker.run(ThreadPoolExecutor.java:615)
	at java.lang.Thread.run(Thread.java:745)
... Removed 16 stack frames</pre></div><a href='#' onClick='toggleBox("stack-trace9500617", this, "Click to show all stack frames", "Click to hide stack frames")'>Click to show all stack frames</a>
<div class='stack-trace' id='stack-trace9500617'><pre>java.lang.NoClassDefFoundError: Could not initialize class teammates.common.util.EmailTemplates
	at teammates.logic.core.Emails.generateEvaluationReminderEmails(Emails.java:172)
	at teammates.logic.core.EvaluationsLogic.sendReminderForEvaluation(EvaluationsLogic.java:499)
	at teammates.test.cases.logic.EvaluationsLogicTest.testSendReminderForEvaluation(EvaluationsLogicTest.java:1313)
	at teammates.test.cases.logic.EvaluationsLogicTest.testAll(EvaluationsLogicTest.java:76)
	at sun.reflect.NativeMethodAccessorImpl.invoke0(Native Method)
	at sun.reflect.NativeMethodAccessorImpl.invoke(NativeMethodAccessorImpl.java:57)
	at sun.reflect.DelegatingMethodAccessorImpl.invoke(DelegatingMethodAccessorImpl.java:43)
	at java.lang.reflect.Method.invoke(Method.java:606)
	at org.testng.internal.MethodInvocationHelper.invokeMethod(MethodInvocationHelper.java:84)
	at org.testng.internal.Invoker.invokeMethod(Invoker.java:714)
	at org.testng.internal.Invoker.invokeTestMethod(Invoker.java:901)
	at org.testng.internal.Invoker.invokeTestMethods(Invoker.java:1231)
	at org.testng.internal.TestMethodWorker.invokeTestMethods(TestMethodWorker.java:127)
	at org.testng.internal.TestMethodWorker.run(TestMethodWorker.java:111)
	at org.testng.TestRunner.privateRun(TestRunner.java:767)
	at org.testng.TestRunner.run(TestRunner.java:617)
	at org.testng.SuiteRunner.runTest(SuiteRunner.java:334)
	at org.testng.SuiteRunner.access$000(SuiteRunner.java:37)
	at org.testng.SuiteRunner$SuiteWorker.run(SuiteRunner.java:368)
	at org.testng.internal.thread.ThreadUtil$2.call(ThreadUtil.java:64)
	at java.util.concurrent.FutureTask.run(FutureTask.java:262)
	at java.util.concurrent.ThreadPoolExecutor.runWorker(ThreadPoolExecutor.java:1145)
	at java.util.concurrent.ThreadPoolExecutor$Worker.run(ThreadPoolExecutor.java:615)
	at java.lang.Thread.run(Thread.java:745)
</pre></div></td>
<td>0</td>
<td>teammates.test.cases.logic.EvaluationsLogicTest@1018ece</td></tr>
<tr>
<td title='teammates.test.cases.logic.FeedbackSessionsLogicTest.testAll()'><b>testAll</b><br>Test class: teammates.test.cases.logic.FeedbackSessionsLogicTest</td>
<td><div><pre>java.lang.AssertionError: expected:&lt;1&gt; but was:&lt;0&gt;
	at teammates.test.cases.logic.FeedbackSessionsLogicTest.testGetFeedbackSessionsClosingWithinTimeLimit(FeedbackSessionsLogicTest.java:184)
	at teammates.test.cases.logic.FeedbackSessionsLogicTest.testAll(FeedbackSessionsLogicTest.java:96)
	at java.util.concurrent.FutureTask.run(FutureTask.java:262)
	at java.util.concurrent.ThreadPoolExecutor.runWorker(ThreadPoolExecutor.java:1145)
	at java.util.concurrent.ThreadPoolExecutor$Worker.run(ThreadPoolExecutor.java:615)
	at java.lang.Thread.run(Thread.java:745)
... Removed 21 stack frames</pre></div><a href='#' onClick='toggleBox("stack-trace8068483", this, "Click to show all stack frames", "Click to hide stack frames")'>Click to show all stack frames</a>
<div class='stack-trace' id='stack-trace8068483'><pre>java.lang.AssertionError: expected:&lt;1&gt; but was:&lt;0&gt;
	at org.testng.AssertJUnit.fail(AssertJUnit.java:59)
	at org.testng.AssertJUnit.failNotEquals(AssertJUnit.java:364)
	at org.testng.AssertJUnit.assertEquals(AssertJUnit.java:80)
	at org.testng.AssertJUnit.assertEquals(AssertJUnit.java:245)
	at org.testng.AssertJUnit.assertEquals(AssertJUnit.java:252)
	at teammates.test.cases.logic.FeedbackSessionsLogicTest.testGetFeedbackSessionsClosingWithinTimeLimit(FeedbackSessionsLogicTest.java:184)
	at teammates.test.cases.logic.FeedbackSessionsLogicTest.testAll(FeedbackSessionsLogicTest.java:96)
	at sun.reflect.NativeMethodAccessorImpl.invoke0(Native Method)
	at sun.reflect.NativeMethodAccessorImpl.invoke(NativeMethodAccessorImpl.java:57)
	at sun.reflect.DelegatingMethodAccessorImpl.invoke(DelegatingMethodAccessorImpl.java:43)
	at java.lang.reflect.Method.invoke(Method.java:606)
	at org.testng.internal.MethodInvocationHelper.invokeMethod(MethodInvocationHelper.java:84)
	at org.testng.internal.Invoker.invokeMethod(Invoker.java:714)
	at org.testng.internal.Invoker.invokeTestMethod(Invoker.java:901)
	at org.testng.internal.Invoker.invokeTestMethods(Invoker.java:1231)
	at org.testng.internal.TestMethodWorker.invokeTestMethods(TestMethodWorker.java:127)
	at org.testng.internal.TestMethodWorker.run(TestMethodWorker.java:111)
	at org.testng.TestRunner.privateRun(TestRunner.java:767)
	at org.testng.TestRunner.run(TestRunner.java:617)
	at org.testng.SuiteRunner.runTest(SuiteRunner.java:334)
	at org.testng.SuiteRunner.access$000(SuiteRunner.java:37)
	at org.testng.SuiteRunner$SuiteWorker.run(SuiteRunner.java:368)
	at org.testng.internal.thread.ThreadUtil$2.call(ThreadUtil.java:64)
	at java.util.concurrent.FutureTask.run(FutureTask.java:262)
	at java.util.concurrent.ThreadPoolExecutor.runWorker(ThreadPoolExecutor.java:1145)
	at java.util.concurrent.ThreadPoolExecutor$Worker.run(ThreadPoolExecutor.java:615)
	at java.lang.Thread.run(Thread.java:745)
</pre></div></td>
<td>0</td>
<td>teammates.test.cases.logic.FeedbackSessionsLogicTest@746450</td></tr>
<tr>
<td title='teammates.test.cases.logic.InstructorsLogicTest.testAll()'><b>testAll</b><br>Test class: teammates.test.cases.logic.InstructorsLogicTest</td>
<td><div><pre>java.lang.NoClassDefFoundError: Could not initialize class teammates.common.util.EmailTemplates
	at teammates.logic.core.Emails.generateInstructorCourseJoinEmail(Emails.java:805)
	at teammates.logic.core.InstructorsLogic.sendRegistrationInviteToInstructor(InstructorsLogic.java:280)
	at teammates.test.cases.logic.InstructorsLogicTest.testSendRegistrationInviteToInstructor(InstructorsLogicTest.java:780)
	at teammates.test.cases.logic.InstructorsLogicTest.testAll(InstructorsLogicTest.java:68)
	at java.util.concurrent.FutureTask.run(FutureTask.java:262)
	at java.util.concurrent.ThreadPoolExecutor.runWorker(ThreadPoolExecutor.java:1145)
	at java.util.concurrent.ThreadPoolExecutor$Worker.run(ThreadPoolExecutor.java:615)
	at java.lang.Thread.run(Thread.java:745)
... Removed 16 stack frames</pre></div><a href='#' onClick='toggleBox("stack-trace13038300", this, "Click to show all stack frames", "Click to hide stack frames")'>Click to show all stack frames</a>
<div class='stack-trace' id='stack-trace13038300'><pre>java.lang.NoClassDefFoundError: Could not initialize class teammates.common.util.EmailTemplates
	at teammates.logic.core.Emails.generateInstructorCourseJoinEmail(Emails.java:805)
	at teammates.logic.core.InstructorsLogic.sendRegistrationInviteToInstructor(InstructorsLogic.java:280)
	at teammates.test.cases.logic.InstructorsLogicTest.testSendRegistrationInviteToInstructor(InstructorsLogicTest.java:780)
	at teammates.test.cases.logic.InstructorsLogicTest.testAll(InstructorsLogicTest.java:68)
	at sun.reflect.NativeMethodAccessorImpl.invoke0(Native Method)
	at sun.reflect.NativeMethodAccessorImpl.invoke(NativeMethodAccessorImpl.java:57)
	at sun.reflect.DelegatingMethodAccessorImpl.invoke(DelegatingMethodAccessorImpl.java:43)
	at java.lang.reflect.Method.invoke(Method.java:606)
	at org.testng.internal.MethodInvocationHelper.invokeMethod(MethodInvocationHelper.java:84)
	at org.testng.internal.Invoker.invokeMethod(Invoker.java:714)
	at org.testng.internal.Invoker.invokeTestMethod(Invoker.java:901)
	at org.testng.internal.Invoker.invokeTestMethods(Invoker.java:1231)
	at org.testng.internal.TestMethodWorker.invokeTestMethods(TestMethodWorker.java:127)
	at org.testng.internal.TestMethodWorker.run(TestMethodWorker.java:111)
	at org.testng.TestRunner.privateRun(TestRunner.java:767)
	at org.testng.TestRunner.run(TestRunner.java:617)
	at org.testng.SuiteRunner.runTest(SuiteRunner.java:334)
	at org.testng.SuiteRunner.access$000(SuiteRunner.java:37)
	at org.testng.SuiteRunner$SuiteWorker.run(SuiteRunner.java:368)
	at org.testng.internal.thread.ThreadUtil$2.call(ThreadUtil.java:64)
	at java.util.concurrent.FutureTask.run(FutureTask.java:262)
	at java.util.concurrent.ThreadPoolExecutor.runWorker(ThreadPoolExecutor.java:1145)
	at java.util.concurrent.ThreadPoolExecutor$Worker.run(ThreadPoolExecutor.java:615)
	at java.lang.Thread.run(Thread.java:745)
</pre></div></td>
<td>0</td>
<td>teammates.test.cases.logic.InstructorsLogicTest@1d029c</td></tr>
<tr>
<td title='teammates.test.cases.logic.StudentsLogicTest.testAll()'><b>testAll</b><br>Test class: teammates.test.cases.logic.StudentsLogicTest</td>
<td><div><pre>java.lang.NoClassDefFoundError: Could not initialize class teammates.common.util.EmailTemplates
	at teammates.logic.core.Emails.generateStudentCourseJoinEmail(Emails.java:750)
	at teammates.logic.core.StudentsLogic.sendRegistrationInviteToStudent(StudentsLogic.java:543)
	at teammates.test.cases.logic.StudentsLogicTest.testSendRegistrationInviteToStudent(StudentsLogicTest.java:387)
	at teammates.test.cases.logic.StudentsLogicTest.testAll(StudentsLogicTest.java:99)
	at java.util.concurrent.FutureTask.run(FutureTask.java:262)
	at java.util.concurrent.ThreadPoolExecutor.runWorker(ThreadPoolExecutor.java:1145)
	at java.util.concurrent.ThreadPoolExecutor$Worker.run(ThreadPoolExecutor.java:615)
	at java.lang.Thread.run(Thread.java:745)
... Removed 16 stack frames</pre></div><a href='#' onClick='toggleBox("stack-trace3087145", this, "Click to show all stack frames", "Click to hide stack frames")'>Click to show all stack frames</a>
<div class='stack-trace' id='stack-trace3087145'><pre>java.lang.NoClassDefFoundError: Could not initialize class teammates.common.util.EmailTemplates
	at teammates.logic.core.Emails.generateStudentCourseJoinEmail(Emails.java:750)
	at teammates.logic.core.StudentsLogic.sendRegistrationInviteToStudent(StudentsLogic.java:543)
	at teammates.test.cases.logic.StudentsLogicTest.testSendRegistrationInviteToStudent(StudentsLogicTest.java:387)
	at teammates.test.cases.logic.StudentsLogicTest.testAll(StudentsLogicTest.java:99)
	at sun.reflect.NativeMethodAccessorImpl.invoke0(Native Method)
	at sun.reflect.NativeMethodAccessorImpl.invoke(NativeMethodAccessorImpl.java:57)
	at sun.reflect.DelegatingMethodAccessorImpl.invoke(DelegatingMethodAccessorImpl.java:43)
	at java.lang.reflect.Method.invoke(Method.java:606)
	at org.testng.internal.MethodInvocationHelper.invokeMethod(MethodInvocationHelper.java:84)
	at org.testng.internal.Invoker.invokeMethod(Invoker.java:714)
	at org.testng.internal.Invoker.invokeTestMethod(Invoker.java:901)
	at org.testng.internal.Invoker.invokeTestMethods(Invoker.java:1231)
	at org.testng.internal.TestMethodWorker.invokeTestMethods(TestMethodWorker.java:127)
	at org.testng.internal.TestMethodWorker.run(TestMethodWorker.java:111)
	at org.testng.TestRunner.privateRun(TestRunner.java:767)
	at org.testng.TestRunner.run(TestRunner.java:617)
	at org.testng.SuiteRunner.runTest(SuiteRunner.java:334)
	at org.testng.SuiteRunner.access$000(SuiteRunner.java:37)
	at org.testng.SuiteRunner$SuiteWorker.run(SuiteRunner.java:368)
	at org.testng.internal.thread.ThreadUtil$2.call(ThreadUtil.java:64)
	at java.util.concurrent.FutureTask.run(FutureTask.java:262)
	at java.util.concurrent.ThreadPoolExecutor.runWorker(ThreadPoolExecutor.java:1145)
	at java.util.concurrent.ThreadPoolExecutor$Worker.run(ThreadPoolExecutor.java:615)
	at java.lang.Thread.run(Thread.java:745)
</pre></div></td>
<td>0</td>
<td>teammates.test.cases.logic.StudentsLogicTest@f95d4a</td></tr>
<tr>
<td title='teammates.test.automated.EvaluationClosingReminderTest.testEvaluationClosingMailAction()'><b>testEvaluationClosingMailAction</b><br>Test class: teammates.test.automated.EvaluationClosingReminderTest</td>
<td><div><pre>java.lang.NoClassDefFoundError: Could not initialize class teammates.common.util.EmailTemplates
	at teammates.logic.core.Emails.generateEvaluationClosingEmails(Emails.java:194)
	at teammates.logic.core.Emails.generateEvaluationClosingEmailsForEval(Emails.java:230)
	at teammates.logic.automated.EvaluationClosingMailAction.prepareMailToBeSent(EvaluationClosingMailAction.java:73)
	at teammates.logic.automated.EmailAction.getPreparedEmailsAndPerformSuccessOperations(EmailAction.java:92)
	at teammates.test.automated.EvaluationClosingReminderTest.testEvaluationClosingMailAction(EvaluationClosingReminderTest.java:191)
	at java.util.concurrent.FutureTask.run(FutureTask.java:262)
	at java.util.concurrent.ThreadPoolExecutor.runWorker(ThreadPoolExecutor.java:1145)
	at java.util.concurrent.ThreadPoolExecutor$Worker.run(ThreadPoolExecutor.java:615)
	at java.lang.Thread.run(Thread.java:745)
... Removed 16 stack frames</pre></div><a href='#' onClick='toggleBox("stack-trace3161995", this, "Click to show all stack frames", "Click to hide stack frames")'>Click to show all stack frames</a>
<div class='stack-trace' id='stack-trace3161995'><pre>java.lang.NoClassDefFoundError: Could not initialize class teammates.common.util.EmailTemplates
	at teammates.logic.core.Emails.generateEvaluationClosingEmails(Emails.java:194)
	at teammates.logic.core.Emails.generateEvaluationClosingEmailsForEval(Emails.java:230)
	at teammates.logic.automated.EvaluationClosingMailAction.prepareMailToBeSent(EvaluationClosingMailAction.java:73)
	at teammates.logic.automated.EmailAction.getPreparedEmailsAndPerformSuccessOperations(EmailAction.java:92)
	at teammates.test.automated.EvaluationClosingReminderTest.testEvaluationClosingMailAction(EvaluationClosingReminderTest.java:191)
	at sun.reflect.NativeMethodAccessorImpl.invoke0(Native Method)
	at sun.reflect.NativeMethodAccessorImpl.invoke(NativeMethodAccessorImpl.java:57)
	at sun.reflect.DelegatingMethodAccessorImpl.invoke(DelegatingMethodAccessorImpl.java:43)
	at java.lang.reflect.Method.invoke(Method.java:606)
	at org.testng.internal.MethodInvocationHelper.invokeMethod(MethodInvocationHelper.java:84)
	at org.testng.internal.Invoker.invokeMethod(Invoker.java:714)
	at org.testng.internal.Invoker.invokeTestMethod(Invoker.java:901)
	at org.testng.internal.Invoker.invokeTestMethods(Invoker.java:1231)
	at org.testng.internal.TestMethodWorker.invokeTestMethods(TestMethodWorker.java:127)
	at org.testng.internal.TestMethodWorker.run(TestMethodWorker.java:111)
	at org.testng.TestRunner.privateRun(TestRunner.java:767)
	at org.testng.TestRunner.run(TestRunner.java:617)
	at org.testng.SuiteRunner.runTest(SuiteRunner.java:334)
	at org.testng.SuiteRunner.access$000(SuiteRunner.java:37)
	at org.testng.SuiteRunner$SuiteWorker.run(SuiteRunner.java:368)
	at org.testng.internal.thread.ThreadUtil$2.call(ThreadUtil.java:64)
	at java.util.concurrent.FutureTask.run(FutureTask.java:262)
	at java.util.concurrent.ThreadPoolExecutor.runWorker(ThreadPoolExecutor.java:1145)
	at java.util.concurrent.ThreadPoolExecutor$Worker.run(ThreadPoolExecutor.java:615)
	at java.lang.Thread.run(Thread.java:745)
</pre></div></td>
<td>0</td>
<td>teammates.test.automated.EvaluationClosingReminderTest@103e677</td></tr>
<tr>
<td title='teammates.test.automated.EvaluationOpeningReminderTest.testEvaluationOpeningMailAction()'><b>testEvaluationOpeningMailAction</b><br>Test class: teammates.test.automated.EvaluationOpeningReminderTest</td>
<td><div><pre>java.lang.NoClassDefFoundError: Could not initialize class teammates.common.util.EmailTemplates
	at teammates.logic.core.Emails.generateEvaluationOpeningEmails(Emails.java:136)
	at teammates.logic.core.Emails.generateEvaluationOpeningEmailsForEval(Emails.java:160)
	at teammates.logic.automated.EvaluationOpeningMailAction.prepareMailToBeSent(EvaluationOpeningMailAction.java:71)
	at teammates.logic.automated.EmailAction.getPreparedEmailsAndPerformSuccessOperations(EmailAction.java:92)
	at teammates.test.automated.EvaluationOpeningReminderTest.testEvaluationOpeningMailAction(EvaluationOpeningReminderTest.java:187)
	at java.util.concurrent.FutureTask.run(FutureTask.java:262)
	at java.util.concurrent.ThreadPoolExecutor.runWorker(ThreadPoolExecutor.java:1145)
	at java.util.concurrent.ThreadPoolExecutor$Worker.run(ThreadPoolExecutor.java:615)
	at java.lang.Thread.run(Thread.java:745)
... Removed 16 stack frames</pre></div><a href='#' onClick='toggleBox("stack-trace7553554", this, "Click to show all stack frames", "Click to hide stack frames")'>Click to show all stack frames</a>
<div class='stack-trace' id='stack-trace7553554'><pre>java.lang.NoClassDefFoundError: Could not initialize class teammates.common.util.EmailTemplates
	at teammates.logic.core.Emails.generateEvaluationOpeningEmails(Emails.java:136)
	at teammates.logic.core.Emails.generateEvaluationOpeningEmailsForEval(Emails.java:160)
	at teammates.logic.automated.EvaluationOpeningMailAction.prepareMailToBeSent(EvaluationOpeningMailAction.java:71)
	at teammates.logic.automated.EmailAction.getPreparedEmailsAndPerformSuccessOperations(EmailAction.java:92)
	at teammates.test.automated.EvaluationOpeningReminderTest.testEvaluationOpeningMailAction(EvaluationOpeningReminderTest.java:187)
	at sun.reflect.NativeMethodAccessorImpl.invoke0(Native Method)
	at sun.reflect.NativeMethodAccessorImpl.invoke(NativeMethodAccessorImpl.java:57)
	at sun.reflect.DelegatingMethodAccessorImpl.invoke(DelegatingMethodAccessorImpl.java:43)
	at java.lang.reflect.Method.invoke(Method.java:606)
	at org.testng.internal.MethodInvocationHelper.invokeMethod(MethodInvocationHelper.java:84)
	at org.testng.internal.Invoker.invokeMethod(Invoker.java:714)
	at org.testng.internal.Invoker.invokeTestMethod(Invoker.java:901)
	at org.testng.internal.Invoker.invokeTestMethods(Invoker.java:1231)
	at org.testng.internal.TestMethodWorker.invokeTestMethods(TestMethodWorker.java:127)
	at org.testng.internal.TestMethodWorker.run(TestMethodWorker.java:111)
	at org.testng.TestRunner.privateRun(TestRunner.java:767)
	at org.testng.TestRunner.run(TestRunner.java:617)
	at org.testng.SuiteRunner.runTest(SuiteRunner.java:334)
	at org.testng.SuiteRunner.access$000(SuiteRunner.java:37)
	at org.testng.SuiteRunner$SuiteWorker.run(SuiteRunner.java:368)
	at org.testng.internal.thread.ThreadUtil$2.call(ThreadUtil.java:64)
	at java.util.concurrent.FutureTask.run(FutureTask.java:262)
	at java.util.concurrent.ThreadPoolExecutor.runWorker(ThreadPoolExecutor.java:1145)
	at java.util.concurrent.ThreadPoolExecutor$Worker.run(ThreadPoolExecutor.java:615)
	at java.lang.Thread.run(Thread.java:745)
</pre></div></td>
<td>0</td>
<td>teammates.test.automated.EvaluationOpeningReminderTest@1568885</td></tr>
<tr>
<td title='teammates.test.cases.ui.AdminInstructorAccountAddActionTest.testExecuteAndPostProcess()'><b>testExecuteAndPostProcess</b><br>Test class: teammates.test.cases.ui.AdminInstructorAccountAddActionTest</td>
<td><div><pre>java.lang.NoClassDefFoundError: Could not initialize class teammates.common.util.EmailTemplates
	at teammates.logic.core.Emails.generateNewInstructorAccountJoinEmail(Emails.java:768)
	at teammates.logic.core.InstructorsLogic.sendJoinLinkToNewInstructor(InstructorsLogic.java:336)
	at teammates.logic.api.Logic.sendJoinLinkToNewInstructor(Logic.java:606)
	at teammates.ui.controller.AdminInstructorAccountAddAction.execute(AdminInstructorAccountAddAction.java:61)
	at teammates.ui.controller.Action.executeAndPostProcess(Action.java:328)
	at teammates.test.cases.ui.AdminInstructorAccountAddActionTest.testExecuteAndPostProcess(AdminInstructorAccountAddActionTest.java:85)
	at java.util.concurrent.FutureTask.run(FutureTask.java:262)
	at java.util.concurrent.ThreadPoolExecutor.runWorker(ThreadPoolExecutor.java:1145)
	at java.util.concurrent.ThreadPoolExecutor$Worker.run(ThreadPoolExecutor.java:615)
	at java.lang.Thread.run(Thread.java:745)
... Removed 16 stack frames</pre></div><a href='#' onClick='toggleBox("stack-trace14143676", this, "Click to show all stack frames", "Click to hide stack frames")'>Click to show all stack frames</a>
<div class='stack-trace' id='stack-trace14143676'><pre>java.lang.NoClassDefFoundError: Could not initialize class teammates.common.util.EmailTemplates
	at teammates.logic.core.Emails.generateNewInstructorAccountJoinEmail(Emails.java:768)
	at teammates.logic.core.InstructorsLogic.sendJoinLinkToNewInstructor(InstructorsLogic.java:336)
	at teammates.logic.api.Logic.sendJoinLinkToNewInstructor(Logic.java:606)
	at teammates.ui.controller.AdminInstructorAccountAddAction.execute(AdminInstructorAccountAddAction.java:61)
	at teammates.ui.controller.Action.executeAndPostProcess(Action.java:328)
	at teammates.test.cases.ui.AdminInstructorAccountAddActionTest.testExecuteAndPostProcess(AdminInstructorAccountAddActionTest.java:85)
	at sun.reflect.NativeMethodAccessorImpl.invoke0(Native Method)
	at sun.reflect.NativeMethodAccessorImpl.invoke(NativeMethodAccessorImpl.java:57)
	at sun.reflect.DelegatingMethodAccessorImpl.invoke(DelegatingMethodAccessorImpl.java:43)
	at java.lang.reflect.Method.invoke(Method.java:606)
	at org.testng.internal.MethodInvocationHelper.invokeMethod(MethodInvocationHelper.java:84)
	at org.testng.internal.Invoker.invokeMethod(Invoker.java:714)
	at org.testng.internal.Invoker.invokeTestMethod(Invoker.java:901)
	at org.testng.internal.Invoker.invokeTestMethods(Invoker.java:1231)
	at org.testng.internal.TestMethodWorker.invokeTestMethods(TestMethodWorker.java:127)
	at org.testng.internal.TestMethodWorker.run(TestMethodWorker.java:111)
	at org.testng.TestRunner.privateRun(TestRunner.java:767)
	at org.testng.TestRunner.run(TestRunner.java:617)
	at org.testng.SuiteRunner.runTest(SuiteRunner.java:334)
	at org.testng.SuiteRunner.access$000(SuiteRunner.java:37)
	at org.testng.SuiteRunner$SuiteWorker.run(SuiteRunner.java:368)
	at org.testng.internal.thread.ThreadUtil$2.call(ThreadUtil.java:64)
	at java.util.concurrent.FutureTask.run(FutureTask.java:262)
	at java.util.concurrent.ThreadPoolExecutor.runWorker(ThreadPoolExecutor.java:1145)
	at java.util.concurrent.ThreadPoolExecutor$Worker.run(ThreadPoolExecutor.java:615)
	at java.lang.Thread.run(Thread.java:745)
</pre></div></td>
<td>1</td>
<td>teammates.test.cases.ui.AdminInstructorAccountAddActionTest@470144</td></tr>
<tr>
<td title='teammates.test.cases.ui.InstructorCourseInstructorAddActionTest.testExecuteAndPostProcess()'><b>testExecuteAndPostProcess</b><br>Test class: teammates.test.cases.ui.InstructorCourseInstructorAddActionTest</td>
<td><div><pre>java.lang.NoClassDefFoundError: Could not initialize class teammates.common.util.EmailTemplates
	at teammates.logic.core.Emails.generateInstructorCourseJoinEmail(Emails.java:805)
	at teammates.logic.core.InstructorsLogic.sendRegistrationInviteToInstructor(InstructorsLogic.java:309)
	at teammates.logic.api.Logic.sendRegistrationInviteToInstructor(Logic.java:595)
	at teammates.ui.controller.InstructorCourseInstructorAddAction.execute(InstructorCourseInstructorAddAction.java:45)
	at teammates.ui.controller.Action.executeAndPostProcess(Action.java:328)
	at teammates.test.cases.ui.InstructorCourseInstructorAddActionTest.testExecuteAndPostProcess(InstructorCourseInstructorAddActionTest.java:58)
	at java.util.concurrent.FutureTask.run(FutureTask.java:262)
	at java.util.concurrent.ThreadPoolExecutor.runWorker(ThreadPoolExecutor.java:1145)
	at java.util.concurrent.ThreadPoolExecutor$Worker.run(ThreadPoolExecutor.java:615)
	at java.lang.Thread.run(Thread.java:745)
... Removed 16 stack frames</pre></div><a href='#' onClick='toggleBox("stack-trace14247838", this, "Click to show all stack frames", "Click to hide stack frames")'>Click to show all stack frames</a>
<div class='stack-trace' id='stack-trace14247838'><pre>java.lang.NoClassDefFoundError: Could not initialize class teammates.common.util.EmailTemplates
	at teammates.logic.core.Emails.generateInstructorCourseJoinEmail(Emails.java:805)
	at teammates.logic.core.InstructorsLogic.sendRegistrationInviteToInstructor(InstructorsLogic.java:309)
	at teammates.logic.api.Logic.sendRegistrationInviteToInstructor(Logic.java:595)
	at teammates.ui.controller.InstructorCourseInstructorAddAction.execute(InstructorCourseInstructorAddAction.java:45)
	at teammates.ui.controller.Action.executeAndPostProcess(Action.java:328)
	at teammates.test.cases.ui.InstructorCourseInstructorAddActionTest.testExecuteAndPostProcess(InstructorCourseInstructorAddActionTest.java:58)
	at sun.reflect.NativeMethodAccessorImpl.invoke0(Native Method)
	at sun.reflect.NativeMethodAccessorImpl.invoke(NativeMethodAccessorImpl.java:57)
	at sun.reflect.DelegatingMethodAccessorImpl.invoke(DelegatingMethodAccessorImpl.java:43)
	at java.lang.reflect.Method.invoke(Method.java:606)
	at org.testng.internal.MethodInvocationHelper.invokeMethod(MethodInvocationHelper.java:84)
	at org.testng.internal.Invoker.invokeMethod(Invoker.java:714)
	at org.testng.internal.Invoker.invokeTestMethod(Invoker.java:901)
	at org.testng.internal.Invoker.invokeTestMethods(Invoker.java:1231)
	at org.testng.internal.TestMethodWorker.invokeTestMethods(TestMethodWorker.java:127)
	at org.testng.internal.TestMethodWorker.run(TestMethodWorker.java:111)
	at org.testng.TestRunner.privateRun(TestRunner.java:767)
	at org.testng.TestRunner.run(TestRunner.java:617)
	at org.testng.SuiteRunner.runTest(SuiteRunner.java:334)
	at org.testng.SuiteRunner.access$000(SuiteRunner.java:37)
	at org.testng.SuiteRunner$SuiteWorker.run(SuiteRunner.java:368)
	at org.testng.internal.thread.ThreadUtil$2.call(ThreadUtil.java:64)
	at java.util.concurrent.FutureTask.run(FutureTask.java:262)
	at java.util.concurrent.ThreadPoolExecutor.runWorker(ThreadPoolExecutor.java:1145)
	at java.util.concurrent.ThreadPoolExecutor$Worker.run(ThreadPoolExecutor.java:615)
	at java.lang.Thread.run(Thread.java:745)
</pre></div></td>
<td>0</td>
<td>teammates.test.cases.ui.InstructorCourseInstructorAddActionTest@fb87d1</td></tr>
<tr>
<td title='teammates.test.cases.ui.InstructorCourseRemindActionTest.testExecuteAndPostProcess()'><b>testExecuteAndPostProcess</b><br>Test class: teammates.test.cases.ui.InstructorCourseRemindActionTest</td>
<td><div><pre>java.lang.NoClassDefFoundError: Could not initialize class teammates.common.util.EmailTemplates
	at teammates.logic.core.Emails.generateInstructorCourseJoinEmail(Emails.java:805)
	at teammates.logic.core.InstructorsLogic.sendRegistrationInviteToInstructor(InstructorsLogic.java:280)
	at teammates.logic.api.Logic.sendRegistrationInviteToInstructor(Logic.java:590)
	at teammates.ui.controller.InstructorCourseRemindAction.execute(InstructorCourseRemindAction.java:64)
	at teammates.ui.controller.Action.executeAndPostProcess(Action.java:328)
	at teammates.test.cases.ui.InstructorCourseRemindActionTest.testExecuteAndPostProcess(InstructorCourseRemindActionTest.java:48)
	at java.util.concurrent.FutureTask.run(FutureTask.java:262)
	at java.util.concurrent.ThreadPoolExecutor.runWorker(ThreadPoolExecutor.java:1145)
	at java.util.concurrent.ThreadPoolExecutor$Worker.run(ThreadPoolExecutor.java:615)
	at java.lang.Thread.run(Thread.java:745)
... Removed 16 stack frames</pre></div><a href='#' onClick='toggleBox("stack-trace7132237", this, "Click to show all stack frames", "Click to hide stack frames")'>Click to show all stack frames</a>
<div class='stack-trace' id='stack-trace7132237'><pre>java.lang.NoClassDefFoundError: Could not initialize class teammates.common.util.EmailTemplates
	at teammates.logic.core.Emails.generateInstructorCourseJoinEmail(Emails.java:805)
	at teammates.logic.core.InstructorsLogic.sendRegistrationInviteToInstructor(InstructorsLogic.java:280)
	at teammates.logic.api.Logic.sendRegistrationInviteToInstructor(Logic.java:590)
	at teammates.ui.controller.InstructorCourseRemindAction.execute(InstructorCourseRemindAction.java:64)
	at teammates.ui.controller.Action.executeAndPostProcess(Action.java:328)
	at teammates.test.cases.ui.InstructorCourseRemindActionTest.testExecuteAndPostProcess(InstructorCourseRemindActionTest.java:48)
	at sun.reflect.NativeMethodAccessorImpl.invoke0(Native Method)
	at sun.reflect.NativeMethodAccessorImpl.invoke(NativeMethodAccessorImpl.java:57)
	at sun.reflect.DelegatingMethodAccessorImpl.invoke(DelegatingMethodAccessorImpl.java:43)
	at java.lang.reflect.Method.invoke(Method.java:606)
	at org.testng.internal.MethodInvocationHelper.invokeMethod(MethodInvocationHelper.java:84)
	at org.testng.internal.Invoker.invokeMethod(Invoker.java:714)
	at org.testng.internal.Invoker.invokeTestMethod(Invoker.java:901)
	at org.testng.internal.Invoker.invokeTestMethods(Invoker.java:1231)
	at org.testng.internal.TestMethodWorker.invokeTestMethods(TestMethodWorker.java:127)
	at org.testng.internal.TestMethodWorker.run(TestMethodWorker.java:111)
	at org.testng.TestRunner.privateRun(TestRunner.java:767)
	at org.testng.TestRunner.run(TestRunner.java:617)
	at org.testng.SuiteRunner.runTest(SuiteRunner.java:334)
	at org.testng.SuiteRunner.access$000(SuiteRunner.java:37)
	at org.testng.SuiteRunner$SuiteWorker.run(SuiteRunner.java:368)
	at org.testng.internal.thread.ThreadUtil$2.call(ThreadUtil.java:64)
	at java.util.concurrent.FutureTask.run(FutureTask.java:262)
	at java.util.concurrent.ThreadPoolExecutor.runWorker(ThreadPoolExecutor.java:1145)
	at java.util.concurrent.ThreadPoolExecutor$Worker.run(ThreadPoolExecutor.java:615)
	at java.lang.Thread.run(Thread.java:745)
</pre></div></td>
<td>0</td>
<td>teammates.test.cases.ui.InstructorCourseRemindActionTest@e4eda</td></tr>
<tr>
<td title='teammates.test.automated.FeedbackSessionClosingReminderTest.testFeedbackSessionClosingMailAction()'><b>testFeedbackSessionClosingMailAction</b><br>Test class: teammates.test.automated.FeedbackSessionClosingReminderTest</td>
<td><div><pre>java.lang.NoClassDefFoundError: Could not initialize class teammates.common.util.EmailTemplates
	at teammates.logic.core.Emails.generateFeedbackSessionClosingEmails(Emails.java:460)
	at teammates.logic.automated.FeedbackSessionClosingMailAction.prepareMailToBeSent(FeedbackSessionClosingMailAction.java:72)
	at teammates.logic.automated.EmailAction.getPreparedEmailsAndPerformSuccessOperations(EmailAction.java:92)
	at teammates.test.automated.FeedbackSessionClosingReminderTest.testFeedbackSessionClosingMailAction(FeedbackSessionClosingReminderTest.java:156)
	at java.util.concurrent.FutureTask.run(FutureTask.java:262)
	at java.util.concurrent.ThreadPoolExecutor.runWorker(ThreadPoolExecutor.java:1145)
	at java.util.concurrent.ThreadPoolExecutor$Worker.run(ThreadPoolExecutor.java:615)
	at java.lang.Thread.run(Thread.java:745)
... Removed 16 stack frames</pre></div><a href='#' onClick='toggleBox("stack-trace20164060", this, "Click to show all stack frames", "Click to hide stack frames")'>Click to show all stack frames</a>
<div class='stack-trace' id='stack-trace20164060'><pre>java.lang.NoClassDefFoundError: Could not initialize class teammates.common.util.EmailTemplates
	at teammates.logic.core.Emails.generateFeedbackSessionClosingEmails(Emails.java:460)
	at teammates.logic.automated.FeedbackSessionClosingMailAction.prepareMailToBeSent(FeedbackSessionClosingMailAction.java:72)
	at teammates.logic.automated.EmailAction.getPreparedEmailsAndPerformSuccessOperations(EmailAction.java:92)
	at teammates.test.automated.FeedbackSessionClosingReminderTest.testFeedbackSessionClosingMailAction(FeedbackSessionClosingReminderTest.java:156)
	at sun.reflect.NativeMethodAccessorImpl.invoke0(Native Method)
	at sun.reflect.NativeMethodAccessorImpl.invoke(NativeMethodAccessorImpl.java:57)
	at sun.reflect.DelegatingMethodAccessorImpl.invoke(DelegatingMethodAccessorImpl.java:43)
	at java.lang.reflect.Method.invoke(Method.java:606)
	at org.testng.internal.MethodInvocationHelper.invokeMethod(MethodInvocationHelper.java:84)
	at org.testng.internal.Invoker.invokeMethod(Invoker.java:714)
	at org.testng.internal.Invoker.invokeTestMethod(Invoker.java:901)
	at org.testng.internal.Invoker.invokeTestMethods(Invoker.java:1231)
	at org.testng.internal.TestMethodWorker.invokeTestMethods(TestMethodWorker.java:127)
	at org.testng.internal.TestMethodWorker.run(TestMethodWorker.java:111)
	at org.testng.TestRunner.privateRun(TestRunner.java:767)
	at org.testng.TestRunner.run(TestRunner.java:617)
	at org.testng.SuiteRunner.runTest(SuiteRunner.java:334)
	at org.testng.SuiteRunner.access$000(SuiteRunner.java:37)
	at org.testng.SuiteRunner$SuiteWorker.run(SuiteRunner.java:368)
	at org.testng.internal.thread.ThreadUtil$2.call(ThreadUtil.java:64)
	at java.util.concurrent.FutureTask.run(FutureTask.java:262)
	at java.util.concurrent.ThreadPoolExecutor.runWorker(ThreadPoolExecutor.java:1145)
	at java.util.concurrent.ThreadPoolExecutor$Worker.run(ThreadPoolExecutor.java:615)
	at java.lang.Thread.run(Thread.java:745)
</pre></div></td>
<td>0</td>
<td>teammates.test.automated.FeedbackSessionClosingReminderTest@1f4ed3f</td></tr>
<tr>
<td title='teammates.test.automated.FeedbackSessionPublishedReminderTest.testFeedbackSessionOpeningMailAction()'><b>testFeedbackSessionOpeningMailAction</b><br>Test class: teammates.test.automated.FeedbackSessionPublishedReminderTest</td>
<td><div><pre>java.lang.NoClassDefFoundError: Could not initialize class teammates.common.util.EmailTemplates
	at teammates.logic.core.Emails.generateFeedbackSessionPublishedEmails(Emails.java:558)
	at teammates.logic.automated.FeedbackSessionPublishedMailAction.prepareMailToBeSent(FeedbackSessionPublishedMailAction.java:73)
	at teammates.logic.automated.EmailAction.getPreparedEmailsAndPerformSuccessOperations(EmailAction.java:92)
	at teammates.test.automated.FeedbackSessionPublishedReminderTest.testFeedbackSessionOpeningMailAction(FeedbackSessionPublishedReminderTest.java:179)
	at java.util.concurrent.FutureTask.run(FutureTask.java:262)
	at java.util.concurrent.ThreadPoolExecutor.runWorker(ThreadPoolExecutor.java:1145)
	at java.util.concurrent.ThreadPoolExecutor$Worker.run(ThreadPoolExecutor.java:615)
	at java.lang.Thread.run(Thread.java:745)
... Removed 16 stack frames</pre></div><a href='#' onClick='toggleBox("stack-trace18727332", this, "Click to show all stack frames", "Click to hide stack frames")'>Click to show all stack frames</a>
<div class='stack-trace' id='stack-trace18727332'><pre>java.lang.NoClassDefFoundError: Could not initialize class teammates.common.util.EmailTemplates
	at teammates.logic.core.Emails.generateFeedbackSessionPublishedEmails(Emails.java:558)
	at teammates.logic.automated.FeedbackSessionPublishedMailAction.prepareMailToBeSent(FeedbackSessionPublishedMailAction.java:73)
	at teammates.logic.automated.EmailAction.getPreparedEmailsAndPerformSuccessOperations(EmailAction.java:92)
	at teammates.test.automated.FeedbackSessionPublishedReminderTest.testFeedbackSessionOpeningMailAction(FeedbackSessionPublishedReminderTest.java:179)
	at sun.reflect.NativeMethodAccessorImpl.invoke0(Native Method)
	at sun.reflect.NativeMethodAccessorImpl.invoke(NativeMethodAccessorImpl.java:57)
	at sun.reflect.DelegatingMethodAccessorImpl.invoke(DelegatingMethodAccessorImpl.java:43)
	at java.lang.reflect.Method.invoke(Method.java:606)
	at org.testng.internal.MethodInvocationHelper.invokeMethod(MethodInvocationHelper.java:84)
	at org.testng.internal.Invoker.invokeMethod(Invoker.java:714)
	at org.testng.internal.Invoker.invokeTestMethod(Invoker.java:901)
	at org.testng.internal.Invoker.invokeTestMethods(Invoker.java:1231)
	at org.testng.internal.TestMethodWorker.invokeTestMethods(TestMethodWorker.java:127)
	at org.testng.internal.TestMethodWorker.run(TestMethodWorker.java:111)
	at org.testng.TestRunner.privateRun(TestRunner.java:767)
	at org.testng.TestRunner.run(TestRunner.java:617)
	at org.testng.SuiteRunner.runTest(SuiteRunner.java:334)
	at org.testng.SuiteRunner.access$000(SuiteRunner.java:37)
	at org.testng.SuiteRunner$SuiteWorker.run(SuiteRunner.java:368)
	at org.testng.internal.thread.ThreadUtil$2.call(ThreadUtil.java:64)
	at java.util.concurrent.FutureTask.run(FutureTask.java:262)
	at java.util.concurrent.ThreadPoolExecutor.runWorker(ThreadPoolExecutor.java:1145)
	at java.util.concurrent.ThreadPoolExecutor$Worker.run(ThreadPoolExecutor.java:615)
	at java.lang.Thread.run(Thread.java:745)
</pre></div></td>
<td>0</td>
<td>teammates.test.automated.FeedbackSessionPublishedReminderTest@31d614</td></tr>
<tr>
<td title='teammates.test.automated.FeedbackSessionOpeningReminderTest.testFeedbackSessionOpeningMailAction()'><b>testFeedbackSessionOpeningMailAction</b><br>Test class: teammates.test.automated.FeedbackSessionOpeningReminderTest</td>
<td><div><pre>java.lang.NoClassDefFoundError: Could not initialize class teammates.common.util.EmailTemplates
	at teammates.logic.core.Emails.generateFeedbackSessionOpeningEmails(Emails.java:373)
	at teammates.logic.automated.FeedbackSessionOpeningMailAction.prepareMailToBeSent(FeedbackSessionOpeningMailAction.java:74)
	at teammates.logic.automated.EmailAction.getPreparedEmailsAndPerformSuccessOperations(EmailAction.java:92)
	at teammates.test.automated.FeedbackSessionOpeningReminderTest.testFeedbackSessionOpeningMailAction(FeedbackSessionOpeningReminderTest.java:158)
	at java.util.concurrent.FutureTask.run(FutureTask.java:262)
	at java.util.concurrent.ThreadPoolExecutor.runWorker(ThreadPoolExecutor.java:1145)
	at java.util.concurrent.ThreadPoolExecutor$Worker.run(ThreadPoolExecutor.java:615)
	at java.lang.Thread.run(Thread.java:745)
... Removed 16 stack frames</pre></div><a href='#' onClick='toggleBox("stack-trace26522024", this, "Click to show all stack frames", "Click to hide stack frames")'>Click to show all stack frames</a>
<div class='stack-trace' id='stack-trace26522024'><pre>java.lang.NoClassDefFoundError: Could not initialize class teammates.common.util.EmailTemplates
	at teammates.logic.core.Emails.generateFeedbackSessionOpeningEmails(Emails.java:373)
	at teammates.logic.automated.FeedbackSessionOpeningMailAction.prepareMailToBeSent(FeedbackSessionOpeningMailAction.java:74)
	at teammates.logic.automated.EmailAction.getPreparedEmailsAndPerformSuccessOperations(EmailAction.java:92)
	at teammates.test.automated.FeedbackSessionOpeningReminderTest.testFeedbackSessionOpeningMailAction(FeedbackSessionOpeningReminderTest.java:158)
	at sun.reflect.NativeMethodAccessorImpl.invoke0(Native Method)
	at sun.reflect.NativeMethodAccessorImpl.invoke(NativeMethodAccessorImpl.java:57)
	at sun.reflect.DelegatingMethodAccessorImpl.invoke(DelegatingMethodAccessorImpl.java:43)
	at java.lang.reflect.Method.invoke(Method.java:606)
	at org.testng.internal.MethodInvocationHelper.invokeMethod(MethodInvocationHelper.java:84)
	at org.testng.internal.Invoker.invokeMethod(Invoker.java:714)
	at org.testng.internal.Invoker.invokeTestMethod(Invoker.java:901)
	at org.testng.internal.Invoker.invokeTestMethods(Invoker.java:1231)
	at org.testng.internal.TestMethodWorker.invokeTestMethods(TestMethodWorker.java:127)
	at org.testng.internal.TestMethodWorker.run(TestMethodWorker.java:111)
	at org.testng.TestRunner.privateRun(TestRunner.java:767)
	at org.testng.TestRunner.run(TestRunner.java:617)
	at org.testng.SuiteRunner.runTest(SuiteRunner.java:334)
	at org.testng.SuiteRunner.access$000(SuiteRunner.java:37)
	at org.testng.SuiteRunner$SuiteWorker.run(SuiteRunner.java:368)
	at org.testng.internal.thread.ThreadUtil$2.call(ThreadUtil.java:64)
	at java.util.concurrent.FutureTask.run(FutureTask.java:262)
	at java.util.concurrent.ThreadPoolExecutor.runWorker(ThreadPoolExecutor.java:1145)
	at java.util.concurrent.ThreadPoolExecutor$Worker.run(ThreadPoolExecutor.java:615)
	at java.lang.Thread.run(Thread.java:745)
</pre></div></td>
<td>0</td>
<td>teammates.test.automated.FeedbackSessionOpeningReminderTest@192e760</td></tr>
<tr>
<td title='teammates.test.cases.logic.EmailsTest.testGenerateEvaluationEmailBase()'><b>testGenerateEvaluationEmailBase</b><br>Test class: teammates.test.cases.logic.EmailsTest</td>
<td><div><pre>java.lang.NoClassDefFoundError: Could not initialize class teammates.common.util.EmailTemplates
	at teammates.test.cases.logic.EmailsTest.testGenerateEvaluationEmailBase(EmailsTest.java:114)
	at java.util.concurrent.FutureTask.run(FutureTask.java:262)
	at java.util.concurrent.ThreadPoolExecutor.runWorker(ThreadPoolExecutor.java:1145)
	at java.util.concurrent.ThreadPoolExecutor$Worker.run(ThreadPoolExecutor.java:615)
	at java.lang.Thread.run(Thread.java:745)
... Removed 16 stack frames</pre></div><a href='#' onClick='toggleBox("stack-trace22438119", this, "Click to show all stack frames", "Click to hide stack frames")'>Click to show all stack frames</a>
<div class='stack-trace' id='stack-trace22438119'><pre>java.lang.NoClassDefFoundError: Could not initialize class teammates.common.util.EmailTemplates
	at teammates.test.cases.logic.EmailsTest.testGenerateEvaluationEmailBase(EmailsTest.java:114)
	at sun.reflect.NativeMethodAccessorImpl.invoke0(Native Method)
	at sun.reflect.NativeMethodAccessorImpl.invoke(NativeMethodAccessorImpl.java:57)
	at sun.reflect.DelegatingMethodAccessorImpl.invoke(DelegatingMethodAccessorImpl.java:43)
	at java.lang.reflect.Method.invoke(Method.java:606)
	at org.testng.internal.MethodInvocationHelper.invokeMethod(MethodInvocationHelper.java:84)
	at org.testng.internal.Invoker.invokeMethod(Invoker.java:714)
	at org.testng.internal.Invoker.invokeTestMethod(Invoker.java:901)
	at org.testng.internal.Invoker.invokeTestMethods(Invoker.java:1231)
	at org.testng.internal.TestMethodWorker.invokeTestMethods(TestMethodWorker.java:127)
	at org.testng.internal.TestMethodWorker.run(TestMethodWorker.java:111)
	at org.testng.TestRunner.privateRun(TestRunner.java:767)
	at org.testng.TestRunner.run(TestRunner.java:617)
	at org.testng.SuiteRunner.runTest(SuiteRunner.java:334)
	at org.testng.SuiteRunner.access$000(SuiteRunner.java:37)
	at org.testng.SuiteRunner$SuiteWorker.run(SuiteRunner.java:368)
	at org.testng.internal.thread.ThreadUtil$2.call(ThreadUtil.java:64)
	at java.util.concurrent.FutureTask.run(FutureTask.java:262)
	at java.util.concurrent.ThreadPoolExecutor.runWorker(ThreadPoolExecutor.java:1145)
	at java.util.concurrent.ThreadPoolExecutor$Worker.run(ThreadPoolExecutor.java:615)
	at java.lang.Thread.run(Thread.java:745)
</pre></div></td>
<td>0</td>
<td>teammates.test.cases.logic.EmailsTest@1753445</td></tr>
<tr>
<td title='teammates.test.cases.logic.EmailsTest.testGenerateEvaluationEmails()'><b>testGenerateEvaluationEmails</b><br>Test class: teammates.test.cases.logic.EmailsTest</td>
<td><div><pre>java.lang.NoClassDefFoundError: Could not initialize class teammates.common.util.EmailTemplates
	at teammates.logic.core.Emails.generateEvaluationOpeningEmails(Emails.java:136)
	at teammates.test.cases.logic.EmailsTest.testGenerateEvaluationEmails(EmailsTest.java:482)
	at java.util.concurrent.FutureTask.run(FutureTask.java:262)
	at java.util.concurrent.ThreadPoolExecutor.runWorker(ThreadPoolExecutor.java:1145)
	at java.util.concurrent.ThreadPoolExecutor$Worker.run(ThreadPoolExecutor.java:615)
	at java.lang.Thread.run(Thread.java:745)
... Removed 16 stack frames</pre></div><a href='#' onClick='toggleBox("stack-trace13373134", this, "Click to show all stack frames", "Click to hide stack frames")'>Click to show all stack frames</a>
<div class='stack-trace' id='stack-trace13373134'><pre>java.lang.NoClassDefFoundError: Could not initialize class teammates.common.util.EmailTemplates
	at teammates.logic.core.Emails.generateEvaluationOpeningEmails(Emails.java:136)
	at teammates.test.cases.logic.EmailsTest.testGenerateEvaluationEmails(EmailsTest.java:482)
	at sun.reflect.NativeMethodAccessorImpl.invoke0(Native Method)
	at sun.reflect.NativeMethodAccessorImpl.invoke(NativeMethodAccessorImpl.java:57)
	at sun.reflect.DelegatingMethodAccessorImpl.invoke(DelegatingMethodAccessorImpl.java:43)
	at java.lang.reflect.Method.invoke(Method.java:606)
	at org.testng.internal.MethodInvocationHelper.invokeMethod(MethodInvocationHelper.java:84)
	at org.testng.internal.Invoker.invokeMethod(Invoker.java:714)
	at org.testng.internal.Invoker.invokeTestMethod(Invoker.java:901)
	at org.testng.internal.Invoker.invokeTestMethods(Invoker.java:1231)
	at org.testng.internal.TestMethodWorker.invokeTestMethods(TestMethodWorker.java:127)
	at org.testng.internal.TestMethodWorker.run(TestMethodWorker.java:111)
	at org.testng.TestRunner.privateRun(TestRunner.java:767)
	at org.testng.TestRunner.run(TestRunner.java:617)
	at org.testng.SuiteRunner.runTest(SuiteRunner.java:334)
	at org.testng.SuiteRunner.access$000(SuiteRunner.java:37)
	at org.testng.SuiteRunner$SuiteWorker.run(SuiteRunner.java:368)
	at org.testng.internal.thread.ThreadUtil$2.call(ThreadUtil.java:64)
	at java.util.concurrent.FutureTask.run(FutureTask.java:262)
	at java.util.concurrent.ThreadPoolExecutor.runWorker(ThreadPoolExecutor.java:1145)
	at java.util.concurrent.ThreadPoolExecutor$Worker.run(ThreadPoolExecutor.java:615)
	at java.lang.Thread.run(Thread.java:745)
</pre></div></td>
<td>0</td>
<td>teammates.test.cases.logic.EmailsTest@1753445</td></tr>
<tr>
<td title='teammates.test.cases.logic.EmailsTest.testGenerateFeedbackEmailBase()'><b>testGenerateFeedbackEmailBase</b><br>Test class: teammates.test.cases.logic.EmailsTest</td>
<td><div><pre>java.lang.NoClassDefFoundError: Could not initialize class teammates.common.util.EmailTemplates
	at teammates.test.cases.logic.EmailsTest.testGenerateFeedbackEmailBase(EmailsTest.java:266)
	at java.util.concurrent.FutureTask.run(FutureTask.java:262)
	at java.util.concurrent.ThreadPoolExecutor.runWorker(ThreadPoolExecutor.java:1145)
	at java.util.concurrent.ThreadPoolExecutor$Worker.run(ThreadPoolExecutor.java:615)
	at java.lang.Thread.run(Thread.java:745)
... Removed 16 stack frames</pre></div><a href='#' onClick='toggleBox("stack-trace532975", this, "Click to show all stack frames", "Click to hide stack frames")'>Click to show all stack frames</a>
<div class='stack-trace' id='stack-trace532975'><pre>java.lang.NoClassDefFoundError: Could not initialize class teammates.common.util.EmailTemplates
	at teammates.test.cases.logic.EmailsTest.testGenerateFeedbackEmailBase(EmailsTest.java:266)
	at sun.reflect.NativeMethodAccessorImpl.invoke0(Native Method)
	at sun.reflect.NativeMethodAccessorImpl.invoke(NativeMethodAccessorImpl.java:57)
	at sun.reflect.DelegatingMethodAccessorImpl.invoke(DelegatingMethodAccessorImpl.java:43)
	at java.lang.reflect.Method.invoke(Method.java:606)
	at org.testng.internal.MethodInvocationHelper.invokeMethod(MethodInvocationHelper.java:84)
	at org.testng.internal.Invoker.invokeMethod(Invoker.java:714)
	at org.testng.internal.Invoker.invokeTestMethod(Invoker.java:901)
	at org.testng.internal.Invoker.invokeTestMethods(Invoker.java:1231)
	at org.testng.internal.TestMethodWorker.invokeTestMethods(TestMethodWorker.java:127)
	at org.testng.internal.TestMethodWorker.run(TestMethodWorker.java:111)
	at org.testng.TestRunner.privateRun(TestRunner.java:767)
	at org.testng.TestRunner.run(TestRunner.java:617)
	at org.testng.SuiteRunner.runTest(SuiteRunner.java:334)
	at org.testng.SuiteRunner.access$000(SuiteRunner.java:37)
	at org.testng.SuiteRunner$SuiteWorker.run(SuiteRunner.java:368)
	at org.testng.internal.thread.ThreadUtil$2.call(ThreadUtil.java:64)
	at java.util.concurrent.FutureTask.run(FutureTask.java:262)
	at java.util.concurrent.ThreadPoolExecutor.runWorker(ThreadPoolExecutor.java:1145)
	at java.util.concurrent.ThreadPoolExecutor$Worker.run(ThreadPoolExecutor.java:615)
	at java.lang.Thread.run(Thread.java:745)
</pre></div></td>
<td>0</td>
<td>teammates.test.cases.logic.EmailsTest@1753445</td></tr>
<tr>
<td title='teammates.test.cases.logic.EmailsTest.testGenerateFeedbackSessionEmails()'><b>testGenerateFeedbackSessionEmails</b><br>Test class: teammates.test.cases.logic.EmailsTest</td>
<td><div><pre>java.lang.NoClassDefFoundError: Could not initialize class teammates.common.util.EmailTemplates
	at teammates.logic.core.Emails.generateFeedbackSessionOpeningEmails(Emails.java:373)
	at teammates.test.cases.logic.EmailsTest.testGenerateFeedbackSessionEmails(EmailsTest.java:553)
	at java.util.concurrent.FutureTask.run(FutureTask.java:262)
	at java.util.concurrent.ThreadPoolExecutor.runWorker(ThreadPoolExecutor.java:1145)
	at java.util.concurrent.ThreadPoolExecutor$Worker.run(ThreadPoolExecutor.java:615)
	at java.lang.Thread.run(Thread.java:745)
... Removed 16 stack frames</pre></div><a href='#' onClick='toggleBox("stack-trace11398465", this, "Click to show all stack frames", "Click to hide stack frames")'>Click to show all stack frames</a>
<div class='stack-trace' id='stack-trace11398465'><pre>java.lang.NoClassDefFoundError: Could not initialize class teammates.common.util.EmailTemplates
	at teammates.logic.core.Emails.generateFeedbackSessionOpeningEmails(Emails.java:373)
	at teammates.test.cases.logic.EmailsTest.testGenerateFeedbackSessionEmails(EmailsTest.java:553)
	at sun.reflect.NativeMethodAccessorImpl.invoke0(Native Method)
	at sun.reflect.NativeMethodAccessorImpl.invoke(NativeMethodAccessorImpl.java:57)
	at sun.reflect.DelegatingMethodAccessorImpl.invoke(DelegatingMethodAccessorImpl.java:43)
	at java.lang.reflect.Method.invoke(Method.java:606)
	at org.testng.internal.MethodInvocationHelper.invokeMethod(MethodInvocationHelper.java:84)
	at org.testng.internal.Invoker.invokeMethod(Invoker.java:714)
	at org.testng.internal.Invoker.invokeTestMethod(Invoker.java:901)
	at org.testng.internal.Invoker.invokeTestMethods(Invoker.java:1231)
	at org.testng.internal.TestMethodWorker.invokeTestMethods(TestMethodWorker.java:127)
	at org.testng.internal.TestMethodWorker.run(TestMethodWorker.java:111)
	at org.testng.TestRunner.privateRun(TestRunner.java:767)
	at org.testng.TestRunner.run(TestRunner.java:617)
	at org.testng.SuiteRunner.runTest(SuiteRunner.java:334)
	at org.testng.SuiteRunner.access$000(SuiteRunner.java:37)
	at org.testng.SuiteRunner$SuiteWorker.run(SuiteRunner.java:368)
	at org.testng.internal.thread.ThreadUtil$2.call(ThreadUtil.java:64)
	at java.util.concurrent.FutureTask.run(FutureTask.java:262)
	at java.util.concurrent.ThreadPoolExecutor.runWorker(ThreadPoolExecutor.java:1145)
	at java.util.concurrent.ThreadPoolExecutor$Worker.run(ThreadPoolExecutor.java:615)
	at java.lang.Thread.run(Thread.java:745)
</pre></div></td>
<td>2</td>
<td>teammates.test.cases.logic.EmailsTest@1753445</td></tr>
<tr>
<td title='teammates.test.cases.logic.EmailsTest.testGenerateStudentCourseJoinEmail()'><b>testGenerateStudentCourseJoinEmail</b><br>Test class: teammates.test.cases.logic.EmailsTest</td>
<td><div><pre>java.lang.NoClassDefFoundError: Could not initialize class teammates.common.util.EmailTemplates
	at teammates.logic.core.Emails.generateStudentCourseJoinEmail(Emails.java:750)
	at teammates.test.cases.logic.EmailsTest.testGenerateStudentCourseJoinEmail(EmailsTest.java:410)
	at java.util.concurrent.FutureTask.run(FutureTask.java:262)
	at java.util.concurrent.ThreadPoolExecutor.runWorker(ThreadPoolExecutor.java:1145)
	at java.util.concurrent.ThreadPoolExecutor$Worker.run(ThreadPoolExecutor.java:615)
	at java.lang.Thread.run(Thread.java:745)
... Removed 16 stack frames</pre></div><a href='#' onClick='toggleBox("stack-trace12071823", this, "Click to show all stack frames", "Click to hide stack frames")'>Click to show all stack frames</a>
<div class='stack-trace' id='stack-trace12071823'><pre>java.lang.NoClassDefFoundError: Could not initialize class teammates.common.util.EmailTemplates
	at teammates.logic.core.Emails.generateStudentCourseJoinEmail(Emails.java:750)
	at teammates.test.cases.logic.EmailsTest.testGenerateStudentCourseJoinEmail(EmailsTest.java:410)
	at sun.reflect.NativeMethodAccessorImpl.invoke0(Native Method)
	at sun.reflect.NativeMethodAccessorImpl.invoke(NativeMethodAccessorImpl.java:57)
	at sun.reflect.DelegatingMethodAccessorImpl.invoke(DelegatingMethodAccessorImpl.java:43)
	at java.lang.reflect.Method.invoke(Method.java:606)
	at org.testng.internal.MethodInvocationHelper.invokeMethod(MethodInvocationHelper.java:84)
	at org.testng.internal.Invoker.invokeMethod(Invoker.java:714)
	at org.testng.internal.Invoker.invokeTestMethod(Invoker.java:901)
	at org.testng.internal.Invoker.invokeTestMethods(Invoker.java:1231)
	at org.testng.internal.TestMethodWorker.invokeTestMethods(TestMethodWorker.java:127)
	at org.testng.internal.TestMethodWorker.run(TestMethodWorker.java:111)
	at org.testng.TestRunner.privateRun(TestRunner.java:767)
	at org.testng.TestRunner.run(TestRunner.java:617)
	at org.testng.SuiteRunner.runTest(SuiteRunner.java:334)
	at org.testng.SuiteRunner.access$000(SuiteRunner.java:37)
	at org.testng.SuiteRunner$SuiteWorker.run(SuiteRunner.java:368)
	at org.testng.internal.thread.ThreadUtil$2.call(ThreadUtil.java:64)
	at java.util.concurrent.FutureTask.run(FutureTask.java:262)
	at java.util.concurrent.ThreadPoolExecutor.runWorker(ThreadPoolExecutor.java:1145)
	at java.util.concurrent.ThreadPoolExecutor$Worker.run(ThreadPoolExecutor.java:615)
	at java.lang.Thread.run(Thread.java:745)
</pre></div></td>
<td>0</td>
<td>teammates.test.cases.logic.EmailsTest@1753445</td></tr>
<tr>
<td title='teammates.test.cases.logic.EmailsTest.testSystemCrashReportEmailContent()'><b>testSystemCrashReportEmailContent</b><br>Test class: teammates.test.cases.logic.EmailsTest</td>
<td><div><pre>java.lang.NoClassDefFoundError: Could not initialize class teammates.common.util.EmailTemplates
	at teammates.logic.core.Emails.generateSystemErrorEmail(Emails.java:846)
	at teammates.test.cases.logic.EmailsTest.testSystemCrashReportEmailContent(EmailsTest.java:612)
	at java.util.concurrent.FutureTask.run(FutureTask.java:262)
	at java.util.concurrent.ThreadPoolExecutor.runWorker(ThreadPoolExecutor.java:1145)
	at java.util.concurrent.ThreadPoolExecutor$Worker.run(ThreadPoolExecutor.java:615)
	at java.lang.Thread.run(Thread.java:745)
... Removed 16 stack frames</pre></div><a href='#' onClick='toggleBox("stack-trace16739285", this, "Click to show all stack frames", "Click to hide stack frames")'>Click to show all stack frames</a>
<div class='stack-trace' id='stack-trace16739285'><pre>java.lang.NoClassDefFoundError: Could not initialize class teammates.common.util.EmailTemplates
	at teammates.logic.core.Emails.generateSystemErrorEmail(Emails.java:846)
	at teammates.test.cases.logic.EmailsTest.testSystemCrashReportEmailContent(EmailsTest.java:612)
	at sun.reflect.NativeMethodAccessorImpl.invoke0(Native Method)
	at sun.reflect.NativeMethodAccessorImpl.invoke(NativeMethodAccessorImpl.java:57)
	at sun.reflect.DelegatingMethodAccessorImpl.invoke(DelegatingMethodAccessorImpl.java:43)
	at java.lang.reflect.Method.invoke(Method.java:606)
	at org.testng.internal.MethodInvocationHelper.invokeMethod(MethodInvocationHelper.java:84)
	at org.testng.internal.Invoker.invokeMethod(Invoker.java:714)
	at org.testng.internal.Invoker.invokeTestMethod(Invoker.java:901)
	at org.testng.internal.Invoker.invokeTestMethods(Invoker.java:1231)
	at org.testng.internal.TestMethodWorker.invokeTestMethods(TestMethodWorker.java:127)
	at org.testng.internal.TestMethodWorker.run(TestMethodWorker.java:111)
	at org.testng.TestRunner.privateRun(TestRunner.java:767)
	at org.testng.TestRunner.run(TestRunner.java:617)
	at org.testng.SuiteRunner.runTest(SuiteRunner.java:334)
	at org.testng.SuiteRunner.access$000(SuiteRunner.java:37)
	at org.testng.SuiteRunner$SuiteWorker.run(SuiteRunner.java:368)
	at org.testng.internal.thread.ThreadUtil$2.call(ThreadUtil.java:64)
	at java.util.concurrent.FutureTask.run(FutureTask.java:262)
	at java.util.concurrent.ThreadPoolExecutor.runWorker(ThreadPoolExecutor.java:1145)
	at java.util.concurrent.ThreadPoolExecutor$Worker.run(ThreadPoolExecutor.java:615)
	at java.lang.Thread.run(Thread.java:745)
</pre></div></td>
<td>0</td>
<td>teammates.test.cases.logic.EmailsTest@1753445</td></tr>
</table><p>
<table width='100%' border='1' class='invocation-passed'>
<tr><td colspan='4' align='center'><b>PASSED TESTS</b></td></tr>
<tr><td><b>Test method</b></td>
<td width="30%"><b>Exception</b></td>
<td width="10%"><b>Time (seconds)</b></td>
<td><b>Instance</b></td>
</tr>
<tr>
<td title='teammates.test.cases.ui.StudentCommentsPageActionTest.testExecuteAndPostProcess()'><b>testExecuteAndPostProcess</b><br>Test class: teammates.test.cases.ui.StudentCommentsPageActionTest</td>
<td></td>
<td>0</td>
<td>teammates.test.cases.ui.StudentCommentsPageActionTest@105b710</td></tr>
<tr>
<td title='teammates.test.cases.ui.StudentHomePageActionTest.testExecuteAndPostProcess()'><b>testExecuteAndPostProcess</b><br>Test class: teammates.test.cases.ui.StudentHomePageActionTest</td>
<td></td>
<td>0</td>
<td>teammates.test.cases.ui.StudentHomePageActionTest@103d690</td></tr>
</table><p>
</body>
</html>