<?xml version="1.0" encoding="UTF-8"?>
<!-- Generated by org.testng.reporters.JUnitXMLReporter -->
<testsuite hostname="soccf-tr5-001" name="parallel-ui-tests(failed)" tests="10" failures="2" timestamp="8 Oct 2014 19:27:28 GMT" time="217.144" errors="0">
  <testcase name="testAll" time="25.34" classname="teammates.test.cases.ui.browsertests.AdminHomePageUiTest">
    <failure type="java.lang.AssertionError" message="expected:&amp;lt;Instructor AHPUiT Instrúctör has been successfully created with join link:
http://teammates-john.appspot.com/page/instructorCourseJoin?key=3B9ECA0DC2C52172BED1847E27CF89B8BFD7CCECBA179277AB28CC43F8D0411F0F55BFC8CF410F1C7DC4D45F93020E4E744D0F8D18BC30AD7DD29BCD56D3DB8A&amp;amp;instructorinstitution=TEAMMATES+Test+Institute+1&amp;gt; but was:&amp;lt;null&amp;gt;">
      <![CDATA[java.lang.AssertionError: expected:<Instructor AHPUiT Instrúctör has been successfully created with join link:
http://teammates-john.appspot.com/page/instructorCourseJoin?key=3B9ECA0DC2C52172BED1847E27CF89B8BFD7CCECBA179277AB28CC43F8D0411F0F55BFC8CF410F1C7DC4D45F93020E4E744D0F8D18BC30AD7DD29BCD56D3DB8A&instructorinstitution=TEAMMATES+Test+Institute+1> but was:<null>
	at teammates.test.pageobjects.AppPage.verifyStatus(AppPage.java:926)
	at teammates.test.cases.ui.browsertests.AdminHomePageUiTest.testCreateInstructorAction(AdminHomePageUiTest.java:110)
	at teammates.test.cases.ui.browsertests.AdminHomePageUiTest.testAll(AdminHomePageUiTest.java:72)
	at java.util.concurrent.ThreadPoolExecutor.runWorker(ThreadPoolExecutor.java:1145)
	at java.util.concurrent.ThreadPoolExecutor$Worker.run(ThreadPoolExecutor.java:615)
	at java.lang.Thread.run(Thread.java:745)
... Removed 12 stack frames]]>
    </failure>
  </testcase> <!-- testAll -->
  <testcase name="testPubliclyAccessiblePages" time="5.257" classname="teammates.test.cases.ui.browsertests.AllAccessControlUiTests"/>
  <testcase name="testStudentAccessToAdminPages" time="6.723" classname="teammates.test.cases.ui.browsertests.AllAccessControlUiTests"/>
  <testcase name="testStudentEvalResult" time="17.925" classname="teammates.test.cases.ui.browsertests.AllAccessControlUiTests"/>
  <testcase name="testStudentEvalSubmission" time="23.93" classname="teammates.test.cases.ui.browsertests.AllAccessControlUiTests"/>
  <testcase name="testStudentHome" time="4.711" classname="teammates.test.cases.ui.browsertests.AllAccessControlUiTests"/>
  <testcase name="testUserNotLoggedIn" time="0.842" classname="teammates.test.cases.ui.browsertests.AllAccessControlUiTests"/>
  <testcase name="testAll" time="78.764" classname="teammates.test.cases.ui.browsertests.InstructorStudentListPageUiTest"/>
  <testcase name="testUserNotRegistered" time="9.672" classname="teammates.test.cases.ui.browsertests.AllAccessControlUiTests"/>
  <testcase name="testAll" time="185.722" classname="teammates.test.cases.ui.browsertests.InstructorFeedbackResultsPageUiTest">
    <failure type="org.openqa.selenium.TimeoutException" message="Timed out after 30 seconds waiting for element to be clickable: [[[[FirefoxDriver: firefox on XP (a3a3a953-be12-4f01-90e9-1d3762b4e3a9)] -&amp;gt; id: showResponseCommentAddForm-0-1-1]] -&amp;gt; tag name: textarea]
Build info: version: &amp;apos;2.41.0&amp;apos;, revision: &amp;apos;3192d8a&amp;apos;, time: &amp;apos;2014-03-27 17:17:32&amp;apos;
System info: host: &amp;apos;soccf-tr5-001&amp;apos;, ip: &amp;apos;172.26.191.176&amp;apos;, os.name: &amp;apos;Windows 7&amp;apos;, os.arch: &amp;apos;x86&amp;apos;, os.version: &amp;apos;6.1&amp;apos;, java.version: &amp;apos;1.7.0_60&amp;apos;
Driver info: driver.version: unknown">
      <![CDATA[org.openqa.selenium.TimeoutException: Timed out after 30 seconds waiting for element to be clickable: [[[[FirefoxDriver: firefox on XP (a3a3a953-be12-4f01-90e9-1d3762b4e3a9)] -> id: showResponseCommentAddForm-0-1-1]] -> tag name: textarea]
Build info: version: '2.41.0', revision: '3192d8a', time: '2014-03-27 17:17:32'
System info: host: 'soccf-tr5-001', ip: '172.26.191.176', os.name: 'Windows 7', os.arch: 'x86', os.version: '6.1', java.version: '1.7.0_60'
Driver info: driver.version: unknown
	at org.openqa.selenium.support.ui.FluentWait.timeoutException(FluentWait.java:259)
	at org.openqa.selenium.support.ui.FluentWait.until(FluentWait.java:228)
	at teammates.test.pageobjects.InstructorFeedbackResultsPage.addFeedbackResponseComment(InstructorFeedbackResultsPage.java:169)
	at teammates.test.cases.ui.browsertests.InstructorFeedbackResultsPageUiTest.testFeedbackResponseCommentActions(InstructorFeedbackResultsPageUiTest.java:358)
	at teammates.test.cases.ui.browsertests.InstructorFeedbackResultsPageUiTest.testAll(InstructorFeedbackResultsPageUiTest.java:57)
	at java.util.concurrent.ThreadPoolExecutor.runWorker(ThreadPoolExecutor.java:1145)
	at java.util.concurrent.ThreadPoolExecutor$Worker.run(ThreadPoolExecutor.java:615)
	at java.lang.Thread.run(Thread.java:745)
... Removed 10 stack frames]]>
    </failure>
  </testcase> <!-- testAll -->
</testsuite> <!-- parallel-ui-tests(failed) -->
