<html>
<head>
<title>TestNG:  parallel-ui-tests(failed)</title>
<link href="../testng.css" rel="stylesheet" type="text/css" />
<link href="../my-testng.css" rel="stylesheet" type="text/css" />

<style type="text/css">
.log { display: none;} 
.stack-trace { display: none;} 
</style>
<script type="text/javascript">
<!--
function flip(e) {
  current = e.style.display;
  if (current == 'block') {
    e.style.display = 'none';
    return 0;
  }
  else {
    e.style.display = 'block';
    return 1;
  }
}

function toggleBox(szDivId, elem, msg1, msg2)
{
  var res = -1;  if (document.getElementById) {
    res = flip(document.getElementById(szDivId));
  }
  else if (document.all) {
    // this is the way old msie versions work
    res = flip(document.all[szDivId]);
  }
  if(elem) {
    if(res == 0) elem.innerHTML = msg1; else elem.innerHTML = msg2;
  }

}

function toggleAllBoxes() {
  if (document.getElementsByTagName) {
    d = document.getElementsByTagName('div');
    for (i = 0; i < d.length; i++) {
      if (d[i].className == 'log') {
        flip(d[i]);
      }
    }
  }
}

// -->
</script>

</head>
<body>
<h2 align='center'>parallel-ui-tests(failed)</h2><table border='1' align="center">
<tr>
<td>Tests passed/Failed/Skipped:</td><td>8/2/0</td>
</tr><tr>
<td>Started on:</td><td>Wed Oct 01 16:05:58 UTC 2014</td>
</tr>
<tr><td>Total time:</td><td>296 seconds (296859 ms)</td>
</tr><tr>
<td>Included groups:</td><td></td>
</tr><tr>
<td>Excluded groups:</td><td></td>
</tr>
</table><p/>
<small><i>(Hover the method name to see the test class name)</i></small><p/>
<table width='100%' border='1' class='invocation-failed'>
<tr><td colspan='4' align='center'><b>FAILED TESTS</b></td></tr>
<tr><td><b>Test method</b></td>
<td width="30%"><b>Exception</b></td>
<td width="10%"><b>Time (seconds)</b></td>
<td><b>Instance</b></td>
</tr>
<tr>
<td title='teammates.test.cases.ui.browsertests.InstructorFeedbackResultsPageUiTest.testAll()'><b>testAll</b><br>Test class: teammates.test.cases.ui.browsertests.InstructorFeedbackResultsPageUiTest</td>
<td><div><pre>org.openqa.selenium.TimeoutException: Timed out after 30 seconds waiting for element to be clickable: [[[[FirefoxDriver: firefox on XP (cd31602b-9e38-4c3a-9706-809d55c63137)] -&gt; id: showResponseCommentAddForm-0-1-1]] -&gt; tag name: textarea]
Build info: version: &apos;2.41.0&apos;, revision: &apos;3192d8a&apos;, time: &apos;2014-03-27 17:17:32&apos;
System info: host: &apos;soccf-tr5-001&apos;, ip: &apos;172.26.191.176&apos;, os.name: &apos;Windows 7&apos;, os.arch: &apos;x86&apos;, os.version: &apos;6.1&apos;, java.version: &apos;1.7.0_60&apos;
Driver info: driver.version: unknown
	at org.openqa.selenium.support.ui.FluentWait.timeoutException(FluentWait.java:259)
	at org.openqa.selenium.support.ui.FluentWait.until(FluentWait.java:228)
	at teammates.test.pageobjects.InstructorFeedbackResultsPage.addFeedbackResponseComment(InstructorFeedbackResultsPage.java:169)
	at teammates.test.cases.ui.browsertests.InstructorFeedbackResultsPageUiTest.testFeedbackResponseCommentActions(InstructorFeedbackResultsPageUiTest.java:359)
	at teammates.test.cases.ui.browsertests.InstructorFeedbackResultsPageUiTest.testAll(InstructorFeedbackResultsPageUiTest.java:56)
	at java.util.concurrent.ThreadPoolExecutor.runWorker(ThreadPoolExecutor.java:1145)
	at java.util.concurrent.ThreadPoolExecutor$Worker.run(ThreadPoolExecutor.java:615)
	at java.lang.Thread.run(Thread.java:745)
... Removed 10 stack frames</pre></div><a href='#' onClick='toggleBox("stack-trace6618997", this, "Click to show all stack frames", "Click to hide stack frames")'>Click to show all stack frames</a>
<div class='stack-trace' id='stack-trace6618997'><pre>org.openqa.selenium.TimeoutException: Timed out after 30 seconds waiting for element to be clickable: [[[[FirefoxDriver: firefox on XP (cd31602b-9e38-4c3a-9706-809d55c63137)] -&gt; id: showResponseCommentAddForm-0-1-1]] -&gt; tag name: textarea]
Build info: version: &apos;2.41.0&apos;, revision: &apos;3192d8a&apos;, time: &apos;2014-03-27 17:17:32&apos;
System info: host: &apos;soccf-tr5-001&apos;, ip: &apos;172.26.191.176&apos;, os.name: &apos;Windows 7&apos;, os.arch: &apos;x86&apos;, os.version: &apos;6.1&apos;, java.version: &apos;1.7.0_60&apos;
Driver info: driver.version: unknown
	at org.openqa.selenium.support.ui.FluentWait.timeoutException(FluentWait.java:259)
	at org.openqa.selenium.support.ui.FluentWait.until(FluentWait.java:228)
	at teammates.test.pageobjects.InstructorFeedbackResultsPage.addFeedbackResponseComment(InstructorFeedbackResultsPage.java:169)
	at teammates.test.cases.ui.browsertests.InstructorFeedbackResultsPageUiTest.testFeedbackResponseCommentActions(InstructorFeedbackResultsPageUiTest.java:359)
	at teammates.test.cases.ui.browsertests.InstructorFeedbackResultsPageUiTest.testAll(InstructorFeedbackResultsPageUiTest.java:56)
	at sun.reflect.NativeMethodAccessorImpl.invoke0(Native Method)
	at sun.reflect.NativeMethodAccessorImpl.invoke(NativeMethodAccessorImpl.java:57)
	at sun.reflect.DelegatingMethodAccessorImpl.invoke(DelegatingMethodAccessorImpl.java:43)
	at java.lang.reflect.Method.invoke(Method.java:606)
	at org.testng.internal.MethodInvocationHelper.invokeMethod(MethodInvocationHelper.java:84)
	at org.testng.internal.Invoker.invokeMethod(Invoker.java:714)
	at org.testng.internal.Invoker.invokeTestMethod(Invoker.java:901)
	at org.testng.internal.Invoker.invokeTestMethods(Invoker.java:1231)
	at org.testng.internal.TestMethodWorker.invokeTestMethods(TestMethodWorker.java:127)
	at org.testng.internal.TestMethodWorker.run(TestMethodWorker.java:111)
	at java.util.concurrent.ThreadPoolExecutor.runWorker(ThreadPoolExecutor.java:1145)
	at java.util.concurrent.ThreadPoolExecutor$Worker.run(ThreadPoolExecutor.java:615)
	at java.lang.Thread.run(Thread.java:745)
</pre></div></td>
<td>115</td>
<td>teammates.test.cases.ui.browsertests.InstructorFeedbackResultsPageUiTest@36afc5</td></tr>
<tr>
<td title='teammates.test.cases.ui.browsertests.AdminHomePageUiTest.testAll()'><b>testAll</b><br>Test class: teammates.test.cases.ui.browsertests.AdminHomePageUiTest</td>
<td><div><pre>com.thoughtworks.selenium.SeleniumException: Timed out waiting for action to finish
	at com.thoughtworks.selenium.webdriven.Timer.run(Timer.java:45)
	at com.thoughtworks.selenium.webdriven.WebDriverCommandProcessor.execute(WebDriverCommandProcessor.java:143)
	at com.thoughtworks.selenium.webdriven.WebDriverCommandProcessor.doCommand(WebDriverCommandProcessor.java:73)
	at com.thoughtworks.selenium.DefaultSelenium.waitForPageToLoad(DefaultSelenium.java:678)
	at teammates.test.pageobjects.AppPage.waitForPageToLoad(AppPage.java:213)
	at teammates.test.pageobjects.AppPage.clickAndConfirm(AppPage.java:564)
	at teammates.test.cases.ui.browsertests.AdminHomePageUiTest.testCreateInstructorAction(AdminHomePageUiTest.java:306)
	at teammates.test.cases.ui.browsertests.AdminHomePageUiTest.testAll(AdminHomePageUiTest.java:72)
	at java.util.concurrent.ThreadPoolExecutor.runWorker(ThreadPoolExecutor.java:1145)
	at java.util.concurrent.ThreadPoolExecutor$Worker.run(ThreadPoolExecutor.java:615)
	at java.lang.Thread.run(Thread.java:745)
... Removed 10 stack frames</pre></div><a href='#' onClick='toggleBox("stack-trace6462384", this, "Click to show all stack frames", "Click to hide stack frames")'>Click to show all stack frames</a>
<div class='stack-trace' id='stack-trace6462384'><pre>com.thoughtworks.selenium.SeleniumException: Timed out waiting for action to finish
	at com.thoughtworks.selenium.webdriven.Timer.run(Timer.java:45)
	at com.thoughtworks.selenium.webdriven.WebDriverCommandProcessor.execute(WebDriverCommandProcessor.java:143)
	at com.thoughtworks.selenium.webdriven.WebDriverCommandProcessor.doCommand(WebDriverCommandProcessor.java:73)
	at com.thoughtworks.selenium.DefaultSelenium.waitForPageToLoad(DefaultSelenium.java:678)
	at teammates.test.pageobjects.AppPage.waitForPageToLoad(AppPage.java:213)
	at teammates.test.pageobjects.AppPage.clickAndConfirm(AppPage.java:564)
	at teammates.test.cases.ui.browsertests.AdminHomePageUiTest.testCreateInstructorAction(AdminHomePageUiTest.java:306)
	at teammates.test.cases.ui.browsertests.AdminHomePageUiTest.testAll(AdminHomePageUiTest.java:72)
	at sun.reflect.NativeMethodAccessorImpl.invoke0(Native Method)
	at sun.reflect.NativeMethodAccessorImpl.invoke(NativeMethodAccessorImpl.java:57)
	at sun.reflect.DelegatingMethodAccessorImpl.invoke(DelegatingMethodAccessorImpl.java:43)
	at java.lang.reflect.Method.invoke(Method.java:606)
	at org.testng.internal.MethodInvocationHelper.invokeMethod(MethodInvocationHelper.java:84)
	at org.testng.internal.Invoker.invokeMethod(Invoker.java:714)
	at org.testng.internal.Invoker.invokeTestMethod(Invoker.java:901)
	at org.testng.internal.Invoker.invokeTestMethods(Invoker.java:1231)
	at org.testng.internal.TestMethodWorker.invokeTestMethods(TestMethodWorker.java:127)
	at org.testng.internal.TestMethodWorker.run(TestMethodWorker.java:111)
	at java.util.concurrent.ThreadPoolExecutor.runWorker(ThreadPoolExecutor.java:1145)
	at java.util.concurrent.ThreadPoolExecutor$Worker.run(ThreadPoolExecutor.java:615)
	at java.lang.Thread.run(Thread.java:745)
</pre></div></td>
<td>206</td>
<td>teammates.test.cases.ui.browsertests.AdminHomePageUiTest@184cdab</td></tr>
</table><p>
<table width='100%' border='1' class='invocation-passed'>
<tr><td colspan='4' align='center'><b>PASSED TESTS</b></td></tr>
<tr><td><b>Test method</b></td>
<td width="30%"><b>Exception</b></td>
<td width="10%"><b>Time (seconds)</b></td>
<td><b>Instance</b></td>
</tr>
<tr>
<td title='teammates.test.cases.ui.browsertests.InstructorHomePageUiTest.allTests()'><b>allTests</b><br>Test class: teammates.test.cases.ui.browsertests.InstructorHomePageUiTest</td>
<td></td>
<td>169</td>
<td>teammates.test.cases.ui.browsertests.InstructorHomePageUiTest@1e1b41d</td></tr>
<tr>
<td title='teammates.test.cases.ui.browsertests.AllAccessControlUiTests.testPubliclyAccessiblePages()'><b>testPubliclyAccessiblePages</b><br>Test class: teammates.test.cases.ui.browsertests.AllAccessControlUiTests</td>
<td></td>
<td>6</td>
<td>teammates.test.cases.ui.browsertests.AllAccessControlUiTests@124670b</td></tr>
<tr>
<td title='teammates.test.cases.ui.browsertests.AllAccessControlUiTests.testStudentAccessToAdminPages()'><b>testStudentAccessToAdminPages</b><br>Test class: teammates.test.cases.ui.browsertests.AllAccessControlUiTests</td>
<td></td>
<td>7</td>
<td>teammates.test.cases.ui.browsertests.AllAccessControlUiTests@124670b</td></tr>
<tr>
<td title='teammates.test.cases.ui.browsertests.AllAccessControlUiTests.testStudentEvalResult()'><b>testStudentEvalResult</b><br>Test class: teammates.test.cases.ui.browsertests.AllAccessControlUiTests</td>
<td></td>
<td>20</td>
<td>teammates.test.cases.ui.browsertests.AllAccessControlUiTests@124670b</td></tr>
<tr>
<td title='teammates.test.cases.ui.browsertests.AllAccessControlUiTests.testStudentEvalSubmission()'><b>testStudentEvalSubmission</b><br>Test class: teammates.test.cases.ui.browsertests.AllAccessControlUiTests</td>
<td></td>
<td>28</td>
<td>teammates.test.cases.ui.browsertests.AllAccessControlUiTests@124670b</td></tr>
<tr>
<td title='teammates.test.cases.ui.browsertests.AllAccessControlUiTests.testStudentHome()'><b>testStudentHome</b><br>Test class: teammates.test.cases.ui.browsertests.AllAccessControlUiTests</td>
<td></td>
<td>5</td>
<td>teammates.test.cases.ui.browsertests.AllAccessControlUiTests@124670b</td></tr>
<tr>
<td title='teammates.test.cases.ui.browsertests.AllAccessControlUiTests.testUserNotLoggedIn()'><b>testUserNotLoggedIn</b><br>Test class: teammates.test.cases.ui.browsertests.AllAccessControlUiTests</td>
<td></td>
<td>0</td>
<td>teammates.test.cases.ui.browsertests.AllAccessControlUiTests@124670b</td></tr>
<tr>
<td title='teammates.test.cases.ui.browsertests.AllAccessControlUiTests.testUserNotRegistered()'><b>testUserNotRegistered</b><br>Test class: teammates.test.cases.ui.browsertests.AllAccessControlUiTests</td>
<td></td>
<td>12</td>
<td>teammates.test.cases.ui.browsertests.AllAccessControlUiTests@124670b</td></tr>
</table><p>
</body>
</html>