<?xml version="1.0" encoding="UTF-8"?>
<!-- Generated by org.testng.reporters.JUnitXMLReporter -->
<testsuite hostname="soccf-tr5-001" name="sequential-ui-tests(failed)" tests="2" failures="1" timestamp="7 Aug 2014 03:48:21 GMT" time="188.839" errors="0">
  <testcase name="testAll" time="164.483" classname="teammates.test.cases.ui.browsertests.AdminHomePageUiTest"/>
  <testcase name="allTests" time="8.519" classname="teammates.test.cases.ui.browsertests.InstructorCommentsPageUiTest">
    <failure type="java.lang.AssertionError">
      <![CDATA[java.lang.AssertionError: 
	at teammates.test.cases.ui.browsertests.InstructorCommentsPageUiTest.testScripts(InstructorCommentsPageUiTest.java:90)
	at teammates.test.cases.ui.browsertests.InstructorCommentsPageUiTest.allTests(InstructorCommentsPageUiTest.java:39)
	at java.util.concurrent.FutureTask.run(FutureTask.java:262)
	at java.util.concurrent.ThreadPoolExecutor.runWorker(ThreadPoolExecutor.java:1145)
	at java.util.concurrent.ThreadPoolExecutor$Worker.run(ThreadPoolExecutor.java:615)
	at java.lang.Thread.run(Thread.java:745)
... Removed 19 stack frames]]>
    </failure>
  </testcase> <!-- allTests -->
</testsuite> <!-- sequential-ui-tests(failed) -->
