<?xml version="1.0" encoding="UTF-8"?>
<testng-results skipped="0" failed="9" total="9" passed="0">
  <reporter-output>
  </reporter-output>
  <suite name="Failed suite [Failed suite [Failed suite [Failed suite [Failed suite [all-tests-in-parallel]]]]]" duration-ms="206092" started-at="2014-08-06T03:35:52Z" finished-at="2014-08-06T03:39:18Z">
    <groups>
    </groups>
    <test name="component-tests(failed)(failed)(failed)(failed)(failed)" duration-ms="3195" started-at="2014-08-06T03:35:52Z" finished-at="2014-08-06T03:35:55Z">
      <class name="teammates.test.cases.ui.StudentProfilePictureEditActionTest">
        <test-method status="PASS" signature="classSetUp()[pri:0, instance:teammates.test.cases.ui.StudentProfilePictureEditActionTest@1bfc4a4]" name="classSetUp" is-config="true" duration-ms="594" started-at="2014-08-06T03:35:55Z" finished-at="2014-08-06T03:35:55Z">
          <reporter-output>
          </reporter-output>
        </test-method> <!-- classSetUp -->
        <test-method status="FAIL" signature="testExecuteAndPostProcess()[pri:0, instance:teammates.test.cases.ui.StudentProfilePictureEditActionTest@1bfc4a4]" name="testExecuteAndPostProcess" duration-ms="47" started-at="2014-08-06T03:35:55Z" finished-at="2014-08-06T03:35:55Z">
          <exception class="java.lang.NoClassDefFoundError">
            <message>
              <![CDATA[com/google/appengine/tools/cloudstorage/GcsFilename]]>
            </message>
            <full-stacktrace>
              <![CDATA[java.lang.NoClassDefFoundError: com/google/appengine/tools/cloudstorage/GcsFilename
	at teammates.ui.controller.StudentProfilePictureEditAction.execute(StudentProfilePictureEditAction.java:60)
	at teammates.ui.controller.Action.executeAndPostProcess(Action.java:312)
	at teammates.test.cases.ui.StudentProfilePictureEditActionTest.testExecuteAndPostProcess(StudentProfilePictureEditActionTest.java:100)
	at sun.reflect.NativeMethodAccessorImpl.invoke0(Native Method)
	at sun.reflect.NativeMethodAccessorImpl.invoke(NativeMethodAccessorImpl.java:57)
	at sun.reflect.DelegatingMethodAccessorImpl.invoke(DelegatingMethodAccessorImpl.java:43)
	at java.lang.reflect.Method.invoke(Method.java:606)
	at org.testng.internal.MethodInvocationHelper.invokeMethod(MethodInvocationHelper.java:84)
	at org.testng.internal.Invoker.invokeMethod(Invoker.java:714)
	at org.testng.internal.Invoker.invokeTestMethod(Invoker.java:901)
	at org.testng.internal.Invoker.invokeTestMethods(Invoker.java:1231)
	at org.testng.internal.TestMethodWorker.invokeTestMethods(TestMethodWorker.java:127)
	at org.testng.internal.TestMethodWorker.run(TestMethodWorker.java:111)
	at org.testng.TestRunner.privateRun(TestRunner.java:767)
	at org.testng.TestRunner.run(TestRunner.java:617)
	at org.testng.SuiteRunner.runTest(SuiteRunner.java:334)
	at org.testng.SuiteRunner.access$000(SuiteRunner.java:37)
	at org.testng.SuiteRunner$SuiteWorker.run(SuiteRunner.java:368)
	at org.testng.internal.thread.ThreadUtil$2.call(ThreadUtil.java:64)
	at java.util.concurrent.FutureTask.run(FutureTask.java:262)
	at java.util.concurrent.ThreadPoolExecutor.runWorker(ThreadPoolExecutor.java:1145)
	at java.util.concurrent.ThreadPoolExecutor$Worker.run(ThreadPoolExecutor.java:615)
	at java.lang.Thread.run(Thread.java:745)
]]>
            </full-stacktrace>
          </exception> <!-- java.lang.NoClassDefFoundError -->
          <reporter-output>
          </reporter-output>
        </test-method> <!-- testExecuteAndPostProcess -->
      </class> <!-- teammates.test.cases.ui.StudentProfilePictureEditActionTest -->
      <class name="teammates.test.cases.storage.ProfilesDbTest">
        <test-method status="PASS" signature="testSetUp()[pri:0, instance:teammates.test.cases.storage.ProfilesDbTest@3f7944]" name="testSetUp" is-config="true" duration-ms="548" started-at="2014-08-06T03:35:52Z" finished-at="2014-08-06T03:35:53Z">
          <reporter-output>
          </reporter-output>
        </test-method> <!-- testSetUp -->
        <test-method status="PASS" signature="testSetUp()[pri:0, instance:teammates.test.automated.FeedbackSessionPublishedReminderTest@1b0eb2c]" name="testSetUp" is-config="true" duration-ms="4" started-at="2014-08-06T03:35:53Z" finished-at="2014-08-06T03:35:53Z">
          <reporter-output>
          </reporter-output>
        </test-method> <!-- testSetUp -->
        <test-method status="PASS" signature="testSetup()[pri:0, instance:teammates.test.cases.ui.browsertests.InstructorCommentsPageUiTest@1bd46e4]" name="testSetup" is-config="true" duration-ms="0" started-at="2014-08-06T03:35:53Z" finished-at="2014-08-06T03:35:53Z">
          <reporter-output>
          </reporter-output>
        </test-method> <!-- testSetup -->
        <test-method status="PASS" signature="setupClass()[pri:0, instance:teammates.test.cases.storage.ProfilesDbTest@3f7944]" name="setupClass" is-config="true" duration-ms="1" started-at="2014-08-06T03:35:53Z" finished-at="2014-08-06T03:35:53Z">
          <reporter-output>
          </reporter-output>
        </test-method> <!-- setupClass -->
        <test-method status="FAIL" signature="testUpdateStudentProfile()[pri:0, instance:teammates.test.cases.storage.ProfilesDbTest@3f7944]" name="testUpdateStudentProfile" duration-ms="28" started-at="2014-08-06T03:35:53Z" finished-at="2014-08-06T03:35:53Z">
          <exception class="java.lang.NoClassDefFoundError">
            <message>
              <![CDATA[com/google/appengine/tools/cloudstorage/GcsFilename]]>
            </message>
            <full-stacktrace>
              <![CDATA[java.lang.NoClassDefFoundError: com/google/appengine/tools/cloudstorage/GcsFilename
	at teammates.common.util.GoogleCloudStorageHelper.writeDataToGcs(GoogleCloudStorageHelper.java:54)
	at teammates.common.util.GoogleCloudStorageHelper.writeFileToGcs(GoogleCloudStorageHelper.java:26)
	at teammates.test.cases.storage.ProfilesDbTest.testUpdateStudentProfile(ProfilesDbTest.java:88)
	at sun.reflect.NativeMethodAccessorImpl.invoke0(Native Method)
	at sun.reflect.NativeMethodAccessorImpl.invoke(NativeMethodAccessorImpl.java:57)
	at sun.reflect.DelegatingMethodAccessorImpl.invoke(DelegatingMethodAccessorImpl.java:43)
	at java.lang.reflect.Method.invoke(Method.java:606)
	at org.testng.internal.MethodInvocationHelper.invokeMethod(MethodInvocationHelper.java:84)
	at org.testng.internal.Invoker.invokeMethod(Invoker.java:714)
	at org.testng.internal.Invoker.invokeTestMethod(Invoker.java:901)
	at org.testng.internal.Invoker.invokeTestMethods(Invoker.java:1231)
	at org.testng.internal.TestMethodWorker.invokeTestMethods(TestMethodWorker.java:127)
	at org.testng.internal.TestMethodWorker.run(TestMethodWorker.java:111)
	at org.testng.TestRunner.privateRun(TestRunner.java:767)
	at org.testng.TestRunner.run(TestRunner.java:617)
	at org.testng.SuiteRunner.runTest(SuiteRunner.java:334)
	at org.testng.SuiteRunner.access$000(SuiteRunner.java:37)
	at org.testng.SuiteRunner$SuiteWorker.run(SuiteRunner.java:368)
	at org.testng.internal.thread.ThreadUtil$2.call(ThreadUtil.java:64)
	at java.util.concurrent.FutureTask.run(FutureTask.java:262)
	at java.util.concurrent.ThreadPoolExecutor.runWorker(ThreadPoolExecutor.java:1145)
	at java.util.concurrent.ThreadPoolExecutor$Worker.run(ThreadPoolExecutor.java:615)
	at java.lang.Thread.run(Thread.java:745)
]]>
            </full-stacktrace>
          </exception> <!-- java.lang.NoClassDefFoundError -->
          <reporter-output>
          </reporter-output>
        </test-method> <!-- testUpdateStudentProfile -->
        <test-method status="FAIL" signature="testUpdateStudentProfilePicture()[pri:0, instance:teammates.test.cases.storage.ProfilesDbTest@3f7944]" name="testUpdateStudentProfilePicture" duration-ms="131" started-at="2014-08-06T03:35:53Z" finished-at="2014-08-06T03:35:53Z">
          <exception class="java.lang.NoClassDefFoundError">
            <message>
              <![CDATA[com/google/appengine/tools/cloudstorage/GcsFilename]]>
            </message>
            <full-stacktrace>
              <![CDATA[java.lang.NoClassDefFoundError: com/google/appengine/tools/cloudstorage/GcsFilename
	at teammates.common.util.GoogleCloudStorageHelper.writeDataToGcs(GoogleCloudStorageHelper.java:54)
	at teammates.common.util.GoogleCloudStorageHelper.writeFileToGcs(GoogleCloudStorageHelper.java:26)
	at teammates.test.cases.storage.ProfilesDbTest.testUpdateStudentProfilePicture(ProfilesDbTest.java:164)
	at sun.reflect.NativeMethodAccessorImpl.invoke0(Native Method)
	at sun.reflect.NativeMethodAccessorImpl.invoke(NativeMethodAccessorImpl.java:57)
	at sun.reflect.DelegatingMethodAccessorImpl.invoke(DelegatingMethodAccessorImpl.java:43)
	at java.lang.reflect.Method.invoke(Method.java:606)
	at org.testng.internal.MethodInvocationHelper.invokeMethod(MethodInvocationHelper.java:84)
	at org.testng.internal.Invoker.invokeMethod(Invoker.java:714)
	at org.testng.internal.Invoker.invokeTestMethod(Invoker.java:901)
	at org.testng.internal.Invoker.invokeTestMethods(Invoker.java:1231)
	at org.testng.internal.TestMethodWorker.invokeTestMethods(TestMethodWorker.java:127)
	at org.testng.internal.TestMethodWorker.run(TestMethodWorker.java:111)
	at org.testng.TestRunner.privateRun(TestRunner.java:767)
	at org.testng.TestRunner.run(TestRunner.java:617)
	at org.testng.SuiteRunner.runTest(SuiteRunner.java:334)
	at org.testng.SuiteRunner.access$000(SuiteRunner.java:37)
	at org.testng.SuiteRunner$SuiteWorker.run(SuiteRunner.java:368)
	at org.testng.internal.thread.ThreadUtil$2.call(ThreadUtil.java:64)
	at java.util.concurrent.FutureTask.run(FutureTask.java:262)
	at java.util.concurrent.ThreadPoolExecutor.runWorker(ThreadPoolExecutor.java:1145)
	at java.util.concurrent.ThreadPoolExecutor$Worker.run(ThreadPoolExecutor.java:615)
	at java.lang.Thread.run(Thread.java:745)
]]>
            </full-stacktrace>
          </exception> <!-- java.lang.NoClassDefFoundError -->
          <reporter-output>
          </reporter-output>
        </test-method> <!-- testUpdateStudentProfilePicture -->
        <test-method status="PASS" signature="testTearDown()[pri:0, instance:teammates.test.cases.storage.ProfilesDbTest@3f7944]" name="testTearDown" is-config="true" duration-ms="87" started-at="2014-08-06T03:35:55Z" finished-at="2014-08-06T03:35:55Z">
          <reporter-output>
          </reporter-output>
        </test-method> <!-- testTearDown -->
        <test-method status="PASS" signature="testTearDown()[pri:0, instance:teammates.test.automated.FeedbackSessionPublishedReminderTest@1b0eb2c]" name="testTearDown" is-config="true" duration-ms="8" started-at="2014-08-06T03:35:55Z" finished-at="2014-08-06T03:35:55Z">
          <reporter-output>
          </reporter-output>
        </test-method> <!-- testTearDown -->
      </class> <!-- teammates.test.cases.storage.ProfilesDbTest -->
      <class name="teammates.test.cases.ui.AllActionsAccessControlTest">
        <test-method status="PASS" signature="classSetUp()[pri:0, instance:teammates.test.cases.ui.AllActionsAccessControlTest@17951c9]" name="classSetUp" is-config="true" duration-ms="1009" started-at="2014-08-06T03:35:53Z" finished-at="2014-08-06T03:35:54Z">
          <reporter-output>
          </reporter-output>
        </test-method> <!-- classSetUp -->
        <test-method status="FAIL" signature="StudentProfilePictureEdit()[pri:0, instance:teammates.test.cases.ui.AllActionsAccessControlTest@17951c9]" name="StudentProfilePictureEdit" duration-ms="134" started-at="2014-08-06T03:35:54Z" finished-at="2014-08-06T03:35:54Z">
          <exception class="java.lang.NoClassDefFoundError">
            <message>
              <![CDATA[com/google/appengine/tools/cloudstorage/GcsFilename]]>
            </message>
            <full-stacktrace>
              <![CDATA[java.lang.NoClassDefFoundError: com/google/appengine/tools/cloudstorage/GcsFilename
	at teammates.ui.controller.StudentProfilePictureEditAction.execute(StudentProfilePictureEditAction.java:60)
	at teammates.ui.controller.Action.executeAndPostProcess(Action.java:312)
	at teammates.test.cases.ui.BaseActionTest.verifyCanAccess(BaseActionTest.java:635)
	at teammates.test.cases.ui.BaseActionTest.verifyAccessibleForStudents(BaseActionTest.java:352)
	at teammates.test.cases.ui.BaseActionTest.verifyAnyRegisteredUserCanAccess(BaseActionTest.java:252)
	at teammates.test.cases.ui.AllActionsAccessControlTest.StudentProfilePictureEdit(AllActionsAccessControlTest.java:1516)
	at sun.reflect.NativeMethodAccessorImpl.invoke0(Native Method)
	at sun.reflect.NativeMethodAccessorImpl.invoke(NativeMethodAccessorImpl.java:57)
	at sun.reflect.DelegatingMethodAccessorImpl.invoke(DelegatingMethodAccessorImpl.java:43)
	at java.lang.reflect.Method.invoke(Method.java:606)
	at org.testng.internal.MethodInvocationHelper.invokeMethod(MethodInvocationHelper.java:84)
	at org.testng.internal.Invoker.invokeMethod(Invoker.java:714)
	at org.testng.internal.Invoker.invokeTestMethod(Invoker.java:901)
	at org.testng.internal.Invoker.invokeTestMethods(Invoker.java:1231)
	at org.testng.internal.TestMethodWorker.invokeTestMethods(TestMethodWorker.java:127)
	at org.testng.internal.TestMethodWorker.run(TestMethodWorker.java:111)
	at org.testng.TestRunner.privateRun(TestRunner.java:767)
	at org.testng.TestRunner.run(TestRunner.java:617)
	at org.testng.SuiteRunner.runTest(SuiteRunner.java:334)
	at org.testng.SuiteRunner.access$000(SuiteRunner.java:37)
	at org.testng.SuiteRunner$SuiteWorker.run(SuiteRunner.java:368)
	at org.testng.internal.thread.ThreadUtil$2.call(ThreadUtil.java:64)
	at java.util.concurrent.FutureTask.run(FutureTask.java:262)
	at java.util.concurrent.ThreadPoolExecutor.runWorker(ThreadPoolExecutor.java:1145)
	at java.util.concurrent.ThreadPoolExecutor$Worker.run(ThreadPoolExecutor.java:615)
	at java.lang.Thread.run(Thread.java:745)
Caused by: java.lang.ClassNotFoundException: com.google.appengine.tools.cloudstorage.GcsFilename
	at java.net.URLClassLoader$1.run(URLClassLoader.java:366)
	at java.net.URLClassLoader$1.run(URLClassLoader.java:355)
	at java.security.AccessController.doPrivileged(Native Method)
	at java.net.URLClassLoader.findClass(URLClassLoader.java:354)
	at java.lang.ClassLoader.loadClass(ClassLoader.java:425)
	at sun.misc.Launcher$AppClassLoader.loadClass(Launcher.java:308)
	at java.lang.ClassLoader.loadClass(ClassLoader.java:358)
	... 26 more
]]>
            </full-stacktrace>
          </exception> <!-- java.lang.NoClassDefFoundError -->
          <reporter-output>
          </reporter-output>
        </test-method> <!-- StudentProfilePictureEdit -->
        <test-method status="PASS" signature="classTearDown()[pri:0, instance:teammates.test.cases.ui.AllActionsAccessControlTest@17951c9]" name="classTearDown" is-config="true" duration-ms="108" started-at="2014-08-06T03:35:54Z" finished-at="2014-08-06T03:35:55Z">
          <reporter-output>
          </reporter-output>
        </test-method> <!-- classTearDown -->
      </class> <!-- teammates.test.cases.ui.AllActionsAccessControlTest -->
      <class name="teammates.test.cases.storage.AccountsDbTest">
        <test-method status="PASS" signature="setupClass()[pri:0, instance:teammates.test.cases.storage.AccountsDbTest@10713e3]" name="setupClass" is-config="true" duration-ms="0" started-at="2014-08-06T03:35:53Z" finished-at="2014-08-06T03:35:53Z">
          <reporter-output>
          </reporter-output>
        </test-method> <!-- setupClass -->
        <test-method status="FAIL" signature="testDeleteAccount()[pri:0, instance:teammates.test.cases.storage.AccountsDbTest@10713e3]" name="testDeleteAccount" duration-ms="486" started-at="2014-08-06T03:35:53Z" finished-at="2014-08-06T03:35:53Z">
          <exception class="java.lang.NoClassDefFoundError">
            <message>
              <![CDATA[com/google/appengine/tools/cloudstorage/GcsFilename]]>
            </message>
            <full-stacktrace>
              <![CDATA[java.lang.NoClassDefFoundError: com/google/appengine/tools/cloudstorage/GcsFilename
	at teammates.common.util.GoogleCloudStorageHelper.writeDataToGcs(GoogleCloudStorageHelper.java:54)
	at teammates.common.util.GoogleCloudStorageHelper.writeFileToGcs(GoogleCloudStorageHelper.java:26)
	at teammates.test.cases.storage.AccountsDbTest.testDeleteAccount(AccountsDbTest.java:273)
	at sun.reflect.NativeMethodAccessorImpl.invoke0(Native Method)
	at sun.reflect.NativeMethodAccessorImpl.invoke(NativeMethodAccessorImpl.java:57)
	at sun.reflect.DelegatingMethodAccessorImpl.invoke(DelegatingMethodAccessorImpl.java:43)
	at java.lang.reflect.Method.invoke(Method.java:606)
	at org.testng.internal.MethodInvocationHelper.invokeMethod(MethodInvocationHelper.java:84)
	at org.testng.internal.Invoker.invokeMethod(Invoker.java:714)
	at org.testng.internal.Invoker.invokeTestMethod(Invoker.java:901)
	at org.testng.internal.Invoker.invokeTestMethods(Invoker.java:1231)
	at org.testng.internal.TestMethodWorker.invokeTestMethods(TestMethodWorker.java:127)
	at org.testng.internal.TestMethodWorker.run(TestMethodWorker.java:111)
	at org.testng.TestRunner.privateRun(TestRunner.java:767)
	at org.testng.TestRunner.run(TestRunner.java:617)
	at org.testng.SuiteRunner.runTest(SuiteRunner.java:334)
	at org.testng.SuiteRunner.access$000(SuiteRunner.java:37)
	at org.testng.SuiteRunner$SuiteWorker.run(SuiteRunner.java:368)
	at org.testng.internal.thread.ThreadUtil$2.call(ThreadUtil.java:64)
	at java.util.concurrent.FutureTask.run(FutureTask.java:262)
	at java.util.concurrent.ThreadPoolExecutor.runWorker(ThreadPoolExecutor.java:1145)
	at java.util.concurrent.ThreadPoolExecutor$Worker.run(ThreadPoolExecutor.java:615)
	at java.lang.Thread.run(Thread.java:745)
Caused by: java.lang.ClassNotFoundException: com.google.appengine.tools.cloudstorage.GcsFilename
	at java.net.URLClassLoader$1.run(URLClassLoader.java:366)
	at java.net.URLClassLoader$1.run(URLClassLoader.java:355)
	at java.security.AccessController.doPrivileged(Native Method)
	at java.net.URLClassLoader.findClass(URLClassLoader.java:354)
	at java.lang.ClassLoader.loadClass(ClassLoader.java:425)
	at sun.misc.Launcher$AppClassLoader.loadClass(Launcher.java:308)
	at java.lang.ClassLoader.loadClass(ClassLoader.java:358)
	... 23 more
]]>
            </full-stacktrace>
          </exception> <!-- java.lang.NoClassDefFoundError -->
          <reporter-output>
          </reporter-output>
        </test-method> <!-- testDeleteAccount -->
      </class> <!-- teammates.test.cases.storage.AccountsDbTest -->
    </test> <!-- component-tests(failed)(failed)(failed)(failed)(failed) -->
    <test name="parallel-ui-tests(failed)(failed)(failed)(failed)(failed)" duration-ms="206092" started-at="2014-08-06T03:35:52Z" finished-at="2014-08-06T03:39:18Z">
      <class name="teammates.test.cases.ui.browsertests.InstructorFeedbackEditPageUiTest">
        <test-method status="PASS" signature="classSetup()[pri:0, instance:teammates.test.cases.ui.browsertests.InstructorFeedbackEditPageUiTest@1a1f635]" name="classSetup" is-config="true" duration-ms="15625" started-at="2014-08-06T03:35:53Z" finished-at="2014-08-06T03:36:08Z">
          <reporter-output>
          </reporter-output>
        </test-method> <!-- classSetup -->
        <test-method status="FAIL" signature="allTests()[pri:0, instance:teammates.test.cases.ui.browsertests.InstructorFeedbackEditPageUiTest@1a1f635]" name="allTests" duration-ms="99935" started-at="2014-08-06T03:36:08Z" finished-at="2014-08-06T03:37:48Z">
          <exception class="java.lang.AssertionError">
            <message>
              <![CDATA[expected:<[The interval 1 - 5 is not divisible by the specified increment.]> but was:<[Please enter valid numbers for all the options.]>]]>
            </message>
            <full-stacktrace>
              <![CDATA[java.lang.AssertionError: expected:<[The interval 1 - 5 is not divisible by the specified increment.]> but was:<[Please enter valid numbers for all the options.]>
	at org.testng.AssertJUnit.assertEquals(AssertJUnit.java:101)
	at org.testng.AssertJUnit.assertEquals(AssertJUnit.java:108)
	at teammates.test.cases.ui.browsertests.InstructorFeedbackEditPageUiTest.testInputValidationForNumScaleQuestion(InstructorFeedbackEditPageUiTest.java:627)
	at teammates.test.cases.ui.browsertests.InstructorFeedbackEditPageUiTest.allTests(InstructorFeedbackEditPageUiTest.java:105)
	at sun.reflect.NativeMethodAccessorImpl.invoke0(Native Method)
	at sun.reflect.NativeMethodAccessorImpl.invoke(NativeMethodAccessorImpl.java:57)
	at sun.reflect.DelegatingMethodAccessorImpl.invoke(DelegatingMethodAccessorImpl.java:43)
	at java.lang.reflect.Method.invoke(Method.java:606)
	at org.testng.internal.MethodInvocationHelper.invokeMethod(MethodInvocationHelper.java:84)
	at org.testng.internal.Invoker.invokeMethod(Invoker.java:714)
	at org.testng.internal.Invoker.invokeTestMethod(Invoker.java:901)
	at org.testng.internal.Invoker.invokeTestMethods(Invoker.java:1231)
	at org.testng.internal.TestMethodWorker.invokeTestMethods(TestMethodWorker.java:127)
	at org.testng.internal.TestMethodWorker.run(TestMethodWorker.java:111)
	at java.util.concurrent.ThreadPoolExecutor.runWorker(ThreadPoolExecutor.java:1145)
	at java.util.concurrent.ThreadPoolExecutor$Worker.run(ThreadPoolExecutor.java:615)
	at java.lang.Thread.run(Thread.java:745)
]]>
            </full-stacktrace>
          </exception> <!-- java.lang.AssertionError -->
          <reporter-output>
          </reporter-output>
        </test-method> <!-- allTests -->
        <test-method status="PASS" signature="classTearDown()[pri:0, instance:teammates.test.cases.ui.browsertests.InstructorFeedbackEditPageUiTest@1a1f635]" name="classTearDown" is-config="true" duration-ms="0" started-at="2014-08-06T03:37:48Z" finished-at="2014-08-06T03:37:48Z">
          <reporter-output>
          </reporter-output>
        </test-method> <!-- classTearDown -->
      </class> <!-- teammates.test.cases.ui.browsertests.InstructorFeedbackEditPageUiTest -->
      <class name="teammates.test.cases.storage.ProfilesDbTest">
        <test-method status="PASS" signature="testSetUp()[pri:0, instance:teammates.test.cases.storage.ProfilesDbTest@2a5cfd]" name="testSetUp" is-config="true" duration-ms="547" started-at="2014-08-06T03:35:52Z" finished-at="2014-08-06T03:35:53Z">
          <reporter-output>
          </reporter-output>
        </test-method> <!-- testSetUp -->
        <test-method status="PASS" signature="testSetUp()[pri:0, instance:teammates.test.automated.FeedbackSessionPublishedReminderTest@31f94]" name="testSetUp" is-config="true" duration-ms="2" started-at="2014-08-06T03:35:53Z" finished-at="2014-08-06T03:35:53Z">
          <reporter-output>
          </reporter-output>
        </test-method> <!-- testSetUp -->
        <test-method status="PASS" signature="testSetup()[pri:0, instance:teammates.test.cases.ui.browsertests.InstructorCommentsPageUiTest@2b25e6]" name="testSetup" is-config="true" duration-ms="0" started-at="2014-08-06T03:35:53Z" finished-at="2014-08-06T03:35:53Z">
          <reporter-output>
          </reporter-output>
        </test-method> <!-- testSetup -->
        <test-method status="PASS" signature="testTearDown()[pri:0, instance:teammates.test.cases.storage.ProfilesDbTest@2a5cfd]" name="testTearDown" is-config="true" duration-ms="6" started-at="2014-08-06T03:39:18Z" finished-at="2014-08-06T03:39:18Z">
          <reporter-output>
          </reporter-output>
        </test-method> <!-- testTearDown -->
        <test-method status="PASS" signature="testTearDown()[pri:0, instance:teammates.test.automated.FeedbackSessionPublishedReminderTest@31f94]" name="testTearDown" is-config="true" duration-ms="5" started-at="2014-08-06T03:39:18Z" finished-at="2014-08-06T03:39:18Z">
          <reporter-output>
          </reporter-output>
        </test-method> <!-- testTearDown -->
      </class> <!-- teammates.test.cases.storage.ProfilesDbTest -->
      <class name="teammates.test.cases.ui.browsertests.InstructorFeedbackSubmitPageUiTest">
        <test-method status="PASS" signature="classSetup()[pri:0, instance:teammates.test.cases.ui.browsertests.InstructorFeedbackSubmitPageUiTest@13f1f92]" name="classSetup" is-config="true" duration-ms="33046" started-at="2014-08-06T03:35:53Z" finished-at="2014-08-06T03:36:26Z">
          <reporter-output>
          </reporter-output>
        </test-method> <!-- classSetup -->
        <test-method status="FAIL" signature="testAll()[pri:0, instance:teammates.test.cases.ui.browsertests.InstructorFeedbackSubmitPageUiTest@13f1f92]" name="testAll" duration-ms="35603" started-at="2014-08-06T03:36:26Z" finished-at="2014-08-06T03:37:01Z">
          <exception class="java.lang.AssertionError">
            <full-stacktrace>
              <![CDATA[java.lang.AssertionError: 
	at org.testng.AssertJUnit.fail(AssertJUnit.java:59)
	at org.testng.AssertJUnit.assertTrue(AssertJUnit.java:24)
	at org.testng.AssertJUnit.assertNotNull(AssertJUnit.java:267)
	at org.testng.AssertJUnit.assertNotNull(AssertJUnit.java:259)
	at teammates.test.cases.ui.browsertests.InstructorFeedbackSubmitPageUiTest.testSubmitAction(InstructorFeedbackSubmitPageUiTest.java:188)
	at teammates.test.cases.ui.browsertests.InstructorFeedbackSubmitPageUiTest.testAll(InstructorFeedbackSubmitPageUiTest.java:51)
	at sun.reflect.NativeMethodAccessorImpl.invoke0(Native Method)
	at sun.reflect.NativeMethodAccessorImpl.invoke(NativeMethodAccessorImpl.java:57)
	at sun.reflect.DelegatingMethodAccessorImpl.invoke(DelegatingMethodAccessorImpl.java:43)
	at java.lang.reflect.Method.invoke(Method.java:606)
	at org.testng.internal.MethodInvocationHelper.invokeMethod(MethodInvocationHelper.java:84)
	at org.testng.internal.Invoker.invokeMethod(Invoker.java:714)
	at org.testng.internal.Invoker.invokeTestMethod(Invoker.java:901)
	at org.testng.internal.Invoker.invokeTestMethods(Invoker.java:1231)
	at org.testng.internal.TestMethodWorker.invokeTestMethods(TestMethodWorker.java:127)
	at org.testng.internal.TestMethodWorker.run(TestMethodWorker.java:111)
	at java.util.concurrent.ThreadPoolExecutor.runWorker(ThreadPoolExecutor.java:1145)
	at java.util.concurrent.ThreadPoolExecutor$Worker.run(ThreadPoolExecutor.java:615)
	at java.lang.Thread.run(Thread.java:745)
]]>
            </full-stacktrace>
          </exception> <!-- java.lang.AssertionError -->
          <reporter-output>
          </reporter-output>
        </test-method> <!-- testAll -->
        <test-method status="PASS" signature="classTearDown()[pri:0, instance:teammates.test.cases.ui.browsertests.InstructorFeedbackSubmitPageUiTest@13f1f92]" name="classTearDown" is-config="true" duration-ms="0" started-at="2014-08-06T03:37:01Z" finished-at="2014-08-06T03:37:01Z">
          <reporter-output>
          </reporter-output>
        </test-method> <!-- classTearDown -->
      </class> <!-- teammates.test.cases.ui.browsertests.InstructorFeedbackSubmitPageUiTest -->
      <class name="teammates.test.cases.ui.browsertests.StudentFeedbackSubmitPageUiTest">
        <test-method status="PASS" signature="classSetup()[pri:0, instance:teammates.test.cases.ui.browsertests.StudentFeedbackSubmitPageUiTest@dd422e]" name="classSetup" is-config="true" duration-ms="44888" started-at="2014-08-06T03:35:53Z" finished-at="2014-08-06T03:36:38Z">
          <reporter-output>
          </reporter-output>
        </test-method> <!-- classSetup -->
        <test-method status="FAIL" signature="testAll()[pri:0, instance:teammates.test.cases.ui.browsertests.StudentFeedbackSubmitPageUiTest@dd422e]" name="testAll" duration-ms="31510" started-at="2014-08-06T03:36:38Z" finished-at="2014-08-06T03:37:09Z">
          <exception class="java.lang.AssertionError">
            <full-stacktrace>
              <![CDATA[java.lang.AssertionError: 
	at org.testng.AssertJUnit.fail(AssertJUnit.java:59)
	at org.testng.AssertJUnit.assertTrue(AssertJUnit.java:24)
	at org.testng.AssertJUnit.assertNotNull(AssertJUnit.java:267)
	at org.testng.AssertJUnit.assertNotNull(AssertJUnit.java:259)
	at teammates.test.cases.ui.browsertests.StudentFeedbackSubmitPageUiTest.testSubmitAction(StudentFeedbackSubmitPageUiTest.java:207)
	at teammates.test.cases.ui.browsertests.StudentFeedbackSubmitPageUiTest.testAll(StudentFeedbackSubmitPageUiTest.java:56)
	at sun.reflect.NativeMethodAccessorImpl.invoke0(Native Method)
	at sun.reflect.NativeMethodAccessorImpl.invoke(NativeMethodAccessorImpl.java:57)
	at sun.reflect.DelegatingMethodAccessorImpl.invoke(DelegatingMethodAccessorImpl.java:43)
	at java.lang.reflect.Method.invoke(Method.java:606)
	at org.testng.internal.MethodInvocationHelper.invokeMethod(MethodInvocationHelper.java:84)
	at org.testng.internal.Invoker.invokeMethod(Invoker.java:714)
	at org.testng.internal.Invoker.invokeTestMethod(Invoker.java:901)
	at org.testng.internal.Invoker.invokeTestMethods(Invoker.java:1231)
	at org.testng.internal.TestMethodWorker.invokeTestMethods(TestMethodWorker.java:127)
	at org.testng.internal.TestMethodWorker.run(TestMethodWorker.java:111)
	at java.util.concurrent.ThreadPoolExecutor.runWorker(ThreadPoolExecutor.java:1145)
	at java.util.concurrent.ThreadPoolExecutor$Worker.run(ThreadPoolExecutor.java:615)
	at java.lang.Thread.run(Thread.java:745)
]]>
            </full-stacktrace>
          </exception> <!-- java.lang.AssertionError -->
          <reporter-output>
          </reporter-output>
        </test-method> <!-- testAll -->
        <test-method status="PASS" signature="classTearDown()[pri:0, instance:teammates.test.cases.ui.browsertests.StudentFeedbackSubmitPageUiTest@dd422e]" name="classTearDown" is-config="true" duration-ms="0" started-at="2014-08-06T03:37:09Z" finished-at="2014-08-06T03:37:09Z">
          <reporter-output>
          </reporter-output>
        </test-method> <!-- classTearDown -->
      </class> <!-- teammates.test.cases.ui.browsertests.StudentFeedbackSubmitPageUiTest -->
      <class name="teammates.test.cases.ui.browsertests.InstructorStudentListPageUiTest">
        <test-method status="PASS" signature="classSetup()[pri:0, instance:teammates.test.cases.ui.browsertests.InstructorStudentListPageUiTest@241a0d]" name="classSetup" is-config="true" duration-ms="23770" started-at="2014-08-06T03:35:53Z" finished-at="2014-08-06T03:36:16Z">
          <reporter-output>
          </reporter-output>
        </test-method> <!-- classSetup -->
        <test-method status="FAIL" signature="testAll()[pri:0, instance:teammates.test.cases.ui.browsertests.InstructorStudentListPageUiTest@241a0d]" name="testAll" duration-ms="181725" started-at="2014-08-06T03:36:16Z" finished-at="2014-08-06T03:39:18Z">
          <exception class="org.junit.ComparisonFailure">
            <message>
              <![CDATA[expected:<<[expected>
   <div class="container" id="frameBodyWrapper">
      <div>
         <h1>
            Search
         </h1>
      </div>
      <br/>
            <div>
         <form action="/page/instructorSearchPage?user=instructorWith2Courses" method="get" name="search_form">
            <div class="well well-plain">
               <div class="form-group">
                  <div class="input-group">
                     <input class="form-control" id="searchBox" name="searchkey" placeholder="Your search keyword" title="Search for comment" type="text" value="charlie"/>
                                          <span class="input-group-btn">
                        <button class="btn btn-primary" id="buttonSearch" type="submit" value="Search">
                           Search
                        </button>
                     </span>
                  </div>
                  <input name="user" type="hidden" value="instructorWith2Courses"/>
                                 </div>
               <div class="form-group">
                  <ul class="list-inline">
                     <li>
                        <span class="glyphicon glyphicon-info-sign" data-original-title="Tick the checkboxes to limit your search to certain categories" data-toggle="tooltip" title="">
                        </span>
                     </li>
                     <li>
                        <input id="comments-for-student-check" name="searchcommentforstudents" type="checkbox" value="true"/>
                                                <label for="comments-for-student-check">
                           Comments for students
                        </label>
                     </li>
                     <li>
                        <input id="comments-for-responses-check" name="searchcommentforresponses" type="checkbox" value="true"/>
                                                <label for="comments-for-responses-check">
                           Comments for responses
                        </label>
                     </li>
                     <li>
                        <input checked="" id="students-check" name="searchstudents" type="checkbox" value="true"/>
                                                <label for="students-check">
                           Students
                        </label>
                     </li>
                  </ul>
               </div>
            </div>
         </form>
      </div>
      <br/>
            <div id="statusMessage" style="display: none;">
      </div>
      <br/>
            <div class="panel panel-primary">
         <div class="panel-heading">
            <strong>
               Students
            </strong>
         </div>
         <div class="panel-body">
            <div class="panel panel-info">
               <div class="panel-heading">
                  <strong>
                     [course3]
                  </strong>
               </div>
               <div class="panel-body padding-0">
                  <table class="table table-responsive table-striped table-bordered margin-0">
                     <thead class="background-color-medium-gray text-color-gray font-weight-normal">
                        <tr>
                           <th>
                              Photo
                           </th>
                           <th class="button-sort-none" id="button_sortsection-0" onclick="toggleSort(this, 1)">
                              Section
                              <span class="icon-sort unsorted">
                              </span>
                           </th>
                           <th class="button-sort-none" id="button_sortteam-0" onclick="toggleSort(this, 2)">
                              Team
                              <span class="icon-sort unsorted">
                              </span>
                           </th>
                           <th class="button-sort-none" id="button_sortname-0" onclick="toggleSort(this, 3)">
                              Student Name
                              <span class="icon-sort unsorted">
                              </span>
                           </th>
                           <th class="button-sort-none" id="button_sortemail-0" onclick="toggleSort(this, 4)">
                              Email
                              <span class="icon-sort unsorted">
                              </span>
                           </th>
                           <th>
                              Action(s)
                           </th>
                        </tr>
                     </thead>
                     <tbody>
                        <tr id="student-c0.0" style="display: table-row;">
                           <td id="studentphoto-c0.0">
                              <div class="profile-pic-icon-click align-center" data-link="/page/studentProfilePic?studentemail={*}&courseid={*}">
                                 <a class="student-profile-pic-view-link btn-link">
                                    View Photo
                                 </a>
                                 <img alt="No Image Given" class="hidden" src=""/>
                                                               </div>
                           </td>
                           <td id="studentsection-c0.0">
                              None
                           </td>
                           <td id="studentteam-c0.0">
                              Team 2
                           </td>
                           <td id="studentname-c0.0">
                              Charlie D
                           </td>
                           <td id="studentemail-c0.0">
                              CCSDetailsUiT.charlie.tmms@gmail.com
                           </td>
                           <td class="no-print align-center">
                              <a class="btn btn-default btn-xs student-view-for-test" data-original-title="View the details of the student" data-placement="top" data-toggle="tooltip" href="/page/instructorCourseStudentDetailsPage?courseid=course3&studentemail=CCSDetailsUiT.charlie.tmms%40gmail.com&user=instructorWith2Courses" title="">
                                 View
                              </a>
                              <a class="btn btn-default btn-xs student-edit-for-test" data-original-title="Use this to edit the details of this student. <br>To edit multiple students in one go, you can use the enroll page: <br>Simply enroll students using the updated data and existing data will be updated accordingly" data-placement="top" data-toggle="tooltip" href="/page/instructorCourseStudentDetailsEdit?courseid=course3&studentemail=CCSDetailsUiT.charlie.tmms%40gmail.com&user=instructorWith2Courses" title="">
                                 Edit
                              </a>
                              <a class="btn btn-default btn-xs student-delete-for-test" data-original-title="Delete the student and the corresponding submissions from the course" data-placement="top" data-toggle="tooltip" href="/page/instructorCourseStudentDelete?courseid=course3&studentemail=CCSDetailsUiT.charlie.tmms%40gmail.com&user=instructorWith2Courses" onclick="return toggleDeleteStudentConfirmation('course3','Charlie D')" title="">
                                 Delete
                              </a>
                              <a class="btn btn-default btn-xs student-records-for-test" data-original-title="View all data about this student" data-placement="top" data-toggle="tooltip" href="/page/instructorStudentRecordsPage?courseid=course3&studentemail=CCSDetailsUiT.charlie.tmms%40gmail.com&user=instructorWith2Courses" title="">
                                 All Records
                              </a>
                              <div class="dropdown" style="display:inline;">
                                 <a class="btn btn-default btn-xs dropdown-toggle" data-toggle="dropdown" href="javascript:;">
                                    Add Comment
                                 </a>
                                 <ul aria-labelledby="dLabel" class="dropdown-menu" role="menu" style="text-align:left;">
                                    <li role="presentation">
                                       <a href="/page/instructorCourseStudentDetailsPage?courseid=course3&studentemail=CCSDetailsUiT.charlie.tmms%40gmail.com&user=instructorWith2Courses&addComment=student" role="menuitem" tabindex="-1">
                                          Comment on Charlie D
                                       </a>
                                    </li>
                                    <li role="presentation">
                                       <a href="/page/instructorCourseStudentDetailsPage?courseid=course3&studentemail=CCSDetailsUiT.charlie.tmms%40gmail.com&user=instructorWith2Courses&addComment=team" role="menuitem" tabindex="-1">
                                          Comment on Team 2
                                       </a>
                                    </li>
                                 </ul>
                              </div>
                           </td>
                        </tr>
                     </tbody>
                  </table>
               </div>
            </div>
         </div>
      </div>
   </div>

</expected]>> but was:<<[actual>
   <div class="container" id="frameBodyWrapper">
      <div>
         <h1>
            Search
         </h1>
      </div>
      <br/>
            <div>
         <form action="/page/instructorSearchPage?user=instructorWith2Courses" method="get" name="search_form">
            <div class="well well-plain">
               <div class="form-group">
                  <div class="input-group">
                     <input class="form-control" id="searchBox" name="searchkey" placeholder="Your search keyword" title="Search for comment" type="text" value="charlie"/>
                                          <span class="input-group-btn">
                        <button class="btn btn-primary" id="buttonSearch" type="submit" value="Search">
                           Search
                        </button>
                     </span>
                  </div>
                  <input name="user" type="hidden" value="instructorWith2Courses"/>
                                 </div>
               <div class="form-group">
                  <ul class="list-inline">
                     <li>
                        <span class="glyphicon glyphicon-info-sign" data-original-title="Tick the checkboxes to limit your search to certain categories" data-toggle="tooltip" title="">
                        </span>
                     </li>
                     <li>
                        <input id="comments-for-student-check" name="searchcommentforstudents" type="checkbox" value="true"/>
                                                <label for="comments-for-student-check">
                           Comments for students
                        </label>
                     </li>
                     <li>
                        <input id="comments-for-responses-check" name="searchcommentforresponses" type="checkbox" value="true"/>
                                                <label for="comments-for-responses-check">
                           Comments for responses
                        </label>
                     </li>
                     <li>
                        <input checked="" id="students-check" name="searchstudents" type="checkbox" value="true"/>
                                                <label for="students-check">
                           Students
                        </label>
                     </li>
                  </ul>
               </div>
            </div>
         </form>
      </div>
      <br/>
            <div class="alert alert-warning" id="statusMessage">
         No results found.
      </div>
      <script type="text/javascript">
         document.getElementById( 'statusMessage' ).scrollIntoView();
      </script>
   </div>

</actual]>>]]>
            </message>
            <full-stacktrace>
              <![CDATA[org.junit.ComparisonFailure: expected:<<[expected>
   <div class="container" id="frameBodyWrapper">
      <div>
         <h1>
            Search
         </h1>
      </div>
      <br/>
            <div>
         <form action="/page/instructorSearchPage?user=instructorWith2Courses" method="get" name="search_form">
            <div class="well well-plain">
               <div class="form-group">
                  <div class="input-group">
                     <input class="form-control" id="searchBox" name="searchkey" placeholder="Your search keyword" title="Search for comment" type="text" value="charlie"/>
                                          <span class="input-group-btn">
                        <button class="btn btn-primary" id="buttonSearch" type="submit" value="Search">
                           Search
                        </button>
                     </span>
                  </div>
                  <input name="user" type="hidden" value="instructorWith2Courses"/>
                                 </div>
               <div class="form-group">
                  <ul class="list-inline">
                     <li>
                        <span class="glyphicon glyphicon-info-sign" data-original-title="Tick the checkboxes to limit your search to certain categories" data-toggle="tooltip" title="">
                        </span>
                     </li>
                     <li>
                        <input id="comments-for-student-check" name="searchcommentforstudents" type="checkbox" value="true"/>
                                                <label for="comments-for-student-check">
                           Comments for students
                        </label>
                     </li>
                     <li>
                        <input id="comments-for-responses-check" name="searchcommentforresponses" type="checkbox" value="true"/>
                                                <label for="comments-for-responses-check">
                           Comments for responses
                        </label>
                     </li>
                     <li>
                        <input checked="" id="students-check" name="searchstudents" type="checkbox" value="true"/>
                                                <label for="students-check">
                           Students
                        </label>
                     </li>
                  </ul>
               </div>
            </div>
         </form>
      </div>
      <br/>
            <div id="statusMessage" style="display: none;">
      </div>
      <br/>
            <div class="panel panel-primary">
         <div class="panel-heading">
            <strong>
               Students
            </strong>
         </div>
         <div class="panel-body">
            <div class="panel panel-info">
               <div class="panel-heading">
                  <strong>
                     [course3]
                  </strong>
               </div>
               <div class="panel-body padding-0">
                  <table class="table table-responsive table-striped table-bordered margin-0">
                     <thead class="background-color-medium-gray text-color-gray font-weight-normal">
                        <tr>
                           <th>
                              Photo
                           </th>
                           <th class="button-sort-none" id="button_sortsection-0" onclick="toggleSort(this, 1)">
                              Section
                              <span class="icon-sort unsorted">
                              </span>
                           </th>
                           <th class="button-sort-none" id="button_sortteam-0" onclick="toggleSort(this, 2)">
                              Team
                              <span class="icon-sort unsorted">
                              </span>
                           </th>
                           <th class="button-sort-none" id="button_sortname-0" onclick="toggleSort(this, 3)">
                              Student Name
                              <span class="icon-sort unsorted">
                              </span>
                           </th>
                           <th class="button-sort-none" id="button_sortemail-0" onclick="toggleSort(this, 4)">
                              Email
                              <span class="icon-sort unsorted">
                              </span>
                           </th>
                           <th>
                              Action(s)
                           </th>
                        </tr>
                     </thead>
                     <tbody>
                        <tr id="student-c0.0" style="display: table-row;">
                           <td id="studentphoto-c0.0">
                              <div class="profile-pic-icon-click align-center" data-link="/page/studentProfilePic?studentemail={*}&courseid={*}">
                                 <a class="student-profile-pic-view-link btn-link">
                                    View Photo
                                 </a>
                                 <img alt="No Image Given" class="hidden" src=""/>
                                                               </div>
                           </td>
                           <td id="studentsection-c0.0">
                              None
                           </td>
                           <td id="studentteam-c0.0">
                              Team 2
                           </td>
                           <td id="studentname-c0.0">
                              Charlie D
                           </td>
                           <td id="studentemail-c0.0">
                              CCSDetailsUiT.charlie.tmms@gmail.com
                           </td>
                           <td class="no-print align-center">
                              <a class="btn btn-default btn-xs student-view-for-test" data-original-title="View the details of the student" data-placement="top" data-toggle="tooltip" href="/page/instructorCourseStudentDetailsPage?courseid=course3&studentemail=CCSDetailsUiT.charlie.tmms%40gmail.com&user=instructorWith2Courses" title="">
                                 View
                              </a>
                              <a class="btn btn-default btn-xs student-edit-for-test" data-original-title="Use this to edit the details of this student. <br>To edit multiple students in one go, you can use the enroll page: <br>Simply enroll students using the updated data and existing data will be updated accordingly" data-placement="top" data-toggle="tooltip" href="/page/instructorCourseStudentDetailsEdit?courseid=course3&studentemail=CCSDetailsUiT.charlie.tmms%40gmail.com&user=instructorWith2Courses" title="">
                                 Edit
                              </a>
                              <a class="btn btn-default btn-xs student-delete-for-test" data-original-title="Delete the student and the corresponding submissions from the course" data-placement="top" data-toggle="tooltip" href="/page/instructorCourseStudentDelete?courseid=course3&studentemail=CCSDetailsUiT.charlie.tmms%40gmail.com&user=instructorWith2Courses" onclick="return toggleDeleteStudentConfirmation('course3','Charlie D')" title="">
                                 Delete
                              </a>
                              <a class="btn btn-default btn-xs student-records-for-test" data-original-title="View all data about this student" data-placement="top" data-toggle="tooltip" href="/page/instructorStudentRecordsPage?courseid=course3&studentemail=CCSDetailsUiT.charlie.tmms%40gmail.com&user=instructorWith2Courses" title="">
                                 All Records
                              </a>
                              <div class="dropdown" style="display:inline;">
                                 <a class="btn btn-default btn-xs dropdown-toggle" data-toggle="dropdown" href="javascript:;">
                                    Add Comment
                                 </a>
                                 <ul aria-labelledby="dLabel" class="dropdown-menu" role="menu" style="text-align:left;">
                                    <li role="presentation">
                                       <a href="/page/instructorCourseStudentDetailsPage?courseid=course3&studentemail=CCSDetailsUiT.charlie.tmms%40gmail.com&user=instructorWith2Courses&addComment=student" role="menuitem" tabindex="-1">
                                          Comment on Charlie D
                                       </a>
                                    </li>
                                    <li role="presentation">
                                       <a href="/page/instructorCourseStudentDetailsPage?courseid=course3&studentemail=CCSDetailsUiT.charlie.tmms%40gmail.com&user=instructorWith2Courses&addComment=team" role="menuitem" tabindex="-1">
                                          Comment on Team 2
                                       </a>
                                    </li>
                                 </ul>
                              </div>
                           </td>
                        </tr>
                     </tbody>
                  </table>
               </div>
            </div>
         </div>
      </div>
   </div>

</expected]>> but was:<<[actual>
   <div class="container" id="frameBodyWrapper">
      <div>
         <h1>
            Search
         </h1>
      </div>
      <br/>
            <div>
         <form action="/page/instructorSearchPage?user=instructorWith2Courses" method="get" name="search_form">
            <div class="well well-plain">
               <div class="form-group">
                  <div class="input-group">
                     <input class="form-control" id="searchBox" name="searchkey" placeholder="Your search keyword" title="Search for comment" type="text" value="charlie"/>
                                          <span class="input-group-btn">
                        <button class="btn btn-primary" id="buttonSearch" type="submit" value="Search">
                           Search
                        </button>
                     </span>
                  </div>
                  <input name="user" type="hidden" value="instructorWith2Courses"/>
                                 </div>
               <div class="form-group">
                  <ul class="list-inline">
                     <li>
                        <span class="glyphicon glyphicon-info-sign" data-original-title="Tick the checkboxes to limit your search to certain categories" data-toggle="tooltip" title="">
                        </span>
                     </li>
                     <li>
                        <input id="comments-for-student-check" name="searchcommentforstudents" type="checkbox" value="true"/>
                                                <label for="comments-for-student-check">
                           Comments for students
                        </label>
                     </li>
                     <li>
                        <input id="comments-for-responses-check" name="searchcommentforresponses" type="checkbox" value="true"/>
                                                <label for="comments-for-responses-check">
                           Comments for responses
                        </label>
                     </li>
                     <li>
                        <input checked="" id="students-check" name="searchstudents" type="checkbox" value="true"/>
                                                <label for="students-check">
                           Students
                        </label>
                     </li>
                  </ul>
               </div>
            </div>
         </form>
      </div>
      <br/>
            <div class="alert alert-warning" id="statusMessage">
         No results found.
      </div>
      <script type="text/javascript">
         document.getElementById( 'statusMessage' ).scrollIntoView();
      </script>
   </div>

</actual]>>
	at org.junit.Assert.assertEquals(Assert.java:115)
	at org.junit.Assert.assertEquals(Assert.java:144)
	at teammates.test.driver.HtmlHelper.assertSameHtmlPart(HtmlHelper.java:43)
	at teammates.test.pageobjects.AppPage.verifyHtmlPart(AppPage.java:815)
	at teammates.test.pageobjects.AppPage.verifyHtmlMainContent(AppPage.java:857)
	at teammates.test.cases.ui.browsertests.InstructorStudentListPageUiTest.testSearch(InstructorStudentListPageUiTest.java:79)
	at teammates.test.cases.ui.browsertests.InstructorStudentListPageUiTest.testAll(InstructorStudentListPageUiTest.java:56)
	at sun.reflect.NativeMethodAccessorImpl.invoke0(Native Method)
	at sun.reflect.NativeMethodAccessorImpl.invoke(NativeMethodAccessorImpl.java:57)
	at sun.reflect.DelegatingMethodAccessorImpl.invoke(DelegatingMethodAccessorImpl.java:43)
	at java.lang.reflect.Method.invoke(Method.java:606)
	at org.testng.internal.MethodInvocationHelper.invokeMethod(MethodInvocationHelper.java:84)
	at org.testng.internal.Invoker.invokeMethod(Invoker.java:714)
	at org.testng.internal.Invoker.invokeTestMethod(Invoker.java:901)
	at org.testng.internal.Invoker.invokeTestMethods(Invoker.java:1231)
	at org.testng.internal.TestMethodWorker.invokeTestMethods(TestMethodWorker.java:127)
	at org.testng.internal.TestMethodWorker.run(TestMethodWorker.java:111)
	at java.util.concurrent.ThreadPoolExecutor.runWorker(ThreadPoolExecutor.java:1145)
	at java.util.concurrent.ThreadPoolExecutor$Worker.run(ThreadPoolExecutor.java:615)
	at java.lang.Thread.run(Thread.java:745)
]]>
            </full-stacktrace>
          </exception> <!-- org.junit.ComparisonFailure -->
          <reporter-output>
          </reporter-output>
        </test-method> <!-- testAll -->
        <test-method status="PASS" signature="classTearDown()[pri:0, instance:teammates.test.cases.ui.browsertests.InstructorStudentListPageUiTest@241a0d]" name="classTearDown" is-config="true" duration-ms="0" started-at="2014-08-06T03:39:18Z" finished-at="2014-08-06T03:39:18Z">
          <reporter-output>
          </reporter-output>
        </test-method> <!-- classTearDown -->
      </class> <!-- teammates.test.cases.ui.browsertests.InstructorStudentListPageUiTest -->
    </test> <!-- parallel-ui-tests(failed)(failed)(failed)(failed)(failed) -->
  </suite> <!-- Failed suite [Failed suite [Failed suite [Failed suite [Failed suite [all-tests-in-parallel]]]]] -->
</testng-results>
