<?xml version="1.0" encoding="UTF-8"?>
<!-- Generated by org.testng.reporters.JUnitXMLReporter -->
<testsuite hostname="soccf-tr5-001" name="component-tests" tests="458" failures="6" timestamp="6 Aug 2014 03:01:55 GMT" time="350.519" errors="0">
  <testcase name="testCreateAccount" time="7.767" classname="teammates.test.cases.storage.AccountsDbTest"/>
  <testcase name="testDeleteAccount" time="0.014" classname="teammates.test.cases.storage.AccountsDbTest">
    <failure type="java.lang.NoClassDefFoundError" message="com/google/appengine/tools/cloudstorage/GcsFilename">
      <![CDATA[java.lang.NoClassDefFoundError: com/google/appengine/tools/cloudstorage/GcsFilename
	at teammates.common.util.GoogleCloudStorageHelper.writeDataToGcs(GoogleCloudStorageHelper.java:54)
	at teammates.common.util.GoogleCloudStorageHelper.writeFileToGcs(GoogleCloudStorageHelper.java:26)
	at teammates.test.cases.storage.AccountsDbTest.testDeleteAccount(AccountsDbTest.java:273)
	at java.util.concurrent.FutureTask.run(FutureTask.java:262)
	at java.util.concurrent.ThreadPoolExecutor.runWorker(ThreadPoolExecutor.java:1145)
	at java.util.concurrent.ThreadPoolExecutor$Worker.run(ThreadPoolExecutor.java:615)
	at java.lang.Thread.run(Thread.java:745)
Caused by: java.lang.ClassNotFoundException: com.google.appengine.tools.cloudstorage.GcsFilename
	at java.net.URLClassLoader$1.run(URLClassLoader.java:366)
	at java.net.URLClassLoader$1.run(URLClassLoader.java:355)
	at java.security.AccessController.doPrivileged(Native Method)
	at java.net.URLClassLoader.findClass(URLClassLoader.java:354)
	at java.lang.ClassLoader.loadClass(ClassLoader.java:425)
	at sun.misc.Launcher$AppClassLoader.loadClass(Launcher.java:308)
	at java.lang.ClassLoader.loadClass(ClassLoader.java:358)
	... 23 more
... Removed 16 stack frames]]>
    </failure>
  </testcase> <!-- testDeleteAccount -->
  <testcase name="testEditAccount" time="0.036" classname="teammates.test.cases.storage.AccountsDbTest"/>
  <testcase name="testGetAccount" time="0.011" classname="teammates.test.cases.storage.AccountsDbTest"/>
  <testcase name="testGetInstructorAccounts" time="0.387" classname="teammates.test.cases.storage.AccountsDbTest"/>
  <testcase name="testCreateComment" time="0.309" classname="teammates.test.cases.storage.CommentsDbTest"/>
  <testcase name="testDeleteComment" time="0.017" classname="teammates.test.cases.storage.CommentsDbTest"/>
  <testcase name="testDeleteComments" time="0.103" classname="teammates.test.cases.storage.CommentsDbTest"/>
  <testcase name="testGetComment" time="0.031" classname="teammates.test.cases.storage.CommentsDbTest"/>
  <testcase name="testUpdateComment" time="0.02" classname="teammates.test.cases.storage.CommentsDbTest"/>
  <testcase name="testUpdateInstructorEmailAndStudentEmail" time="0.064" classname="teammates.test.cases.storage.CommentsDbTest"/>
  <testcase name="testCreateCourse" time="0.012" classname="teammates.test.cases.storage.CoursesDbTest"/>
  <testcase name="testDeleteCourse" time="0.394" classname="teammates.test.cases.storage.CoursesDbTest"/>
  <testcase name="testGetCourse" time="0.007" classname="teammates.test.cases.storage.CoursesDbTest"/>
  <testcase name="testUpdateCourse" time="0.009" classname="teammates.test.cases.storage.CoursesDbTest"/>
  <testcase name="testCreateEntity" time="0.013" classname="teammates.test.cases.storage.EntitiesDbTest"/>
  <testcase name="testCreateEvaluation" time="0.13" classname="teammates.test.cases.storage.EvaluationsDbTest"/>
  <testcase name="testDeleteEvaluation" time="0.027" classname="teammates.test.cases.storage.EvaluationsDbTest"/>
  <testcase name="testGetEvaluation" time="0.011" classname="teammates.test.cases.storage.EvaluationsDbTest"/>
  <testcase name="testUpdateEvaluation" time="0.015" classname="teammates.test.cases.storage.EvaluationsDbTest"/>
  <testcase name="testCreateDeleteFeedbackQuestion" time="0.027" classname="teammates.test.cases.storage.FeedbackQuestionsDbTest"/>
  <testcase name="testGetFeedbackQuestions" time="0.012" classname="teammates.test.cases.storage.FeedbackQuestionsDbTest"/>
  <testcase name="testGetFeedbackQuestionsForGiverType" time="0.087" classname="teammates.test.cases.storage.FeedbackQuestionsDbTest"/>
  <testcase name="testGetFeedbackQuestionsForSession" time="0.028" classname="teammates.test.cases.storage.FeedbackQuestionsDbTest"/>
  <testcase name="testUpdateFeedbackQuestion" time="0.029" classname="teammates.test.cases.storage.FeedbackQuestionsDbTest"/>
  <testcase name="testAll" time="0.041" classname="teammates.test.cases.storage.FeedbackResponseCommentsDbTest"/>
  <testcase name="testCreateDeleteFeedbackResponse" time="0.017" classname="teammates.test.cases.storage.FeedbackResponsesDbTest"/>
  <testcase name="testGetFeedbackResponses" time="0.008" classname="teammates.test.cases.storage.FeedbackResponsesDbTest"/>
  <testcase name="testGetFeedbackResponsesForQuestion" time="0.004" classname="teammates.test.cases.storage.FeedbackResponsesDbTest"/>
  <testcase name="testGetFeedbackResponsesForQuestionInSection" time="0.01" classname="teammates.test.cases.storage.FeedbackResponsesDbTest"/>
  <testcase name="testGetFeedbackResponsesForReceiverForCourse" time="0.005" classname="teammates.test.cases.storage.FeedbackResponsesDbTest"/>
  <testcase name="testGetFeedbackResponsesForReceiverForQuestion" time="0.005" classname="teammates.test.cases.storage.FeedbackResponsesDbTest"/>
  <testcase name="testGetFeedbackResponsesForReceiverForQuestionInSection" time="0.014" classname="teammates.test.cases.storage.FeedbackResponsesDbTest"/>
  <testcase name="testGetFeedbackResponsesForSession" time="0.005" classname="teammates.test.cases.storage.FeedbackResponsesDbTest"/>
  <testcase name="testGetFeedbackResponsesForSessionFromSection" time="0.007" classname="teammates.test.cases.storage.FeedbackResponsesDbTest"/>
  <testcase name="testGetFeedbackResponsesForSessionInSection" time="0.011" classname="teammates.test.cases.storage.FeedbackResponsesDbTest"/>
  <testcase name="testGetFeedbackResponsesForSessionToSection" time="0.007" classname="teammates.test.cases.storage.FeedbackResponsesDbTest"/>
  <testcase name="testGetFeedbackResponsesForSessionWithinRange" time="0.007" classname="teammates.test.cases.storage.FeedbackResponsesDbTest"/>
  <testcase name="testGetFeedbackResponsesFromGiverForCourse" time="0.005" classname="teammates.test.cases.storage.FeedbackResponsesDbTest"/>
  <testcase name="testGetFeedbackResponsesFromGiverForQuestion" time="0.008" classname="teammates.test.cases.storage.FeedbackResponsesDbTest"/>
  <testcase name="testGetFeedbackResponsesFromGiverForQuestionInSection" time="0.012" classname="teammates.test.cases.storage.FeedbackResponsesDbTest"/>
  <testcase name="testUpdateFeedbackResponse" time="0.011" classname="teammates.test.cases.storage.FeedbackResponsesDbTest"/>
  <testcase name="testAllGetFeedbackSessions" time="0.111" classname="teammates.test.cases.storage.FeedbackSessionsDbTest"/>
  <testcase name="testCreateDeleteFeedbackSession" time="0.017" classname="teammates.test.cases.storage.FeedbackSessionsDbTest"/>
  <testcase name="testUpdateFeedbackSession" time="0.025" classname="teammates.test.cases.storage.FeedbackSessionsDbTest"/>
  <testcase name="testCreateInstructor" time="0.013" classname="teammates.test.cases.storage.InstructorsDbTest"/>
  <testcase name="testDeleteInstructor" time="0.007" classname="teammates.test.cases.storage.InstructorsDbTest"/>
  <testcase name="testDeleteInstructorsForCourse" time="0.005" classname="teammates.test.cases.storage.InstructorsDbTest"/>
  <testcase name="testDeleteInstructorsForGoogleId" time="0.003" classname="teammates.test.cases.storage.InstructorsDbTest"/>
  <testcase name="testGetInstructorForEmail" time="0.004" classname="teammates.test.cases.storage.InstructorsDbTest"/>
  <testcase name="testGetInstructorForGoogleId" time="0.004" classname="teammates.test.cases.storage.InstructorsDbTest"/>
  <testcase name="testGetInstructorForRegistrationKey" time="0.003" classname="teammates.test.cases.storage.InstructorsDbTest"/>
  <testcase name="testGetInstructorsForCourse" time="0.004" classname="teammates.test.cases.storage.InstructorsDbTest"/>
  <testcase name="testGetInstructorsForEmail" time="0.003" classname="teammates.test.cases.storage.InstructorsDbTest"/>
  <testcase name="testGetInstructorsForGoogleId" time="0.003" classname="teammates.test.cases.storage.InstructorsDbTest"/>
  <testcase name="testUpdateInstructorByEmail" time="0.008" classname="teammates.test.cases.storage.InstructorsDbTest"/>
  <testcase name="testUpdateInstructorByGoogleId" time="0.007" classname="teammates.test.cases.storage.InstructorsDbTest"/>
  <testcase name="testGetStudentProfile" time="0.001" classname="teammates.test.cases.storage.ProfilesDbTest"/>
  <testcase name="testUpdateStudentProfile" time="0.01" classname="teammates.test.cases.storage.ProfilesDbTest">
    <failure type="java.lang.NoClassDefFoundError" message="com/google/appengine/tools/cloudstorage/GcsFilename">
      <![CDATA[java.lang.NoClassDefFoundError: com/google/appengine/tools/cloudstorage/GcsFilename
	at teammates.common.util.GoogleCloudStorageHelper.writeDataToGcs(GoogleCloudStorageHelper.java:54)
	at teammates.common.util.GoogleCloudStorageHelper.writeFileToGcs(GoogleCloudStorageHelper.java:26)
	at teammates.test.cases.storage.ProfilesDbTest.testUpdateStudentProfile(ProfilesDbTest.java:88)
	at java.util.concurrent.FutureTask.run(FutureTask.java:262)
	at java.util.concurrent.ThreadPoolExecutor.runWorker(ThreadPoolExecutor.java:1145)
	at java.util.concurrent.ThreadPoolExecutor$Worker.run(ThreadPoolExecutor.java:615)
	at java.lang.Thread.run(Thread.java:745)
... Removed 16 stack frames]]>
    </failure>
  </testcase> <!-- testUpdateStudentProfile -->
  <testcase name="testUpdateStudentProfilePicture" time="0.009" classname="teammates.test.cases.storage.ProfilesDbTest">
    <failure type="java.lang.NoClassDefFoundError" message="com/google/appengine/tools/cloudstorage/GcsFilename">
      <![CDATA[java.lang.NoClassDefFoundError: com/google/appengine/tools/cloudstorage/GcsFilename
	at teammates.common.util.GoogleCloudStorageHelper.writeDataToGcs(GoogleCloudStorageHelper.java:54)
	at teammates.common.util.GoogleCloudStorageHelper.writeFileToGcs(GoogleCloudStorageHelper.java:26)
	at teammates.test.cases.storage.ProfilesDbTest.testUpdateStudentProfilePicture(ProfilesDbTest.java:164)
	at java.util.concurrent.FutureTask.run(FutureTask.java:262)
	at java.util.concurrent.ThreadPoolExecutor.runWorker(ThreadPoolExecutor.java:1145)
	at java.util.concurrent.ThreadPoolExecutor$Worker.run(ThreadPoolExecutor.java:615)
	at java.lang.Thread.run(Thread.java:745)
... Removed 16 stack frames]]>
    </failure>
  </testcase> <!-- testUpdateStudentProfilePicture -->
  <testcase name="testCreateStudent" time="0.02" classname="teammates.test.cases.storage.StudentsDbTest"/>
  <testcase name="testDeleteStudent" time="0.029" classname="teammates.test.cases.storage.StudentsDbTest"/>
  <testcase name="testGetStudent" time="0.044" classname="teammates.test.cases.storage.StudentsDbTest"/>
  <testcase name="testupdateStudentWithoutDocument" time="0.039" classname="teammates.test.cases.storage.StudentsDbTest"/>
  <testcase name="testCreateSubmission" time="0.021" classname="teammates.test.cases.storage.SubmissionsDbTest"/>
  <testcase name="testDeleteSubmission" time="0.013" classname="teammates.test.cases.storage.SubmissionsDbTest"/>
  <testcase name="testEditSubmission" time="0.013" classname="teammates.test.cases.storage.SubmissionsDbTest"/>
  <testcase name="testGetSubmission" time="0.007" classname="teammates.test.cases.storage.SubmissionsDbTest"/>
  <testcase name="testAssertContains" time="0.0" classname="teammates.test.cases.BaseTestCaseTest"/>
  <testcase name="testAssertContainsRegex" time="0.011" classname="teammates.test.cases.BaseTestCaseTest"/>
  <testcase name="testGetEntityTypeAsString" time="0.0" classname="teammates.test.cases.common.AccountAttributesTest"/>
  <testcase name="testGetIdentificationString" time="0.0" classname="teammates.test.cases.common.AccountAttributesTest"/>
  <testcase name="testGetInvalidStateInfo" time="0.001" classname="teammates.test.cases.common.AccountAttributesTest"/>
  <testcase name="testSanitizeForSaving" time="0.001" classname="teammates.test.cases.common.AccountAttributesTest"/>
  <testcase name="testToEntity" time="0.0" classname="teammates.test.cases.common.AccountAttributesTest"/>
  <testcase name="testToString" time="0.0" classname="teammates.test.cases.common.AccountAttributesTest"/>
  <testcase name="checkPresence" time="0.0" classname="teammates.test.cases.common.BuildPropertiesTest"/>
  <testcase name="checkReadingEmailTemplates" time="0.006" classname="teammates.test.cases.common.BuildPropertiesTest"/>
  <testcase name="testBasicGetters" time="0.0" classname="teammates.test.cases.common.CommentAttributesTest"/>
  <testcase name="testSanitize" time="0.001" classname="teammates.test.cases.common.CommentAttributesTest"/>
  <testcase name="testValidate" time="0.001" classname="teammates.test.cases.common.CommentAttributesTest"/>
  <testcase name="testGetValidityInfo" time="0.0" classname="teammates.test.cases.common.CourseAttributesTest"/>
  <testcase name="testIsValid" time="0.0" classname="teammates.test.cases.common.CourseAttributesTest"/>
  <testcase name="testToString" time="0.0" classname="teammates.test.cases.common.CourseAttributesTest"/>
  <testcase name="testValidate" time="0.0" classname="teammates.test.cases.common.CourseAttributesTest"/>
  <testcase name="allTests" time="0.001" classname="teammates.test.cases.common.CourseRosterTest"/>
  <testcase name="testCalculateEvalStatus" time="0.003" classname="teammates.test.cases.common.EvaluationAttributesTest"/>
  <testcase name="testGetInvalidStateInfo" time="0.0" classname="teammates.test.cases.common.EvaluationAttributesTest"/>
  <testcase name="testIsReady" time="0.001" classname="teammates.test.cases.common.EvaluationAttributesTest"/>
  <testcase name="testIsValid" time="0.0" classname="teammates.test.cases.common.EvaluationAttributesTest"/>
  <testcase name="testSanitizeForSaving" time="0.0" classname="teammates.test.cases.common.EvaluationAttributesTest"/>
  <testcase name="testSetDerivedAttributes" time="0.082" classname="teammates.test.cases.common.EvaluationAttributesTest"/>
  <testcase name="testToString" time="0.001" classname="teammates.test.cases.common.EvaluationAttributesTest"/>
  <testcase name="testValidate" time="0.001" classname="teammates.test.cases.common.EvaluationAttributesTest"/>
  <testcase name="testRemoveIrrelevantVisibilityOptions" time="0.001" classname="teammates.test.cases.common.FeedbackQuestionAttributesTest"/>
  <testcase name="testValidate" time="0.001" classname="teammates.test.cases.common.FeedbackQuestionAttributesTest"/>
  <testcase name="testCreateResponseDetails" time="0.004" classname="teammates.test.cases.common.FeedbackResponseDetailsTest"/>
  <testcase name="testBasicGetters" time="0.0" classname="teammates.test.cases.common.FeedbackSessionAttributesTest"/>
  <testcase name="testValidate" time="0.001" classname="teammates.test.cases.common.FeedbackSessionAttributesTest"/>
  <testcase name="TestGetValidityInfo_INSTRUCTOR_ROLE" time="0.0" classname="teammates.test.cases.common.FieldValidatorTest"/>
  <testcase name="testGetValidityInfoForAllowedName" time="0.002" classname="teammates.test.cases.common.FieldValidatorTest"/>
  <testcase name="testGetValidityInfoForSizeCappedNonEmptyString" time="0.001" classname="teammates.test.cases.common.FieldValidatorTest"/>
  <testcase name="testGetValidityInfoForSizeCappedPossiblyEmptyString" time="0.0" classname="teammates.test.cases.common.FieldValidatorTest"/>
  <testcase name="testGetValidityInfo_COUNTRY" time="0.0" classname="teammates.test.cases.common.FieldValidatorTest"/>
  <testcase name="testGetValidityInfo_COURSE_ID" time="0.001" classname="teammates.test.cases.common.FieldValidatorTest"/>
  <testcase name="testGetValidityInfo_COURSE_NAME" time="0.0" classname="teammates.test.cases.common.FieldValidatorTest"/>
  <testcase name="testGetValidityInfo_EMAIL" time="0.0" classname="teammates.test.cases.common.FieldValidatorTest"/>
  <testcase name="testGetValidityInfo_EVALUATION_NAME" time="0.0" classname="teammates.test.cases.common.FieldValidatorTest"/>
  <testcase name="testGetValidityInfo_GENDER" time="0.0" classname="teammates.test.cases.common.FieldValidatorTest"/>
  <testcase name="testGetValidityInfo_GOOGLE_ID" time="0.0" classname="teammates.test.cases.common.FieldValidatorTest"/>
  <testcase name="testGetValidityInfo_INSTITUTE_NAME" time="0.0" classname="teammates.test.cases.common.FieldValidatorTest"/>
  <testcase name="testGetValidityInfo_PERSON_NAME" time="0.0" classname="teammates.test.cases.common.FieldValidatorTest"/>
  <testcase name="testGetValidityInfo_STUDENT_ROLE_COMMENTS" time="0.0" classname="teammates.test.cases.common.FieldValidatorTest"/>
  <testcase name="testGetValidityInfo_TEAM_NAME" time="0.0" classname="teammates.test.cases.common.FieldValidatorTest"/>
  <testcase name="test_REGEX_COURSE_ID" time="0.0" classname="teammates.test.cases.common.FieldValidatorTest"/>
  <testcase name="test_REGEX_EMAIL" time="0.002" classname="teammates.test.cases.common.FieldValidatorTest"/>
  <testcase name="test_REGEX_GOOGLE_ID_NON_EMAIL" time="0.001" classname="teammates.test.cases.common.FieldValidatorTest"/>
  <testcase name="test_REGEX_NAME" time="0.0" classname="teammates.test.cases.common.FieldValidatorTest"/>
  <testcase name="test_REGEX_SAMPLE_COURSE_ID" time="0.0" classname="teammates.test.cases.common.FieldValidatorTest"/>
  <testcase name="testConstructor" time="0.001" classname="teammates.test.cases.common.InstructorAttributesTest"/>
  <testcase name="testGetInvalidityInfo" time="0.001" classname="teammates.test.cases.common.InstructorAttributesTest"/>
  <testcase name="testIsAllowedForPrivilege" time="0.0" classname="teammates.test.cases.common.InstructorAttributesTest"/>
  <testcase name="testIsEqualToAnotherInstructor" time="0.0" classname="teammates.test.cases.common.InstructorAttributesTest"/>
  <testcase name="testIsRegistered" time="0.0" classname="teammates.test.cases.common.InstructorAttributesTest"/>
  <testcase name="testSanitizeForSaving" time="0.0" classname="teammates.test.cases.common.InstructorAttributesTest"/>
  <testcase name="testToEntity" time="0.0" classname="teammates.test.cases.common.InstructorAttributesTest"/>
  <testcase name="testAddSectionWithDefaultPrivilegesToSectionLevel" time="0.0" classname="teammates.test.cases.common.InstructorPrivilegesTest"/>
  <testcase name="testAddSessionWithDefaultPrivilegesToSessionLevel" time="0.0" classname="teammates.test.cases.common.InstructorPrivilegesTest"/>
  <testcase name="testConstructor" time="0.001" classname="teammates.test.cases.common.InstructorPrivilegesTest"/>
  <testcase name="testIsAllowedForPrivilege" time="0.0" classname="teammates.test.cases.common.InstructorPrivilegesTest"/>
  <testcase name="testIsPrivilegeNameValid" time="0.0" classname="teammates.test.cases.common.InstructorPrivilegesTest"/>
  <testcase name="testSetDefault" time="0.0" classname="teammates.test.cases.common.InstructorPrivilegesTest"/>
  <testcase name="testUpdatePrivilegeInCourseLevel" time="0.0" classname="teammates.test.cases.common.InstructorPrivilegesTest"/>
  <testcase name="testUpdatePrivilegeInSectionLevel" time="0.0" classname="teammates.test.cases.common.InstructorPrivilegesTest"/>
  <testcase name="testUpdatePrivilegeInSessionLevel" time="0.0" classname="teammates.test.cases.common.InstructorPrivilegesTest"/>
  <testcase name="testUpdatePrivilegesInSectionLevel" time="0.0" classname="teammates.test.cases.common.InstructorPrivilegesTest"/>
  <testcase name="testUpdatePrivilegesInSessionLevel" time="0.0" classname="teammates.test.cases.common.InstructorPrivilegesTest"/>
  <testcase name="testValidatePrivileges" time="0.0" classname="teammates.test.cases.common.InstructorPrivilegesTest"/>
  <testcase name="testSanitizeEmail" time="0.0" classname="teammates.test.cases.common.SanitizerTest"/>
  <testcase name="testSanitizeForCsv" time="0.0" classname="teammates.test.cases.common.SanitizerTest"/>
  <testcase name="testSanitizeForHtml" time="0.0" classname="teammates.test.cases.common.SanitizerTest"/>
  <testcase name="testSanitizeForJs" time="0.0" classname="teammates.test.cases.common.SanitizerTest"/>
  <testcase name="testSanitizeForRichText" time="0.001" classname="teammates.test.cases.common.SanitizerTest"/>
  <testcase name="testSanitizeGoogleId" time="0.0" classname="teammates.test.cases.common.SanitizerTest"/>
  <testcase name="testSanitizeListForCsv" time="0.0" classname="teammates.test.cases.common.SanitizerTest"/>
  <testcase name="testSanitizeName" time="0.0" classname="teammates.test.cases.common.SanitizerTest"/>
  <testcase name="testSanitizeTextField" time="0.0" classname="teammates.test.cases.common.SanitizerTest"/>
  <testcase name="testSanitizeTitle" time="0.0" classname="teammates.test.cases.common.SanitizerTest"/>
  <testcase name="testSort" time="0.003" classname="teammates.test.cases.common.SessionAttributesTest"/>
  <testcase name="testGenerateStringOfLength" time="0.0" classname="teammates.test.cases.common.StringHelperTest"/>
  <testcase name="testIsMatching" time="0.306" classname="teammates.test.cases.common.StringHelperTest"/>
  <testcase name="testIsWhiteSpace" time="0.001" classname="teammates.test.cases.common.StringHelperTest"/>
  <testcase name="testKeyEncryption" time="0.0" classname="teammates.test.cases.common.StringHelperTest"/>
  <testcase name="testRecoverFromSanitizedText" time="0.0" classname="teammates.test.cases.common.StringHelperTest"/>
  <testcase name="testRemoveExtraSpace" time="0.0" classname="teammates.test.cases.common.StringHelperTest"/>
  <testcase name="testSplitName" time="0.0" classname="teammates.test.cases.common.StringHelperTest"/>
  <testcase name="testToStringForStringLists" time="0.0" classname="teammates.test.cases.common.StringHelperTest"/>
  <testcase name="testConstructor" time="0.002" classname="teammates.test.cases.common.StudentAttributesFactoryTest"/>
  <testcase name="testLocateColumnIndexes" time="0.001" classname="teammates.test.cases.common.StudentAttributesFactoryTest"/>
  <testcase name="testMakeStudent" time="0.002" classname="teammates.test.cases.common.StudentAttributesFactoryTest"/>
  <testcase name="testSplitLineIntoColumns" time="0.0" classname="teammates.test.cases.common.StudentAttributesFactoryTest"/>
  <testcase name="testGetValidityInfo" time="0.0" classname="teammates.test.cases.common.StudentAttributesTest"/>
  <testcase name="testIsEnrollInfoSameAs" time="0.001" classname="teammates.test.cases.common.StudentAttributesTest"/>
  <testcase name="testIsRegistered" time="0.0" classname="teammates.test.cases.common.StudentAttributesTest"/>
  <testcase name="testIsValid" time="0.0" classname="teammates.test.cases.common.StudentAttributesTest"/>
  <testcase name="testSortByNameAndThenByEmail" time="0.001" classname="teammates.test.cases.common.StudentAttributesTest"/>
  <testcase name="testSortBySection" time="0.0" classname="teammates.test.cases.common.StudentAttributesTest"/>
  <testcase name="testSortByTeam" time="0.001" classname="teammates.test.cases.common.StudentAttributesTest"/>
  <testcase name="testStudentConstructor" time="0.005" classname="teammates.test.cases.common.StudentAttributesTest"/>
  <testcase name="testToEnrollmentString" time="0.0" classname="teammates.test.cases.common.StudentAttributesTest"/>
  <testcase name="testToString" time="0.001" classname="teammates.test.cases.common.StudentAttributesTest"/>
  <testcase name="testUpdateStatusEnum" time="0.0" classname="teammates.test.cases.common.StudentAttributesTest"/>
  <testcase name="testValidate" time="0.001" classname="teammates.test.cases.common.StudentAttributesTest"/>
  <testcase name="testGetEntityTypeAsString" time="0.0" classname="teammates.test.cases.common.StudentProfileAttributesTest"/>
  <testcase name="testGetInvalidityInfo" time="0.001" classname="teammates.test.cases.common.StudentProfileAttributesTest"/>
  <testcase name="testSanitizeForSaving" time="0.0" classname="teammates.test.cases.common.StudentProfileAttributesTest"/>
  <testcase name="testToEntity" time="0.0" classname="teammates.test.cases.common.StudentProfileAttributesTest"/>
  <testcase name="testToString" time="0.001" classname="teammates.test.cases.common.StudentProfileAttributesTest"/>
  <testcase name="testeGetIdentificationString" time="0.0" classname="teammates.test.cases.common.StudentProfileAttributesTest"/>
  <testcase name="testSortIncomingByFeedbackAscending" time="0.002" classname="teammates.test.cases.common.StudentResultBundleTest"/>
  <testcase name="testSortIncomingByStudentNameAscending" time="0.0" classname="teammates.test.cases.common.StudentResultBundleTest"/>
  <testcase name="testSortOutgoingByStudentNameAscending" time="0.001" classname="teammates.test.cases.common.StudentResultBundleTest"/>
  <testcase name="testGetInvalidStateInfo" time="0.0" classname="teammates.test.cases.common.SubmissionAttributesTest"/>
  <testcase name="testIsSelfvaluation" time="0.001" classname="teammates.test.cases.common.SubmissionAttributesTest"/>
  <testcase name="testIsValid" time="0.0" classname="teammates.test.cases.common.SubmissionAttributesTest"/>
  <testcase name="testValidate" time="0.001" classname="teammates.test.cases.common.SubmissionAttributesTest"/>
  <testcase name="testSortByStudentNameAscending" time="0.002" classname="teammates.test.cases.common.TeamResultBundleTest"/>
  <testcase name="testCombineDateTime" time="0.002" classname="teammates.test.cases.common.TimeHelperTest"/>
  <testcase name="testFormatTimeForEvaluation" time="0.0" classname="teammates.test.cases.common.TimeHelperTest"/>
  <testcase name="testTrimTrailingSlash" time="0.001" classname="teammates.test.cases.common.UrlTest"/>
  <testcase name="testDataBundle" time="0.011" classname="teammates.test.cases.testdriver.DataBundleTest"/>
  <testcase name="testComparison" time="0.4" classname="teammates.test.cases.testdriver.HtmlHelperTest"/>
  <testcase name="testConvertToStandardHtml" time="0.044" classname="teammates.test.cases.testdriver.HtmlHelperTest"/>
  <testcase name="testConvertToStandardHtmlPart" time="0.061" classname="teammates.test.cases.testdriver.HtmlHelperTest"/>
  <testcase name="testConstruction" time="0.0" classname="teammates.test.cases.testdriver.TestPropertiesTest"/>
  <testcase name="testExtractVersionNumber" time="0.0" classname="teammates.test.cases.testdriver.TestPropertiesTest"/>
  <testcase name="testAccountFunctions" time="0.071" classname="teammates.test.cases.logic.AccountsLogicTest"/>
  <testcase name="testCreateAccount" time="0.019" classname="teammates.test.cases.logic.AccountsLogicTest"/>
  <testcase name="testDeleteAccountCascade" time="1.01" classname="teammates.test.cases.logic.AccountsLogicTest"/>
  <testcase name="testDeleteProfilePicture" time="0.0" classname="teammates.test.cases.logic.AccountsLogicTest"/>
  <testcase name="testGetInstructorAccounts" time="0.137" classname="teammates.test.cases.logic.AccountsLogicTest"/>
  <testcase name="testGetStudentAndUpdateStudentProfile" time="0.045" classname="teammates.test.cases.logic.AccountsLogicTest"/>
  <testcase name="testJoinCourseForInstructor" time="0.155" classname="teammates.test.cases.logic.AccountsLogicTest"/>
  <testcase name="testJoinCourseForStudent" time="2.702" classname="teammates.test.cases.logic.AccountsLogicTest"/>
  <testcase name="testGetSubmission" time="0.028" classname="teammates.test.cases.logic.BackDoorLogicTest"/>
  <testcase name="testPersistDataBundle" time="1.147" classname="teammates.test.cases.logic.BackDoorLogicTest"/>
  <testcase name="testCreateComment" time="0.021" classname="teammates.test.cases.logic.CommentsLogicTest"/>
  <testcase name="testDeleteComment" time="0.011" classname="teammates.test.cases.logic.CommentsLogicTest"/>
  <testcase name="testGetComments" time="0.223" classname="teammates.test.cases.logic.CommentsLogicTest"/>
  <testcase name="testUpdateComment" time="0.006" classname="teammates.test.cases.logic.CommentsLogicTest"/>
  <testcase name="testAll" time="0.913" classname="teammates.test.cases.logic.CoursesLogicTest"/>
  <testcase name="testGenerateEvaluationEmailBase" time="0.19" classname="teammates.test.cases.logic.EmailsTest"/>
  <testcase name="testGenerateEvaluationEmails" time="0.006" classname="teammates.test.cases.logic.EmailsTest"/>
  <testcase name="testGenerateFeedbackEmailBase" time="0.016" classname="teammates.test.cases.logic.EmailsTest"/>
  <testcase name="testGenerateFeedbackSessionEmails" time="0.639" classname="teammates.test.cases.logic.EmailsTest"/>
  <testcase name="testGenerateStudentCourseJoinEmail" time="0.003" classname="teammates.test.cases.logic.EmailsTest"/>
  <testcase name="testGetEmailInfo" time="0.0" classname="teammates.test.cases.logic.EmailsTest"/>
  <testcase name="testSystemCrashReportEmailContent" time="0.0" classname="teammates.test.cases.logic.EmailsTest"/>
  <testcase name="testEvaluationsPublishEmail" time="2.097" classname="teammates.test.cases.logic.EvaluationsEmailTaskQueueTest"/>
  <testcase name="testEvaluationsRemindEmail" time="2.001" classname="teammates.test.cases.logic.EvaluationsEmailTaskQueueTest"/>
  <testcase name="testAll" time="0.585" classname="teammates.test.cases.logic.EvaluationsLogicTest"/>
  <testcase name="allTests" time="0.297" classname="teammates.test.cases.logic.FeedbackQuestionsLogicTest"/>
  <testcase name="allTests" time="0.368" classname="teammates.test.cases.logic.FeedbackResponsesLogicTest"/>
  <testcase name="testAll" time="11.125" classname="teammates.test.cases.logic.FeedbackSessionEmailTaskQueueTest"/>
  <testcase name="testScheduleFeedbackSessionClosingEmails" time="2.021" classname="teammates.test.cases.logic.FeedbackSessionEmailTaskQueueTest"/>
  <testcase name="testScheduleFeedbackSessionOpeningEmails" time="3.018" classname="teammates.test.cases.logic.FeedbackSessionEmailTaskQueueTest"/>
  <testcase name="testScheduleFeedbackSessionPublishedEmails" time="2.011" classname="teammates.test.cases.logic.FeedbackSessionEmailTaskQueueTest"/>
  <testcase name="testAll" time="2.789" classname="teammates.test.cases.logic.FeedbackSessionsLogicTest"/>
  <testcase name="testAll" time="0.995" classname="teammates.test.cases.logic.InstructorsLogicTest"/>
  <testcase name="testCreateSubmission" time="0.0" classname="teammates.test.cases.logic.LogicTest"/>
  <testcase name="testDeleteSubmission" time="0.0" classname="teammates.test.cases.logic.LogicTest"/>
  <testcase name="testGetCurrentUser" time="0.01" classname="teammates.test.cases.logic.LogicTest"/>
  <testcase name="testGetLoginUrl" time="0.007" classname="teammates.test.cases.logic.LogicTest"/>
  <testcase name="testGetLogoutUrl" time="0.002" classname="teammates.test.cases.logic.LogicTest"/>
  <testcase name="testGetSubmissionsForEvaluationFromStudent" time="0.141" classname="teammates.test.cases.logic.LogicTest"/>
  <testcase name="testHasStudentSubmittedEvaluation" time="0.059" classname="teammates.test.cases.logic.LogicTest"/>
  <testcase name="testUpdateSubmissions" time="0.016" classname="teammates.test.cases.logic.LogicTest"/>
  <testcase name="testAll" time="0.741" classname="teammates.test.cases.logic.StudentsLogicTest"/>
  <testcase name="testCreationOfSubmissions" time="0.03" classname="teammates.test.cases.logic.SubmissionTaskQueueLogicTest"/>
  <testcase name="testSchedulingOfCreationOfSubmissions" time="2.009" classname="teammates.test.cases.logic.SubmissionTaskQueueLogicTest"/>
  <testcase name="testAdjustmentOfResponses" time="0.076" classname="teammates.test.cases.logic.SubmissionsAdjustmentTest"/>
  <testcase name="testEnrollStudentsWithScheduledSubmissionAdjustment" time="7.131" classname="teammates.test.cases.logic.SubmissionsAdjustmentTest"/>
  <testcase name="testAll" time="0.111" classname="teammates.test.cases.logic.SubmissionsLogicTest"/>
  <testcase name="testAverageColumns" time="0.007" classname="teammates.test.cases.logic.TeamEvalResultTest"/>
  <testcase name="testCalculatePerceivedForStudent" time="0.0" classname="teammates.test.cases.logic.TeamEvalResultTest"/>
  <testcase name="testCalculatePoints" time="0.177" classname="teammates.test.cases.logic.TeamEvalResultTest"/>
  <testcase name="testExcludeSelfRatings" time="0.0" classname="teammates.test.cases.logic.TeamEvalResultTest"/>
  <testcase name="testIsSanitized" time="0.0" classname="teammates.test.cases.logic.TeamEvalResultTest"/>
  <testcase name="testNormalizeValues" time="0.005" classname="teammates.test.cases.logic.TeamEvalResultTest"/>
  <testcase name="testPurgeValuesCorrespondingToSpecialValuesInFilter" time="0.0" classname="teammates.test.cases.logic.TeamEvalResultTest"/>
  <testcase name="testSum" time="0.0" classname="teammates.test.cases.logic.TeamEvalResultTest"/>
  <testcase name="testAdditionOfTaskToTaskQueue" time="41.336" classname="teammates.test.automated.FeedbackSessionPublishedReminderTest">
    <failure type="java.lang.AssertionError" message="expected:&amp;lt;3&amp;gt; but was:&amp;lt;2&amp;gt;">
      <![CDATA[java.lang.AssertionError: expected:<3> but was:<2>
	at teammates.test.automated.FeedbackSessionPublishedReminderTest.testAdditionOfTaskToTaskQueue(FeedbackSessionPublishedReminderTest.java:137)
	at java.util.concurrent.FutureTask.run(FutureTask.java:262)
	at java.util.concurrent.ThreadPoolExecutor.runWorker(ThreadPoolExecutor.java:1145)
	at java.util.concurrent.ThreadPoolExecutor$Worker.run(ThreadPoolExecutor.java:615)
	at java.lang.Thread.run(Thread.java:745)
... Removed 21 stack frames]]>
    </failure>
  </testcase> <!-- testAdditionOfTaskToTaskQueue -->
  <testcase name="testFeedbackSessionOpeningMailAction" time="1.243" classname="teammates.test.automated.FeedbackSessionPublishedReminderTest"/>
  <testcase name="testAdditionOfTaskToTaskQueue" time="2.251" classname="teammates.test.automated.EvaluationClosingReminderTest"/>
  <testcase name="testEvaluationClosingMailAction" time="0.014" classname="teammates.test.automated.EvaluationClosingReminderTest"/>
  <testcase name="testAdditionOfTaskToTaskQueue" time="2.192" classname="teammates.test.automated.EvaluationOpeningReminderTest"/>
  <testcase name="testEvaluationOpeningMailAction" time="1.05" classname="teammates.test.automated.EvaluationOpeningReminderTest"/>
  <testcase name="testAdditionOfTaskToTaskQueue" time="2.066" classname="teammates.test.automated.FeedbackSessionClosingReminderTest"/>
  <testcase name="testFeedbackSessionClosingMailAction" time="0.056" classname="teammates.test.automated.FeedbackSessionClosingReminderTest"/>
  <testcase name="testAdditionOfTaskToTaskQueue" time="2.033" classname="teammates.test.automated.FeedbackSessionOpeningReminderTest"/>
  <testcase name="testFeedbackSessionOpeningMailAction" time="1.048" classname="teammates.test.automated.FeedbackSessionOpeningReminderTest"/>
  <testcase name="testExecuteAndPostProcess" time="0.35" classname="teammates.test.cases.ui.InstructorCommentsPageActionTest"/>
  <testcase name="testAppendParameters" time="0.0" classname="teammates.test.cases.ui.ActionResultTest"/>
  <testcase name="testActivityLogEntryClass" time="0.127" classname="teammates.test.cases.ui.ActivityLogTest"/>
  <testcase name="testGetActionName" time="0.0" classname="teammates.test.cases.ui.ActivityLogTest"/>
  <testcase name="testExecuteAndPostProcess" time="0.019" classname="teammates.test.cases.ui.AdminAccountDeletePageActionTest"/>
  <testcase name="testExecuteAndPostProcess" time="0.075" classname="teammates.test.cases.ui.AdminAccountDetailsPageActionTest"/>
  <testcase name="testExecuteAndPostProcess" time="0.158" classname="teammates.test.cases.ui.AdminAccountManagementPageActionTest"/>
  <testcase name="testExecuteAndPostProcess" time="0.0" classname="teammates.test.cases.ui.AdminActivityLogPageActionTest"/>
  <testcase name="testExecuteAndPostProcess" time="0.0" classname="teammates.test.cases.ui.AdminExceptionTestActionTest"/>
  <testcase name="testExecuteAndPostProcess" time="0.004" classname="teammates.test.cases.ui.AdminHomePageActionTest"/>
  <testcase name="testExecuteAndPostProcess" time="5.643" classname="teammates.test.cases.ui.AdminInstructorAccountAddActionTest"/>
  <testcase name="testGenerateNextDemoCourseId" time="0.001" classname="teammates.test.cases.ui.AdminInstructorAccountAddActionTest"/>
  <testcase name="testExecuteAndPostProcess" time="0.0" classname="teammates.test.cases.ui.AdminSearchPageActionTest"/>
  <testcase name="AdminAccountDelete" time="0.021" classname="teammates.test.cases.ui.AllActionsAccessControlTest"/>
  <testcase name="AdminAccountDetailsPage" time="0.017" classname="teammates.test.cases.ui.AllActionsAccessControlTest"/>
  <testcase name="AdminAccountManagementPage" time="0.017" classname="teammates.test.cases.ui.AllActionsAccessControlTest"/>
  <testcase name="AdminActivityLogPage" time="0.11" classname="teammates.test.cases.ui.AllActionsAccessControlTest"/>
  <testcase name="AdminExceptionTest" time="0.028" classname="teammates.test.cases.ui.AllActionsAccessControlTest"/>
  <testcase name="AdminHomePage" time="0.028" classname="teammates.test.cases.ui.AllActionsAccessControlTest"/>
  <testcase name="AdminInstructorAccountAdd" time="0.026" classname="teammates.test.cases.ui.AllActionsAccessControlTest"/>
  <testcase name="AdminSearchPage" time="0.078" classname="teammates.test.cases.ui.AllActionsAccessControlTest"/>
  <testcase name="InstructorCommentsPage" time="0.213" classname="teammates.test.cases.ui.AllActionsAccessControlTest"/>
  <testcase name="InstructorCourseAdd" time="0.096" classname="teammates.test.cases.ui.AllActionsAccessControlTest"/>
  <testcase name="InstructorCourseArchive" time="0.07" classname="teammates.test.cases.ui.AllActionsAccessControlTest"/>
  <testcase name="InstructorCourseDelete" time="0.121" classname="teammates.test.cases.ui.AllActionsAccessControlTest"/>
  <testcase name="InstructorCourseDetailsPage" time="0.046" classname="teammates.test.cases.ui.AllActionsAccessControlTest"/>
  <testcase name="InstructorCourseEdit" time="0.04" classname="teammates.test.cases.ui.AllActionsAccessControlTest"/>
  <testcase name="InstructorCourseEnrollPage" time="0.036" classname="teammates.test.cases.ui.AllActionsAccessControlTest"/>
  <testcase name="InstructorCourseEnrollSave" time="0.032" classname="teammates.test.cases.ui.AllActionsAccessControlTest"/>
  <testcase name="InstructorCourseInstructorAdd" time="0.082" classname="teammates.test.cases.ui.AllActionsAccessControlTest"/>
  <testcase name="InstructorCourseInstructorDelete" time="0.075" classname="teammates.test.cases.ui.AllActionsAccessControlTest"/>
  <testcase name="InstructorCourseInstructorEditSave" time="0.143" classname="teammates.test.cases.ui.AllActionsAccessControlTest"/>
  <testcase name="InstructorCourseJoin" time="0.156" classname="teammates.test.cases.ui.AllActionsAccessControlTest"/>
  <testcase name="InstructorCourseJoinAuthenticated" time="0.092" classname="teammates.test.cases.ui.AllActionsAccessControlTest"/>
  <testcase name="InstructorCourseRemind" time="0.112" classname="teammates.test.cases.ui.AllActionsAccessControlTest"/>
  <testcase name="InstructorCourseStudentDelete" time="0.144" classname="teammates.test.cases.ui.AllActionsAccessControlTest"/>
  <testcase name="InstructorCourseStudentDetailsEdit" time="0.088" classname="teammates.test.cases.ui.AllActionsAccessControlTest"/>
  <testcase name="InstructorCourseStudentDetailsEditSave" time="0.404" classname="teammates.test.cases.ui.AllActionsAccessControlTest"/>
  <testcase name="InstructorCourseStudentDetailsPage" time="0.102" classname="teammates.test.cases.ui.AllActionsAccessControlTest"/>
  <testcase name="InstructorCourseStudentListDownload" time="0.079" classname="teammates.test.cases.ui.AllActionsAccessControlTest"/>
  <testcase name="InstructorCoursesPage" time="0.073" classname="teammates.test.cases.ui.AllActionsAccessControlTest"/>
  <testcase name="InstructorEvaluationAdd" time="0.124" classname="teammates.test.cases.ui.AllActionsAccessControlTest"/>
  <testcase name="InstructorEvaluationDelete" time="0.148" classname="teammates.test.cases.ui.AllActionsAccessControlTest"/>
  <testcase name="InstructorEvaluationEditPage" time="0.061" classname="teammates.test.cases.ui.AllActionsAccessControlTest"/>
  <testcase name="InstructorEvaluationEditSave" time="0.126" classname="teammates.test.cases.ui.AllActionsAccessControlTest"/>
  <testcase name="InstructorEvaluationPage" time="0.088" classname="teammates.test.cases.ui.AllActionsAccessControlTest"/>
  <testcase name="InstructorEvaluationPreview" time="0.128" classname="teammates.test.cases.ui.AllActionsAccessControlTest"/>
  <testcase name="InstructorEvaluationPublish" time="0.13" classname="teammates.test.cases.ui.AllActionsAccessControlTest"/>
  <testcase name="InstructorEvaluationRemind" time="0.09" classname="teammates.test.cases.ui.AllActionsAccessControlTest"/>
  <testcase name="InstructorEvaluationResultsDownload" time="0.151" classname="teammates.test.cases.ui.AllActionsAccessControlTest"/>
  <testcase name="InstructorEvaluationResultsPage" time="0.081" classname="teammates.test.cases.ui.AllActionsAccessControlTest"/>
  <testcase name="InstructorEvaluationStatsPage" time="0.179" classname="teammates.test.cases.ui.AllActionsAccessControlTest"/>
  <testcase name="InstructorEvaluationSubmissionEdit" time="0.092" classname="teammates.test.cases.ui.AllActionsAccessControlTest"/>
  <testcase name="InstructorEvaluationSubmissionEditSave" time="0.051" classname="teammates.test.cases.ui.AllActionsAccessControlTest"/>
  <testcase name="InstructorEvaluationSubmissionPage" time="0.171" classname="teammates.test.cases.ui.AllActionsAccessControlTest"/>
  <testcase name="InstructorEvaluationUnpublish" time="0.074" classname="teammates.test.cases.ui.AllActionsAccessControlTest"/>
  <testcase name="InstructorFeedbackAdd" time="0.07" classname="teammates.test.cases.ui.AllActionsAccessControlTest"/>
  <testcase name="InstructorFeedbackDelete" time="0.167" classname="teammates.test.cases.ui.AllActionsAccessControlTest"/>
  <testcase name="InstructorFeedbackEditPage" time="0.256" classname="teammates.test.cases.ui.AllActionsAccessControlTest"/>
  <testcase name="InstructorFeedbackEditSave" time="0.107" classname="teammates.test.cases.ui.AllActionsAccessControlTest"/>
  <testcase name="InstructorFeedbackPreviewAsInstructor" time="0.114" classname="teammates.test.cases.ui.AllActionsAccessControlTest"/>
  <testcase name="InstructorFeedbackPreviewAsStudent" time="0.066" classname="teammates.test.cases.ui.AllActionsAccessControlTest"/>
  <testcase name="InstructorFeedbackPublish" time="0.087" classname="teammates.test.cases.ui.AllActionsAccessControlTest"/>
  <testcase name="InstructorFeedbackQuestionAdd" time="0.68" classname="teammates.test.cases.ui.AllActionsAccessControlTest"/>
  <testcase name="InstructorFeedbackQuestionEdit" time="0.1" classname="teammates.test.cases.ui.AllActionsAccessControlTest"/>
  <testcase name="InstructorFeedbackQuestionSubmissionEdit" time="0.099" classname="teammates.test.cases.ui.AllActionsAccessControlTest"/>
  <testcase name="InstructorFeedbackQuestionSubmissionEditSave" time="0.067" classname="teammates.test.cases.ui.AllActionsAccessControlTest"/>
  <testcase name="InstructorFeedbackRemind" time="0.176" classname="teammates.test.cases.ui.AllActionsAccessControlTest"/>
  <testcase name="InstructorFeedbackResponseCommentAdd" time="0.206" classname="teammates.test.cases.ui.AllActionsAccessControlTest"/>
  <testcase name="InstructorFeedbackResponseCommentDelete" time="0.044" classname="teammates.test.cases.ui.AllActionsAccessControlTest"/>
  <testcase name="InstructorFeedbackResponseCommentEdit" time="0.076" classname="teammates.test.cases.ui.AllActionsAccessControlTest"/>
  <testcase name="InstructorFeedbackResultsDownload" time="0.084" classname="teammates.test.cases.ui.AllActionsAccessControlTest"/>
  <testcase name="InstructorFeedbackResultsPage" time="0.129" classname="teammates.test.cases.ui.AllActionsAccessControlTest"/>
  <testcase name="InstructorFeedbackStatsPage" time="0.081" classname="teammates.test.cases.ui.AllActionsAccessControlTest"/>
  <testcase name="InstructorFeedbackSubmissionEditPage" time="0.062" classname="teammates.test.cases.ui.AllActionsAccessControlTest"/>
  <testcase name="InstructorFeedbackSubmissionEditSave" time="0.104" classname="teammates.test.cases.ui.AllActionsAccessControlTest"/>
  <testcase name="InstructorFeedbackUnpublish" time="0.059" classname="teammates.test.cases.ui.AllActionsAccessControlTest"/>
  <testcase name="InstructorFeedbacksPage" time="0.053" classname="teammates.test.cases.ui.AllActionsAccessControlTest"/>
  <testcase name="InstructorHomePage" time="0.053" classname="teammates.test.cases.ui.AllActionsAccessControlTest"/>
  <testcase name="InstructorStudentCommentAdd" time="0.066" classname="teammates.test.cases.ui.AllActionsAccessControlTest"/>
  <testcase name="InstructorStudentCommentEdit" time="0.046" classname="teammates.test.cases.ui.AllActionsAccessControlTest"/>
  <testcase name="InstructorStudentListPage" time="0.028" classname="teammates.test.cases.ui.AllActionsAccessControlTest"/>
  <testcase name="InstructorStudentRecordsPage" time="0.11" classname="teammates.test.cases.ui.AllActionsAccessControlTest"/>
  <testcase name="StudentCommentsPage" time="0.067" classname="teammates.test.cases.ui.AllActionsAccessControlTest"/>
  <testcase name="StudentCourseDetailsPage" time="0.081" classname="teammates.test.cases.ui.AllActionsAccessControlTest"/>
  <testcase name="StudentCourseJoin" time="0.131" classname="teammates.test.cases.ui.AllActionsAccessControlTest"/>
  <testcase name="StudentCourseJoinAuthenticated" time="0.141" classname="teammates.test.cases.ui.AllActionsAccessControlTest"/>
  <testcase name="StudentCourseJoinLegacyLink" time="0.027" classname="teammates.test.cases.ui.AllActionsAccessControlTest"/>
  <testcase name="StudentEvaluationResultsPage" time="0.202" classname="teammates.test.cases.ui.AllActionsAccessControlTest"/>
  <testcase name="StudentEvaluationSubmissionEditPage" time="0.235" classname="teammates.test.cases.ui.AllActionsAccessControlTest"/>
  <testcase name="StudentEvaluationSubmissionEditSave" time="0.078" classname="teammates.test.cases.ui.AllActionsAccessControlTest"/>
  <testcase name="StudentFeedbackQuestionSubmissionEditPage" time="0.064" classname="teammates.test.cases.ui.AllActionsAccessControlTest"/>
  <testcase name="StudentFeedbackQuestionSubmissionEditSave" time="0.057" classname="teammates.test.cases.ui.AllActionsAccessControlTest"/>
  <testcase name="StudentFeedbackResultsPage" time="0.22" classname="teammates.test.cases.ui.AllActionsAccessControlTest"/>
  <testcase name="StudentFeedbackSubmissionEditPage" time="0.177" classname="teammates.test.cases.ui.AllActionsAccessControlTest"/>
  <testcase name="StudentFeedbackSubmissionEditSave" time="0.196" classname="teammates.test.cases.ui.AllActionsAccessControlTest"/>
  <testcase name="StudentHomePage" time="0.522" classname="teammates.test.cases.ui.AllActionsAccessControlTest"/>
  <testcase name="StudentProfileEditSave" time="0.023" classname="teammates.test.cases.ui.AllActionsAccessControlTest"/>
  <testcase name="StudentProfilePage" time="0.109" classname="teammates.test.cases.ui.AllActionsAccessControlTest"/>
  <testcase name="StudentProfilePictureEdit" time="0.13" classname="teammates.test.cases.ui.AllActionsAccessControlTest">
    <failure type="java.lang.NoClassDefFoundError" message="com/google/appengine/tools/cloudstorage/GcsFilename">
      <![CDATA[java.lang.NoClassDefFoundError: com/google/appengine/tools/cloudstorage/GcsFilename
	at teammates.ui.controller.StudentProfilePictureEditAction.execute(StudentProfilePictureEditAction.java:60)
	at teammates.ui.controller.Action.executeAndPostProcess(Action.java:312)
	at teammates.test.cases.ui.BaseActionTest.verifyCanAccess(BaseActionTest.java:635)
	at teammates.test.cases.ui.BaseActionTest.verifyAccessibleForStudents(BaseActionTest.java:352)
	at teammates.test.cases.ui.BaseActionTest.verifyAnyRegisteredUserCanAccess(BaseActionTest.java:252)
	at teammates.test.cases.ui.AllActionsAccessControlTest.StudentProfilePictureEdit(AllActionsAccessControlTest.java:1516)
	at java.util.concurrent.FutureTask.run(FutureTask.java:262)
	at java.util.concurrent.ThreadPoolExecutor.runWorker(ThreadPoolExecutor.java:1145)
	at java.util.concurrent.ThreadPoolExecutor$Worker.run(ThreadPoolExecutor.java:615)
	at java.lang.Thread.run(Thread.java:745)
Caused by: java.lang.ClassNotFoundException: com.google.appengine.tools.cloudstorage.GcsFilename
	at java.net.URLClassLoader$1.run(URLClassLoader.java:366)
	at java.net.URLClassLoader$1.run(URLClassLoader.java:355)
	at java.security.AccessController.doPrivileged(Native Method)
	at java.net.URLClassLoader.findClass(URLClassLoader.java:354)
	at java.lang.ClassLoader.loadClass(ClassLoader.java:425)
	at sun.misc.Launcher$AppClassLoader.loadClass(Launcher.java:308)
	at java.lang.ClassLoader.loadClass(ClassLoader.java:358)
	... 26 more
... Removed 16 stack frames]]>
    </failure>
  </testcase> <!-- StudentProfilePictureEdit -->
  <testcase name="testExecuteAndPostProcess" time="0.021" classname="teammates.test.cases.ui.EvaluationStatsPageActionTest"/>
  <testcase name="testExecuteAndPostProcess" time="0.018" classname="teammates.test.cases.ui.FeedbackSessionStatsPageActionTest"/>
  <testcase name="testExecute" time="0.764" classname="teammates.test.cases.ui.InstructorCourseAddActionTest"/>
  <testcase name="testExecuteAndPostProcess" time="0.108" classname="teammates.test.cases.ui.InstructorCourseArchiveActionTest"/>
  <testcase name="testExecuteAndPostProcess" time="0.893" classname="teammates.test.cases.ui.InstructorCourseDeleteActionTest"/>
  <testcase name="testExecuteAndPostProcess" time="0.105" classname="teammates.test.cases.ui.InstructorCourseDetailsPageActionTest"/>
  <testcase name="testExecuteAndPostProcess" time="0.089" classname="teammates.test.cases.ui.InstructorCourseEditPageActionTest"/>
  <testcase name="testExecuteAndPostProcess" time="0.088" classname="teammates.test.cases.ui.InstructorCourseEnrollPageActionTest"/>
  <testcase name="testExecuteAndPostProcess" time="0.339" classname="teammates.test.cases.ui.InstructorCourseEnrollSaveActionTest"/>
  <testcase name="testExecuteAndPostProcess" time="0.069" classname="teammates.test.cases.ui.InstructorCourseInstructorAddActionTest"/>
  <testcase name="testExecuteAndPostProcess" time="0.081" classname="teammates.test.cases.ui.InstructorCourseInstructorDeleteActionTest"/>
  <testcase name="testExecuteAndPostProcess" time="0.142" classname="teammates.test.cases.ui.InstructorCourseInstructorEditSaveActionTest"/>
  <testcase name="testExecuteAndPostProcess" time="0.052" classname="teammates.test.cases.ui.InstructorCourseJoinActionTest"/>
  <testcase name="testExecuteAndPostProcess" time="0.388" classname="teammates.test.cases.ui.InstructorCourseJoinAuthenticatedActionTest"/>
  <testcase name="testExecuteAndPostProcess" time="0.287" classname="teammates.test.cases.ui.InstructorCourseRemindActionTest"/>
  <testcase name="testExecuteAndPostProcess" time="0.225" classname="teammates.test.cases.ui.InstructorCourseStudentDeleteActionTest"/>
  <testcase name="testExecuteAndPostProcess" time="0.015" classname="teammates.test.cases.ui.InstructorCourseStudentDetailsEditPageActionTest"/>
  <testcase name="testExecuteAndPostProcess" time="0.684" classname="teammates.test.cases.ui.InstructorCourseStudentDetailsEditSaveActionTest"/>
  <testcase name="testExecuteAndPostProcess" time="0.014" classname="teammates.test.cases.ui.InstructorCourseStudentDetailsPageActionTest"/>
  <testcase name="testExecuteAndPostProcess" time="0.336" classname="teammates.test.cases.ui.InstructorCourseStudentListDownloadActionTest"/>
  <testcase name="testExecuteAndPostProcess" time="0.851" classname="teammates.test.cases.ui.InstructorCoursesPageActionTest"/>
  <testcase name="testExecuteAndPostProcess" time="0.0" classname="teammates.test.cases.ui.InstructorEvalAddActionTest"/>
  <testcase name="testExecuteAndPostProcess" time="0.0" classname="teammates.test.cases.ui.InstructorEvalDeleteActionTest"/>
  <testcase name="testExecuteAndPostProcess" time="0.011" classname="teammates.test.cases.ui.InstructorEvalEditPageActionTest"/>
  <testcase name="testExecuteAndPostProcess" time="0.0" classname="teammates.test.cases.ui.InstructorEvalEditSaveActionTest"/>
  <testcase name="testExecuteAndPostProcess" time="0.0" classname="teammates.test.cases.ui.InstructorEvalPreviewActionTest"/>
  <testcase name="testExecuteAndPostProcess" time="0.0" classname="teammates.test.cases.ui.InstructorEvalPublishActionTest"/>
  <testcase name="testExecuteAndPostProcess" time="0.0" classname="teammates.test.cases.ui.InstructorEvalRemindActionTest"/>
  <testcase name="testExecuteAndPostProcess" time="0.0" classname="teammates.test.cases.ui.InstructorEvalResultsDownloadActionTest"/>
  <testcase name="testExecuteAndPostProcess" time="0.0" classname="teammates.test.cases.ui.InstructorEvalResultsPageActionTest"/>
  <testcase name="testExecuteAndPostProcess" time="0.0" classname="teammates.test.cases.ui.InstructorEvalSubmissionEditPageActionTest"/>
  <testcase name="testExecuteAndPostProcess" time="0.0" classname="teammates.test.cases.ui.InstructorEvalSubmissionEditSaveActionTest"/>
  <testcase name="testExecuteAndPostProcess" time="0.0" classname="teammates.test.cases.ui.InstructorEvalSubmissionPageActionTest"/>
  <testcase name="testExecuteAndPostProcess" time="0.0" classname="teammates.test.cases.ui.InstructorEvalUnpublishActionTest"/>
  <testcase name="testGetTimeOptions" time="0.06" classname="teammates.test.cases.ui.InstructorEvalsPageDataTest"/>
  <testcase name="testExecuteAndPostProcess" time="0.557" classname="teammates.test.cases.ui.InstructorFeedbackAddActionTest"/>
  <testcase name="testAccessControl" time="0.131" classname="teammates.test.cases.ui.InstructorFeedbackCopyActionTest"/>
  <testcase name="testExecuteAndPostProcess" time="0.16" classname="teammates.test.cases.ui.InstructorFeedbackCopyActionTest"/>
  <testcase name="testExecuteAndPostProcess" time="0.242" classname="teammates.test.cases.ui.InstructorFeedbackDeleteActionTest"/>
  <testcase name="testExecuteAndPostProcess" time="0.038" classname="teammates.test.cases.ui.InstructorFeedbackEditPageActionTest"/>
  <testcase name="testExecuteAndPostProcess" time="0.316" classname="teammates.test.cases.ui.InstructorFeedbackEditSaveActionTest"/>
  <testcase name="testExecuteAndPostProcess" time="0.049" classname="teammates.test.cases.ui.InstructorFeedbackPreviewAsInstructorActionTest"/>
  <testcase name="testExecuteAndPostProcess" time="0.023" classname="teammates.test.cases.ui.InstructorFeedbackPreviewAsStudentActionTest"/>
  <testcase name="testExecuteAndPostProcess" time="0.043" classname="teammates.test.cases.ui.InstructorFeedbackPublishActionTest"/>
  <testcase name="testExecuteAndPostProcess" time="0.542" classname="teammates.test.cases.ui.InstructorFeedbackQuestionAddActionTest"/>
  <testcase name="testExecuteAndPostProcessConstSumOption" time="0.258" classname="teammates.test.cases.ui.InstructorFeedbackQuestionAddActionTest"/>
  <testcase name="testExecuteAndPostProcessConstSumRecipient" time="0.106" classname="teammates.test.cases.ui.InstructorFeedbackQuestionAddActionTest"/>
  <testcase name="testExecuteAndPostProcessContributionQuestion" time="0.121" classname="teammates.test.cases.ui.InstructorFeedbackQuestionAddActionTest"/>
  <testcase name="testExecuteAndPostProcessMcq" time="0.258" classname="teammates.test.cases.ui.InstructorFeedbackQuestionAddActionTest"/>
  <testcase name="testExecuteAndPostProcessMsq" time="0.281" classname="teammates.test.cases.ui.InstructorFeedbackQuestionAddActionTest"/>
  <testcase name="testExecuteAndPostProcessNumScale" time="0.187" classname="teammates.test.cases.ui.InstructorFeedbackQuestionAddActionTest"/>
  <testcase name="testAccessControl" time="0.033" classname="teammates.test.cases.ui.InstructorFeedbackQuestionCopyActionTest"/>
  <testcase name="testExecuteAndPostProcess" time="0.063" classname="teammates.test.cases.ui.InstructorFeedbackQuestionCopyActionTest"/>
  <testcase name="testExecuteAndPostProcess" time="0.177" classname="teammates.test.cases.ui.InstructorFeedbackQuestionEditActionTest"/>
  <testcase name="testExecuteAndPostProcessConstSumOption" time="0.664" classname="teammates.test.cases.ui.InstructorFeedbackQuestionEditActionTest"/>
  <testcase name="testExecuteAndPostProcessConstSumRecipient" time="0.924" classname="teammates.test.cases.ui.InstructorFeedbackQuestionEditActionTest"/>
  <testcase name="testExecuteAndPostProcessContributionQuestion" time="0.957" classname="teammates.test.cases.ui.InstructorFeedbackQuestionEditActionTest"/>
  <testcase name="testExecuteAndPostProcessMcq" time="0.953" classname="teammates.test.cases.ui.InstructorFeedbackQuestionEditActionTest"/>
  <testcase name="testExecuteAndPostProcessMsq" time="0.994" classname="teammates.test.cases.ui.InstructorFeedbackQuestionEditActionTest"/>
  <testcase name="testExecuteAndPostProcessNumScale" time="1.016" classname="teammates.test.cases.ui.InstructorFeedbackQuestionEditActionTest"/>
  <testcase name="testExecuteAndPostProcess" time="0.066" classname="teammates.test.cases.ui.InstructorFeedbackQuestionSubmissionEditPageActionTest"/>
  <testcase name="testExecuteAndPostProcess" time="0.357" classname="teammates.test.cases.ui.InstructorFeedbackQuestionSubmissionEditSaveActionTest"/>
  <testcase name="testExecuteAndPostProcess" time="0.0" classname="teammates.test.cases.ui.InstructorFeedbackRemindActionTest"/>
  <testcase name="testExcecuteAndPostProcess" time="0.036" classname="teammates.test.cases.ui.InstructorFeedbackResponseCommentAddActionTest"/>
  <testcase name="testExcecuteAndPostProcess" time="0.022" classname="teammates.test.cases.ui.InstructorFeedbackResponseCommentDeleteActionTest"/>
  <testcase name="testExcecuteAndPostProcess" time="0.036" classname="teammates.test.cases.ui.InstructorFeedbackResponseCommentEditActionTest"/>
  <testcase name="testExecuteAndPostProcess" time="0.036" classname="teammates.test.cases.ui.InstructorFeedbackResultsDownloadActionTest"/>
  <testcase name="testExecuteAndPostProcess" time="0.139" classname="teammates.test.cases.ui.InstructorFeedbackResultsPageActionTest"/>
  <testcase name="testExecuteAndPostProcess" time="0.068" classname="teammates.test.cases.ui.InstructorFeedbackSubmissionEditPageActionTest"/>
  <testcase name="testExecuteAndPostProcess" time="1.553" classname="teammates.test.cases.ui.InstructorFeedbackSubmissionEditSaveActionTest"/>
  <testcase name="testGracePeriodExecuteAndPostProcess" time="0.076" classname="teammates.test.cases.ui.InstructorFeedbackSubmissionEditSaveActionTest"/>
  <testcase name="testExecuteAndPostProcess" time="0.059" classname="teammates.test.cases.ui.InstructorFeedbackUnpublishActionTest"/>
  <testcase name="testExecuteAndPostProcess" time="1.056" classname="teammates.test.cases.ui.InstructorFeedbacksPageActionTest"/>
  <testcase name="testExecuteAndPostProcess" time="0.173" classname="teammates.test.cases.ui.InstructorHomePageActionTest"/>
  <testcase name="testExecuteAndPostProcess" time="0.028" classname="teammates.test.cases.ui.InstructorStudentCommentAddActionTest"/>
  <testcase name="testExecuteAndPostProcess" time="0.109" classname="teammates.test.cases.ui.InstructorStudentCommentEditActionTest"/>
  <testcase name="testExecuteAndPostProcess" time="0.042" classname="teammates.test.cases.ui.InstructorStudentListAjaxPageActionTest"/>
  <testcase name="testExecuteAndPostProcess" time="0.012" classname="teammates.test.cases.ui.InstructorStudentListPageActionTest"/>
  <testcase name="testExecuteAndPostProcess" time="0.176" classname="teammates.test.cases.ui.InstructorStudentRecordsPageActionTest"/>
  <testcase name="testExecuteAndPostProcess" time="0.1" classname="teammates.test.cases.ui.StudentCommentsPageActionTest"/>
  <testcase name="testExecuteAndPostProcess" time="0.024" classname="teammates.test.cases.ui.StudentCourseDetailsPageActionTest"/>
  <testcase name="testExecuteAndPostProcess" time="0.07" classname="teammates.test.cases.ui.StudentCourseJoinActionTest"/>
  <testcase name="testExecuteAndPostProcess" time="0.073" classname="teammates.test.cases.ui.StudentCourseJoinAuthenticatedActionTest"/>
  <testcase name="testExecuteAndPostProcess" time="0.087" classname="teammates.test.cases.ui.StudentEvalResultsPageActionTest"/>
  <testcase name="testExecuteAndPostProcess" time="0.179" classname="teammates.test.cases.ui.StudentEvalSubmissionEditPageActionTest"/>
  <testcase name="testExecuteAndPostProcess" time="0.166" classname="teammates.test.cases.ui.StudentEvalSubmissionEditSaveActionTest"/>
  <testcase name="testValidation" time="0.078" classname="teammates.test.cases.ui.StudentEvalSubmissionEditSaveActionTest"/>
  <testcase name="testExecuteAndPostProcess" time="0.396" classname="teammates.test.cases.ui.StudentFeedbackQuestionSubmissionEditPageActionTest"/>
  <testcase name="testExecuteAndPostProcess" time="0.596" classname="teammates.test.cases.ui.StudentFeedbackQuestionSubmissionEditSaveActionTest"/>
  <testcase name="testExecuteAndPostProcess" time="4.421" classname="teammates.test.cases.ui.StudentFeedbackResultsPageActionTest"/>
  <testcase name="testExecuteAndPostProcess" time="4.265" classname="teammates.test.cases.ui.StudentFeedbackSubmissionEditPageActionTest"/>
  <testcase name="testExecuteAndPostProcess" time="4.222" classname="teammates.test.cases.ui.StudentFeedbackSubmissionEditSaveActionTest"/>
  <testcase name="testGracePeriodExecuteAndPostProcess" time="0.137" classname="teammates.test.cases.ui.StudentFeedbackSubmissionEditSaveActionTest"/>
  <testcase name="testExecuteAndPostProcess" time="0.795" classname="teammates.test.cases.ui.StudentHomePageActionTest"/>
  <testcase name="testExecuteAndPostProcess" time="0.043" classname="teammates.test.cases.ui.StudentProfileEditSaveActionTest"/>
  <testcase name="testExecuteAndPostProcess" time="0.009" classname="teammates.test.cases.ui.StudentProfilePageActionTest"/>
  <testcase name="testExecuteAndPostProcess" time="0.068" classname="teammates.test.cases.ui.StudentProfilePictureEditActionTest">
    <failure type="java.lang.NoClassDefFoundError" message="com/google/appengine/tools/cloudstorage/GcsFilename">
      <![CDATA[java.lang.NoClassDefFoundError: com/google/appengine/tools/cloudstorage/GcsFilename
	at teammates.ui.controller.StudentProfilePictureEditAction.execute(StudentProfilePictureEditAction.java:60)
	at teammates.ui.controller.Action.executeAndPostProcess(Action.java:312)
	at teammates.test.cases.ui.StudentProfilePictureEditActionTest.testExecuteAndPostProcess(StudentProfilePictureEditActionTest.java:100)
	at java.util.concurrent.FutureTask.run(FutureTask.java:262)
	at java.util.concurrent.ThreadPoolExecutor.runWorker(ThreadPoolExecutor.java:1145)
	at java.util.concurrent.ThreadPoolExecutor$Worker.run(ThreadPoolExecutor.java:615)
	at java.lang.Thread.run(Thread.java:745)
... Removed 16 stack frames]]>
    </failure>
  </testcase> <!-- testExecuteAndPostProcess -->
</testsuite> <!-- component-tests -->
