<?xml version="1.0" encoding="UTF-8"?>
<!-- Generated by org.testng.reporters.JUnitXMLReporter -->
<testsuite hostname="soccf-tr5-001" name="occasional-tests" tests="13" failures="1" timestamp="6 Aug 2014 03:00:52 GMT" time="287.117" errors="0">
  <testcase name="executeJsTests" time="7.913" classname="teammates.test.cases.ui.browsertests.AllJsTests">
    <failure type="java.lang.AssertionError">
      <![CDATA[java.lang.AssertionError: 
	at teammates.test.cases.ui.browsertests.AllJsTests.executeJsTests(AllJsTests.java:47)
	at java.util.concurrent.ThreadPoolExecutor.runWorker(ThreadPoolExecutor.java:1145)
	at java.util.concurrent.ThreadPoolExecutor$Worker.run(ThreadPoolExecutor.java:615)
	at java.lang.Thread.run(Thread.java:745)
... Removed 13 stack frames]]>
    </failure>
  </testcase> <!-- executeJsTests -->
  <testcase name="loadWebpageCompilation" time="52.849" classname="teammates.test.cases.ui.browsertests.MashupPageUiTest"/>
  <testcase name="testStableSort" time="0.846" classname="teammates.test.cases.ui.browsertests.TableSortTest"/>
  <testcase name="testTableSortingDate" time="0.454" classname="teammates.test.cases.ui.browsertests.TableSortTest"/>
  <testcase name="testTableSortingDiff" time="0.369" classname="teammates.test.cases.ui.browsertests.TableSortTest"/>
  <testcase name="testTableSortingID" time="3.097" classname="teammates.test.cases.ui.browsertests.TableSortTest"/>
  <testcase name="testTableSortingName" time="0.519" classname="teammates.test.cases.ui.browsertests.TableSortTest"/>
  <testcase name="testTableSortingPoint" time="0.406" classname="teammates.test.cases.ui.browsertests.TableSortTest"/>
  <testcase name="testAssertionError" time="2.901" classname="teammates.test.cases.ui.browsertests.SystemErrorEmailReportTest"/>
  <testcase name="testDeadlineExceededException" time="2.189" classname="teammates.test.cases.ui.browsertests.SystemErrorEmailReportTest"/>
  <testcase name="testEntityDoesNotExistException" time="2.838" classname="teammates.test.cases.ui.browsertests.SystemErrorEmailReportTest"/>
  <testcase name="testNullPointerException" time="2.334" classname="teammates.test.cases.ui.browsertests.SystemErrorEmailReportTest"/>
  <testcase name="testUnauthorizedAccessException" time="4.251" classname="teammates.test.cases.ui.browsertests.SystemErrorEmailReportTest"/>
</testsuite> <!-- occasional-tests -->
