<?xml version="1.0" encoding="UTF-8"?>
<!-- Generated by org.testng.reporters.JUnitXMLReporter -->
<testsuite hostname="soccf-tr5-001" name="parallel-ui-tests(failed)(failed)" tests="2" failures="2" timestamp="8 Oct 2014 15:29:56 GMT" time="176.19" errors="0">
  <testcase name="testAll" time="20.876" classname="teammates.test.cases.ui.browsertests.AdminHomePageUiTest">
    <failure type="java.lang.AssertionError" message="expected:&amp;lt;Instructor AHPUiT Instrúctör has been successfully created with join link:
http://teammates-john.appspot.com/page/instructorCourseJoin?key=3B9ECA0DC2C52172BED1847E27CF89B8BFD7CCECBA179277AB28CC43F8D0411FFCE15511CC2DB44E6FD7F5B1CC957DD109A7088A24A263C10597A7F216F6F7D0&amp;amp;instructorinstitution=TEAMMATES+Test+Institute+1&amp;gt; but was:&amp;lt;null&amp;gt;">
      <![CDATA[java.lang.AssertionError: expected:<Instructor AHPUiT Instrúctör has been successfully created with join link:
http://teammates-john.appspot.com/page/instructorCourseJoin?key=3B9ECA0DC2C52172BED1847E27CF89B8BFD7CCECBA179277AB28CC43F8D0411FFCE15511CC2DB44E6FD7F5B1CC957DD109A7088A24A263C10597A7F216F6F7D0&instructorinstitution=TEAMMATES+Test+Institute+1> but was:<null>
	at teammates.test.pageobjects.AppPage.verifyStatus(AppPage.java:926)
	at teammates.test.cases.ui.browsertests.AdminHomePageUiTest.testCreateInstructorAction(AdminHomePageUiTest.java:110)
	at teammates.test.cases.ui.browsertests.AdminHomePageUiTest.testAll(AdminHomePageUiTest.java:72)
	at java.util.concurrent.ThreadPoolExecutor.runWorker(ThreadPoolExecutor.java:1145)
	at java.util.concurrent.ThreadPoolExecutor$Worker.run(ThreadPoolExecutor.java:615)
	at java.lang.Thread.run(Thread.java:745)
... Removed 12 stack frames]]>
    </failure>
  </testcase> <!-- testAll -->
  <testcase name="testAll" time="160.321" classname="teammates.test.cases.ui.browsertests.InstructorFeedbackResultsPageUiTest">
    <failure type="java.lang.AssertionError" message="expected:&amp;lt;true&amp;gt; but was:&amp;lt;false&amp;gt;">
      <![CDATA[java.lang.AssertionError: expected:<true> but was:<false>
	at teammates.test.cases.ui.browsertests.InstructorFeedbackResultsPageUiTest.testDownloadAction(InstructorFeedbackResultsPageUiTest.java:429)
	at teammates.test.cases.ui.browsertests.InstructorFeedbackResultsPageUiTest.testAll(InstructorFeedbackResultsPageUiTest.java:58)
	at java.util.concurrent.ThreadPoolExecutor.runWorker(ThreadPoolExecutor.java:1145)
	at java.util.concurrent.ThreadPoolExecutor$Worker.run(ThreadPoolExecutor.java:615)
	at java.lang.Thread.run(Thread.java:745)
... Removed 15 stack frames]]>
    </failure>
  </testcase> <!-- testAll -->
</testsuite> <!-- parallel-ui-tests(failed)(failed) -->
