<?xml version="1.0" encoding="UTF-8"?>
<!-- Generated by org.testng.reporters.JUnitXMLReporter -->
<testsuite hostname="soccf-tr5-001" name="sequential-ui-tests(failed)(failed)" tests="1" failures="1" timestamp="6 Aug 2014 08:38:33 GMT" time="37.308" errors="0">
  <testcase name="allTests" time="13.17" classname="teammates.test.cases.ui.browsertests.InstructorCommentsPageUiTest">
    <failure type="java.lang.AssertionError">
      <![CDATA[java.lang.AssertionError: 
	at teammates.test.cases.ui.browsertests.InstructorCommentsPageUiTest.testScripts(InstructorCommentsPageUiTest.java:90)
	at teammates.test.cases.ui.browsertests.InstructorCommentsPageUiTest.allTests(InstructorCommentsPageUiTest.java:39)
	at java.util.concurrent.FutureTask.run(FutureTask.java:262)
	at java.util.concurrent.ThreadPoolExecutor.runWorker(ThreadPoolExecutor.java:1145)
	at java.util.concurrent.ThreadPoolExecutor$Worker.run(ThreadPoolExecutor.java:615)
	at java.lang.Thread.run(Thread.java:745)
... Removed 19 stack frames]]>
    </failure>
  </testcase> <!-- allTests -->
</testsuite> <!-- sequential-ui-tests(failed)(failed) -->
