<!DOCTYPE html PUBLIC "-//W3C//DTD XHTML 1.1//EN" "http://www.w3.org/TR/xhtml11/DTD/xhtml11.dtd">
<html xmlns="http://www.w3.org/1999/xhtml"><head><title>TestNG Report</title><style type="text/css">table {margin-bottom:10px;border-collapse:collapse;empty-cells:show}th,td {border:1px solid #009;padding:.25em .5em}th {vertical-align:bottom}td {vertical-align:top}table a {font-weight:bold}.stripe td {background-color: #E6EBF9}.num {text-align:right}.passedodd td {background-color: #3F3}.passedeven td {background-color: #0A0}.skippedodd td {background-color: #DDD}.skippedeven td {background-color: #CCC}.failedodd td,.attn {background-color: #F33}.failedeven td,.stripe .attn {background-color: #D00}.stacktrace {white-space:pre;font-family:monospace}.totop {font-size:85%;text-align:center;border-bottom:2px solid #000}</style></head><body><table><tr><th>Test</th><th># Passed</th><th># Skipped</th><th># Failed</th><th>Time (ms)</th><th>Included Groups</th><th>Excluded Groups</th></tr><tr><th colspan="7">Failed suite [Failed suite [Failed suite [Failed suite [Failed suite [all-tests-in-parallel]]]]]</th></tr><tr><td><a href="#t0">parallel-ui-tests(failed)(failed)(failed)(failed)(failed)</a></td><td class="num">0</td><td class="num">0</td><td class="num attn">3</td><td class="num">117,630</td><td></td><td></td></tr></table><table><thead><tr><th>Class</th><th>Method</th><th>Start</th><th>Time (ms)</th></tr></thead><tbody><tr><th colspan="4">Failed suite [Failed suite [Failed suite [Failed suite [Failed suite [all-tests-in-parallel]]]]]</th></tr></tbody><tbody id="t0"><tr><th colspan="4">parallel-ui-tests(failed)(failed)(failed)(failed)(failed) &#8212; failed</th></tr><tr class="failedeven"><td rowspan="1">teammates.test.cases.ui.browsertests.InstructorFeedbackEditPageUiTest</td><td><a href="#m0">allTests</a></td><td rowspan="1">1407314617191</td><td rowspan="1">107816</td></tr><tr class="failedodd"><td rowspan="1">teammates.test.cases.ui.browsertests.InstructorFeedbackSubmitPageUiTest</td><td><a href="#m1">testAll</a></td><td rowspan="1">1407314632795</td><td rowspan="1">34102</td></tr><tr class="failedeven"><td rowspan="1">teammates.test.cases.ui.browsertests.StudentFeedbackSubmitPageUiTest</td><td><a href="#m2">testAll</a></td><td rowspan="1">1407314624400</td><td rowspan="1">33340</td></tr></tbody></table><h2>parallel-ui-tests(failed)(failed)(failed)(failed)(failed)</h2><h3 id="m0">teammates.test.cases.ui.browsertests.InstructorFeedbackEditPageUiTest#allTests</h3><table class="result"><tr><th>Exception</th></tr><tr><td><div class="stacktrace">java.lang.AssertionError: expected:&lt;[The interval 1 - 5 is not divisible by the specified increment.]&gt; but was:&lt;[Please enter valid numbers for all the options.]&gt;
	at teammates.test.cases.ui.browsertests.InstructorFeedbackEditPageUiTest.testInputValidationForNumScaleQuestion(InstructorFeedbackEditPageUiTest.java:627)
	at teammates.test.cases.ui.browsertests.InstructorFeedbackEditPageUiTest.allTests(InstructorFeedbackEditPageUiTest.java:105)
	at java.util.concurrent.ThreadPoolExecutor.runWorker(ThreadPoolExecutor.java:1145)
	at java.util.concurrent.ThreadPoolExecutor$Worker.run(ThreadPoolExecutor.java:615)
	at java.lang.Thread.run(Thread.java:745)
... Removed 12 stack frames</div></td></tr></table><p class="totop"><a href="#summary">back to summary</a></p><h3 id="m1">teammates.test.cases.ui.browsertests.InstructorFeedbackSubmitPageUiTest#testAll</h3><table class="result"><tr><th>Exception</th></tr><tr><td><div class="stacktrace">java.lang.AssertionError: 
	at teammates.test.cases.ui.browsertests.InstructorFeedbackSubmitPageUiTest.testSubmitAction(InstructorFeedbackSubmitPageUiTest.java:188)
	at teammates.test.cases.ui.browsertests.InstructorFeedbackSubmitPageUiTest.testAll(InstructorFeedbackSubmitPageUiTest.java:51)
	at java.util.concurrent.ThreadPoolExecutor.runWorker(ThreadPoolExecutor.java:1145)
	at java.util.concurrent.ThreadPoolExecutor$Worker.run(ThreadPoolExecutor.java:615)
	at java.lang.Thread.run(Thread.java:745)
... Removed 14 stack frames</div></td></tr></table><p class="totop"><a href="#summary">back to summary</a></p><h3 id="m2">teammates.test.cases.ui.browsertests.StudentFeedbackSubmitPageUiTest#testAll</h3><table class="result"><tr><th>Exception</th></tr><tr><td><div class="stacktrace">java.lang.AssertionError: 
	at teammates.test.cases.ui.browsertests.StudentFeedbackSubmitPageUiTest.testSubmitAction(StudentFeedbackSubmitPageUiTest.java:207)
	at teammates.test.cases.ui.browsertests.StudentFeedbackSubmitPageUiTest.testAll(StudentFeedbackSubmitPageUiTest.java:56)
	at java.util.concurrent.ThreadPoolExecutor.runWorker(ThreadPoolExecutor.java:1145)
	at java.util.concurrent.ThreadPoolExecutor$Worker.run(ThreadPoolExecutor.java:615)
	at java.lang.Thread.run(Thread.java:745)
... Removed 14 stack frames</div></td></tr></table><p class="totop"><a href="#summary">back to summary</a></p></body></html>