<?xml version="1.0" encoding="UTF-8"?>
<testng-results skipped="0" failed="3" total="3" passed="0">
  <reporter-output>
  </reporter-output>
  <suite name="Failed suite [Failed suite [Failed suite [Failed suite [Failed suite [all-tests-in-parallel]]]]]" duration-ms="107475" started-at="2014-08-07T06:57:13Z" finished-at="2014-08-07T06:59:00Z">
    <groups>
    </groups>
    <test name="parallel-ui-tests(failed)(failed)(failed)(failed)(failed)" duration-ms="107475" started-at="2014-08-07T06:57:13Z" finished-at="2014-08-07T06:59:00Z">
      <class name="teammates.test.cases.ui.browsertests.InstructorFeedbackEditPageUiTest">
        <test-method status="PASS" signature="classSetup()[pri:0, instance:teammates.test.cases.ui.browsertests.InstructorFeedbackEditPageUiTest@fa6240]" name="classSetup" is-config="true" duration-ms="10273" started-at="2014-08-07T06:57:13Z" finished-at="2014-08-07T06:57:24Z">
          <reporter-output>
          </reporter-output>
        </test-method> <!-- classSetup -->
        <test-method status="FAIL" signature="allTests()[pri:0, instance:teammates.test.cases.ui.browsertests.InstructorFeedbackEditPageUiTest@fa6240]" name="allTests" duration-ms="96318" started-at="2014-08-07T06:57:24Z" finished-at="2014-08-07T06:59:00Z">
          <exception class="java.lang.AssertionError">
            <message>
              <![CDATA[expected:<[The interval 1 - 5 is not divisible by the specified increment.]> but was:<[Please enter valid numbers for all the options.]>]]>
            </message>
            <full-stacktrace>
              <![CDATA[java.lang.AssertionError: expected:<[The interval 1 - 5 is not divisible by the specified increment.]> but was:<[Please enter valid numbers for all the options.]>
	at org.testng.AssertJUnit.assertEquals(AssertJUnit.java:101)
	at org.testng.AssertJUnit.assertEquals(AssertJUnit.java:108)
	at teammates.test.cases.ui.browsertests.InstructorFeedbackEditPageUiTest.testInputValidationForNumScaleQuestion(InstructorFeedbackEditPageUiTest.java:627)
	at teammates.test.cases.ui.browsertests.InstructorFeedbackEditPageUiTest.allTests(InstructorFeedbackEditPageUiTest.java:105)
	at sun.reflect.NativeMethodAccessorImpl.invoke0(Native Method)
	at sun.reflect.NativeMethodAccessorImpl.invoke(NativeMethodAccessorImpl.java:57)
	at sun.reflect.DelegatingMethodAccessorImpl.invoke(DelegatingMethodAccessorImpl.java:43)
	at java.lang.reflect.Method.invoke(Method.java:606)
	at org.testng.internal.MethodInvocationHelper.invokeMethod(MethodInvocationHelper.java:84)
	at org.testng.internal.Invoker.invokeMethod(Invoker.java:714)
	at org.testng.internal.Invoker.invokeTestMethod(Invoker.java:901)
	at org.testng.internal.Invoker.invokeTestMethods(Invoker.java:1231)
	at org.testng.internal.TestMethodWorker.invokeTestMethods(TestMethodWorker.java:127)
	at org.testng.internal.TestMethodWorker.run(TestMethodWorker.java:111)
	at java.util.concurrent.ThreadPoolExecutor.runWorker(ThreadPoolExecutor.java:1145)
	at java.util.concurrent.ThreadPoolExecutor$Worker.run(ThreadPoolExecutor.java:615)
	at java.lang.Thread.run(Thread.java:745)
]]>
            </full-stacktrace>
          </exception> <!-- java.lang.AssertionError -->
          <reporter-output>
          </reporter-output>
        </test-method> <!-- allTests -->
        <test-method status="PASS" signature="classTearDown()[pri:0, instance:teammates.test.cases.ui.browsertests.InstructorFeedbackEditPageUiTest@fa6240]" name="classTearDown" is-config="true" duration-ms="0" started-at="2014-08-07T06:59:00Z" finished-at="2014-08-07T06:59:00Z">
          <reporter-output>
          </reporter-output>
        </test-method> <!-- classTearDown -->
      </class> <!-- teammates.test.cases.ui.browsertests.InstructorFeedbackEditPageUiTest -->
      <class name="teammates.test.cases.ui.browsertests.InstructorFeedbackSubmitPageUiTest">
        <test-method status="PASS" signature="classSetup()[pri:0, instance:teammates.test.cases.ui.browsertests.InstructorFeedbackSubmitPageUiTest@18f794f]" name="classSetup" is-config="true" duration-ms="17690" started-at="2014-08-07T06:57:13Z" finished-at="2014-08-07T06:57:31Z">
          <reporter-output>
          </reporter-output>
        </test-method> <!-- classSetup -->
        <test-method status="FAIL" signature="testAll()[pri:0, instance:teammates.test.cases.ui.browsertests.InstructorFeedbackSubmitPageUiTest@18f794f]" name="testAll" duration-ms="33080" started-at="2014-08-07T06:57:31Z" finished-at="2014-08-07T06:58:04Z">
          <exception class="java.lang.AssertionError">
            <full-stacktrace>
              <![CDATA[java.lang.AssertionError: 
	at org.testng.AssertJUnit.fail(AssertJUnit.java:59)
	at org.testng.AssertJUnit.assertTrue(AssertJUnit.java:24)
	at org.testng.AssertJUnit.assertNotNull(AssertJUnit.java:267)
	at org.testng.AssertJUnit.assertNotNull(AssertJUnit.java:259)
	at teammates.test.cases.ui.browsertests.InstructorFeedbackSubmitPageUiTest.testSubmitAction(InstructorFeedbackSubmitPageUiTest.java:188)
	at teammates.test.cases.ui.browsertests.InstructorFeedbackSubmitPageUiTest.testAll(InstructorFeedbackSubmitPageUiTest.java:51)
	at sun.reflect.NativeMethodAccessorImpl.invoke0(Native Method)
	at sun.reflect.NativeMethodAccessorImpl.invoke(NativeMethodAccessorImpl.java:57)
	at sun.reflect.DelegatingMethodAccessorImpl.invoke(DelegatingMethodAccessorImpl.java:43)
	at java.lang.reflect.Method.invoke(Method.java:606)
	at org.testng.internal.MethodInvocationHelper.invokeMethod(MethodInvocationHelper.java:84)
	at org.testng.internal.Invoker.invokeMethod(Invoker.java:714)
	at org.testng.internal.Invoker.invokeTestMethod(Invoker.java:901)
	at org.testng.internal.Invoker.invokeTestMethods(Invoker.java:1231)
	at org.testng.internal.TestMethodWorker.invokeTestMethods(TestMethodWorker.java:127)
	at org.testng.internal.TestMethodWorker.run(TestMethodWorker.java:111)
	at java.util.concurrent.ThreadPoolExecutor.runWorker(ThreadPoolExecutor.java:1145)
	at java.util.concurrent.ThreadPoolExecutor$Worker.run(ThreadPoolExecutor.java:615)
	at java.lang.Thread.run(Thread.java:745)
]]>
            </full-stacktrace>
          </exception> <!-- java.lang.AssertionError -->
          <reporter-output>
          </reporter-output>
        </test-method> <!-- testAll -->
        <test-method status="PASS" signature="classTearDown()[pri:0, instance:teammates.test.cases.ui.browsertests.InstructorFeedbackSubmitPageUiTest@18f794f]" name="classTearDown" is-config="true" duration-ms="0" started-at="2014-08-07T06:58:04Z" finished-at="2014-08-07T06:58:04Z">
          <reporter-output>
          </reporter-output>
        </test-method> <!-- classTearDown -->
      </class> <!-- teammates.test.cases.ui.browsertests.InstructorFeedbackSubmitPageUiTest -->
      <class name="teammates.test.cases.ui.browsertests.StudentFeedbackSubmitPageUiTest">
        <test-method status="PASS" signature="classSetup()[pri:0, instance:teammates.test.cases.ui.browsertests.StudentFeedbackSubmitPageUiTest@c7eb9d]" name="classSetup" is-config="true" duration-ms="25925" started-at="2014-08-07T06:57:13Z" finished-at="2014-08-07T06:57:39Z">
          <reporter-output>
          </reporter-output>
        </test-method> <!-- classSetup -->
        <test-method status="FAIL" signature="testAll()[pri:0, instance:teammates.test.cases.ui.browsertests.StudentFeedbackSubmitPageUiTest@c7eb9d]" name="testAll" duration-ms="32020" started-at="2014-08-07T06:57:39Z" finished-at="2014-08-07T06:58:11Z">
          <exception class="java.lang.AssertionError">
            <full-stacktrace>
              <![CDATA[java.lang.AssertionError: 
	at org.testng.AssertJUnit.fail(AssertJUnit.java:59)
	at org.testng.AssertJUnit.assertTrue(AssertJUnit.java:24)
	at org.testng.AssertJUnit.assertNotNull(AssertJUnit.java:267)
	at org.testng.AssertJUnit.assertNotNull(AssertJUnit.java:259)
	at teammates.test.cases.ui.browsertests.StudentFeedbackSubmitPageUiTest.testSubmitAction(StudentFeedbackSubmitPageUiTest.java:207)
	at teammates.test.cases.ui.browsertests.StudentFeedbackSubmitPageUiTest.testAll(StudentFeedbackSubmitPageUiTest.java:56)
	at sun.reflect.NativeMethodAccessorImpl.invoke0(Native Method)
	at sun.reflect.NativeMethodAccessorImpl.invoke(NativeMethodAccessorImpl.java:57)
	at sun.reflect.DelegatingMethodAccessorImpl.invoke(DelegatingMethodAccessorImpl.java:43)
	at java.lang.reflect.Method.invoke(Method.java:606)
	at org.testng.internal.MethodInvocationHelper.invokeMethod(MethodInvocationHelper.java:84)
	at org.testng.internal.Invoker.invokeMethod(Invoker.java:714)
	at org.testng.internal.Invoker.invokeTestMethod(Invoker.java:901)
	at org.testng.internal.Invoker.invokeTestMethods(Invoker.java:1231)
	at org.testng.internal.TestMethodWorker.invokeTestMethods(TestMethodWorker.java:127)
	at org.testng.internal.TestMethodWorker.run(TestMethodWorker.java:111)
	at java.util.concurrent.ThreadPoolExecutor.runWorker(ThreadPoolExecutor.java:1145)
	at java.util.concurrent.ThreadPoolExecutor$Worker.run(ThreadPoolExecutor.java:615)
	at java.lang.Thread.run(Thread.java:745)
]]>
            </full-stacktrace>
          </exception> <!-- java.lang.AssertionError -->
          <reporter-output>
          </reporter-output>
        </test-method> <!-- testAll -->
        <test-method status="PASS" signature="classTearDown()[pri:0, instance:teammates.test.cases.ui.browsertests.StudentFeedbackSubmitPageUiTest@c7eb9d]" name="classTearDown" is-config="true" duration-ms="0" started-at="2014-08-07T06:58:11Z" finished-at="2014-08-07T06:58:11Z">
          <reporter-output>
          </reporter-output>
        </test-method> <!-- classTearDown -->
      </class> <!-- teammates.test.cases.ui.browsertests.StudentFeedbackSubmitPageUiTest -->
      <class name="teammates.test.cases.ui.AdminInstructorAccountAddActionTest">
        <test-method status="PASS" signature="testSetUp()[pri:0, instance:teammates.test.cases.ui.AdminInstructorAccountAddActionTest@9a113a]" name="testSetUp" is-config="true" duration-ms="630" started-at="2014-08-07T06:57:13Z" finished-at="2014-08-07T06:57:13Z">
          <reporter-output>
          </reporter-output>
        </test-method> <!-- testSetUp -->
        <test-method status="PASS" signature="testSetUp()[pri:0, instance:teammates.test.cases.logic.FeedbackSessionsLogicTest@1ec3ffd]" name="testSetUp" is-config="true" duration-ms="0" started-at="2014-08-07T06:57:13Z" finished-at="2014-08-07T06:57:13Z">
          <reporter-output>
          </reporter-output>
        </test-method> <!-- testSetUp -->
        <test-method status="PASS" signature="testSetup()[pri:0, instance:teammates.test.cases.ui.browsertests.InstructorCommentsPageUiTest@1d128b6]" name="testSetup" is-config="true" duration-ms="0" started-at="2014-08-07T06:57:13Z" finished-at="2014-08-07T06:57:13Z">
          <reporter-output>
          </reporter-output>
        </test-method> <!-- testSetup -->
        <test-method status="PASS" signature="testTearDown()[pri:0, instance:teammates.test.cases.ui.AdminInstructorAccountAddActionTest@9a113a]" name="testTearDown" is-config="true" duration-ms="218" started-at="2014-08-07T06:59:00Z" finished-at="2014-08-07T06:59:00Z">
          <reporter-output>
          </reporter-output>
        </test-method> <!-- testTearDown -->
        <test-method status="PASS" signature="testTearDown()[pri:0, instance:teammates.test.cases.logic.FeedbackSessionsLogicTest@1ec3ffd]" name="testTearDown" is-config="true" duration-ms="16" started-at="2014-08-07T06:59:00Z" finished-at="2014-08-07T06:59:00Z">
          <reporter-output>
          </reporter-output>
        </test-method> <!-- testTearDown -->
      </class> <!-- teammates.test.cases.ui.AdminInstructorAccountAddActionTest -->
    </test> <!-- parallel-ui-tests(failed)(failed)(failed)(failed)(failed) -->
  </suite> <!-- Failed suite [Failed suite [Failed suite [Failed suite [Failed suite [all-tests-in-parallel]]]]] -->
</testng-results>
