<?xml version="1.0" encoding="UTF-8"?>
<!-- Generated by org.testng.reporters.JUnitReportReporter -->
<testsuite hostname="soccf-tr5-001" name="teammates.test.cases.ui.browsertests.InstructorFeedbackEditPageUiTest" tests="1" failures="0" timestamp="7 Aug 2014 06:59:00 GMT" time="96.318" errors="1">
  <testcase name="allTests" time="96.318" classname="teammates.test.cases.ui.browsertests.InstructorFeedbackEditPageUiTest">
    <error type="java.lang.AssertionError" message="expected:&lt;[The interval 1 - 5 is not divisible by the specified increment.]&gt; but was:&lt;[Please enter valid numbers for all the options.]&gt;">
      <![CDATA[java.lang.AssertionError: expected:<[The interval 1 - 5 is not divisible by the specified increment.]> but was:<[Please enter valid numbers for all the options.]>
	at org.testng.AssertJUnit.assertEquals(AssertJUnit.java:101)
	at org.testng.AssertJUnit.assertEquals(AssertJUnit.java:108)
	at teammates.test.cases.ui.browsertests.InstructorFeedbackEditPageUiTest.testInputValidationForNumScaleQuestion(InstructorFeedbackEditPageUiTest.java:627)
	at teammates.test.cases.ui.browsertests.InstructorFeedbackEditPageUiTest.allTests(InstructorFeedbackEditPageUiTest.java:105)
	at sun.reflect.NativeMethodAccessorImpl.invoke0(Native Method)
	at sun.reflect.NativeMethodAccessorImpl.invoke(NativeMethodAccessorImpl.java:57)
	at sun.reflect.DelegatingMethodAccessorImpl.invoke(DelegatingMethodAccessorImpl.java:43)
	at java.lang.reflect.Method.invoke(Method.java:606)
	at org.testng.internal.MethodInvocationHelper.invokeMethod(MethodInvocationHelper.java:84)
	at org.testng.internal.Invoker.invokeMethod(Invoker.java:714)
	at org.testng.internal.Invoker.invokeTestMethod(Invoker.java:901)
	at org.testng.internal.Invoker.invokeTestMethods(Invoker.java:1231)
	at org.testng.internal.TestMethodWorker.invokeTestMethods(TestMethodWorker.java:127)
	at org.testng.internal.TestMethodWorker.run(TestMethodWorker.java:111)
	at java.util.concurrent.ThreadPoolExecutor.runWorker(ThreadPoolExecutor.java:1145)
	at java.util.concurrent.ThreadPoolExecutor$Worker.run(ThreadPoolExecutor.java:615)
	at java.lang.Thread.run(Thread.java:745)
]]>
    </error>
  </testcase> <!-- allTests -->
</testsuite> <!-- teammates.test.cases.ui.browsertests.InstructorFeedbackEditPageUiTest -->
