<?xml version="1.0" encoding="UTF-8"?>
<!-- Generated by org.testng.reporters.JUnitReportReporter -->
<testsuite hostname="soccf-tr5-001" name="teammates.test.cases.ui.browsertests.StudentFeedbackSubmitPageUiTest" tests="1" failures="1" timestamp="2 Jan 2015 09:31:31 GMT" time="11.434" errors="0">
  <testcase name="testAll" time="11.434" classname="teammates.test.cases.ui.browsertests.StudentFeedbackSubmitPageUiTest">
    <failure type="java.lang.RuntimeException" message="java.lang.reflect.InvocationTargetException">
      <![CDATA[java.lang.RuntimeException: java.lang.reflect.InvocationTargetException
	at teammates.test.pageobjects.AppPage.createNewPage(AppPage.java:1013)
	at teammates.test.pageobjects.AppPage.getNewPageInstance(AppPage.java:165)
	at teammates.test.cases.ui.browsertests.StudentFeedbackSubmitPageUiTest.loginToStudentFeedbackSubmitPage(StudentFeedbackSubmitPageUiTest.java:535)
	at teammates.test.cases.ui.browsertests.StudentFeedbackSubmitPageUiTest.testContent(StudentFeedbackSubmitPageUiTest.java:83)
	at teammates.test.cases.ui.browsertests.StudentFeedbackSubmitPageUiTest.testAll(StudentFeedbackSubmitPageUiTest.java:58)
	at sun.reflect.NativeMethodAccessorImpl.invoke0(Native Method)
	at sun.reflect.NativeMethodAccessorImpl.invoke(NativeMethodAccessorImpl.java:57)
	at sun.reflect.DelegatingMethodAccessorImpl.invoke(DelegatingMethodAccessorImpl.java:43)
	at java.lang.reflect.Method.invoke(Method.java:606)
	at org.testng.internal.MethodInvocationHelper.invokeMethod(MethodInvocationHelper.java:84)
	at org.testng.internal.Invoker.invokeMethod(Invoker.java:714)
	at org.testng.internal.Invoker.invokeTestMethod(Invoker.java:901)
	at org.testng.internal.Invoker.invokeTestMethods(Invoker.java:1231)
	at org.testng.internal.TestMethodWorker.invokeTestMethods(TestMethodWorker.java:127)
	at org.testng.internal.TestMethodWorker.run(TestMethodWorker.java:111)
	at java.util.concurrent.ThreadPoolExecutor.runWorker(ThreadPoolExecutor.java:1145)
	at java.util.concurrent.ThreadPoolExecutor$Worker.run(ThreadPoolExecutor.java:615)
	at java.lang.Thread.run(Thread.java:745)
Caused by: java.lang.reflect.InvocationTargetException
	at sun.reflect.NativeConstructorAccessorImpl.newInstance0(Native Method)
	at sun.reflect.NativeConstructorAccessorImpl.newInstance(NativeConstructorAccessorImpl.java:57)
	at sun.reflect.DelegatingConstructorAccessorImpl.newInstance(DelegatingConstructorAccessorImpl.java:45)
	at java.lang.reflect.Constructor.newInstance(Constructor.java:526)
	at teammates.test.pageobjects.AppPage.createNewPage(AppPage.java:1009)
	... 17 more
Caused by: java.lang.IllegalStateException: Not in the correct page!
	at teammates.test.pageobjects.AppPage.<init>(AppPage.java:147)
	at teammates.test.pageobjects.FeedbackSubmitPage.<init>(FeedbackSubmitPage.java:12)
	... 22 more
]]>
    </failure>
  </testcase> <!-- testAll -->
</testsuite> <!-- teammates.test.cases.ui.browsertests.StudentFeedbackSubmitPageUiTest -->
