<?xml version="1.0" encoding="UTF-8"?>
<!-- Generated by org.testng.reporters.JUnitXMLReporter -->
<testsuite hostname="soccf-tr5-001" name="component-tests(failed)(failed)(failed)(failed)(failed)" tests="2" failures="2" timestamp="24 Sep 2014 12:57:17 GMT" time="6.023" errors="0">
  <testcase name="testAll" time="1.435" classname="teammates.test.cases.logic.FeedbackSessionsLogicTest">
    <failure type="java.lang.AssertionError" message="expected:&amp;lt;10&amp;gt; but was:&amp;lt;4&amp;gt;">
      <![CDATA[java.lang.AssertionError: expected:<10> but was:<4>
	at teammates.test.cases.logic.FeedbackSessionsLogicTest.testGetFeedbackSessionResultsForUser(FeedbackSessionsLogicTest.java:881)
	at teammates.test.cases.logic.FeedbackSessionsLogicTest.testAll(FeedbackSessionsLogicTest.java:103)
	at java.util.concurrent.FutureTask.run(FutureTask.java:262)
	at java.util.concurrent.ThreadPoolExecutor.runWorker(ThreadPoolExecutor.java:1145)
	at java.util.concurrent.ThreadPoolExecutor$Worker.run(ThreadPoolExecutor.java:615)
	at java.lang.Thread.run(Thread.java:745)
... Removed 21 stack frames]]>
    </failure>
  </testcase> <!-- testAll -->
  <testcase name="testExecuteAndPostProcess" time="0.109" classname="teammates.test.cases.ui.InstructorFeedbackResultsDownloadActionTest">
    <failure type="java.lang.AssertionError" message="expected:&amp;lt;&amp;quot;Team 1.1&amp;quot;,&amp;quot;student1 In Course1&amp;quot;,&amp;quot;Course1&amp;quot;,&amp;quot;Team 1.1&amp;quot;,&amp;quot;student1 In Course1&amp;quot;,&amp;quot;Course1&amp;quot;,&amp;quot;Student 1 self feedback.&amp;quot;&amp;gt; but was:&amp;lt;&amp;gt;">
      <![CDATA[java.lang.AssertionError: expected:<"Team 1.1","student1 In Course1","Course1","Team 1.1","student1 In Course1","Course1","Student 1 self feedback."> but was:<>
	at teammates.test.cases.ui.InstructorFeedbackResultsDownloadActionTest.verifyFileContentForSession1InCourse1(InstructorFeedbackResultsDownloadActionTest.java:147)
	at teammates.test.cases.ui.InstructorFeedbackResultsDownloadActionTest.testExecuteAndPostProcess(InstructorFeedbackResultsDownloadActionTest.java:64)
	at java.util.concurrent.FutureTask.run(FutureTask.java:262)
	at java.util.concurrent.ThreadPoolExecutor.runWorker(ThreadPoolExecutor.java:1145)
	at java.util.concurrent.ThreadPoolExecutor$Worker.run(ThreadPoolExecutor.java:615)
	at java.lang.Thread.run(Thread.java:745)
... Removed 18 stack frames]]>
    </failure>
  </testcase> <!-- testExecuteAndPostProcess -->
</testsuite> <!-- component-tests(failed)(failed)(failed)(failed)(failed) -->
