<html>
<head>
<title>TestNG:  component-tests(failed)(failed)(failed)(failed)(failed)</title>
<link href="../testng.css" rel="stylesheet" type="text/css" />
<link href="../my-testng.css" rel="stylesheet" type="text/css" />

<style type="text/css">
.log { display: none;} 
.stack-trace { display: none;} 
</style>
<script type="text/javascript">
<!--
function flip(e) {
  current = e.style.display;
  if (current == 'block') {
    e.style.display = 'none';
    return 0;
  }
  else {
    e.style.display = 'block';
    return 1;
  }
}

function toggleBox(szDivId, elem, msg1, msg2)
{
  var res = -1;  if (document.getElementById) {
    res = flip(document.getElementById(szDivId));
  }
  else if (document.all) {
    // this is the way old msie versions work
    res = flip(document.all[szDivId]);
  }
  if(elem) {
    if(res == 0) elem.innerHTML = msg1; else elem.innerHTML = msg2;
  }

}

function toggleAllBoxes() {
  if (document.getElementsByTagName) {
    d = document.getElementsByTagName('div');
    for (i = 0; i < d.length; i++) {
      if (d[i].className == 'log') {
        flip(d[i]);
      }
    }
  }
}

// -->
</script>

</head>
<body>
<h2 align='center'>component-tests(failed)(failed)(failed)(failed)(failed)</h2><table border='1' align="center">
<tr>
<td>Tests passed/Failed/Skipped:</td><td>0/21/0</td>
</tr><tr>
<td>Started on:</td><td>Sun Feb 22 13:32:36 UTC 2015</td>
</tr>
<tr><td>Total time:</td><td>12 seconds (12217 ms)</td>
</tr><tr>
<td>Included groups:</td><td></td>
</tr><tr>
<td>Excluded groups:</td><td></td>
</tr>
</table><p/>
<small><i>(Hover the method name to see the test class name)</i></small><p/>
<table width='100%' border='1' class='invocation-failed'>
<tr><td colspan='4' align='center'><b>FAILED TESTS</b></td></tr>
<tr><td><b>Test method</b></td>
<td width="30%"><b>Exception</b></td>
<td width="10%"><b>Time (seconds)</b></td>
<td><b>Instance</b></td>
</tr>
<tr>
<td title='teammates.test.cases.ui.AllActionsAccessControlTest.InstructorCourseInstructorAdd()'><b>InstructorCourseInstructorAdd</b><br>Test class: teammates.test.cases.ui.AllActionsAccessControlTest</td>
<td><div><pre>java.lang.NoClassDefFoundError: Could not initialize class teammates.common.util.EmailTemplates
	at teammates.logic.core.Emails.generateInstructorCourseJoinEmail(Emails.java:804)
	at teammates.logic.core.InstructorsLogic.sendRegistrationInviteToInstructor(InstructorsLogic.java:314)
	at teammates.logic.api.Logic.sendRegistrationInviteToInstructor(Logic.java:602)
	at teammates.ui.controller.InstructorCourseInstructorAddAction.execute(InstructorCourseInstructorAddAction.java:45)
	at teammates.ui.controller.Action.executeAndPostProcess(Action.java:328)
	at teammates.test.cases.ui.BaseActionTest.verifyCanAccess(BaseActionTest.java:644)
	at teammates.test.cases.ui.BaseActionTest.verifyAccessibleForInstructorsOfTheSameCourse(BaseActionTest.java:381)
	at teammates.test.cases.ui.BaseActionTest.verifyOnlyInstructorsOfTheSameCourseCanAccess(BaseActionTest.java:296)
	at teammates.test.cases.ui.AllActionsAccessControlTest.InstructorCourseInstructorAdd(AllActionsAccessControlTest.java:289)
	at java.util.concurrent.FutureTask.run(FutureTask.java:262)
	at java.util.concurrent.ThreadPoolExecutor.runWorker(ThreadPoolExecutor.java:1145)
	at java.util.concurrent.ThreadPoolExecutor$Worker.run(ThreadPoolExecutor.java:615)
	at java.lang.Thread.run(Thread.java:745)
... Removed 16 stack frames</pre></div><a href='#' onClick='toggleBox("stack-trace13188133", this, "Click to show all stack frames", "Click to hide stack frames")'>Click to show all stack frames</a>
<div class='stack-trace' id='stack-trace13188133'><pre>java.lang.NoClassDefFoundError: Could not initialize class teammates.common.util.EmailTemplates
	at teammates.logic.core.Emails.generateInstructorCourseJoinEmail(Emails.java:804)
	at teammates.logic.core.InstructorsLogic.sendRegistrationInviteToInstructor(InstructorsLogic.java:314)
	at teammates.logic.api.Logic.sendRegistrationInviteToInstructor(Logic.java:602)
	at teammates.ui.controller.InstructorCourseInstructorAddAction.execute(InstructorCourseInstructorAddAction.java:45)
	at teammates.ui.controller.Action.executeAndPostProcess(Action.java:328)
	at teammates.test.cases.ui.BaseActionTest.verifyCanAccess(BaseActionTest.java:644)
	at teammates.test.cases.ui.BaseActionTest.verifyAccessibleForInstructorsOfTheSameCourse(BaseActionTest.java:381)
	at teammates.test.cases.ui.BaseActionTest.verifyOnlyInstructorsOfTheSameCourseCanAccess(BaseActionTest.java:296)
	at teammates.test.cases.ui.AllActionsAccessControlTest.InstructorCourseInstructorAdd(AllActionsAccessControlTest.java:289)
	at sun.reflect.NativeMethodAccessorImpl.invoke0(Native Method)
	at sun.reflect.NativeMethodAccessorImpl.invoke(NativeMethodAccessorImpl.java:57)
	at sun.reflect.DelegatingMethodAccessorImpl.invoke(DelegatingMethodAccessorImpl.java:43)
	at java.lang.reflect.Method.invoke(Method.java:606)
	at org.testng.internal.MethodInvocationHelper.invokeMethod(MethodInvocationHelper.java:84)
	at org.testng.internal.Invoker.invokeMethod(Invoker.java:714)
	at org.testng.internal.Invoker.invokeTestMethod(Invoker.java:901)
	at org.testng.internal.Invoker.invokeTestMethods(Invoker.java:1231)
	at org.testng.internal.TestMethodWorker.invokeTestMethods(TestMethodWorker.java:127)
	at org.testng.internal.TestMethodWorker.run(TestMethodWorker.java:111)
	at org.testng.TestRunner.privateRun(TestRunner.java:767)
	at org.testng.TestRunner.run(TestRunner.java:617)
	at org.testng.SuiteRunner.runTest(SuiteRunner.java:334)
	at org.testng.SuiteRunner.access$000(SuiteRunner.java:37)
	at org.testng.SuiteRunner$SuiteWorker.run(SuiteRunner.java:368)
	at org.testng.internal.thread.ThreadUtil$2.call(ThreadUtil.java:64)
	at java.util.concurrent.FutureTask.run(FutureTask.java:262)
	at java.util.concurrent.ThreadPoolExecutor.runWorker(ThreadPoolExecutor.java:1145)
	at java.util.concurrent.ThreadPoolExecutor$Worker.run(ThreadPoolExecutor.java:615)
	at java.lang.Thread.run(Thread.java:745)
</pre></div></td>
<td>0</td>
<td>teammates.test.cases.ui.AllActionsAccessControlTest@bb1311</td></tr>
<tr>
<td title='teammates.test.cases.ui.AllActionsAccessControlTest.InstructorCourseRemind()'><b>InstructorCourseRemind</b><br>Test class: teammates.test.cases.ui.AllActionsAccessControlTest</td>
<td><div><pre>java.lang.NoClassDefFoundError: Could not initialize class teammates.common.util.EmailTemplates
	at teammates.logic.core.Emails.generateStudentCourseJoinEmail(Emails.java:731)
	at teammates.logic.core.StudentsLogic.sendRegistrationInviteToStudent(StudentsLogic.java:562)
	at teammates.logic.core.StudentsLogic.sendRegistrationInviteForCourse(StudentsLogic.java:605)
	at teammates.logic.api.Logic.sendRegistrationInviteForCourse(Logic.java:1251)
	at teammates.ui.controller.InstructorCourseRemindAction.execute(InstructorCourseRemindAction.java:70)
	at teammates.ui.controller.Action.executeAndPostProcess(Action.java:328)
	at teammates.test.cases.ui.BaseActionTest.verifyCanAccess(BaseActionTest.java:644)
	at teammates.test.cases.ui.BaseActionTest.verifyAccessibleForInstructorsOfTheSameCourse(BaseActionTest.java:381)
	at teammates.test.cases.ui.BaseActionTest.verifyOnlyInstructorsOfTheSameCourseCanAccess(BaseActionTest.java:296)
	at teammates.test.cases.ui.AllActionsAccessControlTest.InstructorCourseRemind(AllActionsAccessControlTest.java:357)
	at java.util.concurrent.FutureTask.run(FutureTask.java:262)
	at java.util.concurrent.ThreadPoolExecutor.runWorker(ThreadPoolExecutor.java:1145)
	at java.util.concurrent.ThreadPoolExecutor$Worker.run(ThreadPoolExecutor.java:615)
	at java.lang.Thread.run(Thread.java:745)
... Removed 16 stack frames</pre></div><a href='#' onClick='toggleBox("stack-trace7861362", this, "Click to show all stack frames", "Click to hide stack frames")'>Click to show all stack frames</a>
<div class='stack-trace' id='stack-trace7861362'><pre>java.lang.NoClassDefFoundError: Could not initialize class teammates.common.util.EmailTemplates
	at teammates.logic.core.Emails.generateStudentCourseJoinEmail(Emails.java:731)
	at teammates.logic.core.StudentsLogic.sendRegistrationInviteToStudent(StudentsLogic.java:562)
	at teammates.logic.core.StudentsLogic.sendRegistrationInviteForCourse(StudentsLogic.java:605)
	at teammates.logic.api.Logic.sendRegistrationInviteForCourse(Logic.java:1251)
	at teammates.ui.controller.InstructorCourseRemindAction.execute(InstructorCourseRemindAction.java:70)
	at teammates.ui.controller.Action.executeAndPostProcess(Action.java:328)
	at teammates.test.cases.ui.BaseActionTest.verifyCanAccess(BaseActionTest.java:644)
	at teammates.test.cases.ui.BaseActionTest.verifyAccessibleForInstructorsOfTheSameCourse(BaseActionTest.java:381)
	at teammates.test.cases.ui.BaseActionTest.verifyOnlyInstructorsOfTheSameCourseCanAccess(BaseActionTest.java:296)
	at teammates.test.cases.ui.AllActionsAccessControlTest.InstructorCourseRemind(AllActionsAccessControlTest.java:357)
	at sun.reflect.NativeMethodAccessorImpl.invoke0(Native Method)
	at sun.reflect.NativeMethodAccessorImpl.invoke(NativeMethodAccessorImpl.java:57)
	at sun.reflect.DelegatingMethodAccessorImpl.invoke(DelegatingMethodAccessorImpl.java:43)
	at java.lang.reflect.Method.invoke(Method.java:606)
	at org.testng.internal.MethodInvocationHelper.invokeMethod(MethodInvocationHelper.java:84)
	at org.testng.internal.Invoker.invokeMethod(Invoker.java:714)
	at org.testng.internal.Invoker.invokeTestMethod(Invoker.java:901)
	at org.testng.internal.Invoker.invokeTestMethods(Invoker.java:1231)
	at org.testng.internal.TestMethodWorker.invokeTestMethods(TestMethodWorker.java:127)
	at org.testng.internal.TestMethodWorker.run(TestMethodWorker.java:111)
	at org.testng.TestRunner.privateRun(TestRunner.java:767)
	at org.testng.TestRunner.run(TestRunner.java:617)
	at org.testng.SuiteRunner.runTest(SuiteRunner.java:334)
	at org.testng.SuiteRunner.access$000(SuiteRunner.java:37)
	at org.testng.SuiteRunner$SuiteWorker.run(SuiteRunner.java:368)
	at org.testng.internal.thread.ThreadUtil$2.call(ThreadUtil.java:64)
	at java.util.concurrent.FutureTask.run(FutureTask.java:262)
	at java.util.concurrent.ThreadPoolExecutor.runWorker(ThreadPoolExecutor.java:1145)
	at java.util.concurrent.ThreadPoolExecutor$Worker.run(ThreadPoolExecutor.java:615)
	at java.lang.Thread.run(Thread.java:745)
</pre></div></td>
<td>0</td>
<td>teammates.test.cases.ui.AllActionsAccessControlTest@bb1311</td></tr>
<tr>
<td title='teammates.test.cases.common.BuildPropertiesTest.checkReadingEmailTemplates()'><b>checkReadingEmailTemplates</b><br>Test class: teammates.test.cases.common.BuildPropertiesTest</td>
<td><div><pre>java.lang.ExceptionInInitializerError
	at teammates.test.cases.common.BuildPropertiesTest.checkReadingEmailTemplates(BuildPropertiesTest.java:21)
	at java.util.concurrent.FutureTask.run(FutureTask.java:262)
	at java.util.concurrent.ThreadPoolExecutor.runWorker(ThreadPoolExecutor.java:1145)
	at java.util.concurrent.ThreadPoolExecutor$Worker.run(ThreadPoolExecutor.java:615)
	at java.lang.Thread.run(Thread.java:745)
Caused by: java.lang.NullPointerException: source
	at java.util.Objects.requireNonNull(Objects.java:226)
	at java.util.Scanner.&lt;init&gt;(Scanner.java:623)
	at teammates.common.util.FileHelper.readStream(FileHelper.java:38)
	at teammates.common.util.FileHelper.readResourseFile(FileHelper.java:45)
	at teammates.common.util.EmailTemplates.&lt;clinit&gt;(EmailTemplates.java:9)
	... 21 more
... Removed 16 stack frames</pre></div><a href='#' onClick='toggleBox("stack-trace27617776", this, "Click to show all stack frames", "Click to hide stack frames")'>Click to show all stack frames</a>
<div class='stack-trace' id='stack-trace27617776'><pre>java.lang.ExceptionInInitializerError
	at teammates.test.cases.common.BuildPropertiesTest.checkReadingEmailTemplates(BuildPropertiesTest.java:21)
	at sun.reflect.NativeMethodAccessorImpl.invoke0(Native Method)
	at sun.reflect.NativeMethodAccessorImpl.invoke(NativeMethodAccessorImpl.java:57)
	at sun.reflect.DelegatingMethodAccessorImpl.invoke(DelegatingMethodAccessorImpl.java:43)
	at java.lang.reflect.Method.invoke(Method.java:606)
	at org.testng.internal.MethodInvocationHelper.invokeMethod(MethodInvocationHelper.java:84)
	at org.testng.internal.Invoker.invokeMethod(Invoker.java:714)
	at org.testng.internal.Invoker.invokeTestMethod(Invoker.java:901)
	at org.testng.internal.Invoker.invokeTestMethods(Invoker.java:1231)
	at org.testng.internal.TestMethodWorker.invokeTestMethods(TestMethodWorker.java:127)
	at org.testng.internal.TestMethodWorker.run(TestMethodWorker.java:111)
	at org.testng.TestRunner.privateRun(TestRunner.java:767)
	at org.testng.TestRunner.run(TestRunner.java:617)
	at org.testng.SuiteRunner.runTest(SuiteRunner.java:334)
	at org.testng.SuiteRunner.access$000(SuiteRunner.java:37)
	at org.testng.SuiteRunner$SuiteWorker.run(SuiteRunner.java:368)
	at org.testng.internal.thread.ThreadUtil$2.call(ThreadUtil.java:64)
	at java.util.concurrent.FutureTask.run(FutureTask.java:262)
	at java.util.concurrent.ThreadPoolExecutor.runWorker(ThreadPoolExecutor.java:1145)
	at java.util.concurrent.ThreadPoolExecutor$Worker.run(ThreadPoolExecutor.java:615)
	at java.lang.Thread.run(Thread.java:745)
Caused by: java.lang.NullPointerException: source
	at java.util.Objects.requireNonNull(Objects.java:226)
	at java.util.Scanner.&lt;init&gt;(Scanner.java:623)
	at teammates.common.util.FileHelper.readStream(FileHelper.java:38)
	at teammates.common.util.FileHelper.readResourseFile(FileHelper.java:45)
	at teammates.common.util.EmailTemplates.&lt;clinit&gt;(EmailTemplates.java:9)
	... 21 more
</pre></div></td>
<td>0</td>
<td>teammates.test.cases.common.BuildPropertiesTest@1325d6b</td></tr>
<tr>
<td title='teammates.test.cases.logic.EvaluationsLogicTest.testAll()'><b>testAll</b><br>Test class: teammates.test.cases.logic.EvaluationsLogicTest</td>
<td><div><pre>java.lang.NoClassDefFoundError: Could not initialize class teammates.common.util.EmailTemplates
	at teammates.logic.core.Emails.generateEvaluationReminderEmails(Emails.java:173)
	at teammates.logic.core.EvaluationsLogic.sendReminderForEvaluation(EvaluationsLogic.java:519)
	at teammates.test.cases.logic.EvaluationsLogicTest.testSendReminderForEvaluation(EvaluationsLogicTest.java:1320)
	at teammates.test.cases.logic.EvaluationsLogicTest.testAll(EvaluationsLogicTest.java:76)
	at java.util.concurrent.FutureTask.run(FutureTask.java:262)
	at java.util.concurrent.ThreadPoolExecutor.runWorker(ThreadPoolExecutor.java:1145)
	at java.util.concurrent.ThreadPoolExecutor$Worker.run(ThreadPoolExecutor.java:615)
	at java.lang.Thread.run(Thread.java:745)
... Removed 16 stack frames</pre></div><a href='#' onClick='toggleBox("stack-trace8354207", this, "Click to show all stack frames", "Click to hide stack frames")'>Click to show all stack frames</a>
<div class='stack-trace' id='stack-trace8354207'><pre>java.lang.NoClassDefFoundError: Could not initialize class teammates.common.util.EmailTemplates
	at teammates.logic.core.Emails.generateEvaluationReminderEmails(Emails.java:173)
	at teammates.logic.core.EvaluationsLogic.sendReminderForEvaluation(EvaluationsLogic.java:519)
	at teammates.test.cases.logic.EvaluationsLogicTest.testSendReminderForEvaluation(EvaluationsLogicTest.java:1320)
	at teammates.test.cases.logic.EvaluationsLogicTest.testAll(EvaluationsLogicTest.java:76)
	at sun.reflect.NativeMethodAccessorImpl.invoke0(Native Method)
	at sun.reflect.NativeMethodAccessorImpl.invoke(NativeMethodAccessorImpl.java:57)
	at sun.reflect.DelegatingMethodAccessorImpl.invoke(DelegatingMethodAccessorImpl.java:43)
	at java.lang.reflect.Method.invoke(Method.java:606)
	at org.testng.internal.MethodInvocationHelper.invokeMethod(MethodInvocationHelper.java:84)
	at org.testng.internal.Invoker.invokeMethod(Invoker.java:714)
	at org.testng.internal.Invoker.invokeTestMethod(Invoker.java:901)
	at org.testng.internal.Invoker.invokeTestMethods(Invoker.java:1231)
	at org.testng.internal.TestMethodWorker.invokeTestMethods(TestMethodWorker.java:127)
	at org.testng.internal.TestMethodWorker.run(TestMethodWorker.java:111)
	at org.testng.TestRunner.privateRun(TestRunner.java:767)
	at org.testng.TestRunner.run(TestRunner.java:617)
	at org.testng.SuiteRunner.runTest(SuiteRunner.java:334)
	at org.testng.SuiteRunner.access$000(SuiteRunner.java:37)
	at org.testng.SuiteRunner$SuiteWorker.run(SuiteRunner.java:368)
	at org.testng.internal.thread.ThreadUtil$2.call(ThreadUtil.java:64)
	at java.util.concurrent.FutureTask.run(FutureTask.java:262)
	at java.util.concurrent.ThreadPoolExecutor.runWorker(ThreadPoolExecutor.java:1145)
	at java.util.concurrent.ThreadPoolExecutor$Worker.run(ThreadPoolExecutor.java:615)
	at java.lang.Thread.run(Thread.java:745)
</pre></div></td>
<td>0</td>
<td>teammates.test.cases.logic.EvaluationsLogicTest@5ba5d</td></tr>
<tr>
<td title='teammates.test.cases.logic.FeedbackSessionsLogicTest.testAll()'><b>testAll</b><br>Test class: teammates.test.cases.logic.FeedbackSessionsLogicTest</td>
<td><div><pre>java.lang.AssertionError: expected:&lt;1&gt; but was:&lt;0&gt;
	at teammates.test.cases.logic.FeedbackSessionsLogicTest.testGetFeedbackSessionsClosingWithinTimeLimit(FeedbackSessionsLogicTest.java:184)
	at teammates.test.cases.logic.FeedbackSessionsLogicTest.testAll(FeedbackSessionsLogicTest.java:96)
	at java.util.concurrent.FutureTask.run(FutureTask.java:262)
	at java.util.concurrent.ThreadPoolExecutor.runWorker(ThreadPoolExecutor.java:1145)
	at java.util.concurrent.ThreadPoolExecutor$Worker.run(ThreadPoolExecutor.java:615)
	at java.lang.Thread.run(Thread.java:745)
... Removed 21 stack frames</pre></div><a href='#' onClick='toggleBox("stack-trace26502866", this, "Click to show all stack frames", "Click to hide stack frames")'>Click to show all stack frames</a>
<div class='stack-trace' id='stack-trace26502866'><pre>java.lang.AssertionError: expected:&lt;1&gt; but was:&lt;0&gt;
	at org.testng.AssertJUnit.fail(AssertJUnit.java:59)
	at org.testng.AssertJUnit.failNotEquals(AssertJUnit.java:364)
	at org.testng.AssertJUnit.assertEquals(AssertJUnit.java:80)
	at org.testng.AssertJUnit.assertEquals(AssertJUnit.java:245)
	at org.testng.AssertJUnit.assertEquals(AssertJUnit.java:252)
	at teammates.test.cases.logic.FeedbackSessionsLogicTest.testGetFeedbackSessionsClosingWithinTimeLimit(FeedbackSessionsLogicTest.java:184)
	at teammates.test.cases.logic.FeedbackSessionsLogicTest.testAll(FeedbackSessionsLogicTest.java:96)
	at sun.reflect.NativeMethodAccessorImpl.invoke0(Native Method)
	at sun.reflect.NativeMethodAccessorImpl.invoke(NativeMethodAccessorImpl.java:57)
	at sun.reflect.DelegatingMethodAccessorImpl.invoke(DelegatingMethodAccessorImpl.java:43)
	at java.lang.reflect.Method.invoke(Method.java:606)
	at org.testng.internal.MethodInvocationHelper.invokeMethod(MethodInvocationHelper.java:84)
	at org.testng.internal.Invoker.invokeMethod(Invoker.java:714)
	at org.testng.internal.Invoker.invokeTestMethod(Invoker.java:901)
	at org.testng.internal.Invoker.invokeTestMethods(Invoker.java:1231)
	at org.testng.internal.TestMethodWorker.invokeTestMethods(TestMethodWorker.java:127)
	at org.testng.internal.TestMethodWorker.run(TestMethodWorker.java:111)
	at org.testng.TestRunner.privateRun(TestRunner.java:767)
	at org.testng.TestRunner.run(TestRunner.java:617)
	at org.testng.SuiteRunner.runTest(SuiteRunner.java:334)
	at org.testng.SuiteRunner.access$000(SuiteRunner.java:37)
	at org.testng.SuiteRunner$SuiteWorker.run(SuiteRunner.java:368)
	at org.testng.internal.thread.ThreadUtil$2.call(ThreadUtil.java:64)
	at java.util.concurrent.FutureTask.run(FutureTask.java:262)
	at java.util.concurrent.ThreadPoolExecutor.runWorker(ThreadPoolExecutor.java:1145)
	at java.util.concurrent.ThreadPoolExecutor$Worker.run(ThreadPoolExecutor.java:615)
	at java.lang.Thread.run(Thread.java:745)
</pre></div></td>
<td>0</td>
<td>teammates.test.cases.logic.FeedbackSessionsLogicTest@5ddccb</td></tr>
<tr>
<td title='teammates.test.cases.logic.InstructorsLogicTest.testAll()'><b>testAll</b><br>Test class: teammates.test.cases.logic.InstructorsLogicTest</td>
<td><div><pre>java.lang.NoClassDefFoundError: Could not initialize class teammates.common.util.EmailTemplates
	at teammates.logic.core.Emails.generateInstructorCourseJoinEmail(Emails.java:804)
	at teammates.logic.core.InstructorsLogic.sendRegistrationInviteToInstructor(InstructorsLogic.java:285)
	at teammates.test.cases.logic.InstructorsLogicTest.testSendRegistrationInviteToInstructor(InstructorsLogicTest.java:780)
	at teammates.test.cases.logic.InstructorsLogicTest.testAll(InstructorsLogicTest.java:68)
	at java.util.concurrent.FutureTask.run(FutureTask.java:262)
	at java.util.concurrent.ThreadPoolExecutor.runWorker(ThreadPoolExecutor.java:1145)
	at java.util.concurrent.ThreadPoolExecutor$Worker.run(ThreadPoolExecutor.java:615)
	at java.lang.Thread.run(Thread.java:745)
... Removed 16 stack frames</pre></div><a href='#' onClick='toggleBox("stack-trace25996091", this, "Click to show all stack frames", "Click to hide stack frames")'>Click to show all stack frames</a>
<div class='stack-trace' id='stack-trace25996091'><pre>java.lang.NoClassDefFoundError: Could not initialize class teammates.common.util.EmailTemplates
	at teammates.logic.core.Emails.generateInstructorCourseJoinEmail(Emails.java:804)
	at teammates.logic.core.InstructorsLogic.sendRegistrationInviteToInstructor(InstructorsLogic.java:285)
	at teammates.test.cases.logic.InstructorsLogicTest.testSendRegistrationInviteToInstructor(InstructorsLogicTest.java:780)
	at teammates.test.cases.logic.InstructorsLogicTest.testAll(InstructorsLogicTest.java:68)
	at sun.reflect.NativeMethodAccessorImpl.invoke0(Native Method)
	at sun.reflect.NativeMethodAccessorImpl.invoke(NativeMethodAccessorImpl.java:57)
	at sun.reflect.DelegatingMethodAccessorImpl.invoke(DelegatingMethodAccessorImpl.java:43)
	at java.lang.reflect.Method.invoke(Method.java:606)
	at org.testng.internal.MethodInvocationHelper.invokeMethod(MethodInvocationHelper.java:84)
	at org.testng.internal.Invoker.invokeMethod(Invoker.java:714)
	at org.testng.internal.Invoker.invokeTestMethod(Invoker.java:901)
	at org.testng.internal.Invoker.invokeTestMethods(Invoker.java:1231)
	at org.testng.internal.TestMethodWorker.invokeTestMethods(TestMethodWorker.java:127)
	at org.testng.internal.TestMethodWorker.run(TestMethodWorker.java:111)
	at org.testng.TestRunner.privateRun(TestRunner.java:767)
	at org.testng.TestRunner.run(TestRunner.java:617)
	at org.testng.SuiteRunner.runTest(SuiteRunner.java:334)
	at org.testng.SuiteRunner.access$000(SuiteRunner.java:37)
	at org.testng.SuiteRunner$SuiteWorker.run(SuiteRunner.java:368)
	at org.testng.internal.thread.ThreadUtil$2.call(ThreadUtil.java:64)
	at java.util.concurrent.FutureTask.run(FutureTask.java:262)
	at java.util.concurrent.ThreadPoolExecutor.runWorker(ThreadPoolExecutor.java:1145)
	at java.util.concurrent.ThreadPoolExecutor$Worker.run(ThreadPoolExecutor.java:615)
	at java.lang.Thread.run(Thread.java:745)
</pre></div></td>
<td>0</td>
<td>teammates.test.cases.logic.InstructorsLogicTest@1cf0f2e</td></tr>
<tr>
<td title='teammates.test.cases.logic.StudentsLogicTest.testAll()'><b>testAll</b><br>Test class: teammates.test.cases.logic.StudentsLogicTest</td>
<td><div><pre>java.lang.NoClassDefFoundError: Could not initialize class teammates.common.util.EmailTemplates
	at teammates.logic.core.Emails.generateStudentCourseJoinEmail(Emails.java:731)
	at teammates.logic.core.StudentsLogic.sendRegistrationInviteToStudent(StudentsLogic.java:562)
	at teammates.test.cases.logic.StudentsLogicTest.testSendRegistrationInviteToStudent(StudentsLogicTest.java:387)
	at teammates.test.cases.logic.StudentsLogicTest.testAll(StudentsLogicTest.java:99)
	at java.util.concurrent.FutureTask.run(FutureTask.java:262)
	at java.util.concurrent.ThreadPoolExecutor.runWorker(ThreadPoolExecutor.java:1145)
	at java.util.concurrent.ThreadPoolExecutor$Worker.run(ThreadPoolExecutor.java:615)
	at java.lang.Thread.run(Thread.java:745)
... Removed 16 stack frames</pre></div><a href='#' onClick='toggleBox("stack-trace22813385", this, "Click to show all stack frames", "Click to hide stack frames")'>Click to show all stack frames</a>
<div class='stack-trace' id='stack-trace22813385'><pre>java.lang.NoClassDefFoundError: Could not initialize class teammates.common.util.EmailTemplates
	at teammates.logic.core.Emails.generateStudentCourseJoinEmail(Emails.java:731)
	at teammates.logic.core.StudentsLogic.sendRegistrationInviteToStudent(StudentsLogic.java:562)
	at teammates.test.cases.logic.StudentsLogicTest.testSendRegistrationInviteToStudent(StudentsLogicTest.java:387)
	at teammates.test.cases.logic.StudentsLogicTest.testAll(StudentsLogicTest.java:99)
	at sun.reflect.NativeMethodAccessorImpl.invoke0(Native Method)
	at sun.reflect.NativeMethodAccessorImpl.invoke(NativeMethodAccessorImpl.java:57)
	at sun.reflect.DelegatingMethodAccessorImpl.invoke(DelegatingMethodAccessorImpl.java:43)
	at java.lang.reflect.Method.invoke(Method.java:606)
	at org.testng.internal.MethodInvocationHelper.invokeMethod(MethodInvocationHelper.java:84)
	at org.testng.internal.Invoker.invokeMethod(Invoker.java:714)
	at org.testng.internal.Invoker.invokeTestMethod(Invoker.java:901)
	at org.testng.internal.Invoker.invokeTestMethods(Invoker.java:1231)
	at org.testng.internal.TestMethodWorker.invokeTestMethods(TestMethodWorker.java:127)
	at org.testng.internal.TestMethodWorker.run(TestMethodWorker.java:111)
	at org.testng.TestRunner.privateRun(TestRunner.java:767)
	at org.testng.TestRunner.run(TestRunner.java:617)
	at org.testng.SuiteRunner.runTest(SuiteRunner.java:334)
	at org.testng.SuiteRunner.access$000(SuiteRunner.java:37)
	at org.testng.SuiteRunner$SuiteWorker.run(SuiteRunner.java:368)
	at org.testng.internal.thread.ThreadUtil$2.call(ThreadUtil.java:64)
	at java.util.concurrent.FutureTask.run(FutureTask.java:262)
	at java.util.concurrent.ThreadPoolExecutor.runWorker(ThreadPoolExecutor.java:1145)
	at java.util.concurrent.ThreadPoolExecutor$Worker.run(ThreadPoolExecutor.java:615)
	at java.lang.Thread.run(Thread.java:745)
</pre></div></td>
<td>0</td>
<td>teammates.test.cases.logic.StudentsLogicTest@182ac61</td></tr>
<tr>
<td title='teammates.test.automated.EvaluationClosingReminderTest.testEvaluationClosingMailAction()'><b>testEvaluationClosingMailAction</b><br>Test class: teammates.test.automated.EvaluationClosingReminderTest</td>
<td><div><pre>java.lang.NoClassDefFoundError: Could not initialize class teammates.common.util.EmailTemplates
	at teammates.logic.core.Emails.generateEvaluationClosingEmails(Emails.java:195)
	at teammates.logic.core.Emails.generateEvaluationClosingEmailsForEval(Emails.java:231)
	at teammates.logic.automated.EvaluationClosingMailAction.prepareMailToBeSent(EvaluationClosingMailAction.java:73)
	at teammates.logic.automated.EmailAction.getPreparedEmailsAndPerformSuccessOperations(EmailAction.java:92)
	at teammates.test.automated.EvaluationClosingReminderTest.testEvaluationClosingMailAction(EvaluationClosingReminderTest.java:191)
	at java.util.concurrent.FutureTask.run(FutureTask.java:262)
	at java.util.concurrent.ThreadPoolExecutor.runWorker(ThreadPoolExecutor.java:1145)
	at java.util.concurrent.ThreadPoolExecutor$Worker.run(ThreadPoolExecutor.java:615)
	at java.lang.Thread.run(Thread.java:745)
... Removed 16 stack frames</pre></div><a href='#' onClick='toggleBox("stack-trace32107609", this, "Click to show all stack frames", "Click to hide stack frames")'>Click to show all stack frames</a>
<div class='stack-trace' id='stack-trace32107609'><pre>java.lang.NoClassDefFoundError: Could not initialize class teammates.common.util.EmailTemplates
	at teammates.logic.core.Emails.generateEvaluationClosingEmails(Emails.java:195)
	at teammates.logic.core.Emails.generateEvaluationClosingEmailsForEval(Emails.java:231)
	at teammates.logic.automated.EvaluationClosingMailAction.prepareMailToBeSent(EvaluationClosingMailAction.java:73)
	at teammates.logic.automated.EmailAction.getPreparedEmailsAndPerformSuccessOperations(EmailAction.java:92)
	at teammates.test.automated.EvaluationClosingReminderTest.testEvaluationClosingMailAction(EvaluationClosingReminderTest.java:191)
	at sun.reflect.NativeMethodAccessorImpl.invoke0(Native Method)
	at sun.reflect.NativeMethodAccessorImpl.invoke(NativeMethodAccessorImpl.java:57)
	at sun.reflect.DelegatingMethodAccessorImpl.invoke(DelegatingMethodAccessorImpl.java:43)
	at java.lang.reflect.Method.invoke(Method.java:606)
	at org.testng.internal.MethodInvocationHelper.invokeMethod(MethodInvocationHelper.java:84)
	at org.testng.internal.Invoker.invokeMethod(Invoker.java:714)
	at org.testng.internal.Invoker.invokeTestMethod(Invoker.java:901)
	at org.testng.internal.Invoker.invokeTestMethods(Invoker.java:1231)
	at org.testng.internal.TestMethodWorker.invokeTestMethods(TestMethodWorker.java:127)
	at org.testng.internal.TestMethodWorker.run(TestMethodWorker.java:111)
	at org.testng.TestRunner.privateRun(TestRunner.java:767)
	at org.testng.TestRunner.run(TestRunner.java:617)
	at org.testng.SuiteRunner.runTest(SuiteRunner.java:334)
	at org.testng.SuiteRunner.access$000(SuiteRunner.java:37)
	at org.testng.SuiteRunner$SuiteWorker.run(SuiteRunner.java:368)
	at org.testng.internal.thread.ThreadUtil$2.call(ThreadUtil.java:64)
	at java.util.concurrent.FutureTask.run(FutureTask.java:262)
	at java.util.concurrent.ThreadPoolExecutor.runWorker(ThreadPoolExecutor.java:1145)
	at java.util.concurrent.ThreadPoolExecutor$Worker.run(ThreadPoolExecutor.java:615)
	at java.lang.Thread.run(Thread.java:745)
</pre></div></td>
<td>0</td>
<td>teammates.test.automated.EvaluationClosingReminderTest@1e08f43</td></tr>
<tr>
<td title='teammates.test.automated.EvaluationOpeningReminderTest.testEvaluationOpeningMailAction()'><b>testEvaluationOpeningMailAction</b><br>Test class: teammates.test.automated.EvaluationOpeningReminderTest</td>
<td><div><pre>java.lang.NoClassDefFoundError: Could not initialize class teammates.common.util.EmailTemplates
	at teammates.logic.core.Emails.generateEvaluationOpeningEmails(Emails.java:137)
	at teammates.logic.core.Emails.generateEvaluationOpeningEmailsForEval(Emails.java:161)
	at teammates.logic.automated.EvaluationOpeningMailAction.prepareMailToBeSent(EvaluationOpeningMailAction.java:71)
	at teammates.logic.automated.EmailAction.getPreparedEmailsAndPerformSuccessOperations(EmailAction.java:92)
	at teammates.test.automated.EvaluationOpeningReminderTest.testEvaluationOpeningMailAction(EvaluationOpeningReminderTest.java:187)
	at java.util.concurrent.FutureTask.run(FutureTask.java:262)
	at java.util.concurrent.ThreadPoolExecutor.runWorker(ThreadPoolExecutor.java:1145)
	at java.util.concurrent.ThreadPoolExecutor$Worker.run(ThreadPoolExecutor.java:615)
	at java.lang.Thread.run(Thread.java:745)
... Removed 16 stack frames</pre></div><a href='#' onClick='toggleBox("stack-trace31505234", this, "Click to show all stack frames", "Click to hide stack frames")'>Click to show all stack frames</a>
<div class='stack-trace' id='stack-trace31505234'><pre>java.lang.NoClassDefFoundError: Could not initialize class teammates.common.util.EmailTemplates
	at teammates.logic.core.Emails.generateEvaluationOpeningEmails(Emails.java:137)
	at teammates.logic.core.Emails.generateEvaluationOpeningEmailsForEval(Emails.java:161)
	at teammates.logic.automated.EvaluationOpeningMailAction.prepareMailToBeSent(EvaluationOpeningMailAction.java:71)
	at teammates.logic.automated.EmailAction.getPreparedEmailsAndPerformSuccessOperations(EmailAction.java:92)
	at teammates.test.automated.EvaluationOpeningReminderTest.testEvaluationOpeningMailAction(EvaluationOpeningReminderTest.java:187)
	at sun.reflect.NativeMethodAccessorImpl.invoke0(Native Method)
	at sun.reflect.NativeMethodAccessorImpl.invoke(NativeMethodAccessorImpl.java:57)
	at sun.reflect.DelegatingMethodAccessorImpl.invoke(DelegatingMethodAccessorImpl.java:43)
	at java.lang.reflect.Method.invoke(Method.java:606)
	at org.testng.internal.MethodInvocationHelper.invokeMethod(MethodInvocationHelper.java:84)
	at org.testng.internal.Invoker.invokeMethod(Invoker.java:714)
	at org.testng.internal.Invoker.invokeTestMethod(Invoker.java:901)
	at org.testng.internal.Invoker.invokeTestMethods(Invoker.java:1231)
	at org.testng.internal.TestMethodWorker.invokeTestMethods(TestMethodWorker.java:127)
	at org.testng.internal.TestMethodWorker.run(TestMethodWorker.java:111)
	at org.testng.TestRunner.privateRun(TestRunner.java:767)
	at org.testng.TestRunner.run(TestRunner.java:617)
	at org.testng.SuiteRunner.runTest(SuiteRunner.java:334)
	at org.testng.SuiteRunner.access$000(SuiteRunner.java:37)
	at org.testng.SuiteRunner$SuiteWorker.run(SuiteRunner.java:368)
	at org.testng.internal.thread.ThreadUtil$2.call(ThreadUtil.java:64)
	at java.util.concurrent.FutureTask.run(FutureTask.java:262)
	at java.util.concurrent.ThreadPoolExecutor.runWorker(ThreadPoolExecutor.java:1145)
	at java.util.concurrent.ThreadPoolExecutor$Worker.run(ThreadPoolExecutor.java:615)
	at java.lang.Thread.run(Thread.java:745)
</pre></div></td>
<td>0</td>
<td>teammates.test.automated.EvaluationOpeningReminderTest@14339ed</td></tr>
<tr>
<td title='teammates.test.cases.ui.AdminInstructorAccountAddActionTest.testExecuteAndPostProcess()'><b>testExecuteAndPostProcess</b><br>Test class: teammates.test.cases.ui.AdminInstructorAccountAddActionTest</td>
<td><div><pre>java.lang.NoClassDefFoundError: Could not initialize class teammates.common.util.EmailTemplates
	at teammates.logic.core.Emails.generateNewInstructorAccountJoinEmail(Emails.java:767)
	at teammates.logic.core.InstructorsLogic.sendJoinLinkToNewInstructor(InstructorsLogic.java:331)
	at teammates.logic.api.Logic.sendJoinLinkToNewInstructor(Logic.java:613)
	at teammates.ui.controller.AdminInstructorAccountAddAction.execute(AdminInstructorAccountAddAction.java:86)
	at teammates.ui.controller.Action.executeAndPostProcess(Action.java:328)
	at teammates.test.cases.ui.AdminInstructorAccountAddActionTest.testExecuteAndPostProcess(AdminInstructorAccountAddActionTest.java:85)
	at java.util.concurrent.FutureTask.run(FutureTask.java:262)
	at java.util.concurrent.ThreadPoolExecutor.runWorker(ThreadPoolExecutor.java:1145)
	at java.util.concurrent.ThreadPoolExecutor$Worker.run(ThreadPoolExecutor.java:615)
	at java.lang.Thread.run(Thread.java:745)
... Removed 16 stack frames</pre></div><a href='#' onClick='toggleBox("stack-trace27048066", this, "Click to show all stack frames", "Click to hide stack frames")'>Click to show all stack frames</a>
<div class='stack-trace' id='stack-trace27048066'><pre>java.lang.NoClassDefFoundError: Could not initialize class teammates.common.util.EmailTemplates
	at teammates.logic.core.Emails.generateNewInstructorAccountJoinEmail(Emails.java:767)
	at teammates.logic.core.InstructorsLogic.sendJoinLinkToNewInstructor(InstructorsLogic.java:331)
	at teammates.logic.api.Logic.sendJoinLinkToNewInstructor(Logic.java:613)
	at teammates.ui.controller.AdminInstructorAccountAddAction.execute(AdminInstructorAccountAddAction.java:86)
	at teammates.ui.controller.Action.executeAndPostProcess(Action.java:328)
	at teammates.test.cases.ui.AdminInstructorAccountAddActionTest.testExecuteAndPostProcess(AdminInstructorAccountAddActionTest.java:85)
	at sun.reflect.NativeMethodAccessorImpl.invoke0(Native Method)
	at sun.reflect.NativeMethodAccessorImpl.invoke(NativeMethodAccessorImpl.java:57)
	at sun.reflect.DelegatingMethodAccessorImpl.invoke(DelegatingMethodAccessorImpl.java:43)
	at java.lang.reflect.Method.invoke(Method.java:606)
	at org.testng.internal.MethodInvocationHelper.invokeMethod(MethodInvocationHelper.java:84)
	at org.testng.internal.Invoker.invokeMethod(Invoker.java:714)
	at org.testng.internal.Invoker.invokeTestMethod(Invoker.java:901)
	at org.testng.internal.Invoker.invokeTestMethods(Invoker.java:1231)
	at org.testng.internal.TestMethodWorker.invokeTestMethods(TestMethodWorker.java:127)
	at org.testng.internal.TestMethodWorker.run(TestMethodWorker.java:111)
	at org.testng.TestRunner.privateRun(TestRunner.java:767)
	at org.testng.TestRunner.run(TestRunner.java:617)
	at org.testng.SuiteRunner.runTest(SuiteRunner.java:334)
	at org.testng.SuiteRunner.access$000(SuiteRunner.java:37)
	at org.testng.SuiteRunner$SuiteWorker.run(SuiteRunner.java:368)
	at org.testng.internal.thread.ThreadUtil$2.call(ThreadUtil.java:64)
	at java.util.concurrent.FutureTask.run(FutureTask.java:262)
	at java.util.concurrent.ThreadPoolExecutor.runWorker(ThreadPoolExecutor.java:1145)
	at java.util.concurrent.ThreadPoolExecutor$Worker.run(ThreadPoolExecutor.java:615)
	at java.lang.Thread.run(Thread.java:745)
</pre></div></td>
<td>0</td>
<td>teammates.test.cases.ui.AdminInstructorAccountAddActionTest@e1c2c5</td></tr>
<tr>
<td title='teammates.test.cases.ui.InstructorCourseInstructorAddActionTest.testExecuteAndPostProcess()'><b>testExecuteAndPostProcess</b><br>Test class: teammates.test.cases.ui.InstructorCourseInstructorAddActionTest</td>
<td><div><pre>java.lang.NoClassDefFoundError: Could not initialize class teammates.common.util.EmailTemplates
	at teammates.logic.core.Emails.generateInstructorCourseJoinEmail(Emails.java:804)
	at teammates.logic.core.InstructorsLogic.sendRegistrationInviteToInstructor(InstructorsLogic.java:314)
	at teammates.logic.api.Logic.sendRegistrationInviteToInstructor(Logic.java:602)
	at teammates.ui.controller.InstructorCourseInstructorAddAction.execute(InstructorCourseInstructorAddAction.java:45)
	at teammates.ui.controller.Action.executeAndPostProcess(Action.java:328)
	at teammates.test.cases.ui.InstructorCourseInstructorAddActionTest.testExecuteAndPostProcess(InstructorCourseInstructorAddActionTest.java:58)
	at java.util.concurrent.FutureTask.run(FutureTask.java:262)
	at java.util.concurrent.ThreadPoolExecutor.runWorker(ThreadPoolExecutor.java:1145)
	at java.util.concurrent.ThreadPoolExecutor$Worker.run(ThreadPoolExecutor.java:615)
	at java.lang.Thread.run(Thread.java:745)
... Removed 16 stack frames</pre></div><a href='#' onClick='toggleBox("stack-trace31641571", this, "Click to show all stack frames", "Click to hide stack frames")'>Click to show all stack frames</a>
<div class='stack-trace' id='stack-trace31641571'><pre>java.lang.NoClassDefFoundError: Could not initialize class teammates.common.util.EmailTemplates
	at teammates.logic.core.Emails.generateInstructorCourseJoinEmail(Emails.java:804)
	at teammates.logic.core.InstructorsLogic.sendRegistrationInviteToInstructor(InstructorsLogic.java:314)
	at teammates.logic.api.Logic.sendRegistrationInviteToInstructor(Logic.java:602)
	at teammates.ui.controller.InstructorCourseInstructorAddAction.execute(InstructorCourseInstructorAddAction.java:45)
	at teammates.ui.controller.Action.executeAndPostProcess(Action.java:328)
	at teammates.test.cases.ui.InstructorCourseInstructorAddActionTest.testExecuteAndPostProcess(InstructorCourseInstructorAddActionTest.java:58)
	at sun.reflect.NativeMethodAccessorImpl.invoke0(Native Method)
	at sun.reflect.NativeMethodAccessorImpl.invoke(NativeMethodAccessorImpl.java:57)
	at sun.reflect.DelegatingMethodAccessorImpl.invoke(DelegatingMethodAccessorImpl.java:43)
	at java.lang.reflect.Method.invoke(Method.java:606)
	at org.testng.internal.MethodInvocationHelper.invokeMethod(MethodInvocationHelper.java:84)
	at org.testng.internal.Invoker.invokeMethod(Invoker.java:714)
	at org.testng.internal.Invoker.invokeTestMethod(Invoker.java:901)
	at org.testng.internal.Invoker.invokeTestMethods(Invoker.java:1231)
	at org.testng.internal.TestMethodWorker.invokeTestMethods(TestMethodWorker.java:127)
	at org.testng.internal.TestMethodWorker.run(TestMethodWorker.java:111)
	at org.testng.TestRunner.privateRun(TestRunner.java:767)
	at org.testng.TestRunner.run(TestRunner.java:617)
	at org.testng.SuiteRunner.runTest(SuiteRunner.java:334)
	at org.testng.SuiteRunner.access$000(SuiteRunner.java:37)
	at org.testng.SuiteRunner$SuiteWorker.run(SuiteRunner.java:368)
	at org.testng.internal.thread.ThreadUtil$2.call(ThreadUtil.java:64)
	at java.util.concurrent.FutureTask.run(FutureTask.java:262)
	at java.util.concurrent.ThreadPoolExecutor.runWorker(ThreadPoolExecutor.java:1145)
	at java.util.concurrent.ThreadPoolExecutor$Worker.run(ThreadPoolExecutor.java:615)
	at java.lang.Thread.run(Thread.java:745)
</pre></div></td>
<td>0</td>
<td>teammates.test.cases.ui.InstructorCourseInstructorAddActionTest@27b534</td></tr>
<tr>
<td title='teammates.test.cases.ui.InstructorCourseRemindActionTest.testExecuteAndPostProcess()'><b>testExecuteAndPostProcess</b><br>Test class: teammates.test.cases.ui.InstructorCourseRemindActionTest</td>
<td><div><pre>java.lang.NoClassDefFoundError: Could not initialize class teammates.common.util.EmailTemplates
	at teammates.logic.core.Emails.generateInstructorCourseJoinEmail(Emails.java:804)
	at teammates.logic.core.InstructorsLogic.sendRegistrationInviteToInstructor(InstructorsLogic.java:285)
	at teammates.logic.api.Logic.sendRegistrationInviteToInstructor(Logic.java:597)
	at teammates.ui.controller.InstructorCourseRemindAction.execute(InstructorCourseRemindAction.java:64)
	at teammates.ui.controller.Action.executeAndPostProcess(Action.java:328)
	at teammates.test.cases.ui.InstructorCourseRemindActionTest.testExecuteAndPostProcess(InstructorCourseRemindActionTest.java:48)
	at java.util.concurrent.FutureTask.run(FutureTask.java:262)
	at java.util.concurrent.ThreadPoolExecutor.runWorker(ThreadPoolExecutor.java:1145)
	at java.util.concurrent.ThreadPoolExecutor$Worker.run(ThreadPoolExecutor.java:615)
	at java.lang.Thread.run(Thread.java:745)
... Removed 16 stack frames</pre></div><a href='#' onClick='toggleBox("stack-trace7122965", this, "Click to show all stack frames", "Click to hide stack frames")'>Click to show all stack frames</a>
<div class='stack-trace' id='stack-trace7122965'><pre>java.lang.NoClassDefFoundError: Could not initialize class teammates.common.util.EmailTemplates
	at teammates.logic.core.Emails.generateInstructorCourseJoinEmail(Emails.java:804)
	at teammates.logic.core.InstructorsLogic.sendRegistrationInviteToInstructor(InstructorsLogic.java:285)
	at teammates.logic.api.Logic.sendRegistrationInviteToInstructor(Logic.java:597)
	at teammates.ui.controller.InstructorCourseRemindAction.execute(InstructorCourseRemindAction.java:64)
	at teammates.ui.controller.Action.executeAndPostProcess(Action.java:328)
	at teammates.test.cases.ui.InstructorCourseRemindActionTest.testExecuteAndPostProcess(InstructorCourseRemindActionTest.java:48)
	at sun.reflect.NativeMethodAccessorImpl.invoke0(Native Method)
	at sun.reflect.NativeMethodAccessorImpl.invoke(NativeMethodAccessorImpl.java:57)
	at sun.reflect.DelegatingMethodAccessorImpl.invoke(DelegatingMethodAccessorImpl.java:43)
	at java.lang.reflect.Method.invoke(Method.java:606)
	at org.testng.internal.MethodInvocationHelper.invokeMethod(MethodInvocationHelper.java:84)
	at org.testng.internal.Invoker.invokeMethod(Invoker.java:714)
	at org.testng.internal.Invoker.invokeTestMethod(Invoker.java:901)
	at org.testng.internal.Invoker.invokeTestMethods(Invoker.java:1231)
	at org.testng.internal.TestMethodWorker.invokeTestMethods(TestMethodWorker.java:127)
	at org.testng.internal.TestMethodWorker.run(TestMethodWorker.java:111)
	at org.testng.TestRunner.privateRun(TestRunner.java:767)
	at org.testng.TestRunner.run(TestRunner.java:617)
	at org.testng.SuiteRunner.runTest(SuiteRunner.java:334)
	at org.testng.SuiteRunner.access$000(SuiteRunner.java:37)
	at org.testng.SuiteRunner$SuiteWorker.run(SuiteRunner.java:368)
	at org.testng.internal.thread.ThreadUtil$2.call(ThreadUtil.java:64)
	at java.util.concurrent.FutureTask.run(FutureTask.java:262)
	at java.util.concurrent.ThreadPoolExecutor.runWorker(ThreadPoolExecutor.java:1145)
	at java.util.concurrent.ThreadPoolExecutor$Worker.run(ThreadPoolExecutor.java:615)
	at java.lang.Thread.run(Thread.java:745)
</pre></div></td>
<td>0</td>
<td>teammates.test.cases.ui.InstructorCourseRemindActionTest@1d61032</td></tr>
<tr>
<td title='teammates.test.automated.FeedbackSessionClosingReminderTest.testFeedbackSessionClosingMailAction()'><b>testFeedbackSessionClosingMailAction</b><br>Test class: teammates.test.automated.FeedbackSessionClosingReminderTest</td>
<td><div><pre>java.lang.NoClassDefFoundError: Could not initialize class teammates.common.util.EmailTemplates
	at teammates.logic.core.Emails.generateFeedbackSessionClosingEmails(Emails.java:441)
	at teammates.logic.automated.FeedbackSessionClosingMailAction.prepareMailToBeSent(FeedbackSessionClosingMailAction.java:72)
	at teammates.logic.automated.EmailAction.getPreparedEmailsAndPerformSuccessOperations(EmailAction.java:92)
	at teammates.test.automated.FeedbackSessionClosingReminderTest.testFeedbackSessionClosingMailAction(FeedbackSessionClosingReminderTest.java:156)
	at java.util.concurrent.FutureTask.run(FutureTask.java:262)
	at java.util.concurrent.ThreadPoolExecutor.runWorker(ThreadPoolExecutor.java:1145)
	at java.util.concurrent.ThreadPoolExecutor$Worker.run(ThreadPoolExecutor.java:615)
	at java.lang.Thread.run(Thread.java:745)
... Removed 16 stack frames</pre></div><a href='#' onClick='toggleBox("stack-trace27848143", this, "Click to show all stack frames", "Click to hide stack frames")'>Click to show all stack frames</a>
<div class='stack-trace' id='stack-trace27848143'><pre>java.lang.NoClassDefFoundError: Could not initialize class teammates.common.util.EmailTemplates
	at teammates.logic.core.Emails.generateFeedbackSessionClosingEmails(Emails.java:441)
	at teammates.logic.automated.FeedbackSessionClosingMailAction.prepareMailToBeSent(FeedbackSessionClosingMailAction.java:72)
	at teammates.logic.automated.EmailAction.getPreparedEmailsAndPerformSuccessOperations(EmailAction.java:92)
	at teammates.test.automated.FeedbackSessionClosingReminderTest.testFeedbackSessionClosingMailAction(FeedbackSessionClosingReminderTest.java:156)
	at sun.reflect.NativeMethodAccessorImpl.invoke0(Native Method)
	at sun.reflect.NativeMethodAccessorImpl.invoke(NativeMethodAccessorImpl.java:57)
	at sun.reflect.DelegatingMethodAccessorImpl.invoke(DelegatingMethodAccessorImpl.java:43)
	at java.lang.reflect.Method.invoke(Method.java:606)
	at org.testng.internal.MethodInvocationHelper.invokeMethod(MethodInvocationHelper.java:84)
	at org.testng.internal.Invoker.invokeMethod(Invoker.java:714)
	at org.testng.internal.Invoker.invokeTestMethod(Invoker.java:901)
	at org.testng.internal.Invoker.invokeTestMethods(Invoker.java:1231)
	at org.testng.internal.TestMethodWorker.invokeTestMethods(TestMethodWorker.java:127)
	at org.testng.internal.TestMethodWorker.run(TestMethodWorker.java:111)
	at org.testng.TestRunner.privateRun(TestRunner.java:767)
	at org.testng.TestRunner.run(TestRunner.java:617)
	at org.testng.SuiteRunner.runTest(SuiteRunner.java:334)
	at org.testng.SuiteRunner.access$000(SuiteRunner.java:37)
	at org.testng.SuiteRunner$SuiteWorker.run(SuiteRunner.java:368)
	at org.testng.internal.thread.ThreadUtil$2.call(ThreadUtil.java:64)
	at java.util.concurrent.FutureTask.run(FutureTask.java:262)
	at java.util.concurrent.ThreadPoolExecutor.runWorker(ThreadPoolExecutor.java:1145)
	at java.util.concurrent.ThreadPoolExecutor$Worker.run(ThreadPoolExecutor.java:615)
	at java.lang.Thread.run(Thread.java:745)
</pre></div></td>
<td>0</td>
<td>teammates.test.automated.FeedbackSessionClosingReminderTest@d91c60</td></tr>
<tr>
<td title='teammates.test.automated.FeedbackSessionPublishedReminderTest.testFeedbackSessionOpeningMailAction()'><b>testFeedbackSessionOpeningMailAction</b><br>Test class: teammates.test.automated.FeedbackSessionPublishedReminderTest</td>
<td><div><pre>java.lang.NoClassDefFoundError: Could not initialize class teammates.common.util.EmailTemplates
	at teammates.logic.core.Emails.generateFeedbackSessionPublishedEmails(Emails.java:539)
	at teammates.logic.automated.FeedbackSessionPublishedMailAction.prepareMailToBeSent(FeedbackSessionPublishedMailAction.java:73)
	at teammates.logic.automated.EmailAction.getPreparedEmailsAndPerformSuccessOperations(EmailAction.java:92)
	at teammates.test.automated.FeedbackSessionPublishedReminderTest.testFeedbackSessionOpeningMailAction(FeedbackSessionPublishedReminderTest.java:179)
	at java.util.concurrent.FutureTask.run(FutureTask.java:262)
	at java.util.concurrent.ThreadPoolExecutor.runWorker(ThreadPoolExecutor.java:1145)
	at java.util.concurrent.ThreadPoolExecutor$Worker.run(ThreadPoolExecutor.java:615)
	at java.lang.Thread.run(Thread.java:745)
... Removed 16 stack frames</pre></div><a href='#' onClick='toggleBox("stack-trace28882489", this, "Click to show all stack frames", "Click to hide stack frames")'>Click to show all stack frames</a>
<div class='stack-trace' id='stack-trace28882489'><pre>java.lang.NoClassDefFoundError: Could not initialize class teammates.common.util.EmailTemplates
	at teammates.logic.core.Emails.generateFeedbackSessionPublishedEmails(Emails.java:539)
	at teammates.logic.automated.FeedbackSessionPublishedMailAction.prepareMailToBeSent(FeedbackSessionPublishedMailAction.java:73)
	at teammates.logic.automated.EmailAction.getPreparedEmailsAndPerformSuccessOperations(EmailAction.java:92)
	at teammates.test.automated.FeedbackSessionPublishedReminderTest.testFeedbackSessionOpeningMailAction(FeedbackSessionPublishedReminderTest.java:179)
	at sun.reflect.NativeMethodAccessorImpl.invoke0(Native Method)
	at sun.reflect.NativeMethodAccessorImpl.invoke(NativeMethodAccessorImpl.java:57)
	at sun.reflect.DelegatingMethodAccessorImpl.invoke(DelegatingMethodAccessorImpl.java:43)
	at java.lang.reflect.Method.invoke(Method.java:606)
	at org.testng.internal.MethodInvocationHelper.invokeMethod(MethodInvocationHelper.java:84)
	at org.testng.internal.Invoker.invokeMethod(Invoker.java:714)
	at org.testng.internal.Invoker.invokeTestMethod(Invoker.java:901)
	at org.testng.internal.Invoker.invokeTestMethods(Invoker.java:1231)
	at org.testng.internal.TestMethodWorker.invokeTestMethods(TestMethodWorker.java:127)
	at org.testng.internal.TestMethodWorker.run(TestMethodWorker.java:111)
	at org.testng.TestRunner.privateRun(TestRunner.java:767)
	at org.testng.TestRunner.run(TestRunner.java:617)
	at org.testng.SuiteRunner.runTest(SuiteRunner.java:334)
	at org.testng.SuiteRunner.access$000(SuiteRunner.java:37)
	at org.testng.SuiteRunner$SuiteWorker.run(SuiteRunner.java:368)
	at org.testng.internal.thread.ThreadUtil$2.call(ThreadUtil.java:64)
	at java.util.concurrent.FutureTask.run(FutureTask.java:262)
	at java.util.concurrent.ThreadPoolExecutor.runWorker(ThreadPoolExecutor.java:1145)
	at java.util.concurrent.ThreadPoolExecutor$Worker.run(ThreadPoolExecutor.java:615)
	at java.lang.Thread.run(Thread.java:745)
</pre></div></td>
<td>0</td>
<td>teammates.test.automated.FeedbackSessionPublishedReminderTest@902a8b</td></tr>
<tr>
<td title='teammates.test.automated.FeedbackSessionOpeningReminderTest.testFeedbackSessionOpeningMailAction()'><b>testFeedbackSessionOpeningMailAction</b><br>Test class: teammates.test.automated.FeedbackSessionOpeningReminderTest</td>
<td><div><pre>java.lang.NoClassDefFoundError: Could not initialize class teammates.common.util.EmailTemplates
	at teammates.logic.core.Emails.generateFeedbackSessionOpeningEmails(Emails.java:374)
	at teammates.logic.automated.FeedbackSessionOpeningMailAction.prepareMailToBeSent(FeedbackSessionOpeningMailAction.java:74)
	at teammates.logic.automated.EmailAction.getPreparedEmailsAndPerformSuccessOperations(EmailAction.java:92)
	at teammates.test.automated.FeedbackSessionOpeningReminderTest.testFeedbackSessionOpeningMailAction(FeedbackSessionOpeningReminderTest.java:158)
	at java.util.concurrent.FutureTask.run(FutureTask.java:262)
	at java.util.concurrent.ThreadPoolExecutor.runWorker(ThreadPoolExecutor.java:1145)
	at java.util.concurrent.ThreadPoolExecutor$Worker.run(ThreadPoolExecutor.java:615)
	at java.lang.Thread.run(Thread.java:745)
... Removed 16 stack frames</pre></div><a href='#' onClick='toggleBox("stack-trace7270643", this, "Click to show all stack frames", "Click to hide stack frames")'>Click to show all stack frames</a>
<div class='stack-trace' id='stack-trace7270643'><pre>java.lang.NoClassDefFoundError: Could not initialize class teammates.common.util.EmailTemplates
	at teammates.logic.core.Emails.generateFeedbackSessionOpeningEmails(Emails.java:374)
	at teammates.logic.automated.FeedbackSessionOpeningMailAction.prepareMailToBeSent(FeedbackSessionOpeningMailAction.java:74)
	at teammates.logic.automated.EmailAction.getPreparedEmailsAndPerformSuccessOperations(EmailAction.java:92)
	at teammates.test.automated.FeedbackSessionOpeningReminderTest.testFeedbackSessionOpeningMailAction(FeedbackSessionOpeningReminderTest.java:158)
	at sun.reflect.NativeMethodAccessorImpl.invoke0(Native Method)
	at sun.reflect.NativeMethodAccessorImpl.invoke(NativeMethodAccessorImpl.java:57)
	at sun.reflect.DelegatingMethodAccessorImpl.invoke(DelegatingMethodAccessorImpl.java:43)
	at java.lang.reflect.Method.invoke(Method.java:606)
	at org.testng.internal.MethodInvocationHelper.invokeMethod(MethodInvocationHelper.java:84)
	at org.testng.internal.Invoker.invokeMethod(Invoker.java:714)
	at org.testng.internal.Invoker.invokeTestMethod(Invoker.java:901)
	at org.testng.internal.Invoker.invokeTestMethods(Invoker.java:1231)
	at org.testng.internal.TestMethodWorker.invokeTestMethods(TestMethodWorker.java:127)
	at org.testng.internal.TestMethodWorker.run(TestMethodWorker.java:111)
	at org.testng.TestRunner.privateRun(TestRunner.java:767)
	at org.testng.TestRunner.run(TestRunner.java:617)
	at org.testng.SuiteRunner.runTest(SuiteRunner.java:334)
	at org.testng.SuiteRunner.access$000(SuiteRunner.java:37)
	at org.testng.SuiteRunner$SuiteWorker.run(SuiteRunner.java:368)
	at org.testng.internal.thread.ThreadUtil$2.call(ThreadUtil.java:64)
	at java.util.concurrent.FutureTask.run(FutureTask.java:262)
	at java.util.concurrent.ThreadPoolExecutor.runWorker(ThreadPoolExecutor.java:1145)
	at java.util.concurrent.ThreadPoolExecutor$Worker.run(ThreadPoolExecutor.java:615)
	at java.lang.Thread.run(Thread.java:745)
</pre></div></td>
<td>0</td>
<td>teammates.test.automated.FeedbackSessionOpeningReminderTest@e0a1b9</td></tr>
<tr>
<td title='teammates.test.cases.logic.EmailsTest.testGenerateEvaluationEmailBase()'><b>testGenerateEvaluationEmailBase</b><br>Test class: teammates.test.cases.logic.EmailsTest</td>
<td><div><pre>java.lang.NoClassDefFoundError: Could not initialize class teammates.common.util.EmailTemplates
	at teammates.test.cases.logic.EmailsTest.testGenerateEvaluationEmailBase(EmailsTest.java:114)
	at java.util.concurrent.FutureTask.run(FutureTask.java:262)
	at java.util.concurrent.ThreadPoolExecutor.runWorker(ThreadPoolExecutor.java:1145)
	at java.util.concurrent.ThreadPoolExecutor$Worker.run(ThreadPoolExecutor.java:615)
	at java.lang.Thread.run(Thread.java:745)
... Removed 16 stack frames</pre></div><a href='#' onClick='toggleBox("stack-trace29421324", this, "Click to show all stack frames", "Click to hide stack frames")'>Click to show all stack frames</a>
<div class='stack-trace' id='stack-trace29421324'><pre>java.lang.NoClassDefFoundError: Could not initialize class teammates.common.util.EmailTemplates
	at teammates.test.cases.logic.EmailsTest.testGenerateEvaluationEmailBase(EmailsTest.java:114)
	at sun.reflect.NativeMethodAccessorImpl.invoke0(Native Method)
	at sun.reflect.NativeMethodAccessorImpl.invoke(NativeMethodAccessorImpl.java:57)
	at sun.reflect.DelegatingMethodAccessorImpl.invoke(DelegatingMethodAccessorImpl.java:43)
	at java.lang.reflect.Method.invoke(Method.java:606)
	at org.testng.internal.MethodInvocationHelper.invokeMethod(MethodInvocationHelper.java:84)
	at org.testng.internal.Invoker.invokeMethod(Invoker.java:714)
	at org.testng.internal.Invoker.invokeTestMethod(Invoker.java:901)
	at org.testng.internal.Invoker.invokeTestMethods(Invoker.java:1231)
	at org.testng.internal.TestMethodWorker.invokeTestMethods(TestMethodWorker.java:127)
	at org.testng.internal.TestMethodWorker.run(TestMethodWorker.java:111)
	at org.testng.TestRunner.privateRun(TestRunner.java:767)
	at org.testng.TestRunner.run(TestRunner.java:617)
	at org.testng.SuiteRunner.runTest(SuiteRunner.java:334)
	at org.testng.SuiteRunner.access$000(SuiteRunner.java:37)
	at org.testng.SuiteRunner$SuiteWorker.run(SuiteRunner.java:368)
	at org.testng.internal.thread.ThreadUtil$2.call(ThreadUtil.java:64)
	at java.util.concurrent.FutureTask.run(FutureTask.java:262)
	at java.util.concurrent.ThreadPoolExecutor.runWorker(ThreadPoolExecutor.java:1145)
	at java.util.concurrent.ThreadPoolExecutor$Worker.run(ThreadPoolExecutor.java:615)
	at java.lang.Thread.run(Thread.java:745)
</pre></div></td>
<td>0</td>
<td>teammates.test.cases.logic.EmailsTest@1110caf</td></tr>
<tr>
<td title='teammates.test.cases.logic.EmailsTest.testGenerateEvaluationEmails()'><b>testGenerateEvaluationEmails</b><br>Test class: teammates.test.cases.logic.EmailsTest</td>
<td><div><pre>java.lang.NoClassDefFoundError: Could not initialize class teammates.common.util.EmailTemplates
	at teammates.logic.core.Emails.generateEvaluationOpeningEmails(Emails.java:137)
	at teammates.test.cases.logic.EmailsTest.testGenerateEvaluationEmails(EmailsTest.java:482)
	at java.util.concurrent.FutureTask.run(FutureTask.java:262)
	at java.util.concurrent.ThreadPoolExecutor.runWorker(ThreadPoolExecutor.java:1145)
	at java.util.concurrent.ThreadPoolExecutor$Worker.run(ThreadPoolExecutor.java:615)
	at java.lang.Thread.run(Thread.java:745)
... Removed 16 stack frames</pre></div><a href='#' onClick='toggleBox("stack-trace11447336", this, "Click to show all stack frames", "Click to hide stack frames")'>Click to show all stack frames</a>
<div class='stack-trace' id='stack-trace11447336'><pre>java.lang.NoClassDefFoundError: Could not initialize class teammates.common.util.EmailTemplates
	at teammates.logic.core.Emails.generateEvaluationOpeningEmails(Emails.java:137)
	at teammates.test.cases.logic.EmailsTest.testGenerateEvaluationEmails(EmailsTest.java:482)
	at sun.reflect.NativeMethodAccessorImpl.invoke0(Native Method)
	at sun.reflect.NativeMethodAccessorImpl.invoke(NativeMethodAccessorImpl.java:57)
	at sun.reflect.DelegatingMethodAccessorImpl.invoke(DelegatingMethodAccessorImpl.java:43)
	at java.lang.reflect.Method.invoke(Method.java:606)
	at org.testng.internal.MethodInvocationHelper.invokeMethod(MethodInvocationHelper.java:84)
	at org.testng.internal.Invoker.invokeMethod(Invoker.java:714)
	at org.testng.internal.Invoker.invokeTestMethod(Invoker.java:901)
	at org.testng.internal.Invoker.invokeTestMethods(Invoker.java:1231)
	at org.testng.internal.TestMethodWorker.invokeTestMethods(TestMethodWorker.java:127)
	at org.testng.internal.TestMethodWorker.run(TestMethodWorker.java:111)
	at org.testng.TestRunner.privateRun(TestRunner.java:767)
	at org.testng.TestRunner.run(TestRunner.java:617)
	at org.testng.SuiteRunner.runTest(SuiteRunner.java:334)
	at org.testng.SuiteRunner.access$000(SuiteRunner.java:37)
	at org.testng.SuiteRunner$SuiteWorker.run(SuiteRunner.java:368)
	at org.testng.internal.thread.ThreadUtil$2.call(ThreadUtil.java:64)
	at java.util.concurrent.FutureTask.run(FutureTask.java:262)
	at java.util.concurrent.ThreadPoolExecutor.runWorker(ThreadPoolExecutor.java:1145)
	at java.util.concurrent.ThreadPoolExecutor$Worker.run(ThreadPoolExecutor.java:615)
	at java.lang.Thread.run(Thread.java:745)
</pre></div></td>
<td>0</td>
<td>teammates.test.cases.logic.EmailsTest@1110caf</td></tr>
<tr>
<td title='teammates.test.cases.logic.EmailsTest.testGenerateFeedbackEmailBase()'><b>testGenerateFeedbackEmailBase</b><br>Test class: teammates.test.cases.logic.EmailsTest</td>
<td><div><pre>java.lang.NoClassDefFoundError: Could not initialize class teammates.common.util.EmailTemplates
	at teammates.test.cases.logic.EmailsTest.testGenerateFeedbackEmailBase(EmailsTest.java:266)
	at java.util.concurrent.FutureTask.run(FutureTask.java:262)
	at java.util.concurrent.ThreadPoolExecutor.runWorker(ThreadPoolExecutor.java:1145)
	at java.util.concurrent.ThreadPoolExecutor$Worker.run(ThreadPoolExecutor.java:615)
	at java.lang.Thread.run(Thread.java:745)
... Removed 16 stack frames</pre></div><a href='#' onClick='toggleBox("stack-trace30605648", this, "Click to show all stack frames", "Click to hide stack frames")'>Click to show all stack frames</a>
<div class='stack-trace' id='stack-trace30605648'><pre>java.lang.NoClassDefFoundError: Could not initialize class teammates.common.util.EmailTemplates
	at teammates.test.cases.logic.EmailsTest.testGenerateFeedbackEmailBase(EmailsTest.java:266)
	at sun.reflect.NativeMethodAccessorImpl.invoke0(Native Method)
	at sun.reflect.NativeMethodAccessorImpl.invoke(NativeMethodAccessorImpl.java:57)
	at sun.reflect.DelegatingMethodAccessorImpl.invoke(DelegatingMethodAccessorImpl.java:43)
	at java.lang.reflect.Method.invoke(Method.java:606)
	at org.testng.internal.MethodInvocationHelper.invokeMethod(MethodInvocationHelper.java:84)
	at org.testng.internal.Invoker.invokeMethod(Invoker.java:714)
	at org.testng.internal.Invoker.invokeTestMethod(Invoker.java:901)
	at org.testng.internal.Invoker.invokeTestMethods(Invoker.java:1231)
	at org.testng.internal.TestMethodWorker.invokeTestMethods(TestMethodWorker.java:127)
	at org.testng.internal.TestMethodWorker.run(TestMethodWorker.java:111)
	at org.testng.TestRunner.privateRun(TestRunner.java:767)
	at org.testng.TestRunner.run(TestRunner.java:617)
	at org.testng.SuiteRunner.runTest(SuiteRunner.java:334)
	at org.testng.SuiteRunner.access$000(SuiteRunner.java:37)
	at org.testng.SuiteRunner$SuiteWorker.run(SuiteRunner.java:368)
	at org.testng.internal.thread.ThreadUtil$2.call(ThreadUtil.java:64)
	at java.util.concurrent.FutureTask.run(FutureTask.java:262)
	at java.util.concurrent.ThreadPoolExecutor.runWorker(ThreadPoolExecutor.java:1145)
	at java.util.concurrent.ThreadPoolExecutor$Worker.run(ThreadPoolExecutor.java:615)
	at java.lang.Thread.run(Thread.java:745)
</pre></div></td>
<td>0</td>
<td>teammates.test.cases.logic.EmailsTest@1110caf</td></tr>
<tr>
<td title='teammates.test.cases.logic.EmailsTest.testGenerateFeedbackSessionEmails()'><b>testGenerateFeedbackSessionEmails</b><br>Test class: teammates.test.cases.logic.EmailsTest</td>
<td><div><pre>java.lang.NoClassDefFoundError: Could not initialize class teammates.common.util.EmailTemplates
	at teammates.logic.core.Emails.generateFeedbackSessionOpeningEmails(Emails.java:374)
	at teammates.test.cases.logic.EmailsTest.testGenerateFeedbackSessionEmails(EmailsTest.java:553)
	at java.util.concurrent.FutureTask.run(FutureTask.java:262)
	at java.util.concurrent.ThreadPoolExecutor.runWorker(ThreadPoolExecutor.java:1145)
	at java.util.concurrent.ThreadPoolExecutor$Worker.run(ThreadPoolExecutor.java:615)
	at java.lang.Thread.run(Thread.java:745)
... Removed 16 stack frames</pre></div><a href='#' onClick='toggleBox("stack-trace14146432", this, "Click to show all stack frames", "Click to hide stack frames")'>Click to show all stack frames</a>
<div class='stack-trace' id='stack-trace14146432'><pre>java.lang.NoClassDefFoundError: Could not initialize class teammates.common.util.EmailTemplates
	at teammates.logic.core.Emails.generateFeedbackSessionOpeningEmails(Emails.java:374)
	at teammates.test.cases.logic.EmailsTest.testGenerateFeedbackSessionEmails(EmailsTest.java:553)
	at sun.reflect.NativeMethodAccessorImpl.invoke0(Native Method)
	at sun.reflect.NativeMethodAccessorImpl.invoke(NativeMethodAccessorImpl.java:57)
	at sun.reflect.DelegatingMethodAccessorImpl.invoke(DelegatingMethodAccessorImpl.java:43)
	at java.lang.reflect.Method.invoke(Method.java:606)
	at org.testng.internal.MethodInvocationHelper.invokeMethod(MethodInvocationHelper.java:84)
	at org.testng.internal.Invoker.invokeMethod(Invoker.java:714)
	at org.testng.internal.Invoker.invokeTestMethod(Invoker.java:901)
	at org.testng.internal.Invoker.invokeTestMethods(Invoker.java:1231)
	at org.testng.internal.TestMethodWorker.invokeTestMethods(TestMethodWorker.java:127)
	at org.testng.internal.TestMethodWorker.run(TestMethodWorker.java:111)
	at org.testng.TestRunner.privateRun(TestRunner.java:767)
	at org.testng.TestRunner.run(TestRunner.java:617)
	at org.testng.SuiteRunner.runTest(SuiteRunner.java:334)
	at org.testng.SuiteRunner.access$000(SuiteRunner.java:37)
	at org.testng.SuiteRunner$SuiteWorker.run(SuiteRunner.java:368)
	at org.testng.internal.thread.ThreadUtil$2.call(ThreadUtil.java:64)
	at java.util.concurrent.FutureTask.run(FutureTask.java:262)
	at java.util.concurrent.ThreadPoolExecutor.runWorker(ThreadPoolExecutor.java:1145)
	at java.util.concurrent.ThreadPoolExecutor$Worker.run(ThreadPoolExecutor.java:615)
	at java.lang.Thread.run(Thread.java:745)
</pre></div></td>
<td>1</td>
<td>teammates.test.cases.logic.EmailsTest@1110caf</td></tr>
<tr>
<td title='teammates.test.cases.logic.EmailsTest.testGenerateStudentCourseJoinEmail()'><b>testGenerateStudentCourseJoinEmail</b><br>Test class: teammates.test.cases.logic.EmailsTest</td>
<td><div><pre>java.lang.NoClassDefFoundError: Could not initialize class teammates.common.util.EmailTemplates
	at teammates.logic.core.Emails.generateStudentCourseJoinEmail(Emails.java:731)
	at teammates.test.cases.logic.EmailsTest.testGenerateStudentCourseJoinEmail(EmailsTest.java:410)
	at java.util.concurrent.FutureTask.run(FutureTask.java:262)
	at java.util.concurrent.ThreadPoolExecutor.runWorker(ThreadPoolExecutor.java:1145)
	at java.util.concurrent.ThreadPoolExecutor$Worker.run(ThreadPoolExecutor.java:615)
	at java.lang.Thread.run(Thread.java:745)
... Removed 16 stack frames</pre></div><a href='#' onClick='toggleBox("stack-trace3333681", this, "Click to show all stack frames", "Click to hide stack frames")'>Click to show all stack frames</a>
<div class='stack-trace' id='stack-trace3333681'><pre>java.lang.NoClassDefFoundError: Could not initialize class teammates.common.util.EmailTemplates
	at teammates.logic.core.Emails.generateStudentCourseJoinEmail(Emails.java:731)
	at teammates.test.cases.logic.EmailsTest.testGenerateStudentCourseJoinEmail(EmailsTest.java:410)
	at sun.reflect.NativeMethodAccessorImpl.invoke0(Native Method)
	at sun.reflect.NativeMethodAccessorImpl.invoke(NativeMethodAccessorImpl.java:57)
	at sun.reflect.DelegatingMethodAccessorImpl.invoke(DelegatingMethodAccessorImpl.java:43)
	at java.lang.reflect.Method.invoke(Method.java:606)
	at org.testng.internal.MethodInvocationHelper.invokeMethod(MethodInvocationHelper.java:84)
	at org.testng.internal.Invoker.invokeMethod(Invoker.java:714)
	at org.testng.internal.Invoker.invokeTestMethod(Invoker.java:901)
	at org.testng.internal.Invoker.invokeTestMethods(Invoker.java:1231)
	at org.testng.internal.TestMethodWorker.invokeTestMethods(TestMethodWorker.java:127)
	at org.testng.internal.TestMethodWorker.run(TestMethodWorker.java:111)
	at org.testng.TestRunner.privateRun(TestRunner.java:767)
	at org.testng.TestRunner.run(TestRunner.java:617)
	at org.testng.SuiteRunner.runTest(SuiteRunner.java:334)
	at org.testng.SuiteRunner.access$000(SuiteRunner.java:37)
	at org.testng.SuiteRunner$SuiteWorker.run(SuiteRunner.java:368)
	at org.testng.internal.thread.ThreadUtil$2.call(ThreadUtil.java:64)
	at java.util.concurrent.FutureTask.run(FutureTask.java:262)
	at java.util.concurrent.ThreadPoolExecutor.runWorker(ThreadPoolExecutor.java:1145)
	at java.util.concurrent.ThreadPoolExecutor$Worker.run(ThreadPoolExecutor.java:615)
	at java.lang.Thread.run(Thread.java:745)
</pre></div></td>
<td>0</td>
<td>teammates.test.cases.logic.EmailsTest@1110caf</td></tr>
<tr>
<td title='teammates.test.cases.logic.EmailsTest.testSystemCrashReportEmailContent()'><b>testSystemCrashReportEmailContent</b><br>Test class: teammates.test.cases.logic.EmailsTest</td>
<td><div><pre>java.lang.NoClassDefFoundError: Could not initialize class teammates.common.util.EmailTemplates
	at teammates.logic.core.Emails.generateSystemErrorEmail(Emails.java:845)
	at teammates.test.cases.logic.EmailsTest.testSystemCrashReportEmailContent(EmailsTest.java:612)
	at java.util.concurrent.FutureTask.run(FutureTask.java:262)
	at java.util.concurrent.ThreadPoolExecutor.runWorker(ThreadPoolExecutor.java:1145)
	at java.util.concurrent.ThreadPoolExecutor$Worker.run(ThreadPoolExecutor.java:615)
	at java.lang.Thread.run(Thread.java:745)
... Removed 16 stack frames</pre></div><a href='#' onClick='toggleBox("stack-trace10628537", this, "Click to show all stack frames", "Click to hide stack frames")'>Click to show all stack frames</a>
<div class='stack-trace' id='stack-trace10628537'><pre>java.lang.NoClassDefFoundError: Could not initialize class teammates.common.util.EmailTemplates
	at teammates.logic.core.Emails.generateSystemErrorEmail(Emails.java:845)
	at teammates.test.cases.logic.EmailsTest.testSystemCrashReportEmailContent(EmailsTest.java:612)
	at sun.reflect.NativeMethodAccessorImpl.invoke0(Native Method)
	at sun.reflect.NativeMethodAccessorImpl.invoke(NativeMethodAccessorImpl.java:57)
	at sun.reflect.DelegatingMethodAccessorImpl.invoke(DelegatingMethodAccessorImpl.java:43)
	at java.lang.reflect.Method.invoke(Method.java:606)
	at org.testng.internal.MethodInvocationHelper.invokeMethod(MethodInvocationHelper.java:84)
	at org.testng.internal.Invoker.invokeMethod(Invoker.java:714)
	at org.testng.internal.Invoker.invokeTestMethod(Invoker.java:901)
	at org.testng.internal.Invoker.invokeTestMethods(Invoker.java:1231)
	at org.testng.internal.TestMethodWorker.invokeTestMethods(TestMethodWorker.java:127)
	at org.testng.internal.TestMethodWorker.run(TestMethodWorker.java:111)
	at org.testng.TestRunner.privateRun(TestRunner.java:767)
	at org.testng.TestRunner.run(TestRunner.java:617)
	at org.testng.SuiteRunner.runTest(SuiteRunner.java:334)
	at org.testng.SuiteRunner.access$000(SuiteRunner.java:37)
	at org.testng.SuiteRunner$SuiteWorker.run(SuiteRunner.java:368)
	at org.testng.internal.thread.ThreadUtil$2.call(ThreadUtil.java:64)
	at java.util.concurrent.FutureTask.run(FutureTask.java:262)
	at java.util.concurrent.ThreadPoolExecutor.runWorker(ThreadPoolExecutor.java:1145)
	at java.util.concurrent.ThreadPoolExecutor$Worker.run(ThreadPoolExecutor.java:615)
	at java.lang.Thread.run(Thread.java:745)
</pre></div></td>
<td>0</td>
<td>teammates.test.cases.logic.EmailsTest@1110caf</td></tr>
</table><p>
</body>
</html>