<?xml version="1.0" encoding="UTF-8"?>
<!-- Generated by org.testng.reporters.JUnitXMLReporter -->
<testsuite hostname="soccf-tr5-001" name="parallel-ui-tests(failed)(failed)(failed)(failed)(failed)" tests="3" failures="3" timestamp="7 Aug 2014 03:56:21 GMT" time="100.87" errors="0">
  <testcase name="testAll" time="29.645" classname="teammates.test.cases.ui.browsertests.InstructorFeedbackSubmitPageUiTest">
    <failure type="java.lang.AssertionError">
      <![CDATA[java.lang.AssertionError: 
	at teammates.test.cases.ui.browsertests.InstructorFeedbackSubmitPageUiTest.testSubmitAction(InstructorFeedbackSubmitPageUiTest.java:188)
	at teammates.test.cases.ui.browsertests.InstructorFeedbackSubmitPageUiTest.testAll(InstructorFeedbackSubmitPageUiTest.java:51)
	at java.util.concurrent.ThreadPoolExecutor.runWorker(ThreadPoolExecutor.java:1145)
	at java.util.concurrent.ThreadPoolExecutor$Worker.run(ThreadPoolExecutor.java:615)
	at java.lang.Thread.run(Thread.java:745)
... Removed 14 stack frames]]>
    </failure>
  </testcase> <!-- testAll -->
  <testcase name="testAll" time="28.535" classname="teammates.test.cases.ui.browsertests.StudentFeedbackSubmitPageUiTest">
    <failure type="java.lang.AssertionError">
      <![CDATA[java.lang.AssertionError: 
	at teammates.test.cases.ui.browsertests.StudentFeedbackSubmitPageUiTest.testSubmitAction(StudentFeedbackSubmitPageUiTest.java:207)
	at teammates.test.cases.ui.browsertests.StudentFeedbackSubmitPageUiTest.testAll(StudentFeedbackSubmitPageUiTest.java:56)
	at java.util.concurrent.ThreadPoolExecutor.runWorker(ThreadPoolExecutor.java:1145)
	at java.util.concurrent.ThreadPoolExecutor$Worker.run(ThreadPoolExecutor.java:615)
	at java.lang.Thread.run(Thread.java:745)
... Removed 14 stack frames]]>
    </failure>
  </testcase> <!-- testAll -->
  <testcase name="allTests" time="89.838" classname="teammates.test.cases.ui.browsertests.InstructorFeedbackEditPageUiTest">
    <failure type="java.lang.AssertionError" message="expected:&amp;lt;[The interval 1 - 5 is not divisible by the specified increment.]&amp;gt; but was:&amp;lt;[Please enter valid numbers for all the options.]&amp;gt;">
      <![CDATA[java.lang.AssertionError: expected:<[The interval 1 - 5 is not divisible by the specified increment.]> but was:<[Please enter valid numbers for all the options.]>
	at teammates.test.cases.ui.browsertests.InstructorFeedbackEditPageUiTest.testInputValidationForNumScaleQuestion(InstructorFeedbackEditPageUiTest.java:627)
	at teammates.test.cases.ui.browsertests.InstructorFeedbackEditPageUiTest.allTests(InstructorFeedbackEditPageUiTest.java:105)
	at java.util.concurrent.ThreadPoolExecutor.runWorker(ThreadPoolExecutor.java:1145)
	at java.util.concurrent.ThreadPoolExecutor$Worker.run(ThreadPoolExecutor.java:615)
	at java.lang.Thread.run(Thread.java:745)
... Removed 12 stack frames]]>
    </failure>
  </testcase> <!-- allTests -->
</testsuite> <!-- parallel-ui-tests(failed)(failed)(failed)(failed)(failed) -->
