<?xml version="1.0" encoding="UTF-8"?>
<!-- Generated by org.testng.reporters.JUnitXMLReporter -->
<testsuite hostname="soccf-tr5-001" name="sequential-ui-tests(failed)(failed)(failed)(failed)(failed)" tests="1" failures="1" timestamp="10 Sep 2014 14:04:41 GMT" time="32.05" errors="0">
  <testcase name="testAll" time="11.766" classname="teammates.test.cases.ui.browsertests.InstructorCourseJoinConfirmationPageUiTest">
    <failure type="java.lang.RuntimeException" message="java.lang.reflect.InvocationTargetException">
      <![CDATA[java.lang.RuntimeException: java.lang.reflect.InvocationTargetException
	at teammates.test.pageobjects.AppPage.createNewPage(AppPage.java:1014)
	at teammates.test.pageobjects.AppPage.changePageType(AppPage.java:207)
	at teammates.test.pageobjects.InstructorCourseJoinConfirmationPage.clickConfirmButton(InstructorCourseJoinConfirmationPage.java:25)
	at teammates.test.cases.ui.browsertests.InstructorCourseJoinConfirmationPageUiTest.testJoinConfirmation(InstructorCourseJoinConfirmationPageUiTest.java:84)
	at teammates.test.cases.ui.browsertests.InstructorCourseJoinConfirmationPageUiTest.testAll(InstructorCourseJoinConfirmationPageUiTest.java:47)
	at java.util.concurrent.FutureTask.run(FutureTask.java:262)
	at java.util.concurrent.ThreadPoolExecutor.runWorker(ThreadPoolExecutor.java:1145)
	at java.util.concurrent.ThreadPoolExecutor$Worker.run(ThreadPoolExecutor.java:615)
	at java.lang.Thread.run(Thread.java:745)
	at teammates.test.pageobjects.AppPage.createNewPage(AppPage.java:1010)
	... 24 more
Caused by: java.lang.IllegalStateException: Not in the correct page!
	at teammates.test.pageobjects.AppPage.<init>(AppPage.java:148)
	at teammates.test.pageobjects.InstructorHomePage.<init>(InstructorHomePage.java:30)
	... 29 more
... Removed 21 stack frames]]>
    </failure>
  </testcase> <!-- testAll -->
</testsuite> <!-- sequential-ui-tests(failed)(failed)(failed)(failed)(failed) -->
