<?xml version="1.0" encoding="UTF-8"?>
<!-- Generated by org.testng.reporters.JUnitXMLReporter -->
<testsuite hostname="soccf-tr5-001" name="component-tests" tests="472" failures="23" timestamp="2 Jan 2015 09:17:01 GMT" time="397.255" errors="0">
  <testcase name="testCreateAccount" time="1.888" classname="teammates.test.cases.storage.AccountsDbTest"/>
  <testcase name="testDeleteAccount" time="2.262" classname="teammates.test.cases.storage.AccountsDbTest"/>
  <testcase name="testEditAccount" time="0.047" classname="teammates.test.cases.storage.AccountsDbTest"/>
  <testcase name="testGetAccount" time="0.015" classname="teammates.test.cases.storage.AccountsDbTest"/>
  <testcase name="testGetInstructorAccounts" time="0.922" classname="teammates.test.cases.storage.AccountsDbTest"/>
  <testcase name="testCreateComment" time="0.436" classname="teammates.test.cases.storage.CommentsDbTest"/>
  <testcase name="testDeleteComment" time="0.016" classname="teammates.test.cases.storage.CommentsDbTest"/>
  <testcase name="testDeleteComments" time="0.109" classname="teammates.test.cases.storage.CommentsDbTest"/>
  <testcase name="testGetComment" time="0.047" classname="teammates.test.cases.storage.CommentsDbTest"/>
  <testcase name="testUpdateComment" time="0.016" classname="teammates.test.cases.storage.CommentsDbTest"/>
  <testcase name="testUpdateInstructorEmailAndStudentEmail" time="0.093" classname="teammates.test.cases.storage.CommentsDbTest"/>
  <testcase name="testCreateCourse" time="0.016" classname="teammates.test.cases.storage.CoursesDbTest"/>
  <testcase name="testDeleteCourse" time="0.062" classname="teammates.test.cases.storage.CoursesDbTest"/>
  <testcase name="testGetCourse" time="0.016" classname="teammates.test.cases.storage.CoursesDbTest"/>
  <testcase name="testUpdateCourse" time="0.0" classname="teammates.test.cases.storage.CoursesDbTest"/>
  <testcase name="testCreateEntity" time="0.015" classname="teammates.test.cases.storage.EntitiesDbTest"/>
  <testcase name="testCreateEvaluation" time="0.032" classname="teammates.test.cases.storage.EvaluationsDbTest"/>
  <testcase name="testDeleteEvaluation" time="0.015" classname="teammates.test.cases.storage.EvaluationsDbTest"/>
  <testcase name="testGetEvaluation" time="0.016" classname="teammates.test.cases.storage.EvaluationsDbTest"/>
  <testcase name="testUpdateEvaluation" time="0.015" classname="teammates.test.cases.storage.EvaluationsDbTest"/>
  <testcase name="testCreateDeleteFeedbackQuestion" time="0.016" classname="teammates.test.cases.storage.FeedbackQuestionsDbTest"/>
  <testcase name="testGetFeedbackQuestions" time="0.016" classname="teammates.test.cases.storage.FeedbackQuestionsDbTest"/>
  <testcase name="testGetFeedbackQuestionsForGiverType" time="0.062" classname="teammates.test.cases.storage.FeedbackQuestionsDbTest"/>
  <testcase name="testGetFeedbackQuestionsForSession" time="0.031" classname="teammates.test.cases.storage.FeedbackQuestionsDbTest"/>
  <testcase name="testUpdateFeedbackQuestion" time="0.031" classname="teammates.test.cases.storage.FeedbackQuestionsDbTest"/>
  <testcase name="testAll" time="0.031" classname="teammates.test.cases.storage.FeedbackResponseCommentsDbTest"/>
  <testcase name="testCreateDeleteFeedbackResponse" time="0.016" classname="teammates.test.cases.storage.FeedbackResponsesDbTest"/>
  <testcase name="testGetFeedbackResponses" time="0.015" classname="teammates.test.cases.storage.FeedbackResponsesDbTest"/>
  <testcase name="testGetFeedbackResponsesForQuestion" time="0.0" classname="teammates.test.cases.storage.FeedbackResponsesDbTest"/>
  <testcase name="testGetFeedbackResponsesForQuestionInSection" time="0.0" classname="teammates.test.cases.storage.FeedbackResponsesDbTest"/>
  <testcase name="testGetFeedbackResponsesForReceiverForCourse" time="0.016" classname="teammates.test.cases.storage.FeedbackResponsesDbTest"/>
  <testcase name="testGetFeedbackResponsesForReceiverForQuestion" time="0.0" classname="teammates.test.cases.storage.FeedbackResponsesDbTest"/>
  <testcase name="testGetFeedbackResponsesForReceiverForQuestionInSection" time="0.016" classname="teammates.test.cases.storage.FeedbackResponsesDbTest"/>
  <testcase name="testGetFeedbackResponsesForSession" time="0.0" classname="teammates.test.cases.storage.FeedbackResponsesDbTest"/>
  <testcase name="testGetFeedbackResponsesForSessionFromSection" time="0.015" classname="teammates.test.cases.storage.FeedbackResponsesDbTest"/>
  <testcase name="testGetFeedbackResponsesForSessionInSection" time="0.0" classname="teammates.test.cases.storage.FeedbackResponsesDbTest"/>
  <testcase name="testGetFeedbackResponsesForSessionToSection" time="0.016" classname="teammates.test.cases.storage.FeedbackResponsesDbTest"/>
  <testcase name="testGetFeedbackResponsesForSessionWithinRange" time="0.0" classname="teammates.test.cases.storage.FeedbackResponsesDbTest"/>
  <testcase name="testGetFeedbackResponsesFromGiverForCourse" time="0.015" classname="teammates.test.cases.storage.FeedbackResponsesDbTest"/>
  <testcase name="testGetFeedbackResponsesFromGiverForQuestion" time="0.016" classname="teammates.test.cases.storage.FeedbackResponsesDbTest"/>
  <testcase name="testGetFeedbackResponsesFromGiverForQuestionInSection" time="0.0" classname="teammates.test.cases.storage.FeedbackResponsesDbTest"/>
  <testcase name="testUpdateFeedbackResponse" time="0.015" classname="teammates.test.cases.storage.FeedbackResponsesDbTest"/>
  <testcase name="testAllGetFeedbackSessions" time="0.172" classname="teammates.test.cases.storage.FeedbackSessionsDbTest"/>
  <testcase name="testCreateDeleteFeedbackSession" time="0.016" classname="teammates.test.cases.storage.FeedbackSessionsDbTest"/>
  <testcase name="testUpdateFeedbackSession" time="0.031" classname="teammates.test.cases.storage.FeedbackSessionsDbTest"/>
  <testcase name="testCreateInstructor" time="0.0" classname="teammates.test.cases.storage.InstructorsDbTest"/>
  <testcase name="testDeleteInstructor" time="1.326" classname="teammates.test.cases.storage.InstructorsDbTest"/>
  <testcase name="testDeleteInstructorsForCourse" time="0.032" classname="teammates.test.cases.storage.InstructorsDbTest"/>
  <testcase name="testDeleteInstructorsForGoogleId" time="0.062" classname="teammates.test.cases.storage.InstructorsDbTest"/>
  <testcase name="testGetInstructorForEmail" time="0.016" classname="teammates.test.cases.storage.InstructorsDbTest"/>
  <testcase name="testGetInstructorForGoogleId" time="0.078" classname="teammates.test.cases.storage.InstructorsDbTest"/>
  <testcase name="testGetInstructorForRegistrationKey" time="0.078" classname="teammates.test.cases.storage.InstructorsDbTest"/>
  <testcase name="testGetInstructorsForCourse" time="0.015" classname="teammates.test.cases.storage.InstructorsDbTest"/>
  <testcase name="testGetInstructorsForEmail" time="0.0" classname="teammates.test.cases.storage.InstructorsDbTest"/>
  <testcase name="testGetInstructorsForGoogleId" time="0.0" classname="teammates.test.cases.storage.InstructorsDbTest"/>
  <testcase name="testUpdateInstructorByEmail" time="3.105" classname="teammates.test.cases.storage.InstructorsDbTest"/>
  <testcase name="testUpdateInstructorByGoogleId" time="0.031" classname="teammates.test.cases.storage.InstructorsDbTest"/>
  <testcase name="testDeleteProfilePicture" time="0.016" classname="teammates.test.cases.storage.ProfilesDbTest"/>
  <testcase name="testGetStudentProfile" time="0.016" classname="teammates.test.cases.storage.ProfilesDbTest"/>
  <testcase name="testUpdateStudentProfile" time="0.046" classname="teammates.test.cases.storage.ProfilesDbTest"/>
  <testcase name="testUpdateStudentProfilePicture" time="0.032" classname="teammates.test.cases.storage.ProfilesDbTest"/>
  <testcase name="testCreateStudent" time="0.015" classname="teammates.test.cases.storage.StudentsDbTest"/>
  <testcase name="testDeleteStudent" time="0.031" classname="teammates.test.cases.storage.StudentsDbTest"/>
  <testcase name="testGetStudent" time="0.047" classname="teammates.test.cases.storage.StudentsDbTest"/>
  <testcase name="testupdateStudentWithoutDocument" time="0.031" classname="teammates.test.cases.storage.StudentsDbTest"/>
  <testcase name="testCreateSubmission" time="0.016" classname="teammates.test.cases.storage.SubmissionsDbTest"/>
  <testcase name="testDeleteSubmission" time="0.016" classname="teammates.test.cases.storage.SubmissionsDbTest"/>
  <testcase name="testEditSubmission" time="0.015" classname="teammates.test.cases.storage.SubmissionsDbTest"/>
  <testcase name="testGetSubmission" time="0.0" classname="teammates.test.cases.storage.SubmissionsDbTest"/>
  <testcase name="testAssertContains" time="0.0" classname="teammates.test.cases.BaseTestCaseTest"/>
  <testcase name="testAssertContainsRegex" time="0.047" classname="teammates.test.cases.BaseTestCaseTest"/>
  <testcase name="testGetEntityTypeAsString" time="0.0" classname="teammates.test.cases.common.AccountAttributesTest"/>
  <testcase name="testGetIdentificationString" time="0.0" classname="teammates.test.cases.common.AccountAttributesTest"/>
  <testcase name="testGetInvalidStateInfo" time="0.0" classname="teammates.test.cases.common.AccountAttributesTest"/>
  <testcase name="testLegacyAccountEntityToAttributes" time="0.0" classname="teammates.test.cases.common.AccountAttributesTest"/>
  <testcase name="testSanitizeForSaving" time="0.0" classname="teammates.test.cases.common.AccountAttributesTest"/>
  <testcase name="testToEntity" time="0.0" classname="teammates.test.cases.common.AccountAttributesTest"/>
  <testcase name="testToString" time="0.0" classname="teammates.test.cases.common.AccountAttributesTest"/>
  <testcase name="checkPresence" time="0.0" classname="teammates.test.cases.common.BuildPropertiesTest"/>
  <testcase name="checkReadingEmailTemplates" time="0.14" classname="teammates.test.cases.common.BuildPropertiesTest">
    <failure type="java.lang.ExceptionInInitializerError">
      <![CDATA[java.lang.ExceptionInInitializerError
	at teammates.test.cases.common.BuildPropertiesTest.checkReadingEmailTemplates(BuildPropertiesTest.java:21)
	at java.util.concurrent.FutureTask.run(FutureTask.java:262)
	at java.util.concurrent.ThreadPoolExecutor.runWorker(ThreadPoolExecutor.java:1145)
	at java.util.concurrent.ThreadPoolExecutor$Worker.run(ThreadPoolExecutor.java:615)
	at java.lang.Thread.run(Thread.java:745)
Caused by: java.lang.NullPointerException: source
	at java.util.Objects.requireNonNull(Objects.java:226)
	at java.util.Scanner.<init>(Scanner.java:623)
	at teammates.common.util.FileHelper.readStream(FileHelper.java:38)
	at teammates.common.util.FileHelper.readResourseFile(FileHelper.java:45)
	at teammates.common.util.EmailTemplates.<clinit>(EmailTemplates.java:11)
	... 21 more
... Removed 16 stack frames]]>
    </failure>
  </testcase> <!-- checkReadingEmailTemplates -->
  <testcase name="testBasicGetters" time="0.0" classname="teammates.test.cases.common.CommentAttributesTest"/>
  <testcase name="testSanitize" time="0.0" classname="teammates.test.cases.common.CommentAttributesTest"/>
  <testcase name="testValidate" time="0.016" classname="teammates.test.cases.common.CommentAttributesTest"/>
  <testcase name="testGetValidityInfo" time="0.0" classname="teammates.test.cases.common.CourseAttributesTest"/>
  <testcase name="testIsValid" time="0.0" classname="teammates.test.cases.common.CourseAttributesTest"/>
  <testcase name="testToString" time="0.0" classname="teammates.test.cases.common.CourseAttributesTest"/>
  <testcase name="testValidate" time="0.0" classname="teammates.test.cases.common.CourseAttributesTest"/>
  <testcase name="allTests" time="0.0" classname="teammates.test.cases.common.CourseRosterTest"/>
  <testcase name="testCalculateEvalStatus" time="0.0" classname="teammates.test.cases.common.EvaluationAttributesTest"/>
  <testcase name="testGetInvalidStateInfo" time="0.0" classname="teammates.test.cases.common.EvaluationAttributesTest"/>
  <testcase name="testIsReady" time="0.0" classname="teammates.test.cases.common.EvaluationAttributesTest"/>
  <testcase name="testIsValid" time="0.0" classname="teammates.test.cases.common.EvaluationAttributesTest"/>
  <testcase name="testSanitizeForSaving" time="0.0" classname="teammates.test.cases.common.EvaluationAttributesTest"/>
  <testcase name="testSetDerivedAttributes" time="0.078" classname="teammates.test.cases.common.EvaluationAttributesTest"/>
  <testcase name="testToString" time="0.0" classname="teammates.test.cases.common.EvaluationAttributesTest"/>
  <testcase name="testValidate" time="0.0" classname="teammates.test.cases.common.EvaluationAttributesTest"/>
  <testcase name="testRemoveIrrelevantVisibilityOptions" time="0.0" classname="teammates.test.cases.common.FeedbackQuestionAttributesTest"/>
  <testcase name="testValidate" time="0.0" classname="teammates.test.cases.common.FeedbackQuestionAttributesTest"/>
  <testcase name="testCreateResponseDetails" time="0.016" classname="teammates.test.cases.common.FeedbackResponseDetailsTest"/>
  <testcase name="testBasicGetters" time="0.0" classname="teammates.test.cases.common.FeedbackSessionAttributesTest"/>
  <testcase name="testValidate" time="0.0" classname="teammates.test.cases.common.FeedbackSessionAttributesTest"/>
  <testcase name="TestGetValidityInfo_INSTRUCTOR_ROLE" time="0.0" classname="teammates.test.cases.common.FieldValidatorTest"/>
  <testcase name="testGetValidityInfoForAllowedName" time="0.0" classname="teammates.test.cases.common.FieldValidatorTest"/>
  <testcase name="testGetValidityInfoForSizeCappedNonEmptyString" time="0.0" classname="teammates.test.cases.common.FieldValidatorTest"/>
  <testcase name="testGetValidityInfoForSizeCappedPossiblyEmptyString" time="0.0" classname="teammates.test.cases.common.FieldValidatorTest"/>
  <testcase name="testGetValidityInfo_COUNTRY" time="0.0" classname="teammates.test.cases.common.FieldValidatorTest"/>
  <testcase name="testGetValidityInfo_COURSE_ID" time="0.0" classname="teammates.test.cases.common.FieldValidatorTest"/>
  <testcase name="testGetValidityInfo_COURSE_NAME" time="0.0" classname="teammates.test.cases.common.FieldValidatorTest"/>
  <testcase name="testGetValidityInfo_EMAIL" time="0.0" classname="teammates.test.cases.common.FieldValidatorTest"/>
  <testcase name="testGetValidityInfo_EVALUATION_NAME" time="0.0" classname="teammates.test.cases.common.FieldValidatorTest"/>
  <testcase name="testGetValidityInfo_GENDER" time="0.0" classname="teammates.test.cases.common.FieldValidatorTest"/>
  <testcase name="testGetValidityInfo_GOOGLE_ID" time="0.0" classname="teammates.test.cases.common.FieldValidatorTest"/>
  <testcase name="testGetValidityInfo_INSTITUTE_NAME" time="0.0" classname="teammates.test.cases.common.FieldValidatorTest"/>
  <testcase name="testGetValidityInfo_PERSON_NAME" time="0.0" classname="teammates.test.cases.common.FieldValidatorTest"/>
  <testcase name="testGetValidityInfo_STUDENT_ROLE_COMMENTS" time="0.0" classname="teammates.test.cases.common.FieldValidatorTest"/>
  <testcase name="testGetValidityInfo_TEAM_NAME" time="0.0" classname="teammates.test.cases.common.FieldValidatorTest"/>
  <testcase name="test_REGEX_COURSE_ID" time="0.0" classname="teammates.test.cases.common.FieldValidatorTest"/>
  <testcase name="test_REGEX_EMAIL" time="0.0" classname="teammates.test.cases.common.FieldValidatorTest"/>
  <testcase name="test_REGEX_GOOGLE_ID_NON_EMAIL" time="0.0" classname="teammates.test.cases.common.FieldValidatorTest"/>
  <testcase name="test_REGEX_NAME" time="0.0" classname="teammates.test.cases.common.FieldValidatorTest"/>
  <testcase name="test_REGEX_SAMPLE_COURSE_ID" time="0.0" classname="teammates.test.cases.common.FieldValidatorTest"/>
  <testcase name="testConstructor" time="0.0" classname="teammates.test.cases.common.InstructorAttributesTest"/>
  <testcase name="testGetInvalidityInfo" time="0.0" classname="teammates.test.cases.common.InstructorAttributesTest"/>
  <testcase name="testIsAllowedForPrivilege" time="0.0" classname="teammates.test.cases.common.InstructorAttributesTest"/>
  <testcase name="testIsEqualToAnotherInstructor" time="0.0" classname="teammates.test.cases.common.InstructorAttributesTest"/>
  <testcase name="testIsRegistered" time="0.0" classname="teammates.test.cases.common.InstructorAttributesTest"/>
  <testcase name="testSanitizeForSaving" time="0.0" classname="teammates.test.cases.common.InstructorAttributesTest"/>
  <testcase name="testToEntity" time="0.0" classname="teammates.test.cases.common.InstructorAttributesTest"/>
  <testcase name="testAddSectionWithDefaultPrivilegesToSectionLevel" time="0.0" classname="teammates.test.cases.common.InstructorPrivilegesTest"/>
  <testcase name="testAddSessionWithDefaultPrivilegesToSessionLevel" time="0.0" classname="teammates.test.cases.common.InstructorPrivilegesTest"/>
  <testcase name="testConstructor" time="0.0" classname="teammates.test.cases.common.InstructorPrivilegesTest"/>
  <testcase name="testIsAllowedForPrivilege" time="0.0" classname="teammates.test.cases.common.InstructorPrivilegesTest"/>
  <testcase name="testIsPrivilegeNameValid" time="0.0" classname="teammates.test.cases.common.InstructorPrivilegesTest"/>
  <testcase name="testSetDefault" time="0.0" classname="teammates.test.cases.common.InstructorPrivilegesTest"/>
  <testcase name="testUpdatePrivilegeInCourseLevel" time="0.0" classname="teammates.test.cases.common.InstructorPrivilegesTest"/>
  <testcase name="testUpdatePrivilegeInSectionLevel" time="0.0" classname="teammates.test.cases.common.InstructorPrivilegesTest"/>
  <testcase name="testUpdatePrivilegeInSessionLevel" time="0.0" classname="teammates.test.cases.common.InstructorPrivilegesTest"/>
  <testcase name="testUpdatePrivilegesInSectionLevel" time="0.0" classname="teammates.test.cases.common.InstructorPrivilegesTest"/>
  <testcase name="testUpdatePrivilegesInSessionLevel" time="0.0" classname="teammates.test.cases.common.InstructorPrivilegesTest"/>
  <testcase name="testValidatePrivileges" time="0.0" classname="teammates.test.cases.common.InstructorPrivilegesTest"/>
  <testcase name="testSanitizeEmail" time="0.0" classname="teammates.test.cases.common.SanitizerTest"/>
  <testcase name="testSanitizeForCsv" time="0.0" classname="teammates.test.cases.common.SanitizerTest"/>
  <testcase name="testSanitizeForHtml" time="0.0" classname="teammates.test.cases.common.SanitizerTest"/>
  <testcase name="testSanitizeForJs" time="0.0" classname="teammates.test.cases.common.SanitizerTest"/>
  <testcase name="testSanitizeForRichText" time="0.0" classname="teammates.test.cases.common.SanitizerTest"/>
  <testcase name="testSanitizeGoogleId" time="0.0" classname="teammates.test.cases.common.SanitizerTest"/>
  <testcase name="testSanitizeListForCsv" time="0.0" classname="teammates.test.cases.common.SanitizerTest"/>
  <testcase name="testSanitizeName" time="0.0" classname="teammates.test.cases.common.SanitizerTest"/>
  <testcase name="testSanitizeTextField" time="0.0" classname="teammates.test.cases.common.SanitizerTest"/>
  <testcase name="testSanitizeTitle" time="0.0" classname="teammates.test.cases.common.SanitizerTest"/>
  <testcase name="testSort" time="0.0" classname="teammates.test.cases.common.SessionAttributesTest"/>
  <testcase name="testGenerateStringOfLength" time="0.0" classname="teammates.test.cases.common.StringHelperTest"/>
  <testcase name="testIsAnyMatching" time="0.0" classname="teammates.test.cases.common.StringHelperTest"/>
  <testcase name="testIsMatching" time="0.141" classname="teammates.test.cases.common.StringHelperTest"/>
  <testcase name="testIsWhiteSpace" time="0.0" classname="teammates.test.cases.common.StringHelperTest"/>
  <testcase name="testKeyEncryption" time="0.0" classname="teammates.test.cases.common.StringHelperTest"/>
  <testcase name="testRecoverFromSanitizedText" time="0.0" classname="teammates.test.cases.common.StringHelperTest"/>
  <testcase name="testRemoveExtraSpace" time="0.0" classname="teammates.test.cases.common.StringHelperTest"/>
  <testcase name="testSplitName" time="0.0" classname="teammates.test.cases.common.StringHelperTest"/>
  <testcase name="testToStringForStringLists" time="0.0" classname="teammates.test.cases.common.StringHelperTest"/>
  <testcase name="testConstructor" time="0.015" classname="teammates.test.cases.common.StudentAttributesFactoryTest"/>
  <testcase name="testLocateColumnIndexes" time="0.0" classname="teammates.test.cases.common.StudentAttributesFactoryTest"/>
  <testcase name="testMakeStudent" time="0.0" classname="teammates.test.cases.common.StudentAttributesFactoryTest"/>
  <testcase name="testSplitLineIntoColumns" time="0.0" classname="teammates.test.cases.common.StudentAttributesFactoryTest"/>
  <testcase name="testGetPublicProfilePictureUrl" time="0.0" classname="teammates.test.cases.common.StudentAttributesTest"/>
  <testcase name="testGetRegistrationLink" time="0.0" classname="teammates.test.cases.common.StudentAttributesTest"/>
  <testcase name="testGetValidityInfo" time="0.0" classname="teammates.test.cases.common.StudentAttributesTest"/>
  <testcase name="testIsEnrollInfoSameAs" time="0.0" classname="teammates.test.cases.common.StudentAttributesTest"/>
  <testcase name="testIsRegistered" time="0.0" classname="teammates.test.cases.common.StudentAttributesTest"/>
  <testcase name="testIsValid" time="0.0" classname="teammates.test.cases.common.StudentAttributesTest"/>
  <testcase name="testSortByNameAndThenByEmail" time="0.0" classname="teammates.test.cases.common.StudentAttributesTest"/>
  <testcase name="testSortBySection" time="0.0" classname="teammates.test.cases.common.StudentAttributesTest"/>
  <testcase name="testSortByTeam" time="0.0" classname="teammates.test.cases.common.StudentAttributesTest"/>
  <testcase name="testStudentConstructor" time="0.016" classname="teammates.test.cases.common.StudentAttributesTest"/>
  <testcase name="testToEnrollmentString" time="0.0" classname="teammates.test.cases.common.StudentAttributesTest"/>
  <testcase name="testToString" time="0.0" classname="teammates.test.cases.common.StudentAttributesTest"/>
  <testcase name="testUpdateStatusEnum" time="0.0" classname="teammates.test.cases.common.StudentAttributesTest"/>
  <testcase name="testValidate" time="0.0" classname="teammates.test.cases.common.StudentAttributesTest"/>
  <testcase name="testGetEntityTypeAsString" time="0.0" classname="teammates.test.cases.common.StudentProfileAttributesTest"/>
  <testcase name="testGetInvalidityInfo" time="0.0" classname="teammates.test.cases.common.StudentProfileAttributesTest"/>
  <testcase name="testSanitizeForSaving" time="0.0" classname="teammates.test.cases.common.StudentProfileAttributesTest"/>
  <testcase name="testToEntity" time="0.0" classname="teammates.test.cases.common.StudentProfileAttributesTest"/>
  <testcase name="testToString" time="0.0" classname="teammates.test.cases.common.StudentProfileAttributesTest"/>
  <testcase name="testeGetIdentificationString" time="0.0" classname="teammates.test.cases.common.StudentProfileAttributesTest"/>
  <testcase name="testSortIncomingByFeedbackAscending" time="0.015" classname="teammates.test.cases.common.StudentResultBundleTest"/>
  <testcase name="testSortIncomingByStudentNameAscending" time="0.0" classname="teammates.test.cases.common.StudentResultBundleTest"/>
  <testcase name="testSortOutgoingByStudentNameAscending" time="0.0" classname="teammates.test.cases.common.StudentResultBundleTest"/>
  <testcase name="testGetInvalidStateInfo" time="0.0" classname="teammates.test.cases.common.SubmissionAttributesTest"/>
  <testcase name="testIsSelfvaluation" time="0.0" classname="teammates.test.cases.common.SubmissionAttributesTest"/>
  <testcase name="testIsValid" time="0.0" classname="teammates.test.cases.common.SubmissionAttributesTest"/>
  <testcase name="testValidate" time="0.0" classname="teammates.test.cases.common.SubmissionAttributesTest"/>
  <testcase name="testSortByStudentNameAscending" time="0.0" classname="teammates.test.cases.common.TeamResultBundleTest"/>
  <testcase name="testCombineDateTime" time="0.0" classname="teammates.test.cases.common.TimeHelperTest"/>
  <testcase name="testFormatTimeForEvaluation" time="0.0" classname="teammates.test.cases.common.TimeHelperTest"/>
  <testcase name="testTrimTrailingSlash" time="0.0" classname="teammates.test.cases.common.UrlTest"/>
  <testcase name="testDataBundle" time="0.016" classname="teammates.test.cases.testdriver.DataBundleTest"/>
  <testcase name="testComparison" time="0.671" classname="teammates.test.cases.testdriver.HtmlHelperTest"/>
  <testcase name="testConvertToStandardHtml" time="0.047" classname="teammates.test.cases.testdriver.HtmlHelperTest"/>
  <testcase name="testConvertToStandardHtmlPart" time="0.078" classname="teammates.test.cases.testdriver.HtmlHelperTest"/>
  <testcase name="testConstruction" time="0.0" classname="teammates.test.cases.testdriver.TestPropertiesTest"/>
  <testcase name="testExtractVersionNumber" time="0.0" classname="teammates.test.cases.testdriver.TestPropertiesTest"/>
  <testcase name="testAccountFunctions" time="0.249" classname="teammates.test.cases.logic.AccountsLogicTest"/>
  <testcase name="testCreateAccount" time="0.032" classname="teammates.test.cases.logic.AccountsLogicTest"/>
  <testcase name="testDeleteAccountCascade" time="0.046" classname="teammates.test.cases.logic.AccountsLogicTest"/>
  <testcase name="testDeletePicture" time="0.079" classname="teammates.test.cases.logic.AccountsLogicTest"/>
  <testcase name="testGetInstructorAccounts" time="0.032" classname="teammates.test.cases.logic.AccountsLogicTest"/>
  <testcase name="testJoinCourseForInstructor" time="0.218" classname="teammates.test.cases.logic.AccountsLogicTest"/>
  <testcase name="testJoinCourseForStudent" time="0.328" classname="teammates.test.cases.logic.AccountsLogicTest"/>
  <testcase name="testStudentProfileFunctions" time="0.031" classname="teammates.test.cases.logic.AccountsLogicTest"/>
  <testcase name="testGetSubmission" time="0.016" classname="teammates.test.cases.logic.BackDoorLogicTest"/>
  <testcase name="testPersistDataBundle" time="1.279" classname="teammates.test.cases.logic.BackDoorLogicTest"/>
  <testcase name="testCreateComment" time="0.062" classname="teammates.test.cases.logic.CommentsLogicTest"/>
  <testcase name="testDeleteComment" time="0.047" classname="teammates.test.cases.logic.CommentsLogicTest"/>
  <testcase name="testGetComments" time="0.296" classname="teammates.test.cases.logic.CommentsLogicTest"/>
  <testcase name="testUpdateComment" time="0.0" classname="teammates.test.cases.logic.CommentsLogicTest"/>
  <testcase name="testAll" time="1.217" classname="teammates.test.cases.logic.CoursesLogicTest"/>
  <testcase name="testGenerateEvaluationEmailBase" time="0.0" classname="teammates.test.cases.logic.EmailsTest">
    <failure type="java.lang.NoClassDefFoundError" message="Could not initialize class teammates.common.util.EmailTemplates">
      <![CDATA[java.lang.NoClassDefFoundError: Could not initialize class teammates.common.util.EmailTemplates
	at teammates.test.cases.logic.EmailsTest.testGenerateEvaluationEmailBase(EmailsTest.java:114)
	at java.util.concurrent.FutureTask.run(FutureTask.java:262)
	at java.util.concurrent.ThreadPoolExecutor.runWorker(ThreadPoolExecutor.java:1145)
	at java.util.concurrent.ThreadPoolExecutor$Worker.run(ThreadPoolExecutor.java:615)
	at java.lang.Thread.run(Thread.java:745)
... Removed 16 stack frames]]>
    </failure>
  </testcase> <!-- testGenerateEvaluationEmailBase -->
  <testcase name="testGenerateEvaluationEmails" time="0.0" classname="teammates.test.cases.logic.EmailsTest">
    <failure type="java.lang.NoClassDefFoundError" message="Could not initialize class teammates.common.util.EmailTemplates">
      <![CDATA[java.lang.NoClassDefFoundError: Could not initialize class teammates.common.util.EmailTemplates
	at teammates.logic.core.Emails.generateEvaluationOpeningEmails(Emails.java:136)
	at teammates.test.cases.logic.EmailsTest.testGenerateEvaluationEmails(EmailsTest.java:482)
	at java.util.concurrent.FutureTask.run(FutureTask.java:262)
	at java.util.concurrent.ThreadPoolExecutor.runWorker(ThreadPoolExecutor.java:1145)
	at java.util.concurrent.ThreadPoolExecutor$Worker.run(ThreadPoolExecutor.java:615)
	at java.lang.Thread.run(Thread.java:745)
... Removed 16 stack frames]]>
    </failure>
  </testcase> <!-- testGenerateEvaluationEmails -->
  <testcase name="testGenerateFeedbackEmailBase" time="0.0" classname="teammates.test.cases.logic.EmailsTest">
    <failure type="java.lang.NoClassDefFoundError" message="Could not initialize class teammates.common.util.EmailTemplates">
      <![CDATA[java.lang.NoClassDefFoundError: Could not initialize class teammates.common.util.EmailTemplates
	at teammates.test.cases.logic.EmailsTest.testGenerateFeedbackEmailBase(EmailsTest.java:266)
	at java.util.concurrent.FutureTask.run(FutureTask.java:262)
	at java.util.concurrent.ThreadPoolExecutor.runWorker(ThreadPoolExecutor.java:1145)
	at java.util.concurrent.ThreadPoolExecutor$Worker.run(ThreadPoolExecutor.java:615)
	at java.lang.Thread.run(Thread.java:745)
... Removed 16 stack frames]]>
    </failure>
  </testcase> <!-- testGenerateFeedbackEmailBase -->
  <testcase name="testGenerateFeedbackSessionEmails" time="1.778" classname="teammates.test.cases.logic.EmailsTest">
    <failure type="java.lang.NoClassDefFoundError" message="Could not initialize class teammates.common.util.EmailTemplates">
      <![CDATA[java.lang.NoClassDefFoundError: Could not initialize class teammates.common.util.EmailTemplates
	at teammates.logic.core.Emails.generateFeedbackSessionOpeningEmails(Emails.java:373)
	at teammates.test.cases.logic.EmailsTest.testGenerateFeedbackSessionEmails(EmailsTest.java:553)
	at java.util.concurrent.FutureTask.run(FutureTask.java:262)
	at java.util.concurrent.ThreadPoolExecutor.runWorker(ThreadPoolExecutor.java:1145)
	at java.util.concurrent.ThreadPoolExecutor$Worker.run(ThreadPoolExecutor.java:615)
	at java.lang.Thread.run(Thread.java:745)
... Removed 16 stack frames]]>
    </failure>
  </testcase> <!-- testGenerateFeedbackSessionEmails -->
  <testcase name="testGenerateStudentCourseJoinEmail" time="0.422" classname="teammates.test.cases.logic.EmailsTest">
    <failure type="java.lang.NoClassDefFoundError" message="Could not initialize class teammates.common.util.EmailTemplates">
      <![CDATA[java.lang.NoClassDefFoundError: Could not initialize class teammates.common.util.EmailTemplates
	at teammates.logic.core.Emails.generateStudentCourseJoinEmail(Emails.java:750)
	at teammates.test.cases.logic.EmailsTest.testGenerateStudentCourseJoinEmail(EmailsTest.java:410)
	at java.util.concurrent.FutureTask.run(FutureTask.java:262)
	at java.util.concurrent.ThreadPoolExecutor.runWorker(ThreadPoolExecutor.java:1145)
	at java.util.concurrent.ThreadPoolExecutor$Worker.run(ThreadPoolExecutor.java:615)
	at java.lang.Thread.run(Thread.java:745)
... Removed 16 stack frames]]>
    </failure>
  </testcase> <!-- testGenerateStudentCourseJoinEmail -->
  <testcase name="testGetEmailInfo" time="0.031" classname="teammates.test.cases.logic.EmailsTest"/>
  <testcase name="testNoExceptionThrownWhenNoMessagesToSend" time="0.0" classname="teammates.test.cases.logic.EmailsTest"/>
  <testcase name="testSystemCrashReportEmailContent" time="0.0" classname="teammates.test.cases.logic.EmailsTest">
    <failure type="java.lang.NoClassDefFoundError" message="Could not initialize class teammates.common.util.EmailTemplates">
      <![CDATA[java.lang.NoClassDefFoundError: Could not initialize class teammates.common.util.EmailTemplates
	at teammates.logic.core.Emails.generateSystemErrorEmail(Emails.java:846)
	at teammates.test.cases.logic.EmailsTest.testSystemCrashReportEmailContent(EmailsTest.java:612)
	at java.util.concurrent.FutureTask.run(FutureTask.java:262)
	at java.util.concurrent.ThreadPoolExecutor.runWorker(ThreadPoolExecutor.java:1145)
	at java.util.concurrent.ThreadPoolExecutor$Worker.run(ThreadPoolExecutor.java:615)
	at java.lang.Thread.run(Thread.java:745)
... Removed 16 stack frames]]>
    </failure>
  </testcase> <!-- testSystemCrashReportEmailContent -->
  <testcase name="testEvaluationsPublishEmail" time="3.245" classname="teammates.test.cases.logic.EvaluationsEmailTaskQueueTest"/>
  <testcase name="testEvaluationsRemindEmail" time="2.029" classname="teammates.test.cases.logic.EvaluationsEmailTaskQueueTest"/>
  <testcase name="testAll" time="0.031" classname="teammates.test.cases.logic.EvaluationsLogicTest">
    <failure type="java.lang.NoClassDefFoundError" message="Could not initialize class teammates.common.util.EmailTemplates">
      <![CDATA[java.lang.NoClassDefFoundError: Could not initialize class teammates.common.util.EmailTemplates
	at teammates.logic.core.Emails.generateEvaluationReminderEmails(Emails.java:172)
	at teammates.logic.core.EvaluationsLogic.sendReminderForEvaluation(EvaluationsLogic.java:499)
	at teammates.test.cases.logic.EvaluationsLogicTest.testSendReminderForEvaluation(EvaluationsLogicTest.java:1313)
	at teammates.test.cases.logic.EvaluationsLogicTest.testAll(EvaluationsLogicTest.java:76)
	at java.util.concurrent.FutureTask.run(FutureTask.java:262)
	at java.util.concurrent.ThreadPoolExecutor.runWorker(ThreadPoolExecutor.java:1145)
	at java.util.concurrent.ThreadPoolExecutor$Worker.run(ThreadPoolExecutor.java:615)
	at java.lang.Thread.run(Thread.java:745)
... Removed 16 stack frames]]>
    </failure>
  </testcase> <!-- testAll -->
  <testcase name="allTests" time="0.312" classname="teammates.test.cases.logic.FeedbackQuestionsLogicTest"/>
  <testcase name="allTests" time="0.438" classname="teammates.test.cases.logic.FeedbackResponsesLogicTest"/>
  <testcase name="testAll" time="3.058" classname="teammates.test.cases.logic.FeedbackSessionEmailTaskQueueTest"/>
  <testcase name="testScheduleFeedbackSessionClosingEmails" time="2.044" classname="teammates.test.cases.logic.FeedbackSessionEmailTaskQueueTest"/>
  <testcase name="testScheduleFeedbackSessionOpeningEmails" time="3.042" classname="teammates.test.cases.logic.FeedbackSessionEmailTaskQueueTest"/>
  <testcase name="testScheduleFeedbackSessionPublishedEmails" time="2.028" classname="teammates.test.cases.logic.FeedbackSessionEmailTaskQueueTest"/>
  <testcase name="testAll" time="0.094" classname="teammates.test.cases.logic.FeedbackSessionsLogicTest">
    <failure type="java.lang.AssertionError" message="expected:&amp;lt;1&amp;gt; but was:&amp;lt;0&amp;gt;">
      <![CDATA[java.lang.AssertionError: expected:<1> but was:<0>
	at teammates.test.cases.logic.FeedbackSessionsLogicTest.testGetFeedbackSessionsClosingWithinTimeLimit(FeedbackSessionsLogicTest.java:184)
	at teammates.test.cases.logic.FeedbackSessionsLogicTest.testAll(FeedbackSessionsLogicTest.java:96)
	at java.util.concurrent.FutureTask.run(FutureTask.java:262)
	at java.util.concurrent.ThreadPoolExecutor.runWorker(ThreadPoolExecutor.java:1145)
	at java.util.concurrent.ThreadPoolExecutor$Worker.run(ThreadPoolExecutor.java:615)
	at java.lang.Thread.run(Thread.java:745)
... Removed 21 stack frames]]>
    </failure>
  </testcase> <!-- testAll -->
  <testcase name="testAll" time="0.203" classname="teammates.test.cases.logic.InstructorsLogicTest">
    <failure type="java.lang.NoClassDefFoundError" message="Could not initialize class teammates.common.util.EmailTemplates">
      <![CDATA[java.lang.NoClassDefFoundError: Could not initialize class teammates.common.util.EmailTemplates
	at teammates.logic.core.Emails.generateInstructorCourseJoinEmail(Emails.java:805)
	at teammates.logic.core.InstructorsLogic.sendRegistrationInviteToInstructor(InstructorsLogic.java:280)
	at teammates.test.cases.logic.InstructorsLogicTest.testSendRegistrationInviteToInstructor(InstructorsLogicTest.java:780)
	at teammates.test.cases.logic.InstructorsLogicTest.testAll(InstructorsLogicTest.java:68)
	at java.util.concurrent.FutureTask.run(FutureTask.java:262)
	at java.util.concurrent.ThreadPoolExecutor.runWorker(ThreadPoolExecutor.java:1145)
	at java.util.concurrent.ThreadPoolExecutor$Worker.run(ThreadPoolExecutor.java:615)
	at java.lang.Thread.run(Thread.java:745)
... Removed 16 stack frames]]>
    </failure>
  </testcase> <!-- testAll -->
  <testcase name="testCreateSubmission" time="0.0" classname="teammates.test.cases.logic.LogicTest"/>
  <testcase name="testDeleteSubmission" time="0.0" classname="teammates.test.cases.logic.LogicTest"/>
  <testcase name="testGetCurrentUser" time="0.016" classname="teammates.test.cases.logic.LogicTest"/>
  <testcase name="testGetLoginUrl" time="0.234" classname="teammates.test.cases.logic.LogicTest"/>
  <testcase name="testGetLogoutUrl" time="0.0" classname="teammates.test.cases.logic.LogicTest"/>
  <testcase name="testGetSubmissionsForEvaluationFromStudent" time="0.156" classname="teammates.test.cases.logic.LogicTest"/>
  <testcase name="testHasStudentSubmittedEvaluation" time="0.031" classname="teammates.test.cases.logic.LogicTest"/>
  <testcase name="testUpdateSubmissions" time="0.016" classname="teammates.test.cases.logic.LogicTest"/>
  <testcase name="testAll" time="0.483" classname="teammates.test.cases.logic.StudentsLogicTest">
    <failure type="java.lang.NoClassDefFoundError" message="Could not initialize class teammates.common.util.EmailTemplates">
      <![CDATA[java.lang.NoClassDefFoundError: Could not initialize class teammates.common.util.EmailTemplates
	at teammates.logic.core.Emails.generateStudentCourseJoinEmail(Emails.java:750)
	at teammates.logic.core.StudentsLogic.sendRegistrationInviteToStudent(StudentsLogic.java:543)
	at teammates.test.cases.logic.StudentsLogicTest.testSendRegistrationInviteToStudent(StudentsLogicTest.java:387)
	at teammates.test.cases.logic.StudentsLogicTest.testAll(StudentsLogicTest.java:99)
	at java.util.concurrent.FutureTask.run(FutureTask.java:262)
	at java.util.concurrent.ThreadPoolExecutor.runWorker(ThreadPoolExecutor.java:1145)
	at java.util.concurrent.ThreadPoolExecutor$Worker.run(ThreadPoolExecutor.java:615)
	at java.lang.Thread.run(Thread.java:745)
... Removed 16 stack frames]]>
    </failure>
  </testcase> <!-- testAll -->
  <testcase name="testCreationOfSubmissions" time="0.047" classname="teammates.test.cases.logic.SubmissionTaskQueueLogicTest"/>
  <testcase name="testSchedulingOfCreationOfSubmissions" time="2.029" classname="teammates.test.cases.logic.SubmissionTaskQueueLogicTest"/>
  <testcase name="testAdjustmentOfResponses" time="0.078" classname="teammates.test.cases.logic.SubmissionsAdjustmentTest"/>
  <testcase name="testEnrollStudentsWithScheduledSubmissionAdjustment" time="7.193" classname="teammates.test.cases.logic.SubmissionsAdjustmentTest"/>
  <testcase name="testAll" time="0.188" classname="teammates.test.cases.logic.SubmissionsLogicTest"/>
  <testcase name="testAverageColumns" time="0.015" classname="teammates.test.cases.logic.TeamEvalResultTest"/>
  <testcase name="testCalculatePerceivedForStudent" time="0.0" classname="teammates.test.cases.logic.TeamEvalResultTest"/>
  <testcase name="testCalculatePoints" time="0.203" classname="teammates.test.cases.logic.TeamEvalResultTest"/>
  <testcase name="testExcludeSelfRatings" time="0.0" classname="teammates.test.cases.logic.TeamEvalResultTest"/>
  <testcase name="testIsSanitized" time="0.0" classname="teammates.test.cases.logic.TeamEvalResultTest"/>
  <testcase name="testNormalizeValues" time="0.0" classname="teammates.test.cases.logic.TeamEvalResultTest"/>
  <testcase name="testPurgeValuesCorrespondingToSpecialValuesInFilter" time="0.0" classname="teammates.test.cases.logic.TeamEvalResultTest"/>
  <testcase name="testSum" time="0.0" classname="teammates.test.cases.logic.TeamEvalResultTest"/>
  <testcase name="testAdditionOfTaskToTaskQueue" time="3.089" classname="teammates.test.automated.FeedbackSessionPublishedReminderTest"/>
  <testcase name="testFeedbackSessionOpeningMailAction" time="0.047" classname="teammates.test.automated.FeedbackSessionPublishedReminderTest">
    <failure type="java.lang.NoClassDefFoundError" message="Could not initialize class teammates.common.util.EmailTemplates">
      <![CDATA[java.lang.NoClassDefFoundError: Could not initialize class teammates.common.util.EmailTemplates
	at teammates.logic.core.Emails.generateFeedbackSessionPublishedEmails(Emails.java:558)
	at teammates.logic.automated.FeedbackSessionPublishedMailAction.prepareMailToBeSent(FeedbackSessionPublishedMailAction.java:73)
	at teammates.logic.automated.EmailAction.getPreparedEmailsAndPerformSuccessOperations(EmailAction.java:92)
	at teammates.test.automated.FeedbackSessionPublishedReminderTest.testFeedbackSessionOpeningMailAction(FeedbackSessionPublishedReminderTest.java:179)
	at java.util.concurrent.FutureTask.run(FutureTask.java:262)
	at java.util.concurrent.ThreadPoolExecutor.runWorker(ThreadPoolExecutor.java:1145)
	at java.util.concurrent.ThreadPoolExecutor$Worker.run(ThreadPoolExecutor.java:615)
	at java.lang.Thread.run(Thread.java:745)
... Removed 16 stack frames]]>
    </failure>
  </testcase> <!-- testFeedbackSessionOpeningMailAction -->
  <testcase name="testAdditionOfTaskToTaskQueue" time="2.06" classname="teammates.test.automated.EvaluationClosingReminderTest"/>
  <testcase name="testEvaluationClosingMailAction" time="0.015" classname="teammates.test.automated.EvaluationClosingReminderTest">
    <failure type="java.lang.NoClassDefFoundError" message="Could not initialize class teammates.common.util.EmailTemplates">
      <![CDATA[java.lang.NoClassDefFoundError: Could not initialize class teammates.common.util.EmailTemplates
	at teammates.logic.core.Emails.generateEvaluationClosingEmails(Emails.java:194)
	at teammates.logic.core.Emails.generateEvaluationClosingEmailsForEval(Emails.java:230)
	at teammates.logic.automated.EvaluationClosingMailAction.prepareMailToBeSent(EvaluationClosingMailAction.java:73)
	at teammates.logic.automated.EmailAction.getPreparedEmailsAndPerformSuccessOperations(EmailAction.java:92)
	at teammates.test.automated.EvaluationClosingReminderTest.testEvaluationClosingMailAction(EvaluationClosingReminderTest.java:191)
	at java.util.concurrent.FutureTask.run(FutureTask.java:262)
	at java.util.concurrent.ThreadPoolExecutor.runWorker(ThreadPoolExecutor.java:1145)
	at java.util.concurrent.ThreadPoolExecutor$Worker.run(ThreadPoolExecutor.java:615)
	at java.lang.Thread.run(Thread.java:745)
... Removed 16 stack frames]]>
    </failure>
  </testcase> <!-- testEvaluationClosingMailAction -->
  <testcase name="testAdditionOfTaskToTaskQueue" time="2.044" classname="teammates.test.automated.EvaluationOpeningReminderTest"/>
  <testcase name="testEvaluationOpeningMailAction" time="0.015" classname="teammates.test.automated.EvaluationOpeningReminderTest">
    <failure type="java.lang.NoClassDefFoundError" message="Could not initialize class teammates.common.util.EmailTemplates">
      <![CDATA[java.lang.NoClassDefFoundError: Could not initialize class teammates.common.util.EmailTemplates
	at teammates.logic.core.Emails.generateEvaluationOpeningEmails(Emails.java:136)
	at teammates.logic.core.Emails.generateEvaluationOpeningEmailsForEval(Emails.java:160)
	at teammates.logic.automated.EvaluationOpeningMailAction.prepareMailToBeSent(EvaluationOpeningMailAction.java:71)
	at teammates.logic.automated.EmailAction.getPreparedEmailsAndPerformSuccessOperations(EmailAction.java:92)
	at teammates.test.automated.EvaluationOpeningReminderTest.testEvaluationOpeningMailAction(EvaluationOpeningReminderTest.java:187)
	at java.util.concurrent.FutureTask.run(FutureTask.java:262)
	at java.util.concurrent.ThreadPoolExecutor.runWorker(ThreadPoolExecutor.java:1145)
	at java.util.concurrent.ThreadPoolExecutor$Worker.run(ThreadPoolExecutor.java:615)
	at java.lang.Thread.run(Thread.java:745)
... Removed 16 stack frames]]>
    </failure>
  </testcase> <!-- testEvaluationOpeningMailAction -->
  <testcase name="testAdditionOfTaskToTaskQueue" time="2.045" classname="teammates.test.automated.FeedbackSessionClosingReminderTest"/>
  <testcase name="testFeedbackSessionClosingMailAction" time="0.016" classname="teammates.test.automated.FeedbackSessionClosingReminderTest">
    <failure type="java.lang.NoClassDefFoundError" message="Could not initialize class teammates.common.util.EmailTemplates">
      <![CDATA[java.lang.NoClassDefFoundError: Could not initialize class teammates.common.util.EmailTemplates
	at teammates.logic.core.Emails.generateFeedbackSessionClosingEmails(Emails.java:460)
	at teammates.logic.automated.FeedbackSessionClosingMailAction.prepareMailToBeSent(FeedbackSessionClosingMailAction.java:72)
	at teammates.logic.automated.EmailAction.getPreparedEmailsAndPerformSuccessOperations(EmailAction.java:92)
	at teammates.test.automated.FeedbackSessionClosingReminderTest.testFeedbackSessionClosingMailAction(FeedbackSessionClosingReminderTest.java:156)
	at java.util.concurrent.FutureTask.run(FutureTask.java:262)
	at java.util.concurrent.ThreadPoolExecutor.runWorker(ThreadPoolExecutor.java:1145)
	at java.util.concurrent.ThreadPoolExecutor$Worker.run(ThreadPoolExecutor.java:615)
	at java.lang.Thread.run(Thread.java:745)
... Removed 16 stack frames]]>
    </failure>
  </testcase> <!-- testFeedbackSessionClosingMailAction -->
  <testcase name="testAdditionOfTaskToTaskQueue" time="2.059" classname="teammates.test.automated.FeedbackSessionOpeningReminderTest"/>
  <testcase name="testFeedbackSessionOpeningMailAction" time="0.015" classname="teammates.test.automated.FeedbackSessionOpeningReminderTest">
    <failure type="java.lang.NoClassDefFoundError" message="Could not initialize class teammates.common.util.EmailTemplates">
      <![CDATA[java.lang.NoClassDefFoundError: Could not initialize class teammates.common.util.EmailTemplates
	at teammates.logic.core.Emails.generateFeedbackSessionOpeningEmails(Emails.java:373)
	at teammates.logic.automated.FeedbackSessionOpeningMailAction.prepareMailToBeSent(FeedbackSessionOpeningMailAction.java:74)
	at teammates.logic.automated.EmailAction.getPreparedEmailsAndPerformSuccessOperations(EmailAction.java:92)
	at teammates.test.automated.FeedbackSessionOpeningReminderTest.testFeedbackSessionOpeningMailAction(FeedbackSessionOpeningReminderTest.java:158)
	at java.util.concurrent.FutureTask.run(FutureTask.java:262)
	at java.util.concurrent.ThreadPoolExecutor.runWorker(ThreadPoolExecutor.java:1145)
	at java.util.concurrent.ThreadPoolExecutor$Worker.run(ThreadPoolExecutor.java:615)
	at java.lang.Thread.run(Thread.java:745)
... Removed 16 stack frames]]>
    </failure>
  </testcase> <!-- testFeedbackSessionOpeningMailAction -->
  <testcase name="testExecuteAndPostProcess" time="0.483" classname="teammates.test.cases.ui.InstructorCommentsPageActionTest"/>
  <testcase name="testAppendParameters" time="0.0" classname="teammates.test.cases.ui.ActionResultTest"/>
  <testcase name="testActivityLogEntryClass" time="0.016" classname="teammates.test.cases.ui.ActivityLogTest"/>
  <testcase name="testGetActionName" time="0.0" classname="teammates.test.cases.ui.ActivityLogTest"/>
  <testcase name="testExecuteAndPostProcess" time="0.031" classname="teammates.test.cases.ui.AdminAccountDeletePageActionTest"/>
  <testcase name="testExecuteAndPostProcess" time="0.0" classname="teammates.test.cases.ui.AdminAccountDetailsPageActionTest"/>
  <testcase name="testExecuteAndPostProcess" time="0.046" classname="teammates.test.cases.ui.AdminAccountManagementPageActionTest"/>
  <testcase name="testExecuteAndPostProcess" time="0.0" classname="teammates.test.cases.ui.AdminActivityLogPageActionTest"/>
  <testcase name="testExecuteAndPostProcess" time="0.0" classname="teammates.test.cases.ui.AdminExceptionTestActionTest"/>
  <testcase name="testExecuteAndPostProcess" time="0.0" classname="teammates.test.cases.ui.AdminHomePageActionTest"/>
  <testcase name="testExecuteAndPostProcess" time="1.358" classname="teammates.test.cases.ui.AdminInstructorAccountAddActionTest">
    <failure type="java.lang.NoClassDefFoundError" message="Could not initialize class teammates.common.util.EmailTemplates">
      <![CDATA[java.lang.NoClassDefFoundError: Could not initialize class teammates.common.util.EmailTemplates
	at teammates.logic.core.Emails.generateNewInstructorAccountJoinEmail(Emails.java:768)
	at teammates.logic.core.InstructorsLogic.sendJoinLinkToNewInstructor(InstructorsLogic.java:336)
	at teammates.logic.api.Logic.sendJoinLinkToNewInstructor(Logic.java:606)
	at teammates.ui.controller.AdminInstructorAccountAddAction.execute(AdminInstructorAccountAddAction.java:61)
	at teammates.ui.controller.Action.executeAndPostProcess(Action.java:328)
	at teammates.test.cases.ui.AdminInstructorAccountAddActionTest.testExecuteAndPostProcess(AdminInstructorAccountAddActionTest.java:85)
	at java.util.concurrent.FutureTask.run(FutureTask.java:262)
	at java.util.concurrent.ThreadPoolExecutor.runWorker(ThreadPoolExecutor.java:1145)
	at java.util.concurrent.ThreadPoolExecutor$Worker.run(ThreadPoolExecutor.java:615)
	at java.lang.Thread.run(Thread.java:745)
... Removed 16 stack frames]]>
    </failure>
  </testcase> <!-- testExecuteAndPostProcess -->
  <testcase name="testGenerateNextDemoCourseId" time="0.0" classname="teammates.test.cases.ui.AdminInstructorAccountAddActionTest"/>
  <testcase name="testExecuteAndPostProcess" time="0.0" classname="teammates.test.cases.ui.AdminSearchPageActionTest"/>
  <testcase name="AdminAccountDelete" time="0.015" classname="teammates.test.cases.ui.AllActionsAccessControlTest"/>
  <testcase name="AdminAccountDetailsPage" time="0.016" classname="teammates.test.cases.ui.AllActionsAccessControlTest"/>
  <testcase name="AdminAccountManagementPage" time="0.016" classname="teammates.test.cases.ui.AllActionsAccessControlTest"/>
  <testcase name="AdminActivityLogPage" time="0.015" classname="teammates.test.cases.ui.AllActionsAccessControlTest"/>
  <testcase name="AdminExceptionTest" time="0.016" classname="teammates.test.cases.ui.AllActionsAccessControlTest"/>
  <testcase name="AdminHomePage" time="0.015" classname="teammates.test.cases.ui.AllActionsAccessControlTest"/>
  <testcase name="AdminInstructorAccountAdd" time="0.016" classname="teammates.test.cases.ui.AllActionsAccessControlTest"/>
  <testcase name="AdminSearchPage" time="0.016" classname="teammates.test.cases.ui.AllActionsAccessControlTest"/>
  <testcase name="InstructorCommentsPage" time="0.046" classname="teammates.test.cases.ui.AllActionsAccessControlTest"/>
  <testcase name="InstructorCourseAdd" time="0.063" classname="teammates.test.cases.ui.AllActionsAccessControlTest"/>
  <testcase name="InstructorCourseArchive" time="0.093" classname="teammates.test.cases.ui.AllActionsAccessControlTest"/>
  <testcase name="InstructorCourseDelete" time="0.11" classname="teammates.test.cases.ui.AllActionsAccessControlTest"/>
  <testcase name="InstructorCourseDetailsPage" time="0.046" classname="teammates.test.cases.ui.AllActionsAccessControlTest"/>
  <testcase name="InstructorCourseEdit" time="0.047" classname="teammates.test.cases.ui.AllActionsAccessControlTest"/>
  <testcase name="InstructorCourseEnrollPage" time="0.031" classname="teammates.test.cases.ui.AllActionsAccessControlTest"/>
  <testcase name="InstructorCourseEnrollSave" time="0.047" classname="teammates.test.cases.ui.AllActionsAccessControlTest"/>
  <testcase name="InstructorCourseInstructorAdd" time="0.047" classname="teammates.test.cases.ui.AllActionsAccessControlTest">
    <failure type="java.lang.NoClassDefFoundError" message="Could not initialize class teammates.common.util.EmailTemplates">
      <![CDATA[java.lang.NoClassDefFoundError: Could not initialize class teammates.common.util.EmailTemplates
	at teammates.logic.core.Emails.generateInstructorCourseJoinEmail(Emails.java:805)
	at teammates.logic.core.InstructorsLogic.sendRegistrationInviteToInstructor(InstructorsLogic.java:309)
	at teammates.logic.api.Logic.sendRegistrationInviteToInstructor(Logic.java:595)
	at teammates.ui.controller.InstructorCourseInstructorAddAction.execute(InstructorCourseInstructorAddAction.java:45)
	at teammates.ui.controller.Action.executeAndPostProcess(Action.java:328)
	at teammates.test.cases.ui.BaseActionTest.verifyCanAccess(BaseActionTest.java:644)
	at teammates.test.cases.ui.BaseActionTest.verifyAccessibleForInstructorsOfTheSameCourse(BaseActionTest.java:381)
	at teammates.test.cases.ui.BaseActionTest.verifyOnlyInstructorsOfTheSameCourseCanAccess(BaseActionTest.java:296)
	at teammates.test.cases.ui.AllActionsAccessControlTest.InstructorCourseInstructorAdd(AllActionsAccessControlTest.java:289)
	at java.util.concurrent.FutureTask.run(FutureTask.java:262)
	at java.util.concurrent.ThreadPoolExecutor.runWorker(ThreadPoolExecutor.java:1145)
	at java.util.concurrent.ThreadPoolExecutor$Worker.run(ThreadPoolExecutor.java:615)
	at java.lang.Thread.run(Thread.java:745)
... Removed 16 stack frames]]>
    </failure>
  </testcase> <!-- InstructorCourseInstructorAdd -->
  <testcase name="InstructorCourseInstructorDelete" time="0.094" classname="teammates.test.cases.ui.AllActionsAccessControlTest"/>
  <testcase name="InstructorCourseInstructorEditSave" time="0.093" classname="teammates.test.cases.ui.AllActionsAccessControlTest"/>
  <testcase name="InstructorCourseJoin" time="0.016" classname="teammates.test.cases.ui.AllActionsAccessControlTest"/>
  <testcase name="InstructorCourseJoinAuthenticated" time="0.031" classname="teammates.test.cases.ui.AllActionsAccessControlTest"/>
  <testcase name="InstructorCourseRemind" time="0.031" classname="teammates.test.cases.ui.AllActionsAccessControlTest">
    <failure type="java.lang.NoClassDefFoundError" message="Could not initialize class teammates.common.util.EmailTemplates">
      <![CDATA[java.lang.NoClassDefFoundError: Could not initialize class teammates.common.util.EmailTemplates
	at teammates.logic.core.Emails.generateStudentCourseJoinEmail(Emails.java:750)
	at teammates.logic.core.StudentsLogic.sendRegistrationInviteToStudent(StudentsLogic.java:543)
	at teammates.logic.core.StudentsLogic.sendRegistrationInviteForCourse(StudentsLogic.java:560)
	at teammates.logic.api.Logic.sendRegistrationInviteForCourse(Logic.java:1180)
	at teammates.ui.controller.InstructorCourseRemindAction.execute(InstructorCourseRemindAction.java:70)
	at teammates.ui.controller.Action.executeAndPostProcess(Action.java:328)
	at teammates.test.cases.ui.BaseActionTest.verifyCanAccess(BaseActionTest.java:644)
	at teammates.test.cases.ui.BaseActionTest.verifyAccessibleForInstructorsOfTheSameCourse(BaseActionTest.java:381)
	at teammates.test.cases.ui.BaseActionTest.verifyOnlyInstructorsOfTheSameCourseCanAccess(BaseActionTest.java:296)
	at teammates.test.cases.ui.AllActionsAccessControlTest.InstructorCourseRemind(AllActionsAccessControlTest.java:357)
	at java.util.concurrent.FutureTask.run(FutureTask.java:262)
	at java.util.concurrent.ThreadPoolExecutor.runWorker(ThreadPoolExecutor.java:1145)
	at java.util.concurrent.ThreadPoolExecutor$Worker.run(ThreadPoolExecutor.java:615)
	at java.lang.Thread.run(Thread.java:745)
... Removed 16 stack frames]]>
    </failure>
  </testcase> <!-- InstructorCourseRemind -->
  <testcase name="InstructorCourseStudentDelete" time="0.187" classname="teammates.test.cases.ui.AllActionsAccessControlTest"/>
  <testcase name="InstructorCourseStudentDetailsEdit" time="0.047" classname="teammates.test.cases.ui.AllActionsAccessControlTest"/>
  <testcase name="InstructorCourseStudentDetailsEditSave" time="0.063" classname="teammates.test.cases.ui.AllActionsAccessControlTest"/>
  <testcase name="InstructorCourseStudentDetailsPage" time="0.078" classname="teammates.test.cases.ui.AllActionsAccessControlTest"/>
  <testcase name="InstructorCourseStudentListDownload" time="0.046" classname="teammates.test.cases.ui.AllActionsAccessControlTest"/>
  <testcase name="InstructorCoursesPage" time="0.047" classname="teammates.test.cases.ui.AllActionsAccessControlTest"/>
  <testcase name="InstructorEvaluationAdd" time="0.094" classname="teammates.test.cases.ui.AllActionsAccessControlTest"/>
  <testcase name="InstructorEvaluationDelete" time="0.156" classname="teammates.test.cases.ui.AllActionsAccessControlTest"/>
  <testcase name="InstructorEvaluationEditPage" time="0.093" classname="teammates.test.cases.ui.AllActionsAccessControlTest"/>
  <testcase name="InstructorEvaluationEditSave" time="0.063" classname="teammates.test.cases.ui.AllActionsAccessControlTest"/>
  <testcase name="InstructorEvaluationPage" time="0.078" classname="teammates.test.cases.ui.AllActionsAccessControlTest"/>
  <testcase name="InstructorEvaluationPreview" time="0.109" classname="teammates.test.cases.ui.AllActionsAccessControlTest"/>
  <testcase name="InstructorEvaluationPublish" time="0.156" classname="teammates.test.cases.ui.AllActionsAccessControlTest"/>
  <testcase name="InstructorEvaluationRemind" time="0.078" classname="teammates.test.cases.ui.AllActionsAccessControlTest"/>
  <testcase name="InstructorEvaluationResultsDownload" time="0.047" classname="teammates.test.cases.ui.AllActionsAccessControlTest"/>
  <testcase name="InstructorEvaluationResultsPage" time="0.047" classname="teammates.test.cases.ui.AllActionsAccessControlTest"/>
  <testcase name="InstructorEvaluationStatsPage" time="0.078" classname="teammates.test.cases.ui.AllActionsAccessControlTest"/>
  <testcase name="InstructorEvaluationSubmissionEdit" time="0.062" classname="teammates.test.cases.ui.AllActionsAccessControlTest"/>
  <testcase name="InstructorEvaluationSubmissionEditSave" time="0.031" classname="teammates.test.cases.ui.AllActionsAccessControlTest"/>
  <testcase name="InstructorEvaluationSubmissionPage" time="0.047" classname="teammates.test.cases.ui.AllActionsAccessControlTest"/>
  <testcase name="InstructorEvaluationUnpublish" time="0.078" classname="teammates.test.cases.ui.AllActionsAccessControlTest"/>
  <testcase name="InstructorFeedbackAdd" time="0.047" classname="teammates.test.cases.ui.AllActionsAccessControlTest"/>
  <testcase name="InstructorFeedbackDelete" time="0.218" classname="teammates.test.cases.ui.AllActionsAccessControlTest"/>
  <testcase name="InstructorFeedbackEditPage" time="0.453" classname="teammates.test.cases.ui.AllActionsAccessControlTest"/>
  <testcase name="InstructorFeedbackEditSave" time="0.171" classname="teammates.test.cases.ui.AllActionsAccessControlTest"/>
  <testcase name="InstructorFeedbackPreviewAsInstructor" time="0.078" classname="teammates.test.cases.ui.AllActionsAccessControlTest"/>
  <testcase name="InstructorFeedbackPreviewAsStudent" time="0.063" classname="teammates.test.cases.ui.AllActionsAccessControlTest"/>
  <testcase name="InstructorFeedbackPublish" time="0.078" classname="teammates.test.cases.ui.AllActionsAccessControlTest"/>
  <testcase name="InstructorFeedbackQuestionAdd" time="0.156" classname="teammates.test.cases.ui.AllActionsAccessControlTest"/>
  <testcase name="InstructorFeedbackQuestionEdit" time="0.218" classname="teammates.test.cases.ui.AllActionsAccessControlTest"/>
  <testcase name="InstructorFeedbackQuestionSubmissionEdit" time="0.047" classname="teammates.test.cases.ui.AllActionsAccessControlTest"/>
  <testcase name="InstructorFeedbackQuestionSubmissionEditSave" time="0.047" classname="teammates.test.cases.ui.AllActionsAccessControlTest"/>
  <testcase name="InstructorFeedbackRemind" time="0.062" classname="teammates.test.cases.ui.AllActionsAccessControlTest"/>
  <testcase name="InstructorFeedbackResponseCommentAdd" time="0.031" classname="teammates.test.cases.ui.AllActionsAccessControlTest"/>
  <testcase name="InstructorFeedbackResponseCommentDelete" time="0.047" classname="teammates.test.cases.ui.AllActionsAccessControlTest"/>
  <testcase name="InstructorFeedbackResponseCommentEdit" time="0.109" classname="teammates.test.cases.ui.AllActionsAccessControlTest"/>
  <testcase name="InstructorFeedbackResultsDownload" time="0.047" classname="teammates.test.cases.ui.AllActionsAccessControlTest"/>
  <testcase name="InstructorFeedbackResultsPage" time="0.031" classname="teammates.test.cases.ui.AllActionsAccessControlTest"/>
  <testcase name="InstructorFeedbackStatsPage" time="0.047" classname="teammates.test.cases.ui.AllActionsAccessControlTest"/>
  <testcase name="InstructorFeedbackSubmissionEditPage" time="0.109" classname="teammates.test.cases.ui.AllActionsAccessControlTest"/>
  <testcase name="InstructorFeedbackSubmissionEditSave" time="0.156" classname="teammates.test.cases.ui.AllActionsAccessControlTest"/>
  <testcase name="InstructorFeedbackUnpublish" time="0.047" classname="teammates.test.cases.ui.AllActionsAccessControlTest"/>
  <testcase name="InstructorFeedbacksPage" time="0.078" classname="teammates.test.cases.ui.AllActionsAccessControlTest"/>
  <testcase name="InstructorHomePage" time="0.14" classname="teammates.test.cases.ui.AllActionsAccessControlTest"/>
  <testcase name="InstructorStudentCommentAdd" time="0.203" classname="teammates.test.cases.ui.AllActionsAccessControlTest"/>
  <testcase name="InstructorStudentCommentEdit" time="0.156" classname="teammates.test.cases.ui.AllActionsAccessControlTest"/>
  <testcase name="InstructorStudentListPage" time="0.063" classname="teammates.test.cases.ui.AllActionsAccessControlTest"/>
  <testcase name="InstructorStudentRecordsPage" time="0.063" classname="teammates.test.cases.ui.AllActionsAccessControlTest"/>
  <testcase name="StudentCommentsPage" time="0.093" classname="teammates.test.cases.ui.AllActionsAccessControlTest"/>
  <testcase name="StudentCourseDetailsPage" time="0.079" classname="teammates.test.cases.ui.AllActionsAccessControlTest"/>
  <testcase name="StudentCourseJoin" time="0.016" classname="teammates.test.cases.ui.AllActionsAccessControlTest"/>
  <testcase name="StudentCourseJoinAuthenticated" time="0.218" classname="teammates.test.cases.ui.AllActionsAccessControlTest"/>
  <testcase name="StudentCourseJoinLegacyLink" time="0.047" classname="teammates.test.cases.ui.AllActionsAccessControlTest"/>
  <testcase name="StudentEvaluationResultsPage" time="0.062" classname="teammates.test.cases.ui.AllActionsAccessControlTest"/>
  <testcase name="StudentEvaluationSubmissionEditPage" time="0.203" classname="teammates.test.cases.ui.AllActionsAccessControlTest"/>
  <testcase name="StudentEvaluationSubmissionEditSave" time="0.063" classname="teammates.test.cases.ui.AllActionsAccessControlTest"/>
  <testcase name="StudentFeedbackQuestionSubmissionEditPage" time="0.078" classname="teammates.test.cases.ui.AllActionsAccessControlTest"/>
  <testcase name="StudentFeedbackQuestionSubmissionEditSave" time="0.062" classname="teammates.test.cases.ui.AllActionsAccessControlTest"/>
  <testcase name="StudentFeedbackResultsPage" time="0.172" classname="teammates.test.cases.ui.AllActionsAccessControlTest"/>
  <testcase name="StudentFeedbackSubmissionEditPage" time="0.156" classname="teammates.test.cases.ui.AllActionsAccessControlTest"/>
  <testcase name="StudentFeedbackSubmissionEditSave" time="0.327" classname="teammates.test.cases.ui.AllActionsAccessControlTest"/>
  <testcase name="StudentHomePage" time="0.078" classname="teammates.test.cases.ui.AllActionsAccessControlTest"/>
  <testcase name="StudentProfileEditSave" time="0.031" classname="teammates.test.cases.ui.AllActionsAccessControlTest"/>
  <testcase name="StudentProfilePage" time="0.016" classname="teammates.test.cases.ui.AllActionsAccessControlTest"/>
  <testcase name="StudentProfilePictureEdit" time="0.827" classname="teammates.test.cases.ui.AllActionsAccessControlTest"/>
  <testcase name="testExecuteAndPostProcess" time="0.016" classname="teammates.test.cases.ui.EvaluationStatsPageActionTest"/>
  <testcase name="testExecuteAndPostProcess" time="0.016" classname="teammates.test.cases.ui.FeedbackSessionStatsPageActionTest"/>
  <testcase name="testExecute" time="0.532" classname="teammates.test.cases.ui.InstructorCourseAddActionTest"/>
  <testcase name="testExecuteAndPostProcess" time="0.094" classname="teammates.test.cases.ui.InstructorCourseArchiveActionTest"/>
  <testcase name="testExecuteAndPostProcess" time="0.514" classname="teammates.test.cases.ui.InstructorCourseDeleteActionTest"/>
  <testcase name="testExecuteAndPostProcess" time="0.031" classname="teammates.test.cases.ui.InstructorCourseDetailsPageActionTest"/>
  <testcase name="testExecuteAndPostProcess" time="0.047" classname="teammates.test.cases.ui.InstructorCourseEditPageActionTest"/>
  <testcase name="testExecuteAndPostProcess" time="0.016" classname="teammates.test.cases.ui.InstructorCourseEnrollPageActionTest"/>
  <testcase name="testExecuteAndPostProcess" time="9.549" classname="teammates.test.cases.ui.InstructorCourseEnrollSaveActionTest"/>
  <testcase name="testExecuteAndPostProcess" time="0.032" classname="teammates.test.cases.ui.InstructorCourseInstructorAddActionTest">
    <failure type="java.lang.NoClassDefFoundError" message="Could not initialize class teammates.common.util.EmailTemplates">
      <![CDATA[java.lang.NoClassDefFoundError: Could not initialize class teammates.common.util.EmailTemplates
	at teammates.logic.core.Emails.generateInstructorCourseJoinEmail(Emails.java:805)
	at teammates.logic.core.InstructorsLogic.sendRegistrationInviteToInstructor(InstructorsLogic.java:309)
	at teammates.logic.api.Logic.sendRegistrationInviteToInstructor(Logic.java:595)
	at teammates.ui.controller.InstructorCourseInstructorAddAction.execute(InstructorCourseInstructorAddAction.java:45)
	at teammates.ui.controller.Action.executeAndPostProcess(Action.java:328)
	at teammates.test.cases.ui.InstructorCourseInstructorAddActionTest.testExecuteAndPostProcess(InstructorCourseInstructorAddActionTest.java:58)
	at java.util.concurrent.FutureTask.run(FutureTask.java:262)
	at java.util.concurrent.ThreadPoolExecutor.runWorker(ThreadPoolExecutor.java:1145)
	at java.util.concurrent.ThreadPoolExecutor$Worker.run(ThreadPoolExecutor.java:615)
	at java.lang.Thread.run(Thread.java:745)
... Removed 16 stack frames]]>
    </failure>
  </testcase> <!-- testExecuteAndPostProcess -->
  <testcase name="testExecuteAndPostProcess" time="0.109" classname="teammates.test.cases.ui.InstructorCourseInstructorDeleteActionTest"/>
  <testcase name="testExecuteAndPostProcess" time="0.234" classname="teammates.test.cases.ui.InstructorCourseInstructorEditSaveActionTest"/>
  <testcase name="testExecuteAndPostProcess" time="0.031" classname="teammates.test.cases.ui.InstructorCourseJoinActionTest"/>
  <testcase name="testExecuteAndPostProcess" time="0.188" classname="teammates.test.cases.ui.InstructorCourseJoinAuthenticatedActionTest"/>
  <testcase name="testExecuteAndPostProcess" time="0.016" classname="teammates.test.cases.ui.InstructorCourseRemindActionTest">
    <failure type="java.lang.NoClassDefFoundError" message="Could not initialize class teammates.common.util.EmailTemplates">
      <![CDATA[java.lang.NoClassDefFoundError: Could not initialize class teammates.common.util.EmailTemplates
	at teammates.logic.core.Emails.generateInstructorCourseJoinEmail(Emails.java:805)
	at teammates.logic.core.InstructorsLogic.sendRegistrationInviteToInstructor(InstructorsLogic.java:280)
	at teammates.logic.api.Logic.sendRegistrationInviteToInstructor(Logic.java:590)
	at teammates.ui.controller.InstructorCourseRemindAction.execute(InstructorCourseRemindAction.java:64)
	at teammates.ui.controller.Action.executeAndPostProcess(Action.java:328)
	at teammates.test.cases.ui.InstructorCourseRemindActionTest.testExecuteAndPostProcess(InstructorCourseRemindActionTest.java:48)
	at java.util.concurrent.FutureTask.run(FutureTask.java:262)
	at java.util.concurrent.ThreadPoolExecutor.runWorker(ThreadPoolExecutor.java:1145)
	at java.util.concurrent.ThreadPoolExecutor$Worker.run(ThreadPoolExecutor.java:615)
	at java.lang.Thread.run(Thread.java:745)
... Removed 16 stack frames]]>
    </failure>
  </testcase> <!-- testExecuteAndPostProcess -->
  <testcase name="testExecuteAndPostProcess" time="0.281" classname="teammates.test.cases.ui.InstructorCourseStudentDeleteActionTest"/>
  <testcase name="testExecuteAndPostProcess" time="0.015" classname="teammates.test.cases.ui.InstructorCourseStudentDetailsEditPageActionTest"/>
  <testcase name="testExecuteAndPostProcess" time="1.248" classname="teammates.test.cases.ui.InstructorCourseStudentDetailsEditSaveActionTest"/>
  <testcase name="testExecuteAndPostProcess" time="0.016" classname="teammates.test.cases.ui.InstructorCourseStudentDetailsPageActionTest"/>
  <testcase name="testExecuteAndPostProcess" time="3.213" classname="teammates.test.cases.ui.InstructorCourseStudentListDownloadActionTest"/>
  <testcase name="testExecuteAndPostProcess" time="1.295" classname="teammates.test.cases.ui.InstructorCoursesPageActionTest"/>
  <testcase name="testExecuteAndPostProcess" time="0.032" classname="teammates.test.cases.ui.InstructorEditStudentFeedbackPageActionTest"/>
  <testcase name="testExecuteAndPostProcess" time="0.624" classname="teammates.test.cases.ui.InstructorEditStudentFeedbackSaveActionTest"/>
  <testcase name="testExecuteAndPostProcess" time="0.0" classname="teammates.test.cases.ui.InstructorEvalAddActionTest"/>
  <testcase name="testExecuteAndPostProcess" time="0.0" classname="teammates.test.cases.ui.InstructorEvalDeleteActionTest"/>
  <testcase name="testExecuteAndPostProcess" time="0.016" classname="teammates.test.cases.ui.InstructorEvalEditPageActionTest"/>
  <testcase name="testExecuteAndPostProcess" time="0.0" classname="teammates.test.cases.ui.InstructorEvalEditSaveActionTest"/>
  <testcase name="testExecuteAndPostProcess" time="0.0" classname="teammates.test.cases.ui.InstructorEvalPreviewActionTest"/>
  <testcase name="testExecuteAndPostProcess" time="0.0" classname="teammates.test.cases.ui.InstructorEvalPublishActionTest"/>
  <testcase name="testExecuteAndPostProcess" time="0.0" classname="teammates.test.cases.ui.InstructorEvalRemindActionTest"/>
  <testcase name="testExecuteAndPostProcess" time="0.0" classname="teammates.test.cases.ui.InstructorEvalResultsDownloadActionTest"/>
  <testcase name="testExecuteAndPostProcess" time="0.0" classname="teammates.test.cases.ui.InstructorEvalResultsPageActionTest"/>
  <testcase name="testExecuteAndPostProcess" time="0.0" classname="teammates.test.cases.ui.InstructorEvalSubmissionEditPageActionTest"/>
  <testcase name="testExecuteAndPostProcess" time="0.0" classname="teammates.test.cases.ui.InstructorEvalSubmissionEditSaveActionTest"/>
  <testcase name="testExecuteAndPostProcess" time="0.0" classname="teammates.test.cases.ui.InstructorEvalSubmissionPageActionTest"/>
  <testcase name="testExecuteAndPostProcess" time="0.0" classname="teammates.test.cases.ui.InstructorEvalUnpublishActionTest"/>
  <testcase name="testGetTimeOptions" time="0.0" classname="teammates.test.cases.ui.InstructorEvalsPageDataTest"/>
  <testcase name="testExecuteAndPostProcess" time="0.64" classname="teammates.test.cases.ui.InstructorFeedbackAddActionTest"/>
  <testcase name="testAccessControl" time="0.094" classname="teammates.test.cases.ui.InstructorFeedbackCopyActionTest"/>
  <testcase name="testExecuteAndPostProcess" time="0.125" classname="teammates.test.cases.ui.InstructorFeedbackCopyActionTest"/>
  <testcase name="testExecuteAndPostProcess" time="0.375" classname="teammates.test.cases.ui.InstructorFeedbackDeleteActionTest"/>
  <testcase name="testExecuteAndPostProcess" time="0.187" classname="teammates.test.cases.ui.InstructorFeedbackEditPageActionTest"/>
  <testcase name="testExecuteAndPostProcess" time="0.156" classname="teammates.test.cases.ui.InstructorFeedbackEditSaveActionTest"/>
  <testcase name="testExecuteAndPostProcess" time="0.094" classname="teammates.test.cases.ui.InstructorFeedbackPreviewAsInstructorActionTest"/>
  <testcase name="testExecuteAndPostProcess" time="0.14" classname="teammates.test.cases.ui.InstructorFeedbackPreviewAsStudentActionTest"/>
  <testcase name="testExecuteAndPostProcess" time="0.344" classname="teammates.test.cases.ui.InstructorFeedbackPublishActionTest"/>
  <testcase name="testExecuteAndPostProcess" time="1.935" classname="teammates.test.cases.ui.InstructorFeedbackQuestionAddActionTest"/>
  <testcase name="testExecuteAndPostProcessConstSumOption" time="0.343" classname="teammates.test.cases.ui.InstructorFeedbackQuestionAddActionTest"/>
  <testcase name="testExecuteAndPostProcessConstSumRecipient" time="0.374" classname="teammates.test.cases.ui.InstructorFeedbackQuestionAddActionTest"/>
  <testcase name="testExecuteAndPostProcessContributionQuestion" time="0.375" classname="teammates.test.cases.ui.InstructorFeedbackQuestionAddActionTest"/>
  <testcase name="testExecuteAndPostProcessMcq" time="0.405" classname="teammates.test.cases.ui.InstructorFeedbackQuestionAddActionTest"/>
  <testcase name="testExecuteAndPostProcessMsq" time="0.515" classname="teammates.test.cases.ui.InstructorFeedbackQuestionAddActionTest"/>
  <testcase name="testExecuteAndPostProcessNumScale" time="0.593" classname="teammates.test.cases.ui.InstructorFeedbackQuestionAddActionTest"/>
  <testcase name="testExecuteAndPostProcessRubricQuestion" time="0.749" classname="teammates.test.cases.ui.InstructorFeedbackQuestionAddActionTest"/>
  <testcase name="testAccessControl" time="0.031" classname="teammates.test.cases.ui.InstructorFeedbackQuestionCopyActionTest"/>
  <testcase name="testExecuteAndPostProcess" time="0.14" classname="teammates.test.cases.ui.InstructorFeedbackQuestionCopyActionTest"/>
  <testcase name="testExecuteAndPostProcess" time="0.171" classname="teammates.test.cases.ui.InstructorFeedbackQuestionEditActionTest"/>
  <testcase name="testExecuteAndPostProcessConstSumOption" time="1.155" classname="teammates.test.cases.ui.InstructorFeedbackQuestionEditActionTest"/>
  <testcase name="testExecuteAndPostProcessConstSumRecipient" time="3.339" classname="teammates.test.cases.ui.InstructorFeedbackQuestionEditActionTest"/>
  <testcase name="testExecuteAndPostProcessContributionQuestion" time="2.636" classname="teammates.test.cases.ui.InstructorFeedbackQuestionEditActionTest"/>
  <testcase name="testExecuteAndPostProcessMcq" time="3.011" classname="teammates.test.cases.ui.InstructorFeedbackQuestionEditActionTest"/>
  <testcase name="testExecuteAndPostProcessMsq" time="3.292" classname="teammates.test.cases.ui.InstructorFeedbackQuestionEditActionTest"/>
  <testcase name="testExecuteAndPostProcessNumScale" time="2.028" classname="teammates.test.cases.ui.InstructorFeedbackQuestionEditActionTest"/>
  <testcase name="testExecuteAndPostProcessRubricQuestion" time="5.163" classname="teammates.test.cases.ui.InstructorFeedbackQuestionEditActionTest"/>
  <testcase name="testExecuteAndPostProcess" time="0.281" classname="teammates.test.cases.ui.InstructorFeedbackQuestionSubmissionEditPageActionTest"/>
  <testcase name="testExecuteAndPostProcess" time="0.655" classname="teammates.test.cases.ui.InstructorFeedbackQuestionSubmissionEditSaveActionTest"/>
  <testcase name="testExecuteAndPostProcess" time="0.0" classname="teammates.test.cases.ui.InstructorFeedbackRemindActionTest"/>
  <testcase name="testExecuteAndPostProcess" time="0.0" classname="teammates.test.cases.ui.InstructorFeedbackRemindParticularStudentsActionTest"/>
  <testcase name="testExecuteAndPostProcess" time="0.015" classname="teammates.test.cases.ui.InstructorFeedbackRemindParticularStudentsPageActionTest"/>
  <testcase name="testExcecuteAndPostProcess" time="0.39" classname="teammates.test.cases.ui.InstructorFeedbackResponseCommentAddActionTest"/>
  <testcase name="testExcecuteAndPostProcess" time="0.063" classname="teammates.test.cases.ui.InstructorFeedbackResponseCommentDeleteActionTest"/>
  <testcase name="testExcecuteAndPostProcess" time="0.187" classname="teammates.test.cases.ui.InstructorFeedbackResponseCommentEditActionTest"/>
  <testcase name="testExecuteAndPostProcess" time="5.242" classname="teammates.test.cases.ui.InstructorFeedbackResultsDownloadActionTest"/>
  <testcase name="testExecuteAndPostProcess" time="0.297" classname="teammates.test.cases.ui.InstructorFeedbackResultsPageActionTest"/>
  <testcase name="testExecuteAndPostProcess" time="0.312" classname="teammates.test.cases.ui.InstructorFeedbackSubmissionEditPageActionTest"/>
  <testcase name="testExecuteAndPostProcess" time="5.787" classname="teammates.test.cases.ui.InstructorFeedbackSubmissionEditSaveActionTest"/>
  <testcase name="testGracePeriodExecuteAndPostProcess" time="0.125" classname="teammates.test.cases.ui.InstructorFeedbackSubmissionEditSaveActionTest"/>
  <testcase name="testExecuteAndPostProcess" time="0.125" classname="teammates.test.cases.ui.InstructorFeedbackUnpublishActionTest"/>
  <testcase name="testExecuteAndPostProcess" time="1.685" classname="teammates.test.cases.ui.InstructorFeedbacksPageActionTest"/>
  <testcase name="testExecuteAndPostProcess" time="0.405" classname="teammates.test.cases.ui.InstructorHomePageActionTest"/>
  <testcase name="testExecuteAndPostProcess" time="0.062" classname="teammates.test.cases.ui.InstructorStudentCommentAddActionTest"/>
  <testcase name="testExecuteAndPostProcess" time="0.062" classname="teammates.test.cases.ui.InstructorStudentCommentEditActionTest"/>
  <testcase name="testExecuteAndPostProcess" time="0.016" classname="teammates.test.cases.ui.InstructorStudentListAjaxPageActionTest"/>
  <testcase name="testExecuteAndPostProcess" time="0.031" classname="teammates.test.cases.ui.InstructorStudentListPageActionTest"/>
  <testcase name="testExecuteAndPostProcess" time="0.109" classname="teammates.test.cases.ui.InstructorStudentRecordsPageActionTest"/>
  <testcase name="testExecuteAndPostProcess" time="0.031" classname="teammates.test.cases.ui.StudentCommentsPageActionTest">
    <failure type="java.lang.AssertionError" message="expected:&amp;lt;1&amp;gt; but was:&amp;lt;2&amp;gt;">
      <![CDATA[java.lang.AssertionError: expected:<1> but was:<2>
	at teammates.test.cases.ui.StudentCommentsPageActionTest.testExecuteAndPostProcess(StudentCommentsPageActionTest.java:45)
	at java.util.concurrent.FutureTask.run(FutureTask.java:262)
	at java.util.concurrent.ThreadPoolExecutor.runWorker(ThreadPoolExecutor.java:1145)
	at java.util.concurrent.ThreadPoolExecutor$Worker.run(ThreadPoolExecutor.java:615)
	at java.lang.Thread.run(Thread.java:745)
... Removed 21 stack frames]]>
    </failure>
  </testcase> <!-- testExecuteAndPostProcess -->
  <testcase name="testExecuteAndPostProcess" time="0.031" classname="teammates.test.cases.ui.StudentCourseDetailsPageActionTest"/>
  <testcase name="testExecuteAndPostProcess" time="0.016" classname="teammates.test.cases.ui.StudentCourseJoinActionTest"/>
  <testcase name="testExecuteAndPostProcess" time="0.047" classname="teammates.test.cases.ui.StudentCourseJoinAuthenticatedActionTest"/>
  <testcase name="testExecuteAndPostProcess" time="0.124" classname="teammates.test.cases.ui.StudentEvalResultsPageActionTest"/>
  <testcase name="testExecuteAndPostProcess" time="0.124" classname="teammates.test.cases.ui.StudentEvalSubmissionEditPageActionTest"/>
  <testcase name="testExecuteAndPostProcess" time="0.063" classname="teammates.test.cases.ui.StudentEvalSubmissionEditSaveActionTest"/>
  <testcase name="testValidation" time="0.031" classname="teammates.test.cases.ui.StudentEvalSubmissionEditSaveActionTest"/>
  <testcase name="testExecuteAndPostProcess" time="0.031" classname="teammates.test.cases.ui.StudentFeedbackQuestionSubmissionEditPageActionTest"/>
  <testcase name="testExecuteAndPostProcess" time="0.234" classname="teammates.test.cases.ui.StudentFeedbackQuestionSubmissionEditSaveActionTest"/>
  <testcase name="testExecuteAndPostProcess" time="2.886" classname="teammates.test.cases.ui.StudentFeedbackResultsPageActionTest"/>
  <testcase name="testExecuteAndPostProcess" time="2.854" classname="teammates.test.cases.ui.StudentFeedbackSubmissionEditPageActionTest"/>
  <testcase name="testExecuteAndPostProcess" time="2.636" classname="teammates.test.cases.ui.StudentFeedbackSubmissionEditSaveActionTest"/>
  <testcase name="testGracePeriodExecuteAndPostProcess" time="0.11" classname="teammates.test.cases.ui.StudentFeedbackSubmissionEditSaveActionTest"/>
  <testcase name="testExecuteAndPostProcess" time="0.156" classname="teammates.test.cases.ui.StudentHomePageActionTest">
    <failure type="java.lang.AssertionError" message="expected:&amp;lt;2&amp;gt; but was:&amp;lt;3&amp;gt;">
      <![CDATA[java.lang.AssertionError: expected:<2> but was:<3>
	at teammates.test.cases.ui.StudentHomePageActionTest.testExecuteAndPostProcess(StudentHomePageActionTest.java:136)
	at java.util.concurrent.FutureTask.run(FutureTask.java:262)
	at java.util.concurrent.ThreadPoolExecutor.runWorker(ThreadPoolExecutor.java:1145)
	at java.util.concurrent.ThreadPoolExecutor$Worker.run(ThreadPoolExecutor.java:615)
	at java.lang.Thread.run(Thread.java:745)
... Removed 21 stack frames]]>
    </failure>
  </testcase> <!-- testExecuteAndPostProcess -->
  <testcase name="testExecuteAndPostProcess" time="0.062" classname="teammates.test.cases.ui.StudentProfileCreateFormUrlActionTest"/>
  <testcase name="testExecuteAndPostProcess" time="0.031" classname="teammates.test.cases.ui.StudentProfileEditSaveActionTest"/>
  <testcase name="testExecuteAndPostProcess" time="0.0" classname="teammates.test.cases.ui.StudentProfilePageActionTest"/>
  <testcase name="testExecuteAndPostProcess" time="0.109" classname="teammates.test.cases.ui.StudentProfilePictureActionTest"/>
  <testcase name="testExecuteAndPostProcess" time="0.031" classname="teammates.test.cases.ui.StudentProfilePictureEditActionTest"/>
</testsuite> <!-- component-tests -->
