<html>
<head>
<title>TestNG:  occasional-tests</title>
<link href="../testng.css" rel="stylesheet" type="text/css" />
<link href="../my-testng.css" rel="stylesheet" type="text/css" />

<style type="text/css">
.log { display: none;} 
.stack-trace { display: none;} 
</style>
<script type="text/javascript">
<!--
function flip(e) {
  current = e.style.display;
  if (current == 'block') {
    e.style.display = 'none';
    return 0;
  }
  else {
    e.style.display = 'block';
    return 1;
  }
}

function toggleBox(szDivId, elem, msg1, msg2)
{
  var res = -1;  if (document.getElementById) {
    res = flip(document.getElementById(szDivId));
  }
  else if (document.all) {
    // this is the way old msie versions work
    res = flip(document.all[szDivId]);
  }
  if(elem) {
    if(res == 0) elem.innerHTML = msg1; else elem.innerHTML = msg2;
  }

}

function toggleAllBoxes() {
  if (document.getElementsByTagName) {
    d = document.getElementsByTagName('div');
    for (i = 0; i < d.length; i++) {
      if (d[i].className == 'log') {
        flip(d[i]);
      }
    }
  }
}

// -->
</script>

</head>
<body>
<h2 align='center'>occasional-tests</h2><table border='1' align="center">
<tr>
<td>Tests passed/Failed/Skipped:</td><td>12/1/0</td>
</tr><tr>
<td>Started on:</td><td>Wed Sep 10 12:44:44 UTC 2014</td>
</tr>
<tr><td>Total time:</td><td>157 seconds (157980 ms)</td>
</tr><tr>
<td>Included groups:</td><td></td>
</tr><tr>
<td>Excluded groups:</td><td></td>
</tr>
</table><p/>
<small><i>(Hover the method name to see the test class name)</i></small><p/>
<table width='100%' border='1' class='invocation-failed'>
<tr><td colspan='4' align='center'><b>FAILED TESTS</b></td></tr>
<tr><td><b>Test method</b></td>
<td width="30%"><b>Exception</b></td>
<td width="10%"><b>Time (seconds)</b></td>
<td><b>Instance</b></td>
</tr>
<tr>
<td title='teammates.test.cases.ui.browsertests.AllJsTests.executeJsTests()'><b>executeJsTests</b><br>Test class: teammates.test.cases.ui.browsertests.AllJsTests</td>
<td><div><pre>org.openqa.selenium.NoSuchElementException: Unable to locate element: {&quot;method&quot;:&quot;xpath&quot;,&quot;selector&quot;:&quot;//span[@class=&apos;total&apos;]&quot;}
Command duration or timeout: 93 milliseconds
For documentation on this error, please visit: http://seleniumhq.org/exceptions/no_such_element.html
Build info: version: &apos;2.41.0&apos;, revision: &apos;3192d8a&apos;, time: &apos;2014-03-27 17:17:32&apos;
System info: host: &apos;soccf-tr5-001&apos;, ip: &apos;172.26.191.176&apos;, os.name: &apos;Windows 7&apos;, os.arch: &apos;x86&apos;, os.version: &apos;6.1&apos;, java.version: &apos;1.7.0_60&apos;
Session ID: 12e63c23-066c-4e47-94eb-0744477269e6
Driver info: org.openqa.selenium.firefox.FirefoxDriver
Capabilities [{platform=XP, acceptSslCerts=true, javascriptEnabled=true, cssSelectorsEnabled=true, databaseEnabled=true, browserName=firefox, handlesAlerts=true, browserConnectionEnabled=true, webStorageEnabled=true, nativeEvents=false, rotatable=false, locationContextEnabled=true, applicationCacheEnabled=true, takesScreenshot=true, version=21.0}]
	at org.openqa.selenium.remote.ErrorHandler.createThrowable(ErrorHandler.java:193)
	at org.openqa.selenium.remote.ErrorHandler.throwIfResponseFailed(ErrorHandler.java:145)
	at org.openqa.selenium.remote.RemoteWebDriver.execute(RemoteWebDriver.java:595)
	at org.openqa.selenium.remote.RemoteWebDriver.findElement(RemoteWebDriver.java:348)
	at org.openqa.selenium.remote.RemoteWebDriver.findElementByXPath(RemoteWebDriver.java:445)
	at org.openqa.selenium.By$ByXPath.findElement(By.java:357)
	at org.openqa.selenium.remote.RemoteWebDriver.findElement(RemoteWebDriver.java:340)
	at teammates.test.cases.ui.browsertests.AllJsTests.executeJsTests(AllJsTests.java:40)
	at java.util.concurrent.ThreadPoolExecutor.runWorker(ThreadPoolExecutor.java:1145)
	at java.util.concurrent.ThreadPoolExecutor$Worker.run(ThreadPoolExecutor.java:615)
	at java.lang.Thread.run(Thread.java:745)
Caused by: org.openqa.selenium.remote.ErrorHandler$UnknownServerException: Unable to locate element: {&quot;method&quot;:&quot;xpath&quot;,&quot;selector&quot;:&quot;//span[@class=&apos;total&apos;]&quot;}
Build info: version: &apos;2.41.0&apos;, revision: &apos;3192d8a&apos;, time: &apos;2014-03-27 17:17:32&apos;
System info: host: &apos;soccf-tr5-001&apos;, ip: &apos;172.26.191.176&apos;, os.name: &apos;Windows 7&apos;, os.arch: &apos;x86&apos;, os.version: &apos;6.1&apos;, java.version: &apos;1.7.0_60&apos;
Driver info: driver.version: unknown
	at &lt;anonymous class&gt;.FirefoxDriver.prototype.findElementInternal_(file:///C:/Users/a0100124/AppData/Local/Temp/anonymous6603193658840791907webdriver-profile/extensions/fxdriver@googlecode.com/components/driver_component.js:8905)
	at &lt;anonymous class&gt;.FirefoxDriver.prototype.findElement(file:///C:/Users/a0100124/AppData/Local/Temp/anonymous6603193658840791907webdriver-profile/extensions/fxdriver@googlecode.com/components/driver_component.js:8914)
	at &lt;anonymous class&gt;.DelayedCommand.prototype.executeInternal_/h(file:///C:/Users/a0100124/AppData/Local/Temp/anonymous6603193658840791907webdriver-profile/extensions/fxdriver@googlecode.com/components/command_processor.js:10884)
	at &lt;anonymous class&gt;.DelayedCommand.prototype.executeInternal_(file:///C:/Users/a0100124/AppData/Local/Temp/anonymous6603193658840791907webdriver-profile/extensions/fxdriver@googlecode.com/components/command_processor.js:10889)
	at &lt;anonymous class&gt;.DelayedCommand.prototype.execute/&lt;(file:///C:/Users/a0100124/AppData/Local/Temp/anonymous6603193658840791907webdriver-profile/extensions/fxdriver@googlecode.com/components/command_processor.js:10831)
... Removed 14 stack frames</pre></div><a href='#' onClick='toggleBox("stack-trace10148729", this, "Click to show all stack frames", "Click to hide stack frames")'>Click to show all stack frames</a>
<div class='stack-trace' id='stack-trace10148729'><pre>org.openqa.selenium.NoSuchElementException: Unable to locate element: {&quot;method&quot;:&quot;xpath&quot;,&quot;selector&quot;:&quot;//span[@class=&apos;total&apos;]&quot;}
Command duration or timeout: 93 milliseconds
For documentation on this error, please visit: http://seleniumhq.org/exceptions/no_such_element.html
Build info: version: &apos;2.41.0&apos;, revision: &apos;3192d8a&apos;, time: &apos;2014-03-27 17:17:32&apos;
System info: host: &apos;soccf-tr5-001&apos;, ip: &apos;172.26.191.176&apos;, os.name: &apos;Windows 7&apos;, os.arch: &apos;x86&apos;, os.version: &apos;6.1&apos;, java.version: &apos;1.7.0_60&apos;
Session ID: 12e63c23-066c-4e47-94eb-0744477269e6
Driver info: org.openqa.selenium.firefox.FirefoxDriver
Capabilities [{platform=XP, acceptSslCerts=true, javascriptEnabled=true, cssSelectorsEnabled=true, databaseEnabled=true, browserName=firefox, handlesAlerts=true, browserConnectionEnabled=true, webStorageEnabled=true, nativeEvents=false, rotatable=false, locationContextEnabled=true, applicationCacheEnabled=true, takesScreenshot=true, version=21.0}]
	at sun.reflect.NativeConstructorAccessorImpl.newInstance0(Native Method)
	at sun.reflect.NativeConstructorAccessorImpl.newInstance(NativeConstructorAccessorImpl.java:57)
	at sun.reflect.DelegatingConstructorAccessorImpl.newInstance(DelegatingConstructorAccessorImpl.java:45)
	at java.lang.reflect.Constructor.newInstance(Constructor.java:526)
	at org.openqa.selenium.remote.ErrorHandler.createThrowable(ErrorHandler.java:193)
	at org.openqa.selenium.remote.ErrorHandler.throwIfResponseFailed(ErrorHandler.java:145)
	at org.openqa.selenium.remote.RemoteWebDriver.execute(RemoteWebDriver.java:595)
	at org.openqa.selenium.remote.RemoteWebDriver.findElement(RemoteWebDriver.java:348)
	at org.openqa.selenium.remote.RemoteWebDriver.findElementByXPath(RemoteWebDriver.java:445)
	at org.openqa.selenium.By$ByXPath.findElement(By.java:357)
	at org.openqa.selenium.remote.RemoteWebDriver.findElement(RemoteWebDriver.java:340)
	at teammates.test.cases.ui.browsertests.AllJsTests.executeJsTests(AllJsTests.java:40)
	at sun.reflect.NativeMethodAccessorImpl.invoke0(Native Method)
	at sun.reflect.NativeMethodAccessorImpl.invoke(NativeMethodAccessorImpl.java:57)
	at sun.reflect.DelegatingMethodAccessorImpl.invoke(DelegatingMethodAccessorImpl.java:43)
	at java.lang.reflect.Method.invoke(Method.java:606)
	at org.testng.internal.MethodInvocationHelper.invokeMethod(MethodInvocationHelper.java:84)
	at org.testng.internal.Invoker.invokeMethod(Invoker.java:714)
	at org.testng.internal.Invoker.invokeTestMethod(Invoker.java:901)
	at org.testng.internal.Invoker.invokeTestMethods(Invoker.java:1231)
	at org.testng.internal.TestMethodWorker.invokeTestMethods(TestMethodWorker.java:127)
	at org.testng.internal.TestMethodWorker.run(TestMethodWorker.java:111)
	at java.util.concurrent.ThreadPoolExecutor.runWorker(ThreadPoolExecutor.java:1145)
	at java.util.concurrent.ThreadPoolExecutor$Worker.run(ThreadPoolExecutor.java:615)
	at java.lang.Thread.run(Thread.java:745)
Caused by: org.openqa.selenium.remote.ErrorHandler$UnknownServerException: Unable to locate element: {&quot;method&quot;:&quot;xpath&quot;,&quot;selector&quot;:&quot;//span[@class=&apos;total&apos;]&quot;}
Build info: version: &apos;2.41.0&apos;, revision: &apos;3192d8a&apos;, time: &apos;2014-03-27 17:17:32&apos;
System info: host: &apos;soccf-tr5-001&apos;, ip: &apos;172.26.191.176&apos;, os.name: &apos;Windows 7&apos;, os.arch: &apos;x86&apos;, os.version: &apos;6.1&apos;, java.version: &apos;1.7.0_60&apos;
Driver info: driver.version: unknown
	at &lt;anonymous class&gt;.FirefoxDriver.prototype.findElementInternal_(file:///C:/Users/a0100124/AppData/Local/Temp/anonymous6603193658840791907webdriver-profile/extensions/fxdriver@googlecode.com/components/driver_component.js:8905)
	at &lt;anonymous class&gt;.FirefoxDriver.prototype.findElement(file:///C:/Users/a0100124/AppData/Local/Temp/anonymous6603193658840791907webdriver-profile/extensions/fxdriver@googlecode.com/components/driver_component.js:8914)
	at &lt;anonymous class&gt;.DelayedCommand.prototype.executeInternal_/h(file:///C:/Users/a0100124/AppData/Local/Temp/anonymous6603193658840791907webdriver-profile/extensions/fxdriver@googlecode.com/components/command_processor.js:10884)
	at &lt;anonymous class&gt;.DelayedCommand.prototype.executeInternal_(file:///C:/Users/a0100124/AppData/Local/Temp/anonymous6603193658840791907webdriver-profile/extensions/fxdriver@googlecode.com/components/command_processor.js:10889)
	at &lt;anonymous class&gt;.DelayedCommand.prototype.execute/&lt;(file:///C:/Users/a0100124/AppData/Local/Temp/anonymous6603193658840791907webdriver-profile/extensions/fxdriver@googlecode.com/components/command_processor.js:10831)
</pre></div></td>
<td>12</td>
<td>teammates.test.cases.ui.browsertests.AllJsTests@172ccd6</td></tr>
</table><p>
<table width='100%' border='1' class='invocation-passed'>
<tr><td colspan='4' align='center'><b>PASSED TESTS</b></td></tr>
<tr><td><b>Test method</b></td>
<td width="30%"><b>Exception</b></td>
<td width="10%"><b>Time (seconds)</b></td>
<td><b>Instance</b></td>
</tr>
<tr>
<td title='teammates.test.cases.ui.browsertests.MashupPageUiTest.loadWebpageCompilation()'><b>loadWebpageCompilation</b><br>Test class: teammates.test.cases.ui.browsertests.MashupPageUiTest</td>
<td></td>
<td>42</td>
<td>teammates.test.cases.ui.browsertests.MashupPageUiTest@36f29f</td></tr>
<tr>
<td title='teammates.test.cases.ui.browsertests.SystemErrorEmailReportTest.testAssertionError()'><b>testAssertionError</b><br>Test class: teammates.test.cases.ui.browsertests.SystemErrorEmailReportTest</td>
<td></td>
<td>3</td>
<td>teammates.test.cases.ui.browsertests.SystemErrorEmailReportTest@1e633e4</td></tr>
<tr>
<td title='teammates.test.cases.ui.browsertests.SystemErrorEmailReportTest.testDeadlineExceededException()'><b>testDeadlineExceededException</b><br>Test class: teammates.test.cases.ui.browsertests.SystemErrorEmailReportTest</td>
<td></td>
<td>1</td>
<td>teammates.test.cases.ui.browsertests.SystemErrorEmailReportTest@1e633e4</td></tr>
<tr>
<td title='teammates.test.cases.ui.browsertests.SystemErrorEmailReportTest.testEntityDoesNotExistException()'><b>testEntityDoesNotExistException</b><br>Test class: teammates.test.cases.ui.browsertests.SystemErrorEmailReportTest</td>
<td></td>
<td>1</td>
<td>teammates.test.cases.ui.browsertests.SystemErrorEmailReportTest@1e633e4</td></tr>
<tr>
<td title='teammates.test.cases.ui.browsertests.SystemErrorEmailReportTest.testNullPointerException()'><b>testNullPointerException</b><br>Test class: teammates.test.cases.ui.browsertests.SystemErrorEmailReportTest</td>
<td></td>
<td>0</td>
<td>teammates.test.cases.ui.browsertests.SystemErrorEmailReportTest@1e633e4</td></tr>
<tr>
<td title='teammates.test.cases.ui.browsertests.TableSortTest.testStableSort()'><b>testStableSort</b><br>Test class: teammates.test.cases.ui.browsertests.TableSortTest</td>
<td></td>
<td>0</td>
<td>teammates.test.cases.ui.browsertests.TableSortTest@3e591f</td></tr>
<tr>
<td title='teammates.test.cases.ui.browsertests.TableSortTest.testTableSortingDate()'><b>testTableSortingDate</b><br>Test class: teammates.test.cases.ui.browsertests.TableSortTest</td>
<td></td>
<td>0</td>
<td>teammates.test.cases.ui.browsertests.TableSortTest@3e591f</td></tr>
<tr>
<td title='teammates.test.cases.ui.browsertests.TableSortTest.testTableSortingDiff()'><b>testTableSortingDiff</b><br>Test class: teammates.test.cases.ui.browsertests.TableSortTest</td>
<td></td>
<td>0</td>
<td>teammates.test.cases.ui.browsertests.TableSortTest@3e591f</td></tr>
<tr>
<td title='teammates.test.cases.ui.browsertests.TableSortTest.testTableSortingID()'><b>testTableSortingID</b><br>Test class: teammates.test.cases.ui.browsertests.TableSortTest</td>
<td></td>
<td>0</td>
<td>teammates.test.cases.ui.browsertests.TableSortTest@3e591f</td></tr>
<tr>
<td title='teammates.test.cases.ui.browsertests.TableSortTest.testTableSortingName()'><b>testTableSortingName</b><br>Test class: teammates.test.cases.ui.browsertests.TableSortTest</td>
<td></td>
<td>0</td>
<td>teammates.test.cases.ui.browsertests.TableSortTest@3e591f</td></tr>
<tr>
<td title='teammates.test.cases.ui.browsertests.TableSortTest.testTableSortingPoint()'><b>testTableSortingPoint</b><br>Test class: teammates.test.cases.ui.browsertests.TableSortTest</td>
<td></td>
<td>0</td>
<td>teammates.test.cases.ui.browsertests.TableSortTest@3e591f</td></tr>
<tr>
<td title='teammates.test.cases.ui.browsertests.SystemErrorEmailReportTest.testUnauthorizedAccessException()'><b>testUnauthorizedAccessException</b><br>Test class: teammates.test.cases.ui.browsertests.SystemErrorEmailReportTest</td>
<td></td>
<td>1</td>
<td>teammates.test.cases.ui.browsertests.SystemErrorEmailReportTest@1e633e4</td></tr>
</table><p>
</body>
</html>