<html>
<head>
<title>TestNG:  parallel-ui-tests</title>
<link href="../testng.css" rel="stylesheet" type="text/css" />
<link href="../my-testng.css" rel="stylesheet" type="text/css" />

<style type="text/css">
.log { display: none;} 
.stack-trace { display: none;} 
</style>
<script type="text/javascript">
<!--
function flip(e) {
  current = e.style.display;
  if (current == 'block') {
    e.style.display = 'none';
    return 0;
  }
  else {
    e.style.display = 'block';
    return 1;
  }
}

function toggleBox(szDivId, elem, msg1, msg2)
{
  var res = -1;  if (document.getElementById) {
    res = flip(document.getElementById(szDivId));
  }
  else if (document.all) {
    // this is the way old msie versions work
    res = flip(document.all[szDivId]);
  }
  if(elem) {
    if(res == 0) elem.innerHTML = msg1; else elem.innerHTML = msg2;
  }

}

function toggleAllBoxes() {
  if (document.getElementsByTagName) {
    d = document.getElementsByTagName('div');
    for (i = 0; i < d.length; i++) {
      if (d[i].className == 'log') {
        flip(d[i]);
      }
    }
  }
}

// -->
</script>

</head>
<body>
<h2 align='center'>parallel-ui-tests</h2><table border='1' align="center">
<tr>
<td>Tests passed/Failed/Skipped:</td><td>35/11/0</td>
</tr><tr>
<td>Started on:</td><td>Wed Oct 08 12:07:08 UTC 2014</td>
</tr>
<tr><td>Total time:</td><td>11736 seconds (11736940 ms)</td>
</tr><tr>
<td>Included groups:</td><td></td>
</tr><tr>
<td>Excluded groups:</td><td></td>
</tr>
</table><p/>
<small><i>(Hover the method name to see the test class name)</i></small><p/>
<table width='100%' border='1' class='invocation-failed'>
<tr><td colspan='4' align='center'><b>FAILED TESTS</b></td></tr>
<tr><td><b>Test method</b></td>
<td width="30%"><b>Exception</b></td>
<td width="10%"><b>Time (seconds)</b></td>
<td><b>Instance</b></td>
</tr>
<tr>
<td title='teammates.test.cases.ui.browsertests.StudentProfilePageUiTest.allTests()'><b>allTests</b><br>Test class: teammates.test.cases.ui.browsertests.StudentProfilePageUiTest</td>
<td><div><pre>java.lang.AssertionError: expected:&lt;true&gt; but was:&lt;false&gt;
	at teammates.test.cases.ui.browsertests.StudentProfilePageUiTest.verifyPictureIsPresent(StudentProfilePageUiTest.java:215)
	at teammates.test.cases.ui.browsertests.StudentProfilePageUiTest.testActions(StudentProfilePageUiTest.java:141)
	at teammates.test.cases.ui.browsertests.StudentProfilePageUiTest.allTests(StudentProfilePageUiTest.java:45)
	at java.util.concurrent.ThreadPoolExecutor.runWorker(ThreadPoolExecutor.java:1145)
	at java.util.concurrent.ThreadPoolExecutor$Worker.run(ThreadPoolExecutor.java:615)
	at java.lang.Thread.run(Thread.java:745)
... Removed 12 stack frames</pre></div><a href='#' onClick='toggleBox("stack-trace28658503", this, "Click to show all stack frames", "Click to hide stack frames")'>Click to show all stack frames</a>
<div class='stack-trace' id='stack-trace28658503'><pre>java.lang.AssertionError: expected:&lt;true&gt; but was:&lt;false&gt;
	at org.testng.AssertJUnit.assertEquals(AssertJUnit.java:101)
	at org.testng.AssertJUnit.assertEquals(AssertJUnit.java:108)
	at teammates.test.cases.ui.browsertests.StudentProfilePageUiTest.verifyPictureIsPresent(StudentProfilePageUiTest.java:215)
	at teammates.test.cases.ui.browsertests.StudentProfilePageUiTest.testActions(StudentProfilePageUiTest.java:141)
	at teammates.test.cases.ui.browsertests.StudentProfilePageUiTest.allTests(StudentProfilePageUiTest.java:45)
	at sun.reflect.NativeMethodAccessorImpl.invoke0(Native Method)
	at sun.reflect.NativeMethodAccessorImpl.invoke(NativeMethodAccessorImpl.java:57)
	at sun.reflect.DelegatingMethodAccessorImpl.invoke(DelegatingMethodAccessorImpl.java:43)
	at java.lang.reflect.Method.invoke(Method.java:606)
	at org.testng.internal.MethodInvocationHelper.invokeMethod(MethodInvocationHelper.java:84)
	at org.testng.internal.Invoker.invokeMethod(Invoker.java:714)
	at org.testng.internal.Invoker.invokeTestMethod(Invoker.java:901)
	at org.testng.internal.Invoker.invokeTestMethods(Invoker.java:1231)
	at org.testng.internal.TestMethodWorker.invokeTestMethods(TestMethodWorker.java:127)
	at org.testng.internal.TestMethodWorker.run(TestMethodWorker.java:111)
	at java.util.concurrent.ThreadPoolExecutor.runWorker(ThreadPoolExecutor.java:1145)
	at java.util.concurrent.ThreadPoolExecutor$Worker.run(ThreadPoolExecutor.java:615)
	at java.lang.Thread.run(Thread.java:745)
</pre></div></td>
<td>141</td>
<td>teammates.test.cases.ui.browsertests.StudentProfilePageUiTest@e1949c</td></tr>
<tr>
<td title='teammates.test.cases.ui.browsertests.InstructorFeedbackResultsPageUiTest.testAll()'><b>testAll</b><br>Test class: teammates.test.cases.ui.browsertests.InstructorFeedbackResultsPageUiTest</td>
<td><div><pre>java.lang.AssertionError: expected:&lt;true&gt; but was:&lt;false&gt;
	at teammates.test.cases.ui.browsertests.InstructorFeedbackResultsPageUiTest.testDownloadAction(InstructorFeedbackResultsPageUiTest.java:429)
	at teammates.test.cases.ui.browsertests.InstructorFeedbackResultsPageUiTest.testAll(InstructorFeedbackResultsPageUiTest.java:58)
	at java.util.concurrent.ThreadPoolExecutor.runWorker(ThreadPoolExecutor.java:1145)
	at java.util.concurrent.ThreadPoolExecutor$Worker.run(ThreadPoolExecutor.java:615)
	at java.lang.Thread.run(Thread.java:745)
... Removed 15 stack frames</pre></div><a href='#' onClick='toggleBox("stack-trace20419786", this, "Click to show all stack frames", "Click to hide stack frames")'>Click to show all stack frames</a>
<div class='stack-trace' id='stack-trace20419786'><pre>java.lang.AssertionError: expected:&lt;true&gt; but was:&lt;false&gt;
	at org.testng.AssertJUnit.fail(AssertJUnit.java:59)
	at org.testng.AssertJUnit.failNotEquals(AssertJUnit.java:364)
	at org.testng.AssertJUnit.assertEquals(AssertJUnit.java:80)
	at org.testng.AssertJUnit.assertEquals(AssertJUnit.java:185)
	at org.testng.AssertJUnit.assertEquals(AssertJUnit.java:192)
	at teammates.test.cases.ui.browsertests.InstructorFeedbackResultsPageUiTest.testDownloadAction(InstructorFeedbackResultsPageUiTest.java:429)
	at teammates.test.cases.ui.browsertests.InstructorFeedbackResultsPageUiTest.testAll(InstructorFeedbackResultsPageUiTest.java:58)
	at sun.reflect.NativeMethodAccessorImpl.invoke0(Native Method)
	at sun.reflect.NativeMethodAccessorImpl.invoke(NativeMethodAccessorImpl.java:57)
	at sun.reflect.DelegatingMethodAccessorImpl.invoke(DelegatingMethodAccessorImpl.java:43)
	at java.lang.reflect.Method.invoke(Method.java:606)
	at org.testng.internal.MethodInvocationHelper.invokeMethod(MethodInvocationHelper.java:84)
	at org.testng.internal.Invoker.invokeMethod(Invoker.java:714)
	at org.testng.internal.Invoker.invokeTestMethod(Invoker.java:901)
	at org.testng.internal.Invoker.invokeTestMethods(Invoker.java:1231)
	at org.testng.internal.TestMethodWorker.invokeTestMethods(TestMethodWorker.java:127)
	at org.testng.internal.TestMethodWorker.run(TestMethodWorker.java:111)
	at java.util.concurrent.ThreadPoolExecutor.runWorker(ThreadPoolExecutor.java:1145)
	at java.util.concurrent.ThreadPoolExecutor$Worker.run(ThreadPoolExecutor.java:615)
	at java.lang.Thread.run(Thread.java:745)
</pre></div></td>
<td>399</td>
<td>teammates.test.cases.ui.browsertests.InstructorFeedbackResultsPageUiTest@1615795</td></tr>
<tr>
<td title='teammates.test.cases.ui.browsertests.AdminHomePageUiTest.testAll()'><b>testAll</b><br>Test class: teammates.test.cases.ui.browsertests.AdminHomePageUiTest</td>
<td><div><pre>java.lang.AssertionError: expected:&lt;Instructor AHPUiT Instrúctör has been successfully created with join link:
http://teammates-john.appspot.com/page/instructorCourseJoin?key=3B9ECA0DC2C52172BED1847E27CF89B8BFD7CCECBA179277AB28CC43F8D0411F5519FBBFA77999CF9F51BD92902C7B5D717482A8F208F2DFA73FC8334239E274&amp;instructorinstitution=TEAMMATES+Test+Institute+1&gt; but was:&lt;null&gt;
	at teammates.test.pageobjects.AppPage.verifyStatus(AppPage.java:926)
	at teammates.test.cases.ui.browsertests.AdminHomePageUiTest.testCreateInstructorAction(AdminHomePageUiTest.java:110)
	at teammates.test.cases.ui.browsertests.AdminHomePageUiTest.testAll(AdminHomePageUiTest.java:72)
	at java.util.concurrent.ThreadPoolExecutor.runWorker(ThreadPoolExecutor.java:1145)
	at java.util.concurrent.ThreadPoolExecutor$Worker.run(ThreadPoolExecutor.java:615)
	at java.lang.Thread.run(Thread.java:745)
... Removed 12 stack frames</pre></div><a href='#' onClick='toggleBox("stack-trace4836318", this, "Click to show all stack frames", "Click to hide stack frames")'>Click to show all stack frames</a>
<div class='stack-trace' id='stack-trace4836318'><pre>java.lang.AssertionError: expected:&lt;Instructor AHPUiT Instrúctör has been successfully created with join link:
http://teammates-john.appspot.com/page/instructorCourseJoin?key=3B9ECA0DC2C52172BED1847E27CF89B8BFD7CCECBA179277AB28CC43F8D0411F5519FBBFA77999CF9F51BD92902C7B5D717482A8F208F2DFA73FC8334239E274&amp;instructorinstitution=TEAMMATES+Test+Institute+1&gt; but was:&lt;null&gt;
	at org.testng.AssertJUnit.assertEquals(AssertJUnit.java:101)
	at org.testng.AssertJUnit.assertEquals(AssertJUnit.java:108)
	at teammates.test.pageobjects.AppPage.verifyStatus(AppPage.java:926)
	at teammates.test.cases.ui.browsertests.AdminHomePageUiTest.testCreateInstructorAction(AdminHomePageUiTest.java:110)
	at teammates.test.cases.ui.browsertests.AdminHomePageUiTest.testAll(AdminHomePageUiTest.java:72)
	at sun.reflect.NativeMethodAccessorImpl.invoke0(Native Method)
	at sun.reflect.NativeMethodAccessorImpl.invoke(NativeMethodAccessorImpl.java:57)
	at sun.reflect.DelegatingMethodAccessorImpl.invoke(DelegatingMethodAccessorImpl.java:43)
	at java.lang.reflect.Method.invoke(Method.java:606)
	at org.testng.internal.MethodInvocationHelper.invokeMethod(MethodInvocationHelper.java:84)
	at org.testng.internal.Invoker.invokeMethod(Invoker.java:714)
	at org.testng.internal.Invoker.invokeTestMethod(Invoker.java:901)
	at org.testng.internal.Invoker.invokeTestMethods(Invoker.java:1231)
	at org.testng.internal.TestMethodWorker.invokeTestMethods(TestMethodWorker.java:127)
	at org.testng.internal.TestMethodWorker.run(TestMethodWorker.java:111)
	at java.util.concurrent.ThreadPoolExecutor.runWorker(ThreadPoolExecutor.java:1145)
	at java.util.concurrent.ThreadPoolExecutor$Worker.run(ThreadPoolExecutor.java:615)
	at java.lang.Thread.run(Thread.java:745)
</pre></div></td>
<td>36</td>
<td>teammates.test.cases.ui.browsertests.AdminHomePageUiTest@157a8be</td></tr>
<tr>
<td title='teammates.test.cases.ui.browsertests.AllAccessControlUiTests.testInstructorHome()'><b>testInstructorHome</b><br>Test class: teammates.test.cases.ui.browsertests.AllAccessControlUiTests</td>
<td><div><pre>java.lang.RuntimeException: java.lang.reflect.InvocationTargetException
	at teammates.test.pageobjects.AppPage.createNewPage(AppPage.java:1014)
	at teammates.test.pageobjects.AppPage.changePageType(AppPage.java:207)
	at teammates.test.pageobjects.DevServerLoginPage.loginAsInstructor(DevServerLoginPage.java:37)
	at teammates.test.cases.ui.browsertests.AllAccessControlUiTests.loginInstructor(AllAccessControlUiTests.java:337)
	at teammates.test.cases.ui.browsertests.AllAccessControlUiTests.testInstructorHome(AllAccessControlUiTests.java:271)
	at java.util.concurrent.ThreadPoolExecutor.runWorker(ThreadPoolExecutor.java:1145)
	at java.util.concurrent.ThreadPoolExecutor$Worker.run(ThreadPoolExecutor.java:615)
	at java.lang.Thread.run(Thread.java:745)
	at teammates.test.pageobjects.AppPage.createNewPage(AppPage.java:1010)
	... 17 more
Caused by: java.lang.IllegalStateException: Not in the correct page!
	at teammates.test.pageobjects.AppPage.&lt;init&gt;(AppPage.java:148)
	at teammates.test.pageobjects.InstructorHomePage.&lt;init&gt;(InstructorHomePage.java:30)
	... 22 more
... Removed 15 stack frames</pre></div><a href='#' onClick='toggleBox("stack-trace8031740", this, "Click to show all stack frames", "Click to hide stack frames")'>Click to show all stack frames</a>
<div class='stack-trace' id='stack-trace8031740'><pre>java.lang.RuntimeException: java.lang.reflect.InvocationTargetException
	at teammates.test.pageobjects.AppPage.createNewPage(AppPage.java:1014)
	at teammates.test.pageobjects.AppPage.changePageType(AppPage.java:207)
	at teammates.test.pageobjects.DevServerLoginPage.loginAsInstructor(DevServerLoginPage.java:37)
	at teammates.test.cases.ui.browsertests.AllAccessControlUiTests.loginInstructor(AllAccessControlUiTests.java:337)
	at teammates.test.cases.ui.browsertests.AllAccessControlUiTests.testInstructorHome(AllAccessControlUiTests.java:271)
	at sun.reflect.NativeMethodAccessorImpl.invoke0(Native Method)
	at sun.reflect.NativeMethodAccessorImpl.invoke(NativeMethodAccessorImpl.java:57)
	at sun.reflect.DelegatingMethodAccessorImpl.invoke(DelegatingMethodAccessorImpl.java:43)
	at java.lang.reflect.Method.invoke(Method.java:606)
	at org.testng.internal.MethodInvocationHelper.invokeMethod(MethodInvocationHelper.java:84)
	at org.testng.internal.Invoker.invokeMethod(Invoker.java:714)
	at org.testng.internal.Invoker.invokeTestMethod(Invoker.java:901)
	at org.testng.internal.Invoker.invokeTestMethods(Invoker.java:1231)
	at org.testng.internal.TestMethodWorker.invokeTestMethods(TestMethodWorker.java:127)
	at org.testng.internal.TestMethodWorker.run(TestMethodWorker.java:111)
	at java.util.concurrent.ThreadPoolExecutor.runWorker(ThreadPoolExecutor.java:1145)
	at java.util.concurrent.ThreadPoolExecutor$Worker.run(ThreadPoolExecutor.java:615)
	at java.lang.Thread.run(Thread.java:745)
Caused by: java.lang.reflect.InvocationTargetException
	at sun.reflect.NativeConstructorAccessorImpl.newInstance0(Native Method)
	at sun.reflect.NativeConstructorAccessorImpl.newInstance(NativeConstructorAccessorImpl.java:57)
	at sun.reflect.DelegatingConstructorAccessorImpl.newInstance(DelegatingConstructorAccessorImpl.java:45)
	at java.lang.reflect.Constructor.newInstance(Constructor.java:526)
	at teammates.test.pageobjects.AppPage.createNewPage(AppPage.java:1010)
	... 17 more
Caused by: java.lang.IllegalStateException: Not in the correct page!
	at teammates.test.pageobjects.AppPage.&lt;init&gt;(AppPage.java:148)
	at teammates.test.pageobjects.InstructorHomePage.&lt;init&gt;(InstructorHomePage.java:30)
	... 22 more
</pre></div></td>
<td>11</td>
<td>teammates.test.cases.ui.browsertests.AllAccessControlUiTests@1d1a5ea</td></tr>
<tr>
<td title='teammates.test.cases.ui.browsertests.AllAccessControlUiTests.testPubliclyAccessiblePages()'><b>testPubliclyAccessiblePages</b><br>Test class: teammates.test.cases.ui.browsertests.AllAccessControlUiTests</td>
<td><div><pre>org.openqa.selenium.remote.UnreachableBrowserException: Error communicating with the remote browser. It may have died.
Build info: version: &apos;2.41.0&apos;, revision: &apos;3192d8a&apos;, time: &apos;2014-03-27 17:17:32&apos;
System info: host: &apos;soccf-tr5-001&apos;, ip: &apos;172.26.191.176&apos;, os.name: &apos;Windows 7&apos;, os.arch: &apos;x86&apos;, os.version: &apos;6.1&apos;, java.version: &apos;1.7.0_60&apos;
Driver info: driver.version: RemoteWebDriver
	at org.openqa.selenium.remote.RemoteWebDriver.execute(RemoteWebDriver.java:589)
	at org.openqa.selenium.remote.RemoteWebDriver.get(RemoteWebDriver.java:300)
	at teammates.test.pageobjects.AppPage.navigateTo(AppPage.java:198)
	at teammates.test.cases.ui.browsertests.AllAccessControlUiTests.testPubliclyAccessiblePages(AllAccessControlUiTests.java:312)
	at java.util.concurrent.ThreadPoolExecutor.runWorker(ThreadPoolExecutor.java:1145)
	at java.util.concurrent.ThreadPoolExecutor$Worker.run(ThreadPoolExecutor.java:615)
	at java.lang.Thread.run(Thread.java:745)
Caused by: java.net.SocketTimeoutException: Read timed out
	at java.net.SocketInputStream.socketRead0(Native Method)
	at java.net.SocketInputStream.read(SocketInputStream.java:152)
	at java.net.SocketInputStream.read(SocketInputStream.java:122)
	at org.apache.http.impl.io.AbstractSessionInputBuffer.fillBuffer(AbstractSessionInputBuffer.java:160)
	at org.apache.http.impl.io.SocketInputBuffer.fillBuffer(SocketInputBuffer.java:84)
	at org.apache.http.impl.io.AbstractSessionInputBuffer.readLine(AbstractSessionInputBuffer.java:273)
	at org.apache.http.impl.conn.DefaultHttpResponseParser.parseHead(DefaultHttpResponseParser.java:140)
	at org.apache.http.impl.conn.DefaultHttpResponseParser.parseHead(DefaultHttpResponseParser.java:57)
	at org.apache.http.impl.io.AbstractMessageParser.parse(AbstractMessageParser.java:260)
	at org.apache.http.impl.AbstractHttpClientConnection.receiveResponseHeader(AbstractHttpClientConnection.java:283)
	at org.apache.http.impl.conn.DefaultClientConnection.receiveResponseHeader(DefaultClientConnection.java:251)
	at org.apache.http.impl.conn.AbstractClientConnAdapter.receiveResponseHeader(AbstractClientConnAdapter.java:223)
	at org.apache.http.protocol.HttpRequestExecutor.doReceiveResponse(HttpRequestExecutor.java:271)
	at org.apache.http.protocol.HttpRequestExecutor.execute(HttpRequestExecutor.java:123)
	at org.apache.http.impl.client.DefaultRequestDirector.tryExecute(DefaultRequestDirector.java:682)
	at org.apache.http.impl.client.DefaultRequestDirector.execute(DefaultRequestDirector.java:486)
	at org.apache.http.impl.client.AbstractHttpClient.doExecute(AbstractHttpClient.java:863)
	at org.apache.http.impl.client.CloseableHttpClient.execute(CloseableHttpClient.java:72)
	at org.apache.http.impl.client.CloseableHttpClient.execute(CloseableHttpClient.java:57)
	at org.openqa.selenium.remote.HttpCommandExecutor.fallBackExecute(HttpCommandExecutor.java:322)
	at org.openqa.selenium.remote.HttpCommandExecutor.execute(HttpCommandExecutor.java:301)
	at org.openqa.selenium.firefox.internal.NewProfileExtensionConnection.execute(NewProfileExtensionConnection.java:165)
	at org.openqa.selenium.firefox.FirefoxDriver$LazyCommandExecutor.execute(FirefoxDriver.java:362)
	at org.openqa.selenium.remote.RemoteWebDriver.execute(RemoteWebDriver.java:568)
	... 16 more
... Removed 10 stack frames</pre></div><a href='#' onClick='toggleBox("stack-trace2823347", this, "Click to show all stack frames", "Click to hide stack frames")'>Click to show all stack frames</a>
<div class='stack-trace' id='stack-trace2823347'><pre>org.openqa.selenium.remote.UnreachableBrowserException: Error communicating with the remote browser. It may have died.
Build info: version: &apos;2.41.0&apos;, revision: &apos;3192d8a&apos;, time: &apos;2014-03-27 17:17:32&apos;
System info: host: &apos;soccf-tr5-001&apos;, ip: &apos;172.26.191.176&apos;, os.name: &apos;Windows 7&apos;, os.arch: &apos;x86&apos;, os.version: &apos;6.1&apos;, java.version: &apos;1.7.0_60&apos;
Driver info: driver.version: RemoteWebDriver
	at org.openqa.selenium.remote.RemoteWebDriver.execute(RemoteWebDriver.java:589)
	at org.openqa.selenium.remote.RemoteWebDriver.get(RemoteWebDriver.java:300)
	at teammates.test.pageobjects.AppPage.navigateTo(AppPage.java:198)
	at teammates.test.cases.ui.browsertests.AllAccessControlUiTests.testPubliclyAccessiblePages(AllAccessControlUiTests.java:312)
	at sun.reflect.NativeMethodAccessorImpl.invoke0(Native Method)
	at sun.reflect.NativeMethodAccessorImpl.invoke(NativeMethodAccessorImpl.java:57)
	at sun.reflect.DelegatingMethodAccessorImpl.invoke(DelegatingMethodAccessorImpl.java:43)
	at java.lang.reflect.Method.invoke(Method.java:606)
	at org.testng.internal.MethodInvocationHelper.invokeMethod(MethodInvocationHelper.java:84)
	at org.testng.internal.Invoker.invokeMethod(Invoker.java:714)
	at org.testng.internal.Invoker.invokeTestMethod(Invoker.java:901)
	at org.testng.internal.Invoker.invokeTestMethods(Invoker.java:1231)
	at org.testng.internal.TestMethodWorker.invokeTestMethods(TestMethodWorker.java:127)
	at org.testng.internal.TestMethodWorker.run(TestMethodWorker.java:111)
	at java.util.concurrent.ThreadPoolExecutor.runWorker(ThreadPoolExecutor.java:1145)
	at java.util.concurrent.ThreadPoolExecutor$Worker.run(ThreadPoolExecutor.java:615)
	at java.lang.Thread.run(Thread.java:745)
Caused by: java.net.SocketTimeoutException: Read timed out
	at java.net.SocketInputStream.socketRead0(Native Method)
	at java.net.SocketInputStream.read(SocketInputStream.java:152)
	at java.net.SocketInputStream.read(SocketInputStream.java:122)
	at org.apache.http.impl.io.AbstractSessionInputBuffer.fillBuffer(AbstractSessionInputBuffer.java:160)
	at org.apache.http.impl.io.SocketInputBuffer.fillBuffer(SocketInputBuffer.java:84)
	at org.apache.http.impl.io.AbstractSessionInputBuffer.readLine(AbstractSessionInputBuffer.java:273)
	at org.apache.http.impl.conn.DefaultHttpResponseParser.parseHead(DefaultHttpResponseParser.java:140)
	at org.apache.http.impl.conn.DefaultHttpResponseParser.parseHead(DefaultHttpResponseParser.java:57)
	at org.apache.http.impl.io.AbstractMessageParser.parse(AbstractMessageParser.java:260)
	at org.apache.http.impl.AbstractHttpClientConnection.receiveResponseHeader(AbstractHttpClientConnection.java:283)
	at org.apache.http.impl.conn.DefaultClientConnection.receiveResponseHeader(DefaultClientConnection.java:251)
	at org.apache.http.impl.conn.AbstractClientConnAdapter.receiveResponseHeader(AbstractClientConnAdapter.java:223)
	at org.apache.http.protocol.HttpRequestExecutor.doReceiveResponse(HttpRequestExecutor.java:271)
	at org.apache.http.protocol.HttpRequestExecutor.execute(HttpRequestExecutor.java:123)
	at org.apache.http.impl.client.DefaultRequestDirector.tryExecute(DefaultRequestDirector.java:682)
	at org.apache.http.impl.client.DefaultRequestDirector.execute(DefaultRequestDirector.java:486)
	at org.apache.http.impl.client.AbstractHttpClient.doExecute(AbstractHttpClient.java:863)
	at org.apache.http.impl.client.CloseableHttpClient.execute(CloseableHttpClient.java:72)
	at org.apache.http.impl.client.CloseableHttpClient.execute(CloseableHttpClient.java:57)
	at org.openqa.selenium.remote.HttpCommandExecutor.fallBackExecute(HttpCommandExecutor.java:322)
	at org.openqa.selenium.remote.HttpCommandExecutor.execute(HttpCommandExecutor.java:301)
	at org.openqa.selenium.firefox.internal.NewProfileExtensionConnection.execute(NewProfileExtensionConnection.java:165)
	at org.openqa.selenium.firefox.FirefoxDriver$LazyCommandExecutor.execute(FirefoxDriver.java:362)
	at org.openqa.selenium.remote.RemoteWebDriver.execute(RemoteWebDriver.java:568)
	... 16 more
</pre></div></td>
<td>10807</td>
<td>teammates.test.cases.ui.browsertests.AllAccessControlUiTests@1d1a5ea</td></tr>
<tr>
<td title='teammates.test.cases.ui.browsertests.AllAccessControlUiTests.testStudentAccessToAdminPages()'><b>testStudentAccessToAdminPages</b><br>Test class: teammates.test.cases.ui.browsertests.AllAccessControlUiTests</td>
<td><div><pre>org.openqa.selenium.NoSuchWindowException: Window not found. The browser window may have been closed.
Command duration or timeout: 1 milliseconds
Build info: version: &apos;2.41.0&apos;, revision: &apos;3192d8a&apos;, time: &apos;2014-03-27 17:17:32&apos;
System info: host: &apos;soccf-tr5-001&apos;, ip: &apos;172.26.191.176&apos;, os.name: &apos;Windows 7&apos;, os.arch: &apos;x86&apos;, os.version: &apos;6.1&apos;, java.version: &apos;1.7.0_60&apos;
Session ID: c3fec8d6-475c-494a-ab93-2f941739edba
Driver info: org.openqa.selenium.firefox.FirefoxDriver
Capabilities [{platform=XP, acceptSslCerts=true, javascriptEnabled=true, cssSelectorsEnabled=true, databaseEnabled=true, browserName=firefox, handlesAlerts=true, browserConnectionEnabled=true, webStorageEnabled=true, nativeEvents=false, rotatable=false, locationContextEnabled=true, applicationCacheEnabled=true, takesScreenshot=true, version=21.0}]
	at org.openqa.selenium.remote.ErrorHandler.createThrowable(ErrorHandler.java:193)
	at org.openqa.selenium.remote.ErrorHandler.throwIfResponseFailed(ErrorHandler.java:145)
	at org.openqa.selenium.remote.RemoteWebDriver.execute(RemoteWebDriver.java:595)
	at org.openqa.selenium.remote.RemoteWebDriver.get(RemoteWebDriver.java:300)
	at teammates.test.pageobjects.AppPage.logout(AppPage.java:406)
	at teammates.test.pageobjects.AppPage.logout(AppPage.java:398)
	at teammates.test.cases.ui.browsertests.AllAccessControlUiTests.loginStudent(AllAccessControlUiTests.java:323)
	at teammates.test.cases.ui.browsertests.AllAccessControlUiTests.testStudentAccessToAdminPages(AllAccessControlUiTests.java:139)
	at java.util.concurrent.ThreadPoolExecutor.runWorker(ThreadPoolExecutor.java:1145)
	at java.util.concurrent.ThreadPoolExecutor$Worker.run(ThreadPoolExecutor.java:615)
	at java.lang.Thread.run(Thread.java:745)
Caused by: org.openqa.selenium.remote.ErrorHandler$UnknownServerException: Window not found. The browser window may have been closed.
Build info: version: &apos;2.41.0&apos;, revision: &apos;3192d8a&apos;, time: &apos;2014-03-27 17:17:32&apos;
System info: host: &apos;soccf-tr5-001&apos;, ip: &apos;172.26.191.176&apos;, os.name: &apos;Windows 7&apos;, os.arch: &apos;x86&apos;, os.version: &apos;6.1&apos;, java.version: &apos;1.7.0_60&apos;
Driver info: driver.version: unknown
	at &lt;anonymous class&gt;.nsCommandProcessor.prototype.execute(file:///C:/Users/a0100124/AppData/Local/Temp/anonymous5001795366539514019webdriver-profile/extensions/fxdriver@googlecode.com/components/command_processor.js:10954)
	at &lt;anonymous class&gt;.Dispatcher.executeAs/&lt;(file:///C:/Users/a0100124/AppData/Local/Temp/anonymous5001795366539514019webdriver-profile/extensions/fxdriver@googlecode.com/components/driver_component.js:7717)
	at &lt;anonymous class&gt;.Resource.prototype.handle(file:///C:/Users/a0100124/AppData/Local/Temp/anonymous5001795366539514019webdriver-profile/extensions/fxdriver@googlecode.com/components/driver_component.js:7864)
	at &lt;anonymous class&gt;.Dispatcher.prototype.dispatch(file:///C:/Users/a0100124/AppData/Local/Temp/anonymous5001795366539514019webdriver-profile/extensions/fxdriver@googlecode.com/components/driver_component.js:7811)
	at &lt;anonymous class&gt;.WebDriverServer/&lt;.handle(file:///C:/Users/a0100124/AppData/Local/Temp/anonymous5001795366539514019webdriver-profile/extensions/fxdriver@googlecode.com/components/driver_component.js:10740)
	at &lt;anonymous class&gt;.&lt;anonymous method&gt;(file:///C:/Users/a0100124/AppData/Local/Temp/anonymous5001795366539514019webdriver-profile/extensions/fxdriver@googlecode.com/components/httpd.js:1935)
	at &lt;anonymous class&gt;.ServerHandler.prototype.handleResponse(file:///C:/Users/a0100124/AppData/Local/Temp/anonymous5001795366539514019webdriver-profile/extensions/fxdriver@googlecode.com/components/httpd.js:2261)
	at &lt;anonymous class&gt;.Connection.prototype.process(file:///C:/Users/a0100124/AppData/Local/Temp/anonymous5001795366539514019webdriver-profile/extensions/fxdriver@googlecode.com/components/httpd.js:1168)
	at &lt;anonymous class&gt;.RequestReader.prototype._handleResponse(file:///C:/Users/a0100124/AppData/Local/Temp/anonymous5001795366539514019webdriver-profile/extensions/fxdriver@googlecode.com/components/httpd.js:1616)
	at &lt;anonymous class&gt;.RequestReader.prototype._processBody(file:///C:/Users/a0100124/AppData/Local/Temp/anonymous5001795366539514019webdriver-profile/extensions/fxdriver@googlecode.com/components/httpd.js:1464)
	at &lt;anonymous class&gt;.RequestReader.prototype.onInputStreamReady(file:///C:/Users/a0100124/AppData/Local/Temp/anonymous5001795366539514019webdriver-profile/extensions/fxdriver@googlecode.com/components/httpd.js:1333)
... Removed 14 stack frames</pre></div><a href='#' onClick='toggleBox("stack-trace71185", this, "Click to show all stack frames", "Click to hide stack frames")'>Click to show all stack frames</a>
<div class='stack-trace' id='stack-trace71185'><pre>org.openqa.selenium.NoSuchWindowException: Window not found. The browser window may have been closed.
Command duration or timeout: 1 milliseconds
Build info: version: &apos;2.41.0&apos;, revision: &apos;3192d8a&apos;, time: &apos;2014-03-27 17:17:32&apos;
System info: host: &apos;soccf-tr5-001&apos;, ip: &apos;172.26.191.176&apos;, os.name: &apos;Windows 7&apos;, os.arch: &apos;x86&apos;, os.version: &apos;6.1&apos;, java.version: &apos;1.7.0_60&apos;
Session ID: c3fec8d6-475c-494a-ab93-2f941739edba
Driver info: org.openqa.selenium.firefox.FirefoxDriver
Capabilities [{platform=XP, acceptSslCerts=true, javascriptEnabled=true, cssSelectorsEnabled=true, databaseEnabled=true, browserName=firefox, handlesAlerts=true, browserConnectionEnabled=true, webStorageEnabled=true, nativeEvents=false, rotatable=false, locationContextEnabled=true, applicationCacheEnabled=true, takesScreenshot=true, version=21.0}]
	at sun.reflect.NativeConstructorAccessorImpl.newInstance0(Native Method)
	at sun.reflect.NativeConstructorAccessorImpl.newInstance(NativeConstructorAccessorImpl.java:57)
	at sun.reflect.DelegatingConstructorAccessorImpl.newInstance(DelegatingConstructorAccessorImpl.java:45)
	at java.lang.reflect.Constructor.newInstance(Constructor.java:526)
	at org.openqa.selenium.remote.ErrorHandler.createThrowable(ErrorHandler.java:193)
	at org.openqa.selenium.remote.ErrorHandler.throwIfResponseFailed(ErrorHandler.java:145)
	at org.openqa.selenium.remote.RemoteWebDriver.execute(RemoteWebDriver.java:595)
	at org.openqa.selenium.remote.RemoteWebDriver.get(RemoteWebDriver.java:300)
	at teammates.test.pageobjects.AppPage.logout(AppPage.java:406)
	at teammates.test.pageobjects.AppPage.logout(AppPage.java:398)
	at teammates.test.cases.ui.browsertests.AllAccessControlUiTests.loginStudent(AllAccessControlUiTests.java:323)
	at teammates.test.cases.ui.browsertests.AllAccessControlUiTests.testStudentAccessToAdminPages(AllAccessControlUiTests.java:139)
	at sun.reflect.NativeMethodAccessorImpl.invoke0(Native Method)
	at sun.reflect.NativeMethodAccessorImpl.invoke(NativeMethodAccessorImpl.java:57)
	at sun.reflect.DelegatingMethodAccessorImpl.invoke(DelegatingMethodAccessorImpl.java:43)
	at java.lang.reflect.Method.invoke(Method.java:606)
	at org.testng.internal.MethodInvocationHelper.invokeMethod(MethodInvocationHelper.java:84)
	at org.testng.internal.Invoker.invokeMethod(Invoker.java:714)
	at org.testng.internal.Invoker.invokeTestMethod(Invoker.java:901)
	at org.testng.internal.Invoker.invokeTestMethods(Invoker.java:1231)
	at org.testng.internal.TestMethodWorker.invokeTestMethods(TestMethodWorker.java:127)
	at org.testng.internal.TestMethodWorker.run(TestMethodWorker.java:111)
	at java.util.concurrent.ThreadPoolExecutor.runWorker(ThreadPoolExecutor.java:1145)
	at java.util.concurrent.ThreadPoolExecutor$Worker.run(ThreadPoolExecutor.java:615)
	at java.lang.Thread.run(Thread.java:745)
Caused by: org.openqa.selenium.remote.ErrorHandler$UnknownServerException: Window not found. The browser window may have been closed.
Build info: version: &apos;2.41.0&apos;, revision: &apos;3192d8a&apos;, time: &apos;2014-03-27 17:17:32&apos;
System info: host: &apos;soccf-tr5-001&apos;, ip: &apos;172.26.191.176&apos;, os.name: &apos;Windows 7&apos;, os.arch: &apos;x86&apos;, os.version: &apos;6.1&apos;, java.version: &apos;1.7.0_60&apos;
Driver info: driver.version: unknown
	at &lt;anonymous class&gt;.nsCommandProcessor.prototype.execute(file:///C:/Users/a0100124/AppData/Local/Temp/anonymous5001795366539514019webdriver-profile/extensions/fxdriver@googlecode.com/components/command_processor.js:10954)
	at &lt;anonymous class&gt;.Dispatcher.executeAs/&lt;(file:///C:/Users/a0100124/AppData/Local/Temp/anonymous5001795366539514019webdriver-profile/extensions/fxdriver@googlecode.com/components/driver_component.js:7717)
	at &lt;anonymous class&gt;.Resource.prototype.handle(file:///C:/Users/a0100124/AppData/Local/Temp/anonymous5001795366539514019webdriver-profile/extensions/fxdriver@googlecode.com/components/driver_component.js:7864)
	at &lt;anonymous class&gt;.Dispatcher.prototype.dispatch(file:///C:/Users/a0100124/AppData/Local/Temp/anonymous5001795366539514019webdriver-profile/extensions/fxdriver@googlecode.com/components/driver_component.js:7811)
	at &lt;anonymous class&gt;.WebDriverServer/&lt;.handle(file:///C:/Users/a0100124/AppData/Local/Temp/anonymous5001795366539514019webdriver-profile/extensions/fxdriver@googlecode.com/components/driver_component.js:10740)
	at &lt;anonymous class&gt;.&lt;anonymous method&gt;(file:///C:/Users/a0100124/AppData/Local/Temp/anonymous5001795366539514019webdriver-profile/extensions/fxdriver@googlecode.com/components/httpd.js:1935)
	at &lt;anonymous class&gt;.ServerHandler.prototype.handleResponse(file:///C:/Users/a0100124/AppData/Local/Temp/anonymous5001795366539514019webdriver-profile/extensions/fxdriver@googlecode.com/components/httpd.js:2261)
	at &lt;anonymous class&gt;.Connection.prototype.process(file:///C:/Users/a0100124/AppData/Local/Temp/anonymous5001795366539514019webdriver-profile/extensions/fxdriver@googlecode.com/components/httpd.js:1168)
	at &lt;anonymous class&gt;.RequestReader.prototype._handleResponse(file:///C:/Users/a0100124/AppData/Local/Temp/anonymous5001795366539514019webdriver-profile/extensions/fxdriver@googlecode.com/components/httpd.js:1616)
	at &lt;anonymous class&gt;.RequestReader.prototype._processBody(file:///C:/Users/a0100124/AppData/Local/Temp/anonymous5001795366539514019webdriver-profile/extensions/fxdriver@googlecode.com/components/httpd.js:1464)
	at &lt;anonymous class&gt;.RequestReader.prototype.onInputStreamReady(file:///C:/Users/a0100124/AppData/Local/Temp/anonymous5001795366539514019webdriver-profile/extensions/fxdriver@googlecode.com/components/httpd.js:1333)
</pre></div></td>
<td>0</td>
<td>teammates.test.cases.ui.browsertests.AllAccessControlUiTests@1d1a5ea</td></tr>
<tr>
<td title='teammates.test.cases.ui.browsertests.AllAccessControlUiTests.testStudentEvalResult()'><b>testStudentEvalResult</b><br>Test class: teammates.test.cases.ui.browsertests.AllAccessControlUiTests</td>
<td><div><pre>org.openqa.selenium.NoSuchWindowException: Window not found. The browser window may have been closed.
Command duration or timeout: 0 milliseconds
Build info: version: &apos;2.41.0&apos;, revision: &apos;3192d8a&apos;, time: &apos;2014-03-27 17:17:32&apos;
System info: host: &apos;soccf-tr5-001&apos;, ip: &apos;172.26.191.176&apos;, os.name: &apos;Windows 7&apos;, os.arch: &apos;x86&apos;, os.version: &apos;6.1&apos;, java.version: &apos;1.7.0_60&apos;
Session ID: c3fec8d6-475c-494a-ab93-2f941739edba
Driver info: org.openqa.selenium.firefox.FirefoxDriver
Capabilities [{platform=XP, acceptSslCerts=true, javascriptEnabled=true, cssSelectorsEnabled=true, databaseEnabled=true, browserName=firefox, handlesAlerts=true, browserConnectionEnabled=true, webStorageEnabled=true, nativeEvents=false, rotatable=false, locationContextEnabled=true, applicationCacheEnabled=true, takesScreenshot=true, version=21.0}]
	at org.openqa.selenium.remote.ErrorHandler.createThrowable(ErrorHandler.java:193)
	at org.openqa.selenium.remote.ErrorHandler.throwIfResponseFailed(ErrorHandler.java:145)
	at org.openqa.selenium.remote.RemoteWebDriver.execute(RemoteWebDriver.java:595)
	at org.openqa.selenium.remote.RemoteWebDriver.get(RemoteWebDriver.java:300)
	at teammates.test.pageobjects.AppPage.logout(AppPage.java:406)
	at teammates.test.pageobjects.AppPage.logout(AppPage.java:398)
	at teammates.test.cases.ui.browsertests.AllAccessControlUiTests.loginStudent(AllAccessControlUiTests.java:323)
	at teammates.test.cases.ui.browsertests.AllAccessControlUiTests.testStudentEvalResult(AllAccessControlUiTests.java:241)
	at java.util.concurrent.ThreadPoolExecutor.runWorker(ThreadPoolExecutor.java:1145)
	at java.util.concurrent.ThreadPoolExecutor$Worker.run(ThreadPoolExecutor.java:615)
	at java.lang.Thread.run(Thread.java:745)
Caused by: org.openqa.selenium.remote.ErrorHandler$UnknownServerException: Window not found. The browser window may have been closed.
Build info: version: &apos;2.41.0&apos;, revision: &apos;3192d8a&apos;, time: &apos;2014-03-27 17:17:32&apos;
System info: host: &apos;soccf-tr5-001&apos;, ip: &apos;172.26.191.176&apos;, os.name: &apos;Windows 7&apos;, os.arch: &apos;x86&apos;, os.version: &apos;6.1&apos;, java.version: &apos;1.7.0_60&apos;
Driver info: driver.version: unknown
	at &lt;anonymous class&gt;.nsCommandProcessor.prototype.execute(file:///C:/Users/a0100124/AppData/Local/Temp/anonymous5001795366539514019webdriver-profile/extensions/fxdriver@googlecode.com/components/command_processor.js:10954)
	at &lt;anonymous class&gt;.Dispatcher.executeAs/&lt;(file:///C:/Users/a0100124/AppData/Local/Temp/anonymous5001795366539514019webdriver-profile/extensions/fxdriver@googlecode.com/components/driver_component.js:7717)
	at &lt;anonymous class&gt;.Resource.prototype.handle(file:///C:/Users/a0100124/AppData/Local/Temp/anonymous5001795366539514019webdriver-profile/extensions/fxdriver@googlecode.com/components/driver_component.js:7864)
	at &lt;anonymous class&gt;.Dispatcher.prototype.dispatch(file:///C:/Users/a0100124/AppData/Local/Temp/anonymous5001795366539514019webdriver-profile/extensions/fxdriver@googlecode.com/components/driver_component.js:7811)
	at &lt;anonymous class&gt;.WebDriverServer/&lt;.handle(file:///C:/Users/a0100124/AppData/Local/Temp/anonymous5001795366539514019webdriver-profile/extensions/fxdriver@googlecode.com/components/driver_component.js:10740)
	at &lt;anonymous class&gt;.&lt;anonymous method&gt;(file:///C:/Users/a0100124/AppData/Local/Temp/anonymous5001795366539514019webdriver-profile/extensions/fxdriver@googlecode.com/components/httpd.js:1935)
	at &lt;anonymous class&gt;.ServerHandler.prototype.handleResponse(file:///C:/Users/a0100124/AppData/Local/Temp/anonymous5001795366539514019webdriver-profile/extensions/fxdriver@googlecode.com/components/httpd.js:2261)
	at &lt;anonymous class&gt;.Connection.prototype.process(file:///C:/Users/a0100124/AppData/Local/Temp/anonymous5001795366539514019webdriver-profile/extensions/fxdriver@googlecode.com/components/httpd.js:1168)
	at &lt;anonymous class&gt;.RequestReader.prototype._handleResponse(file:///C:/Users/a0100124/AppData/Local/Temp/anonymous5001795366539514019webdriver-profile/extensions/fxdriver@googlecode.com/components/httpd.js:1616)
	at &lt;anonymous class&gt;.RequestReader.prototype._processBody(file:///C:/Users/a0100124/AppData/Local/Temp/anonymous5001795366539514019webdriver-profile/extensions/fxdriver@googlecode.com/components/httpd.js:1464)
	at &lt;anonymous class&gt;.RequestReader.prototype.onInputStreamReady(file:///C:/Users/a0100124/AppData/Local/Temp/anonymous5001795366539514019webdriver-profile/extensions/fxdriver@googlecode.com/components/httpd.js:1333)
... Removed 14 stack frames</pre></div><a href='#' onClick='toggleBox("stack-trace22473978", this, "Click to show all stack frames", "Click to hide stack frames")'>Click to show all stack frames</a>
<div class='stack-trace' id='stack-trace22473978'><pre>org.openqa.selenium.NoSuchWindowException: Window not found. The browser window may have been closed.
Command duration or timeout: 0 milliseconds
Build info: version: &apos;2.41.0&apos;, revision: &apos;3192d8a&apos;, time: &apos;2014-03-27 17:17:32&apos;
System info: host: &apos;soccf-tr5-001&apos;, ip: &apos;172.26.191.176&apos;, os.name: &apos;Windows 7&apos;, os.arch: &apos;x86&apos;, os.version: &apos;6.1&apos;, java.version: &apos;1.7.0_60&apos;
Session ID: c3fec8d6-475c-494a-ab93-2f941739edba
Driver info: org.openqa.selenium.firefox.FirefoxDriver
Capabilities [{platform=XP, acceptSslCerts=true, javascriptEnabled=true, cssSelectorsEnabled=true, databaseEnabled=true, browserName=firefox, handlesAlerts=true, browserConnectionEnabled=true, webStorageEnabled=true, nativeEvents=false, rotatable=false, locationContextEnabled=true, applicationCacheEnabled=true, takesScreenshot=true, version=21.0}]
	at sun.reflect.NativeConstructorAccessorImpl.newInstance0(Native Method)
	at sun.reflect.NativeConstructorAccessorImpl.newInstance(NativeConstructorAccessorImpl.java:57)
	at sun.reflect.DelegatingConstructorAccessorImpl.newInstance(DelegatingConstructorAccessorImpl.java:45)
	at java.lang.reflect.Constructor.newInstance(Constructor.java:526)
	at org.openqa.selenium.remote.ErrorHandler.createThrowable(ErrorHandler.java:193)
	at org.openqa.selenium.remote.ErrorHandler.throwIfResponseFailed(ErrorHandler.java:145)
	at org.openqa.selenium.remote.RemoteWebDriver.execute(RemoteWebDriver.java:595)
	at org.openqa.selenium.remote.RemoteWebDriver.get(RemoteWebDriver.java:300)
	at teammates.test.pageobjects.AppPage.logout(AppPage.java:406)
	at teammates.test.pageobjects.AppPage.logout(AppPage.java:398)
	at teammates.test.cases.ui.browsertests.AllAccessControlUiTests.loginStudent(AllAccessControlUiTests.java:323)
	at teammates.test.cases.ui.browsertests.AllAccessControlUiTests.testStudentEvalResult(AllAccessControlUiTests.java:241)
	at sun.reflect.NativeMethodAccessorImpl.invoke0(Native Method)
	at sun.reflect.NativeMethodAccessorImpl.invoke(NativeMethodAccessorImpl.java:57)
	at sun.reflect.DelegatingMethodAccessorImpl.invoke(DelegatingMethodAccessorImpl.java:43)
	at java.lang.reflect.Method.invoke(Method.java:606)
	at org.testng.internal.MethodInvocationHelper.invokeMethod(MethodInvocationHelper.java:84)
	at org.testng.internal.Invoker.invokeMethod(Invoker.java:714)
	at org.testng.internal.Invoker.invokeTestMethod(Invoker.java:901)
	at org.testng.internal.Invoker.invokeTestMethods(Invoker.java:1231)
	at org.testng.internal.TestMethodWorker.invokeTestMethods(TestMethodWorker.java:127)
	at org.testng.internal.TestMethodWorker.run(TestMethodWorker.java:111)
	at java.util.concurrent.ThreadPoolExecutor.runWorker(ThreadPoolExecutor.java:1145)
	at java.util.concurrent.ThreadPoolExecutor$Worker.run(ThreadPoolExecutor.java:615)
	at java.lang.Thread.run(Thread.java:745)
Caused by: org.openqa.selenium.remote.ErrorHandler$UnknownServerException: Window not found. The browser window may have been closed.
Build info: version: &apos;2.41.0&apos;, revision: &apos;3192d8a&apos;, time: &apos;2014-03-27 17:17:32&apos;
System info: host: &apos;soccf-tr5-001&apos;, ip: &apos;172.26.191.176&apos;, os.name: &apos;Windows 7&apos;, os.arch: &apos;x86&apos;, os.version: &apos;6.1&apos;, java.version: &apos;1.7.0_60&apos;
Driver info: driver.version: unknown
	at &lt;anonymous class&gt;.nsCommandProcessor.prototype.execute(file:///C:/Users/a0100124/AppData/Local/Temp/anonymous5001795366539514019webdriver-profile/extensions/fxdriver@googlecode.com/components/command_processor.js:10954)
	at &lt;anonymous class&gt;.Dispatcher.executeAs/&lt;(file:///C:/Users/a0100124/AppData/Local/Temp/anonymous5001795366539514019webdriver-profile/extensions/fxdriver@googlecode.com/components/driver_component.js:7717)
	at &lt;anonymous class&gt;.Resource.prototype.handle(file:///C:/Users/a0100124/AppData/Local/Temp/anonymous5001795366539514019webdriver-profile/extensions/fxdriver@googlecode.com/components/driver_component.js:7864)
	at &lt;anonymous class&gt;.Dispatcher.prototype.dispatch(file:///C:/Users/a0100124/AppData/Local/Temp/anonymous5001795366539514019webdriver-profile/extensions/fxdriver@googlecode.com/components/driver_component.js:7811)
	at &lt;anonymous class&gt;.WebDriverServer/&lt;.handle(file:///C:/Users/a0100124/AppData/Local/Temp/anonymous5001795366539514019webdriver-profile/extensions/fxdriver@googlecode.com/components/driver_component.js:10740)
	at &lt;anonymous class&gt;.&lt;anonymous method&gt;(file:///C:/Users/a0100124/AppData/Local/Temp/anonymous5001795366539514019webdriver-profile/extensions/fxdriver@googlecode.com/components/httpd.js:1935)
	at &lt;anonymous class&gt;.ServerHandler.prototype.handleResponse(file:///C:/Users/a0100124/AppData/Local/Temp/anonymous5001795366539514019webdriver-profile/extensions/fxdriver@googlecode.com/components/httpd.js:2261)
	at &lt;anonymous class&gt;.Connection.prototype.process(file:///C:/Users/a0100124/AppData/Local/Temp/anonymous5001795366539514019webdriver-profile/extensions/fxdriver@googlecode.com/components/httpd.js:1168)
	at &lt;anonymous class&gt;.RequestReader.prototype._handleResponse(file:///C:/Users/a0100124/AppData/Local/Temp/anonymous5001795366539514019webdriver-profile/extensions/fxdriver@googlecode.com/components/httpd.js:1616)
	at &lt;anonymous class&gt;.RequestReader.prototype._processBody(file:///C:/Users/a0100124/AppData/Local/Temp/anonymous5001795366539514019webdriver-profile/extensions/fxdriver@googlecode.com/components/httpd.js:1464)
	at &lt;anonymous class&gt;.RequestReader.prototype.onInputStreamReady(file:///C:/Users/a0100124/AppData/Local/Temp/anonymous5001795366539514019webdriver-profile/extensions/fxdriver@googlecode.com/components/httpd.js:1333)
</pre></div></td>
<td>8</td>
<td>teammates.test.cases.ui.browsertests.AllAccessControlUiTests@1d1a5ea</td></tr>
<tr>
<td title='teammates.test.cases.ui.browsertests.AllAccessControlUiTests.testStudentEvalSubmission()'><b>testStudentEvalSubmission</b><br>Test class: teammates.test.cases.ui.browsertests.AllAccessControlUiTests</td>
<td><div><pre>org.openqa.selenium.NoSuchWindowException: Window not found. The browser window may have been closed.
Command duration or timeout: 0 milliseconds
Build info: version: &apos;2.41.0&apos;, revision: &apos;3192d8a&apos;, time: &apos;2014-03-27 17:17:32&apos;
System info: host: &apos;soccf-tr5-001&apos;, ip: &apos;172.26.191.176&apos;, os.name: &apos;Windows 7&apos;, os.arch: &apos;x86&apos;, os.version: &apos;6.1&apos;, java.version: &apos;1.7.0_60&apos;
Session ID: c3fec8d6-475c-494a-ab93-2f941739edba
Driver info: org.openqa.selenium.firefox.FirefoxDriver
Capabilities [{platform=XP, acceptSslCerts=true, javascriptEnabled=true, cssSelectorsEnabled=true, databaseEnabled=true, browserName=firefox, handlesAlerts=true, browserConnectionEnabled=true, webStorageEnabled=true, nativeEvents=false, rotatable=false, locationContextEnabled=true, applicationCacheEnabled=true, takesScreenshot=true, version=21.0}]
	at org.openqa.selenium.remote.ErrorHandler.createThrowable(ErrorHandler.java:193)
	at org.openqa.selenium.remote.ErrorHandler.throwIfResponseFailed(ErrorHandler.java:145)
	at org.openqa.selenium.remote.RemoteWebDriver.execute(RemoteWebDriver.java:595)
	at org.openqa.selenium.remote.RemoteWebDriver.get(RemoteWebDriver.java:300)
	at teammates.test.pageobjects.AppPage.logout(AppPage.java:406)
	at teammates.test.pageobjects.AppPage.logout(AppPage.java:398)
	at teammates.test.cases.ui.browsertests.AllAccessControlUiTests.loginStudent(AllAccessControlUiTests.java:323)
	at teammates.test.cases.ui.browsertests.AllAccessControlUiTests.testStudentEvalSubmission(AllAccessControlUiTests.java:158)
	at java.util.concurrent.ThreadPoolExecutor.runWorker(ThreadPoolExecutor.java:1145)
	at java.util.concurrent.ThreadPoolExecutor$Worker.run(ThreadPoolExecutor.java:615)
	at java.lang.Thread.run(Thread.java:745)
Caused by: org.openqa.selenium.remote.ErrorHandler$UnknownServerException: Window not found. The browser window may have been closed.
Build info: version: &apos;2.41.0&apos;, revision: &apos;3192d8a&apos;, time: &apos;2014-03-27 17:17:32&apos;
System info: host: &apos;soccf-tr5-001&apos;, ip: &apos;172.26.191.176&apos;, os.name: &apos;Windows 7&apos;, os.arch: &apos;x86&apos;, os.version: &apos;6.1&apos;, java.version: &apos;1.7.0_60&apos;
Driver info: driver.version: unknown
	at &lt;anonymous class&gt;.nsCommandProcessor.prototype.execute(file:///C:/Users/a0100124/AppData/Local/Temp/anonymous5001795366539514019webdriver-profile/extensions/fxdriver@googlecode.com/components/command_processor.js:10954)
	at &lt;anonymous class&gt;.Dispatcher.executeAs/&lt;(file:///C:/Users/a0100124/AppData/Local/Temp/anonymous5001795366539514019webdriver-profile/extensions/fxdriver@googlecode.com/components/driver_component.js:7717)
	at &lt;anonymous class&gt;.Resource.prototype.handle(file:///C:/Users/a0100124/AppData/Local/Temp/anonymous5001795366539514019webdriver-profile/extensions/fxdriver@googlecode.com/components/driver_component.js:7864)
	at &lt;anonymous class&gt;.Dispatcher.prototype.dispatch(file:///C:/Users/a0100124/AppData/Local/Temp/anonymous5001795366539514019webdriver-profile/extensions/fxdriver@googlecode.com/components/driver_component.js:7811)
	at &lt;anonymous class&gt;.WebDriverServer/&lt;.handle(file:///C:/Users/a0100124/AppData/Local/Temp/anonymous5001795366539514019webdriver-profile/extensions/fxdriver@googlecode.com/components/driver_component.js:10740)
	at &lt;anonymous class&gt;.&lt;anonymous method&gt;(file:///C:/Users/a0100124/AppData/Local/Temp/anonymous5001795366539514019webdriver-profile/extensions/fxdriver@googlecode.com/components/httpd.js:1935)
	at &lt;anonymous class&gt;.ServerHandler.prototype.handleResponse(file:///C:/Users/a0100124/AppData/Local/Temp/anonymous5001795366539514019webdriver-profile/extensions/fxdriver@googlecode.com/components/httpd.js:2261)
	at &lt;anonymous class&gt;.Connection.prototype.process(file:///C:/Users/a0100124/AppData/Local/Temp/anonymous5001795366539514019webdriver-profile/extensions/fxdriver@googlecode.com/components/httpd.js:1168)
	at &lt;anonymous class&gt;.RequestReader.prototype._handleResponse(file:///C:/Users/a0100124/AppData/Local/Temp/anonymous5001795366539514019webdriver-profile/extensions/fxdriver@googlecode.com/components/httpd.js:1616)
	at &lt;anonymous class&gt;.RequestReader.prototype._processBody(file:///C:/Users/a0100124/AppData/Local/Temp/anonymous5001795366539514019webdriver-profile/extensions/fxdriver@googlecode.com/components/httpd.js:1464)
	at &lt;anonymous class&gt;.RequestReader.prototype.onInputStreamReady(file:///C:/Users/a0100124/AppData/Local/Temp/anonymous5001795366539514019webdriver-profile/extensions/fxdriver@googlecode.com/components/httpd.js:1333)
... Removed 14 stack frames</pre></div><a href='#' onClick='toggleBox("stack-trace17211439", this, "Click to show all stack frames", "Click to hide stack frames")'>Click to show all stack frames</a>
<div class='stack-trace' id='stack-trace17211439'><pre>org.openqa.selenium.NoSuchWindowException: Window not found. The browser window may have been closed.
Command duration or timeout: 0 milliseconds
Build info: version: &apos;2.41.0&apos;, revision: &apos;3192d8a&apos;, time: &apos;2014-03-27 17:17:32&apos;
System info: host: &apos;soccf-tr5-001&apos;, ip: &apos;172.26.191.176&apos;, os.name: &apos;Windows 7&apos;, os.arch: &apos;x86&apos;, os.version: &apos;6.1&apos;, java.version: &apos;1.7.0_60&apos;
Session ID: c3fec8d6-475c-494a-ab93-2f941739edba
Driver info: org.openqa.selenium.firefox.FirefoxDriver
Capabilities [{platform=XP, acceptSslCerts=true, javascriptEnabled=true, cssSelectorsEnabled=true, databaseEnabled=true, browserName=firefox, handlesAlerts=true, browserConnectionEnabled=true, webStorageEnabled=true, nativeEvents=false, rotatable=false, locationContextEnabled=true, applicationCacheEnabled=true, takesScreenshot=true, version=21.0}]
	at sun.reflect.NativeConstructorAccessorImpl.newInstance0(Native Method)
	at sun.reflect.NativeConstructorAccessorImpl.newInstance(NativeConstructorAccessorImpl.java:57)
	at sun.reflect.DelegatingConstructorAccessorImpl.newInstance(DelegatingConstructorAccessorImpl.java:45)
	at java.lang.reflect.Constructor.newInstance(Constructor.java:526)
	at org.openqa.selenium.remote.ErrorHandler.createThrowable(ErrorHandler.java:193)
	at org.openqa.selenium.remote.ErrorHandler.throwIfResponseFailed(ErrorHandler.java:145)
	at org.openqa.selenium.remote.RemoteWebDriver.execute(RemoteWebDriver.java:595)
	at org.openqa.selenium.remote.RemoteWebDriver.get(RemoteWebDriver.java:300)
	at teammates.test.pageobjects.AppPage.logout(AppPage.java:406)
	at teammates.test.pageobjects.AppPage.logout(AppPage.java:398)
	at teammates.test.cases.ui.browsertests.AllAccessControlUiTests.loginStudent(AllAccessControlUiTests.java:323)
	at teammates.test.cases.ui.browsertests.AllAccessControlUiTests.testStudentEvalSubmission(AllAccessControlUiTests.java:158)
	at sun.reflect.NativeMethodAccessorImpl.invoke0(Native Method)
	at sun.reflect.NativeMethodAccessorImpl.invoke(NativeMethodAccessorImpl.java:57)
	at sun.reflect.DelegatingMethodAccessorImpl.invoke(DelegatingMethodAccessorImpl.java:43)
	at java.lang.reflect.Method.invoke(Method.java:606)
	at org.testng.internal.MethodInvocationHelper.invokeMethod(MethodInvocationHelper.java:84)
	at org.testng.internal.Invoker.invokeMethod(Invoker.java:714)
	at org.testng.internal.Invoker.invokeTestMethod(Invoker.java:901)
	at org.testng.internal.Invoker.invokeTestMethods(Invoker.java:1231)
	at org.testng.internal.TestMethodWorker.invokeTestMethods(TestMethodWorker.java:127)
	at org.testng.internal.TestMethodWorker.run(TestMethodWorker.java:111)
	at java.util.concurrent.ThreadPoolExecutor.runWorker(ThreadPoolExecutor.java:1145)
	at java.util.concurrent.ThreadPoolExecutor$Worker.run(ThreadPoolExecutor.java:615)
	at java.lang.Thread.run(Thread.java:745)
Caused by: org.openqa.selenium.remote.ErrorHandler$UnknownServerException: Window not found. The browser window may have been closed.
Build info: version: &apos;2.41.0&apos;, revision: &apos;3192d8a&apos;, time: &apos;2014-03-27 17:17:32&apos;
System info: host: &apos;soccf-tr5-001&apos;, ip: &apos;172.26.191.176&apos;, os.name: &apos;Windows 7&apos;, os.arch: &apos;x86&apos;, os.version: &apos;6.1&apos;, java.version: &apos;1.7.0_60&apos;
Driver info: driver.version: unknown
	at &lt;anonymous class&gt;.nsCommandProcessor.prototype.execute(file:///C:/Users/a0100124/AppData/Local/Temp/anonymous5001795366539514019webdriver-profile/extensions/fxdriver@googlecode.com/components/command_processor.js:10954)
	at &lt;anonymous class&gt;.Dispatcher.executeAs/&lt;(file:///C:/Users/a0100124/AppData/Local/Temp/anonymous5001795366539514019webdriver-profile/extensions/fxdriver@googlecode.com/components/driver_component.js:7717)
	at &lt;anonymous class&gt;.Resource.prototype.handle(file:///C:/Users/a0100124/AppData/Local/Temp/anonymous5001795366539514019webdriver-profile/extensions/fxdriver@googlecode.com/components/driver_component.js:7864)
	at &lt;anonymous class&gt;.Dispatcher.prototype.dispatch(file:///C:/Users/a0100124/AppData/Local/Temp/anonymous5001795366539514019webdriver-profile/extensions/fxdriver@googlecode.com/components/driver_component.js:7811)
	at &lt;anonymous class&gt;.WebDriverServer/&lt;.handle(file:///C:/Users/a0100124/AppData/Local/Temp/anonymous5001795366539514019webdriver-profile/extensions/fxdriver@googlecode.com/components/driver_component.js:10740)
	at &lt;anonymous class&gt;.&lt;anonymous method&gt;(file:///C:/Users/a0100124/AppData/Local/Temp/anonymous5001795366539514019webdriver-profile/extensions/fxdriver@googlecode.com/components/httpd.js:1935)
	at &lt;anonymous class&gt;.ServerHandler.prototype.handleResponse(file:///C:/Users/a0100124/AppData/Local/Temp/anonymous5001795366539514019webdriver-profile/extensions/fxdriver@googlecode.com/components/httpd.js:2261)
	at &lt;anonymous class&gt;.Connection.prototype.process(file:///C:/Users/a0100124/AppData/Local/Temp/anonymous5001795366539514019webdriver-profile/extensions/fxdriver@googlecode.com/components/httpd.js:1168)
	at &lt;anonymous class&gt;.RequestReader.prototype._handleResponse(file:///C:/Users/a0100124/AppData/Local/Temp/anonymous5001795366539514019webdriver-profile/extensions/fxdriver@googlecode.com/components/httpd.js:1616)
	at &lt;anonymous class&gt;.RequestReader.prototype._processBody(file:///C:/Users/a0100124/AppData/Local/Temp/anonymous5001795366539514019webdriver-profile/extensions/fxdriver@googlecode.com/components/httpd.js:1464)
	at &lt;anonymous class&gt;.RequestReader.prototype.onInputStreamReady(file:///C:/Users/a0100124/AppData/Local/Temp/anonymous5001795366539514019webdriver-profile/extensions/fxdriver@googlecode.com/components/httpd.js:1333)
</pre></div></td>
<td>8</td>
<td>teammates.test.cases.ui.browsertests.AllAccessControlUiTests@1d1a5ea</td></tr>
<tr>
<td title='teammates.test.cases.ui.browsertests.AllAccessControlUiTests.testStudentHome()'><b>testStudentHome</b><br>Test class: teammates.test.cases.ui.browsertests.AllAccessControlUiTests</td>
<td><div><pre>org.openqa.selenium.NoSuchWindowException: Window not found. The browser window may have been closed.
Command duration or timeout: 15 milliseconds
Build info: version: &apos;2.41.0&apos;, revision: &apos;3192d8a&apos;, time: &apos;2014-03-27 17:17:32&apos;
System info: host: &apos;soccf-tr5-001&apos;, ip: &apos;172.26.191.176&apos;, os.name: &apos;Windows 7&apos;, os.arch: &apos;x86&apos;, os.version: &apos;6.1&apos;, java.version: &apos;1.7.0_60&apos;
Session ID: c3fec8d6-475c-494a-ab93-2f941739edba
Driver info: org.openqa.selenium.firefox.FirefoxDriver
Capabilities [{platform=XP, acceptSslCerts=true, javascriptEnabled=true, cssSelectorsEnabled=true, databaseEnabled=true, browserName=firefox, handlesAlerts=true, browserConnectionEnabled=true, webStorageEnabled=true, nativeEvents=false, rotatable=false, locationContextEnabled=true, applicationCacheEnabled=true, takesScreenshot=true, version=21.0}]
	at org.openqa.selenium.remote.ErrorHandler.createThrowable(ErrorHandler.java:193)
	at org.openqa.selenium.remote.ErrorHandler.throwIfResponseFailed(ErrorHandler.java:145)
	at org.openqa.selenium.remote.RemoteWebDriver.execute(RemoteWebDriver.java:595)
	at org.openqa.selenium.remote.RemoteWebDriver.get(RemoteWebDriver.java:300)
	at teammates.test.pageobjects.AppPage.logout(AppPage.java:406)
	at teammates.test.pageobjects.AppPage.logout(AppPage.java:398)
	at teammates.test.cases.ui.browsertests.AllAccessControlUiTests.loginStudent(AllAccessControlUiTests.java:323)
	at teammates.test.cases.ui.browsertests.AllAccessControlUiTests.testStudentHome(AllAccessControlUiTests.java:145)
	at java.util.concurrent.ThreadPoolExecutor.runWorker(ThreadPoolExecutor.java:1145)
	at java.util.concurrent.ThreadPoolExecutor$Worker.run(ThreadPoolExecutor.java:615)
	at java.lang.Thread.run(Thread.java:745)
Caused by: org.openqa.selenium.remote.ErrorHandler$UnknownServerException: Window not found. The browser window may have been closed.
Build info: version: &apos;2.41.0&apos;, revision: &apos;3192d8a&apos;, time: &apos;2014-03-27 17:17:32&apos;
System info: host: &apos;soccf-tr5-001&apos;, ip: &apos;172.26.191.176&apos;, os.name: &apos;Windows 7&apos;, os.arch: &apos;x86&apos;, os.version: &apos;6.1&apos;, java.version: &apos;1.7.0_60&apos;
Driver info: driver.version: unknown
	at &lt;anonymous class&gt;.nsCommandProcessor.prototype.execute(file:///C:/Users/a0100124/AppData/Local/Temp/anonymous5001795366539514019webdriver-profile/extensions/fxdriver@googlecode.com/components/command_processor.js:10954)
	at &lt;anonymous class&gt;.Dispatcher.executeAs/&lt;(file:///C:/Users/a0100124/AppData/Local/Temp/anonymous5001795366539514019webdriver-profile/extensions/fxdriver@googlecode.com/components/driver_component.js:7717)
	at &lt;anonymous class&gt;.Resource.prototype.handle(file:///C:/Users/a0100124/AppData/Local/Temp/anonymous5001795366539514019webdriver-profile/extensions/fxdriver@googlecode.com/components/driver_component.js:7864)
	at &lt;anonymous class&gt;.Dispatcher.prototype.dispatch(file:///C:/Users/a0100124/AppData/Local/Temp/anonymous5001795366539514019webdriver-profile/extensions/fxdriver@googlecode.com/components/driver_component.js:7811)
	at &lt;anonymous class&gt;.WebDriverServer/&lt;.handle(file:///C:/Users/a0100124/AppData/Local/Temp/anonymous5001795366539514019webdriver-profile/extensions/fxdriver@googlecode.com/components/driver_component.js:10740)
	at &lt;anonymous class&gt;.&lt;anonymous method&gt;(file:///C:/Users/a0100124/AppData/Local/Temp/anonymous5001795366539514019webdriver-profile/extensions/fxdriver@googlecode.com/components/httpd.js:1935)
	at &lt;anonymous class&gt;.ServerHandler.prototype.handleResponse(file:///C:/Users/a0100124/AppData/Local/Temp/anonymous5001795366539514019webdriver-profile/extensions/fxdriver@googlecode.com/components/httpd.js:2261)
	at &lt;anonymous class&gt;.Connection.prototype.process(file:///C:/Users/a0100124/AppData/Local/Temp/anonymous5001795366539514019webdriver-profile/extensions/fxdriver@googlecode.com/components/httpd.js:1168)
	at &lt;anonymous class&gt;.RequestReader.prototype._handleResponse(file:///C:/Users/a0100124/AppData/Local/Temp/anonymous5001795366539514019webdriver-profile/extensions/fxdriver@googlecode.com/components/httpd.js:1616)
	at &lt;anonymous class&gt;.RequestReader.prototype._processBody(file:///C:/Users/a0100124/AppData/Local/Temp/anonymous5001795366539514019webdriver-profile/extensions/fxdriver@googlecode.com/components/httpd.js:1464)
	at &lt;anonymous class&gt;.RequestReader.prototype.onInputStreamReady(file:///C:/Users/a0100124/AppData/Local/Temp/anonymous5001795366539514019webdriver-profile/extensions/fxdriver@googlecode.com/components/httpd.js:1333)
... Removed 14 stack frames</pre></div><a href='#' onClick='toggleBox("stack-trace17692718", this, "Click to show all stack frames", "Click to hide stack frames")'>Click to show all stack frames</a>
<div class='stack-trace' id='stack-trace17692718'><pre>org.openqa.selenium.NoSuchWindowException: Window not found. The browser window may have been closed.
Command duration or timeout: 15 milliseconds
Build info: version: &apos;2.41.0&apos;, revision: &apos;3192d8a&apos;, time: &apos;2014-03-27 17:17:32&apos;
System info: host: &apos;soccf-tr5-001&apos;, ip: &apos;172.26.191.176&apos;, os.name: &apos;Windows 7&apos;, os.arch: &apos;x86&apos;, os.version: &apos;6.1&apos;, java.version: &apos;1.7.0_60&apos;
Session ID: c3fec8d6-475c-494a-ab93-2f941739edba
Driver info: org.openqa.selenium.firefox.FirefoxDriver
Capabilities [{platform=XP, acceptSslCerts=true, javascriptEnabled=true, cssSelectorsEnabled=true, databaseEnabled=true, browserName=firefox, handlesAlerts=true, browserConnectionEnabled=true, webStorageEnabled=true, nativeEvents=false, rotatable=false, locationContextEnabled=true, applicationCacheEnabled=true, takesScreenshot=true, version=21.0}]
	at sun.reflect.NativeConstructorAccessorImpl.newInstance0(Native Method)
	at sun.reflect.NativeConstructorAccessorImpl.newInstance(NativeConstructorAccessorImpl.java:57)
	at sun.reflect.DelegatingConstructorAccessorImpl.newInstance(DelegatingConstructorAccessorImpl.java:45)
	at java.lang.reflect.Constructor.newInstance(Constructor.java:526)
	at org.openqa.selenium.remote.ErrorHandler.createThrowable(ErrorHandler.java:193)
	at org.openqa.selenium.remote.ErrorHandler.throwIfResponseFailed(ErrorHandler.java:145)
	at org.openqa.selenium.remote.RemoteWebDriver.execute(RemoteWebDriver.java:595)
	at org.openqa.selenium.remote.RemoteWebDriver.get(RemoteWebDriver.java:300)
	at teammates.test.pageobjects.AppPage.logout(AppPage.java:406)
	at teammates.test.pageobjects.AppPage.logout(AppPage.java:398)
	at teammates.test.cases.ui.browsertests.AllAccessControlUiTests.loginStudent(AllAccessControlUiTests.java:323)
	at teammates.test.cases.ui.browsertests.AllAccessControlUiTests.testStudentHome(AllAccessControlUiTests.java:145)
	at sun.reflect.NativeMethodAccessorImpl.invoke0(Native Method)
	at sun.reflect.NativeMethodAccessorImpl.invoke(NativeMethodAccessorImpl.java:57)
	at sun.reflect.DelegatingMethodAccessorImpl.invoke(DelegatingMethodAccessorImpl.java:43)
	at java.lang.reflect.Method.invoke(Method.java:606)
	at org.testng.internal.MethodInvocationHelper.invokeMethod(MethodInvocationHelper.java:84)
	at org.testng.internal.Invoker.invokeMethod(Invoker.java:714)
	at org.testng.internal.Invoker.invokeTestMethod(Invoker.java:901)
	at org.testng.internal.Invoker.invokeTestMethods(Invoker.java:1231)
	at org.testng.internal.TestMethodWorker.invokeTestMethods(TestMethodWorker.java:127)
	at org.testng.internal.TestMethodWorker.run(TestMethodWorker.java:111)
	at java.util.concurrent.ThreadPoolExecutor.runWorker(ThreadPoolExecutor.java:1145)
	at java.util.concurrent.ThreadPoolExecutor$Worker.run(ThreadPoolExecutor.java:615)
	at java.lang.Thread.run(Thread.java:745)
Caused by: org.openqa.selenium.remote.ErrorHandler$UnknownServerException: Window not found. The browser window may have been closed.
Build info: version: &apos;2.41.0&apos;, revision: &apos;3192d8a&apos;, time: &apos;2014-03-27 17:17:32&apos;
System info: host: &apos;soccf-tr5-001&apos;, ip: &apos;172.26.191.176&apos;, os.name: &apos;Windows 7&apos;, os.arch: &apos;x86&apos;, os.version: &apos;6.1&apos;, java.version: &apos;1.7.0_60&apos;
Driver info: driver.version: unknown
	at &lt;anonymous class&gt;.nsCommandProcessor.prototype.execute(file:///C:/Users/a0100124/AppData/Local/Temp/anonymous5001795366539514019webdriver-profile/extensions/fxdriver@googlecode.com/components/command_processor.js:10954)
	at &lt;anonymous class&gt;.Dispatcher.executeAs/&lt;(file:///C:/Users/a0100124/AppData/Local/Temp/anonymous5001795366539514019webdriver-profile/extensions/fxdriver@googlecode.com/components/driver_component.js:7717)
	at &lt;anonymous class&gt;.Resource.prototype.handle(file:///C:/Users/a0100124/AppData/Local/Temp/anonymous5001795366539514019webdriver-profile/extensions/fxdriver@googlecode.com/components/driver_component.js:7864)
	at &lt;anonymous class&gt;.Dispatcher.prototype.dispatch(file:///C:/Users/a0100124/AppData/Local/Temp/anonymous5001795366539514019webdriver-profile/extensions/fxdriver@googlecode.com/components/driver_component.js:7811)
	at &lt;anonymous class&gt;.WebDriverServer/&lt;.handle(file:///C:/Users/a0100124/AppData/Local/Temp/anonymous5001795366539514019webdriver-profile/extensions/fxdriver@googlecode.com/components/driver_component.js:10740)
	at &lt;anonymous class&gt;.&lt;anonymous method&gt;(file:///C:/Users/a0100124/AppData/Local/Temp/anonymous5001795366539514019webdriver-profile/extensions/fxdriver@googlecode.com/components/httpd.js:1935)
	at &lt;anonymous class&gt;.ServerHandler.prototype.handleResponse(file:///C:/Users/a0100124/AppData/Local/Temp/anonymous5001795366539514019webdriver-profile/extensions/fxdriver@googlecode.com/components/httpd.js:2261)
	at &lt;anonymous class&gt;.Connection.prototype.process(file:///C:/Users/a0100124/AppData/Local/Temp/anonymous5001795366539514019webdriver-profile/extensions/fxdriver@googlecode.com/components/httpd.js:1168)
	at &lt;anonymous class&gt;.RequestReader.prototype._handleResponse(file:///C:/Users/a0100124/AppData/Local/Temp/anonymous5001795366539514019webdriver-profile/extensions/fxdriver@googlecode.com/components/httpd.js:1616)
	at &lt;anonymous class&gt;.RequestReader.prototype._processBody(file:///C:/Users/a0100124/AppData/Local/Temp/anonymous5001795366539514019webdriver-profile/extensions/fxdriver@googlecode.com/components/httpd.js:1464)
	at &lt;anonymous class&gt;.RequestReader.prototype.onInputStreamReady(file:///C:/Users/a0100124/AppData/Local/Temp/anonymous5001795366539514019webdriver-profile/extensions/fxdriver@googlecode.com/components/httpd.js:1333)
</pre></div></td>
<td>0</td>
<td>teammates.test.cases.ui.browsertests.AllAccessControlUiTests@1d1a5ea</td></tr>
<tr>
<td title='teammates.test.cases.ui.browsertests.AllAccessControlUiTests.testUserNotLoggedIn()'><b>testUserNotLoggedIn</b><br>Test class: teammates.test.cases.ui.browsertests.AllAccessControlUiTests</td>
<td><div><pre>org.openqa.selenium.NoSuchWindowException: Window not found. The browser window may have been closed.
Command duration or timeout: 0 milliseconds
Build info: version: &apos;2.41.0&apos;, revision: &apos;3192d8a&apos;, time: &apos;2014-03-27 17:17:32&apos;
System info: host: &apos;soccf-tr5-001&apos;, ip: &apos;172.26.191.176&apos;, os.name: &apos;Windows 7&apos;, os.arch: &apos;x86&apos;, os.version: &apos;6.1&apos;, java.version: &apos;1.7.0_60&apos;
Session ID: c3fec8d6-475c-494a-ab93-2f941739edba
Driver info: org.openqa.selenium.firefox.FirefoxDriver
Capabilities [{platform=XP, acceptSslCerts=true, javascriptEnabled=true, cssSelectorsEnabled=true, databaseEnabled=true, browserName=firefox, handlesAlerts=true, browserConnectionEnabled=true, webStorageEnabled=true, nativeEvents=false, rotatable=false, locationContextEnabled=true, applicationCacheEnabled=true, takesScreenshot=true, version=21.0}]
	at org.openqa.selenium.remote.ErrorHandler.createThrowable(ErrorHandler.java:193)
	at org.openqa.selenium.remote.ErrorHandler.throwIfResponseFailed(ErrorHandler.java:145)
	at org.openqa.selenium.remote.RemoteWebDriver.execute(RemoteWebDriver.java:595)
	at org.openqa.selenium.remote.RemoteWebDriver.get(RemoteWebDriver.java:300)
	at teammates.test.pageobjects.AppPage.logout(AppPage.java:406)
	at teammates.test.pageobjects.AppPage.logout(AppPage.java:398)
	at teammates.test.cases.ui.browsertests.AllAccessControlUiTests.testUserNotLoggedIn(AllAccessControlUiTests.java:86)
	at java.util.concurrent.ThreadPoolExecutor.runWorker(ThreadPoolExecutor.java:1145)
	at java.util.concurrent.ThreadPoolExecutor$Worker.run(ThreadPoolExecutor.java:615)
	at java.lang.Thread.run(Thread.java:745)
Caused by: org.openqa.selenium.remote.ErrorHandler$UnknownServerException: Window not found. The browser window may have been closed.
Build info: version: &apos;2.41.0&apos;, revision: &apos;3192d8a&apos;, time: &apos;2014-03-27 17:17:32&apos;
System info: host: &apos;soccf-tr5-001&apos;, ip: &apos;172.26.191.176&apos;, os.name: &apos;Windows 7&apos;, os.arch: &apos;x86&apos;, os.version: &apos;6.1&apos;, java.version: &apos;1.7.0_60&apos;
Driver info: driver.version: unknown
	at &lt;anonymous class&gt;.nsCommandProcessor.prototype.execute(file:///C:/Users/a0100124/AppData/Local/Temp/anonymous5001795366539514019webdriver-profile/extensions/fxdriver@googlecode.com/components/command_processor.js:10954)
	at &lt;anonymous class&gt;.Dispatcher.executeAs/&lt;(file:///C:/Users/a0100124/AppData/Local/Temp/anonymous5001795366539514019webdriver-profile/extensions/fxdriver@googlecode.com/components/driver_component.js:7717)
	at &lt;anonymous class&gt;.Resource.prototype.handle(file:///C:/Users/a0100124/AppData/Local/Temp/anonymous5001795366539514019webdriver-profile/extensions/fxdriver@googlecode.com/components/driver_component.js:7864)
	at &lt;anonymous class&gt;.Dispatcher.prototype.dispatch(file:///C:/Users/a0100124/AppData/Local/Temp/anonymous5001795366539514019webdriver-profile/extensions/fxdriver@googlecode.com/components/driver_component.js:7811)
	at &lt;anonymous class&gt;.WebDriverServer/&lt;.handle(file:///C:/Users/a0100124/AppData/Local/Temp/anonymous5001795366539514019webdriver-profile/extensions/fxdriver@googlecode.com/components/driver_component.js:10740)
	at &lt;anonymous class&gt;.&lt;anonymous method&gt;(file:///C:/Users/a0100124/AppData/Local/Temp/anonymous5001795366539514019webdriver-profile/extensions/fxdriver@googlecode.com/components/httpd.js:1935)
	at &lt;anonymous class&gt;.ServerHandler.prototype.handleResponse(file:///C:/Users/a0100124/AppData/Local/Temp/anonymous5001795366539514019webdriver-profile/extensions/fxdriver@googlecode.com/components/httpd.js:2261)
	at &lt;anonymous class&gt;.Connection.prototype.process(file:///C:/Users/a0100124/AppData/Local/Temp/anonymous5001795366539514019webdriver-profile/extensions/fxdriver@googlecode.com/components/httpd.js:1168)
	at &lt;anonymous class&gt;.RequestReader.prototype._handleResponse(file:///C:/Users/a0100124/AppData/Local/Temp/anonymous5001795366539514019webdriver-profile/extensions/fxdriver@googlecode.com/components/httpd.js:1616)
	at &lt;anonymous class&gt;.RequestReader.prototype._processBody(file:///C:/Users/a0100124/AppData/Local/Temp/anonymous5001795366539514019webdriver-profile/extensions/fxdriver@googlecode.com/components/httpd.js:1464)
	at &lt;anonymous class&gt;.RequestReader.prototype.onInputStreamReady(file:///C:/Users/a0100124/AppData/Local/Temp/anonymous5001795366539514019webdriver-profile/extensions/fxdriver@googlecode.com/components/httpd.js:1333)
... Removed 14 stack frames</pre></div><a href='#' onClick='toggleBox("stack-trace8261761", this, "Click to show all stack frames", "Click to hide stack frames")'>Click to show all stack frames</a>
<div class='stack-trace' id='stack-trace8261761'><pre>org.openqa.selenium.NoSuchWindowException: Window not found. The browser window may have been closed.
Command duration or timeout: 0 milliseconds
Build info: version: &apos;2.41.0&apos;, revision: &apos;3192d8a&apos;, time: &apos;2014-03-27 17:17:32&apos;
System info: host: &apos;soccf-tr5-001&apos;, ip: &apos;172.26.191.176&apos;, os.name: &apos;Windows 7&apos;, os.arch: &apos;x86&apos;, os.version: &apos;6.1&apos;, java.version: &apos;1.7.0_60&apos;
Session ID: c3fec8d6-475c-494a-ab93-2f941739edba
Driver info: org.openqa.selenium.firefox.FirefoxDriver
Capabilities [{platform=XP, acceptSslCerts=true, javascriptEnabled=true, cssSelectorsEnabled=true, databaseEnabled=true, browserName=firefox, handlesAlerts=true, browserConnectionEnabled=true, webStorageEnabled=true, nativeEvents=false, rotatable=false, locationContextEnabled=true, applicationCacheEnabled=true, takesScreenshot=true, version=21.0}]
	at sun.reflect.NativeConstructorAccessorImpl.newInstance0(Native Method)
	at sun.reflect.NativeConstructorAccessorImpl.newInstance(NativeConstructorAccessorImpl.java:57)
	at sun.reflect.DelegatingConstructorAccessorImpl.newInstance(DelegatingConstructorAccessorImpl.java:45)
	at java.lang.reflect.Constructor.newInstance(Constructor.java:526)
	at org.openqa.selenium.remote.ErrorHandler.createThrowable(ErrorHandler.java:193)
	at org.openqa.selenium.remote.ErrorHandler.throwIfResponseFailed(ErrorHandler.java:145)
	at org.openqa.selenium.remote.RemoteWebDriver.execute(RemoteWebDriver.java:595)
	at org.openqa.selenium.remote.RemoteWebDriver.get(RemoteWebDriver.java:300)
	at teammates.test.pageobjects.AppPage.logout(AppPage.java:406)
	at teammates.test.pageobjects.AppPage.logout(AppPage.java:398)
	at teammates.test.cases.ui.browsertests.AllAccessControlUiTests.testUserNotLoggedIn(AllAccessControlUiTests.java:86)
	at sun.reflect.NativeMethodAccessorImpl.invoke0(Native Method)
	at sun.reflect.NativeMethodAccessorImpl.invoke(NativeMethodAccessorImpl.java:57)
	at sun.reflect.DelegatingMethodAccessorImpl.invoke(DelegatingMethodAccessorImpl.java:43)
	at java.lang.reflect.Method.invoke(Method.java:606)
	at org.testng.internal.MethodInvocationHelper.invokeMethod(MethodInvocationHelper.java:84)
	at org.testng.internal.Invoker.invokeMethod(Invoker.java:714)
	at org.testng.internal.Invoker.invokeTestMethod(Invoker.java:901)
	at org.testng.internal.Invoker.invokeTestMethods(Invoker.java:1231)
	at org.testng.internal.TestMethodWorker.invokeTestMethods(TestMethodWorker.java:127)
	at org.testng.internal.TestMethodWorker.run(TestMethodWorker.java:111)
	at java.util.concurrent.ThreadPoolExecutor.runWorker(ThreadPoolExecutor.java:1145)
	at java.util.concurrent.ThreadPoolExecutor$Worker.run(ThreadPoolExecutor.java:615)
	at java.lang.Thread.run(Thread.java:745)
Caused by: org.openqa.selenium.remote.ErrorHandler$UnknownServerException: Window not found. The browser window may have been closed.
Build info: version: &apos;2.41.0&apos;, revision: &apos;3192d8a&apos;, time: &apos;2014-03-27 17:17:32&apos;
System info: host: &apos;soccf-tr5-001&apos;, ip: &apos;172.26.191.176&apos;, os.name: &apos;Windows 7&apos;, os.arch: &apos;x86&apos;, os.version: &apos;6.1&apos;, java.version: &apos;1.7.0_60&apos;
Driver info: driver.version: unknown
	at &lt;anonymous class&gt;.nsCommandProcessor.prototype.execute(file:///C:/Users/a0100124/AppData/Local/Temp/anonymous5001795366539514019webdriver-profile/extensions/fxdriver@googlecode.com/components/command_processor.js:10954)
	at &lt;anonymous class&gt;.Dispatcher.executeAs/&lt;(file:///C:/Users/a0100124/AppData/Local/Temp/anonymous5001795366539514019webdriver-profile/extensions/fxdriver@googlecode.com/components/driver_component.js:7717)
	at &lt;anonymous class&gt;.Resource.prototype.handle(file:///C:/Users/a0100124/AppData/Local/Temp/anonymous5001795366539514019webdriver-profile/extensions/fxdriver@googlecode.com/components/driver_component.js:7864)
	at &lt;anonymous class&gt;.Dispatcher.prototype.dispatch(file:///C:/Users/a0100124/AppData/Local/Temp/anonymous5001795366539514019webdriver-profile/extensions/fxdriver@googlecode.com/components/driver_component.js:7811)
	at &lt;anonymous class&gt;.WebDriverServer/&lt;.handle(file:///C:/Users/a0100124/AppData/Local/Temp/anonymous5001795366539514019webdriver-profile/extensions/fxdriver@googlecode.com/components/driver_component.js:10740)
	at &lt;anonymous class&gt;.&lt;anonymous method&gt;(file:///C:/Users/a0100124/AppData/Local/Temp/anonymous5001795366539514019webdriver-profile/extensions/fxdriver@googlecode.com/components/httpd.js:1935)
	at &lt;anonymous class&gt;.ServerHandler.prototype.handleResponse(file:///C:/Users/a0100124/AppData/Local/Temp/anonymous5001795366539514019webdriver-profile/extensions/fxdriver@googlecode.com/components/httpd.js:2261)
	at &lt;anonymous class&gt;.Connection.prototype.process(file:///C:/Users/a0100124/AppData/Local/Temp/anonymous5001795366539514019webdriver-profile/extensions/fxdriver@googlecode.com/components/httpd.js:1168)
	at &lt;anonymous class&gt;.RequestReader.prototype._handleResponse(file:///C:/Users/a0100124/AppData/Local/Temp/anonymous5001795366539514019webdriver-profile/extensions/fxdriver@googlecode.com/components/httpd.js:1616)
	at &lt;anonymous class&gt;.RequestReader.prototype._processBody(file:///C:/Users/a0100124/AppData/Local/Temp/anonymous5001795366539514019webdriver-profile/extensions/fxdriver@googlecode.com/components/httpd.js:1464)
	at &lt;anonymous class&gt;.RequestReader.prototype.onInputStreamReady(file:///C:/Users/a0100124/AppData/Local/Temp/anonymous5001795366539514019webdriver-profile/extensions/fxdriver@googlecode.com/components/httpd.js:1333)
</pre></div></td>
<td>0</td>
<td>teammates.test.cases.ui.browsertests.AllAccessControlUiTests@1d1a5ea</td></tr>
<tr>
<td title='teammates.test.cases.ui.browsertests.AllAccessControlUiTests.testUserNotRegistered()'><b>testUserNotRegistered</b><br>Test class: teammates.test.cases.ui.browsertests.AllAccessControlUiTests</td>
<td><div><pre>org.openqa.selenium.NoSuchWindowException: Window not found. The browser window may have been closed.
Command duration or timeout: 0 milliseconds
Build info: version: &apos;2.41.0&apos;, revision: &apos;3192d8a&apos;, time: &apos;2014-03-27 17:17:32&apos;
System info: host: &apos;soccf-tr5-001&apos;, ip: &apos;172.26.191.176&apos;, os.name: &apos;Windows 7&apos;, os.arch: &apos;x86&apos;, os.version: &apos;6.1&apos;, java.version: &apos;1.7.0_60&apos;
Session ID: c3fec8d6-475c-494a-ab93-2f941739edba
Driver info: org.openqa.selenium.firefox.FirefoxDriver
Capabilities [{platform=XP, acceptSslCerts=true, javascriptEnabled=true, cssSelectorsEnabled=true, databaseEnabled=true, browserName=firefox, handlesAlerts=true, browserConnectionEnabled=true, webStorageEnabled=true, nativeEvents=false, rotatable=false, locationContextEnabled=true, applicationCacheEnabled=true, takesScreenshot=true, version=21.0}]
	at org.openqa.selenium.remote.ErrorHandler.createThrowable(ErrorHandler.java:193)
	at org.openqa.selenium.remote.ErrorHandler.throwIfResponseFailed(ErrorHandler.java:145)
	at org.openqa.selenium.remote.RemoteWebDriver.execute(RemoteWebDriver.java:595)
	at org.openqa.selenium.remote.RemoteWebDriver.get(RemoteWebDriver.java:300)
	at teammates.test.pageobjects.AppPage.logout(AppPage.java:406)
	at teammates.test.pageobjects.AppPage.logout(AppPage.java:398)
	at teammates.test.cases.ui.browsertests.AllAccessControlUiTests.loginStudent(AllAccessControlUiTests.java:323)
	at teammates.test.cases.ui.browsertests.AllAccessControlUiTests.testUserNotRegistered(AllAccessControlUiTests.java:110)
	at java.util.concurrent.ThreadPoolExecutor.runWorker(ThreadPoolExecutor.java:1145)
	at java.util.concurrent.ThreadPoolExecutor$Worker.run(ThreadPoolExecutor.java:615)
	at java.lang.Thread.run(Thread.java:745)
Caused by: org.openqa.selenium.remote.ErrorHandler$UnknownServerException: Window not found. The browser window may have been closed.
Build info: version: &apos;2.41.0&apos;, revision: &apos;3192d8a&apos;, time: &apos;2014-03-27 17:17:32&apos;
System info: host: &apos;soccf-tr5-001&apos;, ip: &apos;172.26.191.176&apos;, os.name: &apos;Windows 7&apos;, os.arch: &apos;x86&apos;, os.version: &apos;6.1&apos;, java.version: &apos;1.7.0_60&apos;
Driver info: driver.version: unknown
	at &lt;anonymous class&gt;.nsCommandProcessor.prototype.execute(file:///C:/Users/a0100124/AppData/Local/Temp/anonymous5001795366539514019webdriver-profile/extensions/fxdriver@googlecode.com/components/command_processor.js:10954)
	at &lt;anonymous class&gt;.Dispatcher.executeAs/&lt;(file:///C:/Users/a0100124/AppData/Local/Temp/anonymous5001795366539514019webdriver-profile/extensions/fxdriver@googlecode.com/components/driver_component.js:7717)
	at &lt;anonymous class&gt;.Resource.prototype.handle(file:///C:/Users/a0100124/AppData/Local/Temp/anonymous5001795366539514019webdriver-profile/extensions/fxdriver@googlecode.com/components/driver_component.js:7864)
	at &lt;anonymous class&gt;.Dispatcher.prototype.dispatch(file:///C:/Users/a0100124/AppData/Local/Temp/anonymous5001795366539514019webdriver-profile/extensions/fxdriver@googlecode.com/components/driver_component.js:7811)
	at &lt;anonymous class&gt;.WebDriverServer/&lt;.handle(file:///C:/Users/a0100124/AppData/Local/Temp/anonymous5001795366539514019webdriver-profile/extensions/fxdriver@googlecode.com/components/driver_component.js:10740)
	at &lt;anonymous class&gt;.&lt;anonymous method&gt;(file:///C:/Users/a0100124/AppData/Local/Temp/anonymous5001795366539514019webdriver-profile/extensions/fxdriver@googlecode.com/components/httpd.js:1935)
	at &lt;anonymous class&gt;.ServerHandler.prototype.handleResponse(file:///C:/Users/a0100124/AppData/Local/Temp/anonymous5001795366539514019webdriver-profile/extensions/fxdriver@googlecode.com/components/httpd.js:2261)
	at &lt;anonymous class&gt;.Connection.prototype.process(file:///C:/Users/a0100124/AppData/Local/Temp/anonymous5001795366539514019webdriver-profile/extensions/fxdriver@googlecode.com/components/httpd.js:1168)
	at &lt;anonymous class&gt;.RequestReader.prototype._handleResponse(file:///C:/Users/a0100124/AppData/Local/Temp/anonymous5001795366539514019webdriver-profile/extensions/fxdriver@googlecode.com/components/httpd.js:1616)
	at &lt;anonymous class&gt;.RequestReader.prototype._processBody(file:///C:/Users/a0100124/AppData/Local/Temp/anonymous5001795366539514019webdriver-profile/extensions/fxdriver@googlecode.com/components/httpd.js:1464)
	at &lt;anonymous class&gt;.RequestReader.prototype.onInputStreamReady(file:///C:/Users/a0100124/AppData/Local/Temp/anonymous5001795366539514019webdriver-profile/extensions/fxdriver@googlecode.com/components/httpd.js:1333)
... Removed 14 stack frames</pre></div><a href='#' onClick='toggleBox("stack-trace17668370", this, "Click to show all stack frames", "Click to hide stack frames")'>Click to show all stack frames</a>
<div class='stack-trace' id='stack-trace17668370'><pre>org.openqa.selenium.NoSuchWindowException: Window not found. The browser window may have been closed.
Command duration or timeout: 0 milliseconds
Build info: version: &apos;2.41.0&apos;, revision: &apos;3192d8a&apos;, time: &apos;2014-03-27 17:17:32&apos;
System info: host: &apos;soccf-tr5-001&apos;, ip: &apos;172.26.191.176&apos;, os.name: &apos;Windows 7&apos;, os.arch: &apos;x86&apos;, os.version: &apos;6.1&apos;, java.version: &apos;1.7.0_60&apos;
Session ID: c3fec8d6-475c-494a-ab93-2f941739edba
Driver info: org.openqa.selenium.firefox.FirefoxDriver
Capabilities [{platform=XP, acceptSslCerts=true, javascriptEnabled=true, cssSelectorsEnabled=true, databaseEnabled=true, browserName=firefox, handlesAlerts=true, browserConnectionEnabled=true, webStorageEnabled=true, nativeEvents=false, rotatable=false, locationContextEnabled=true, applicationCacheEnabled=true, takesScreenshot=true, version=21.0}]
	at sun.reflect.NativeConstructorAccessorImpl.newInstance0(Native Method)
	at sun.reflect.NativeConstructorAccessorImpl.newInstance(NativeConstructorAccessorImpl.java:57)
	at sun.reflect.DelegatingConstructorAccessorImpl.newInstance(DelegatingConstructorAccessorImpl.java:45)
	at java.lang.reflect.Constructor.newInstance(Constructor.java:526)
	at org.openqa.selenium.remote.ErrorHandler.createThrowable(ErrorHandler.java:193)
	at org.openqa.selenium.remote.ErrorHandler.throwIfResponseFailed(ErrorHandler.java:145)
	at org.openqa.selenium.remote.RemoteWebDriver.execute(RemoteWebDriver.java:595)
	at org.openqa.selenium.remote.RemoteWebDriver.get(RemoteWebDriver.java:300)
	at teammates.test.pageobjects.AppPage.logout(AppPage.java:406)
	at teammates.test.pageobjects.AppPage.logout(AppPage.java:398)
	at teammates.test.cases.ui.browsertests.AllAccessControlUiTests.loginStudent(AllAccessControlUiTests.java:323)
	at teammates.test.cases.ui.browsertests.AllAccessControlUiTests.testUserNotRegistered(AllAccessControlUiTests.java:110)
	at sun.reflect.NativeMethodAccessorImpl.invoke0(Native Method)
	at sun.reflect.NativeMethodAccessorImpl.invoke(NativeMethodAccessorImpl.java:57)
	at sun.reflect.DelegatingMethodAccessorImpl.invoke(DelegatingMethodAccessorImpl.java:43)
	at java.lang.reflect.Method.invoke(Method.java:606)
	at org.testng.internal.MethodInvocationHelper.invokeMethod(MethodInvocationHelper.java:84)
	at org.testng.internal.Invoker.invokeMethod(Invoker.java:714)
	at org.testng.internal.Invoker.invokeTestMethod(Invoker.java:901)
	at org.testng.internal.Invoker.invokeTestMethods(Invoker.java:1231)
	at org.testng.internal.TestMethodWorker.invokeTestMethods(TestMethodWorker.java:127)
	at org.testng.internal.TestMethodWorker.run(TestMethodWorker.java:111)
	at java.util.concurrent.ThreadPoolExecutor.runWorker(ThreadPoolExecutor.java:1145)
	at java.util.concurrent.ThreadPoolExecutor$Worker.run(ThreadPoolExecutor.java:615)
	at java.lang.Thread.run(Thread.java:745)
Caused by: org.openqa.selenium.remote.ErrorHandler$UnknownServerException: Window not found. The browser window may have been closed.
Build info: version: &apos;2.41.0&apos;, revision: &apos;3192d8a&apos;, time: &apos;2014-03-27 17:17:32&apos;
System info: host: &apos;soccf-tr5-001&apos;, ip: &apos;172.26.191.176&apos;, os.name: &apos;Windows 7&apos;, os.arch: &apos;x86&apos;, os.version: &apos;6.1&apos;, java.version: &apos;1.7.0_60&apos;
Driver info: driver.version: unknown
	at &lt;anonymous class&gt;.nsCommandProcessor.prototype.execute(file:///C:/Users/a0100124/AppData/Local/Temp/anonymous5001795366539514019webdriver-profile/extensions/fxdriver@googlecode.com/components/command_processor.js:10954)
	at &lt;anonymous class&gt;.Dispatcher.executeAs/&lt;(file:///C:/Users/a0100124/AppData/Local/Temp/anonymous5001795366539514019webdriver-profile/extensions/fxdriver@googlecode.com/components/driver_component.js:7717)
	at &lt;anonymous class&gt;.Resource.prototype.handle(file:///C:/Users/a0100124/AppData/Local/Temp/anonymous5001795366539514019webdriver-profile/extensions/fxdriver@googlecode.com/components/driver_component.js:7864)
	at &lt;anonymous class&gt;.Dispatcher.prototype.dispatch(file:///C:/Users/a0100124/AppData/Local/Temp/anonymous5001795366539514019webdriver-profile/extensions/fxdriver@googlecode.com/components/driver_component.js:7811)
	at &lt;anonymous class&gt;.WebDriverServer/&lt;.handle(file:///C:/Users/a0100124/AppData/Local/Temp/anonymous5001795366539514019webdriver-profile/extensions/fxdriver@googlecode.com/components/driver_component.js:10740)
	at &lt;anonymous class&gt;.&lt;anonymous method&gt;(file:///C:/Users/a0100124/AppData/Local/Temp/anonymous5001795366539514019webdriver-profile/extensions/fxdriver@googlecode.com/components/httpd.js:1935)
	at &lt;anonymous class&gt;.ServerHandler.prototype.handleResponse(file:///C:/Users/a0100124/AppData/Local/Temp/anonymous5001795366539514019webdriver-profile/extensions/fxdriver@googlecode.com/components/httpd.js:2261)
	at &lt;anonymous class&gt;.Connection.prototype.process(file:///C:/Users/a0100124/AppData/Local/Temp/anonymous5001795366539514019webdriver-profile/extensions/fxdriver@googlecode.com/components/httpd.js:1168)
	at &lt;anonymous class&gt;.RequestReader.prototype._handleResponse(file:///C:/Users/a0100124/AppData/Local/Temp/anonymous5001795366539514019webdriver-profile/extensions/fxdriver@googlecode.com/components/httpd.js:1616)
	at &lt;anonymous class&gt;.RequestReader.prototype._processBody(file:///C:/Users/a0100124/AppData/Local/Temp/anonymous5001795366539514019webdriver-profile/extensions/fxdriver@googlecode.com/components/httpd.js:1464)
	at &lt;anonymous class&gt;.RequestReader.prototype.onInputStreamReady(file:///C:/Users/a0100124/AppData/Local/Temp/anonymous5001795366539514019webdriver-profile/extensions/fxdriver@googlecode.com/components/httpd.js:1333)
</pre></div></td>
<td>0</td>
<td>teammates.test.cases.ui.browsertests.AllAccessControlUiTests@1d1a5ea</td></tr>
</table><p>
<table width='100%' border='1' class='invocation-passed'>
<tr><td colspan='4' align='center'><b>PASSED TESTS</b></td></tr>
<tr><td><b>Test method</b></td>
<td width="30%"><b>Exception</b></td>
<td width="10%"><b>Time (seconds)</b></td>
<td><b>Instance</b></td>
</tr>
<tr>
<td title='teammates.test.cases.ui.browsertests.FeedbackContributionQuestionUiTest.allTests()'><b>allTests</b><br>Test class: teammates.test.cases.ui.browsertests.FeedbackContributionQuestionUiTest</td>
<td></td>
<td>103</td>
<td>teammates.test.cases.ui.browsertests.FeedbackContributionQuestionUiTest@1d9954b</td></tr>
<tr>
<td title='teammates.test.cases.ui.browsertests.InstructorCoursesPageUiTest.allTests()'><b>allTests</b><br>Test class: teammates.test.cases.ui.browsertests.InstructorCoursesPageUiTest</td>
<td></td>
<td>103</td>
<td>teammates.test.cases.ui.browsertests.InstructorCoursesPageUiTest@c881b5</td></tr>
<tr>
<td title='teammates.test.cases.ui.browsertests.InstructorCourseEditPageUiTest.allTests()'><b>allTests</b><br>Test class: teammates.test.cases.ui.browsertests.InstructorCourseEditPageUiTest</td>
<td></td>
<td>257</td>
<td>teammates.test.cases.ui.browsertests.InstructorCourseEditPageUiTest@e1ce1b</td></tr>
<tr>
<td title='teammates.test.cases.ui.browsertests.InstructorFeedbackEditPageUiTest.allTests()'><b>allTests</b><br>Test class: teammates.test.cases.ui.browsertests.InstructorFeedbackEditPageUiTest</td>
<td></td>
<td>664</td>
<td>teammates.test.cases.ui.browsertests.InstructorFeedbackEditPageUiTest@792102</td></tr>
<tr>
<td title='teammates.test.cases.ui.browsertests.InstructorSearchPageUiTest.allTests()'><b>allTests</b><br>Test class: teammates.test.cases.ui.browsertests.InstructorSearchPageUiTest</td>
<td></td>
<td>51</td>
<td>teammates.test.cases.ui.browsertests.InstructorSearchPageUiTest@481697</td></tr>
<tr>
<td title='teammates.test.cases.ui.browsertests.InstructorFeedbackPageUiTest.allTests()'><b>allTests</b><br>Test class: teammates.test.cases.ui.browsertests.InstructorFeedbackPageUiTest</td>
<td></td>
<td>790</td>
<td>teammates.test.cases.ui.browsertests.InstructorFeedbackPageUiTest@1d8835d</td></tr>
<tr>
<td title='teammates.test.cases.ui.browsertests.InstructorHomePageUiTest.allTests()'><b>allTests</b><br>Test class: teammates.test.cases.ui.browsertests.InstructorHomePageUiTest</td>
<td></td>
<td>316</td>
<td>teammates.test.cases.ui.browsertests.InstructorHomePageUiTest@1e3b325</td></tr>
<tr>
<td title='teammates.test.cases.ui.browsertests.InstructorEvalEditPageUiTest.runTestsInOrder()'><b>runTestsInOrder</b><br>Test class: teammates.test.cases.ui.browsertests.InstructorEvalEditPageUiTest</td>
<td></td>
<td>36</td>
<td>teammates.test.cases.ui.browsertests.InstructorEvalEditPageUiTest@1e70eeb</td></tr>
<tr>
<td title='teammates.test.cases.ui.browsertests.InstructorSubmissionAdjustmentUiTest.testAdjustmentOfSubsmission()'><b>testAdjustmentOfSubsmission</b><br>Test class: teammates.test.cases.ui.browsertests.InstructorSubmissionAdjustmentUiTest</td>
<td></td>
<td>28</td>
<td>teammates.test.cases.ui.browsertests.InstructorSubmissionAdjustmentUiTest@8483ff</td></tr>
<tr>
<td title='teammates.test.cases.ui.browsertests.AdminAccountManagementPageUiTest.testAll()'><b>testAll</b><br>Test class: teammates.test.cases.ui.browsertests.AdminAccountManagementPageUiTest</td>
<td></td>
<td>42</td>
<td>teammates.test.cases.ui.browsertests.AdminAccountManagementPageUiTest@1986e63</td></tr>
<tr>
<td title='teammates.test.cases.ui.browsertests.InstructorStudentListPageUiTest.testAll()'><b>testAll</b><br>Test class: teammates.test.cases.ui.browsertests.InstructorStudentListPageUiTest</td>
<td></td>
<td>244</td>
<td>teammates.test.cases.ui.browsertests.InstructorStudentListPageUiTest@663187</td></tr>
<tr>
<td title='teammates.test.cases.ui.browsertests.InstructorCourseStudentDetailsEditPageUiTest.testAll()'><b>testAll</b><br>Test class: teammates.test.cases.ui.browsertests.InstructorCourseStudentDetailsEditPageUiTest</td>
<td></td>
<td>41</td>
<td>teammates.test.cases.ui.browsertests.InstructorCourseStudentDetailsEditPageUiTest@1ead079</td></tr>
<tr>
<td title='teammates.test.cases.ui.browsertests.InstructorCourseStudentDetailsPageUiTest.testAll()'><b>testAll</b><br>Test class: teammates.test.cases.ui.browsertests.InstructorCourseStudentDetailsPageUiTest</td>
<td></td>
<td>8</td>
<td>teammates.test.cases.ui.browsertests.InstructorCourseStudentDetailsPageUiTest@1b2fed8</td></tr>
<tr>
<td title='teammates.test.cases.ui.browsertests.InstructorEvalSubmissionEditPageUiTest.testAll()'><b>testAll</b><br>Test class: teammates.test.cases.ui.browsertests.InstructorEvalSubmissionEditPageUiTest</td>
<td></td>
<td>34</td>
<td>teammates.test.cases.ui.browsertests.InstructorEvalSubmissionEditPageUiTest@1b0cdee</td></tr>
<tr>
<td title='teammates.test.cases.ui.browsertests.InstructorEvalSubmissionViewPageUiTest.testAll()'><b>testAll</b><br>Test class: teammates.test.cases.ui.browsertests.InstructorEvalSubmissionViewPageUiTest</td>
<td></td>
<td>27</td>
<td>teammates.test.cases.ui.browsertests.InstructorEvalSubmissionViewPageUiTest@18a1017</td></tr>
<tr>
<td title='teammates.test.cases.ui.browsertests.InstructorFeedbackQuestionSubmitPageUiTest.testAll()'><b>testAll</b><br>Test class: teammates.test.cases.ui.browsertests.InstructorFeedbackQuestionSubmitPageUiTest</td>
<td></td>
<td>25</td>
<td>teammates.test.cases.ui.browsertests.InstructorFeedbackQuestionSubmitPageUiTest@122fa16</td></tr>
<tr>
<td title='teammates.test.cases.ui.browsertests.StudentCourseDetailsPageUiTest.testAll()'><b>testAll</b><br>Test class: teammates.test.cases.ui.browsertests.StudentCourseDetailsPageUiTest</td>
<td></td>
<td>3</td>
<td>teammates.test.cases.ui.browsertests.StudentCourseDetailsPageUiTest@1bbc2b0</td></tr>
<tr>
<td title='teammates.test.cases.ui.browsertests.InstructorFeedbackSubmitPageUiTest.testAll()'><b>testAll</b><br>Test class: teammates.test.cases.ui.browsertests.InstructorFeedbackSubmitPageUiTest</td>
<td></td>
<td>144</td>
<td>teammates.test.cases.ui.browsertests.InstructorFeedbackSubmitPageUiTest@d91483</td></tr>
<tr>
<td title='teammates.test.cases.ui.browsertests.StudentEvalResultsPageUiTest.testAll()'><b>testAll</b><br>Test class: teammates.test.cases.ui.browsertests.StudentEvalResultsPageUiTest</td>
<td></td>
<td>22</td>
<td>teammates.test.cases.ui.browsertests.StudentEvalResultsPageUiTest@38e759</td></tr>
<tr>
<td title='teammates.test.cases.ui.browsertests.InstructorStudentRecordsPageUiTest.testAll()'><b>testAll</b><br>Test class: teammates.test.cases.ui.browsertests.InstructorStudentRecordsPageUiTest</td>
<td></td>
<td>92</td>
<td>teammates.test.cases.ui.browsertests.InstructorStudentRecordsPageUiTest@1f1ff6b</td></tr>
<tr>
<td title='teammates.test.cases.ui.browsertests.StudentEvalEditSubmissionPageUiTest.testAll()'><b>testAll</b><br>Test class: teammates.test.cases.ui.browsertests.StudentEvalEditSubmissionPageUiTest</td>
<td></td>
<td>100</td>
<td>teammates.test.cases.ui.browsertests.StudentEvalEditSubmissionPageUiTest@17bf82a</td></tr>
<tr>
<td title='teammates.test.cases.ui.browsertests.AdminAccountDetailsPageUiTest.testAll()'><b>testAll</b><br>Test class: teammates.test.cases.ui.browsertests.AdminAccountDetailsPageUiTest</td>
<td></td>
<td>10</td>
<td>teammates.test.cases.ui.browsertests.AdminAccountDetailsPageUiTest@9fc626</td></tr>
<tr>
<td title='teammates.test.cases.ui.browsertests.StudentFeedbackResultsPageUiTest.testAll()'><b>testAll</b><br>Test class: teammates.test.cases.ui.browsertests.StudentFeedbackResultsPageUiTest</td>
<td></td>
<td>29</td>
<td>teammates.test.cases.ui.browsertests.StudentFeedbackResultsPageUiTest@10cebf7</td></tr>
<tr>
<td title='teammates.test.cases.ui.browsertests.StudentFeedbackQuestionSubmitPageUiTest.testAll()'><b>testAll</b><br>Test class: teammates.test.cases.ui.browsertests.StudentFeedbackQuestionSubmitPageUiTest</td>
<td></td>
<td>51</td>
<td>teammates.test.cases.ui.browsertests.StudentFeedbackQuestionSubmitPageUiTest@1dcae3b</td></tr>
<tr>
<td title='teammates.test.cases.ui.browsertests.StudentFeedbackSubmitPageUiTest.testAll()'><b>testAll</b><br>Test class: teammates.test.cases.ui.browsertests.StudentFeedbackSubmitPageUiTest</td>
<td></td>
<td>142</td>
<td>teammates.test.cases.ui.browsertests.StudentFeedbackSubmitPageUiTest@694160</td></tr>
<tr>
<td title='teammates.test.cases.ui.browsertests.InstructorEvalResultsPageUiTest.testClosedEval()'><b>testClosedEval</b><br>Test class: teammates.test.cases.ui.browsertests.InstructorEvalResultsPageUiTest</td>
<td></td>
<td>16</td>
<td>teammates.test.cases.ui.browsertests.InstructorEvalResultsPageUiTest@a1017f</td></tr>
<tr>
<td title='teammates.test.cases.ui.browsertests.AutomatedSessionRemindersTest.testEvaluationClosingReminders()'><b>testEvaluationClosingReminders</b><br>Test class: teammates.test.cases.ui.browsertests.AutomatedSessionRemindersTest</td>
<td></td>
<td>0</td>
<td>teammates.test.cases.ui.browsertests.AutomatedSessionRemindersTest@1265cf2</td></tr>
<tr>
<td title='teammates.test.cases.ui.browsertests.AutomatedSessionRemindersTest.testEvaluationOpeningReminders()'><b>testEvaluationOpeningReminders</b><br>Test class: teammates.test.cases.ui.browsertests.AutomatedSessionRemindersTest</td>
<td></td>
<td>0</td>
<td>teammates.test.cases.ui.browsertests.AutomatedSessionRemindersTest@1265cf2</td></tr>
<tr>
<td title='teammates.test.cases.ui.browsertests.AutomatedSessionRemindersTest.testFeedbackSessionOpeningReminders()'><b>testFeedbackSessionOpeningReminders</b><br>Test class: teammates.test.cases.ui.browsertests.AutomatedSessionRemindersTest</td>
<td></td>
<td>0</td>
<td>teammates.test.cases.ui.browsertests.AutomatedSessionRemindersTest@1265cf2</td></tr>
<tr>
<td title='teammates.test.cases.ui.browsertests.AutomatedSessionRemindersTest.testFeedbackSessionPublishedReminders()'><b>testFeedbackSessionPublishedReminders</b><br>Test class: teammates.test.cases.ui.browsertests.AutomatedSessionRemindersTest</td>
<td></td>
<td>0</td>
<td>teammates.test.cases.ui.browsertests.AutomatedSessionRemindersTest@1265cf2</td></tr>
<tr>
<td title='teammates.test.cases.ui.browsertests.AutomatedSessionRemindersTest.testFeedbackSesssionClosingReminders()'><b>testFeedbackSesssionClosingReminders</b><br>Test class: teammates.test.cases.ui.browsertests.AutomatedSessionRemindersTest</td>
<td></td>
<td>0</td>
<td>teammates.test.cases.ui.browsertests.AutomatedSessionRemindersTest@1265cf2</td></tr>
<tr>
<td title='teammates.test.cases.ui.browsertests.InstructorCourseEnrollPageUiTest.testInstructorCourseEnrollPage()'><b>testInstructorCourseEnrollPage</b><br>Test class: teammates.test.cases.ui.browsertests.InstructorCourseEnrollPageUiTest</td>
<td></td>
<td>91</td>
<td>teammates.test.cases.ui.browsertests.InstructorCourseEnrollPageUiTest@a25e73</td></tr>
<tr>
<td title='teammates.test.cases.ui.browsertests.InstructorEvalResultsPageUiTest.testOpenEval()'><b>testOpenEval</b><br>Test class: teammates.test.cases.ui.browsertests.InstructorEvalResultsPageUiTest</td>
<td></td>
<td>41</td>
<td>teammates.test.cases.ui.browsertests.InstructorEvalResultsPageUiTest@a1017f</td></tr>
<tr>
<td title='teammates.test.cases.ui.browsertests.InstructorEvalResultsPageUiTest.testP2PDisabledEval()'><b>testP2PDisabledEval</b><br>Test class: teammates.test.cases.ui.browsertests.InstructorEvalResultsPageUiTest</td>
<td></td>
<td>7</td>
<td>teammates.test.cases.ui.browsertests.InstructorEvalResultsPageUiTest@a1017f</td></tr>
<tr>
<td title='teammates.test.cases.ui.browsertests.InstructorEvalResultsPageUiTest.testPublishedEval()'><b>testPublishedEval</b><br>Test class: teammates.test.cases.ui.browsertests.InstructorEvalResultsPageUiTest</td>
<td></td>
<td>14</td>
<td>teammates.test.cases.ui.browsertests.InstructorEvalResultsPageUiTest@a1017f</td></tr>
</table><p>
</body>
</html>