<?xml version="1.0" encoding="UTF-8"?>
<!-- Generated by org.testng.reporters.JUnitXMLReporter -->
<testsuite hostname="soccf-tr5-001" name="parallel-ui-tests" tests="46" failures="11" timestamp="8 Oct 2014 15:22:45 GMT" time="11736.94" errors="0">
  <testcase name="allTests" time="141.207" classname="teammates.test.cases.ui.browsertests.StudentProfilePageUiTest">
    <failure type="java.lang.AssertionError" message="expected:&amp;lt;true&amp;gt; but was:&amp;lt;false&amp;gt;">
      <![CDATA[java.lang.AssertionError: expected:<true> but was:<false>
	at teammates.test.cases.ui.browsertests.StudentProfilePageUiTest.verifyPictureIsPresent(StudentProfilePageUiTest.java:215)
	at teammates.test.cases.ui.browsertests.StudentProfilePageUiTest.testActions(StudentProfilePageUiTest.java:141)
	at teammates.test.cases.ui.browsertests.StudentProfilePageUiTest.allTests(StudentProfilePageUiTest.java:45)
	at java.util.concurrent.ThreadPoolExecutor.runWorker(ThreadPoolExecutor.java:1145)
	at java.util.concurrent.ThreadPoolExecutor$Worker.run(ThreadPoolExecutor.java:615)
	at java.lang.Thread.run(Thread.java:745)
... Removed 12 stack frames]]>
    </failure>
  </testcase> <!-- allTests -->
  <testcase name="testAll" time="42.088" classname="teammates.test.cases.ui.browsertests.AdminAccountManagementPageUiTest"/>
  <testcase name="allTests" time="103.146" classname="teammates.test.cases.ui.browsertests.FeedbackContributionQuestionUiTest"/>
  <testcase name="testAll" time="244.168" classname="teammates.test.cases.ui.browsertests.InstructorStudentListPageUiTest"/>
  <testcase name="testAll" time="399.935" classname="teammates.test.cases.ui.browsertests.InstructorFeedbackResultsPageUiTest">
    <failure type="java.lang.AssertionError" message="expected:&amp;lt;true&amp;gt; but was:&amp;lt;false&amp;gt;">
      <![CDATA[java.lang.AssertionError: expected:<true> but was:<false>
	at teammates.test.cases.ui.browsertests.InstructorFeedbackResultsPageUiTest.testDownloadAction(InstructorFeedbackResultsPageUiTest.java:429)
	at teammates.test.cases.ui.browsertests.InstructorFeedbackResultsPageUiTest.testAll(InstructorFeedbackResultsPageUiTest.java:58)
	at java.util.concurrent.ThreadPoolExecutor.runWorker(ThreadPoolExecutor.java:1145)
	at java.util.concurrent.ThreadPoolExecutor$Worker.run(ThreadPoolExecutor.java:615)
	at java.lang.Thread.run(Thread.java:745)
... Removed 15 stack frames]]>
    </failure>
  </testcase> <!-- testAll -->
  <testcase name="testInstructorCourseEnrollPage" time="91.384" classname="teammates.test.cases.ui.browsertests.InstructorCourseEnrollPageUiTest"/>
  <testcase name="testAll" time="41.308" classname="teammates.test.cases.ui.browsertests.InstructorCourseStudentDetailsEditPageUiTest"/>
  <testcase name="testAll" time="8.002" classname="teammates.test.cases.ui.browsertests.InstructorCourseStudentDetailsPageUiTest"/>
  <testcase name="runTestsInOrder" time="36.285" classname="teammates.test.cases.ui.browsertests.InstructorEvalEditPageUiTest"/>
  <testcase name="testClosedEval" time="16.426" classname="teammates.test.cases.ui.browsertests.InstructorEvalResultsPageUiTest"/>
  <testcase name="allTests" time="103.365" classname="teammates.test.cases.ui.browsertests.InstructorCoursesPageUiTest"/>
  <testcase name="testOpenEval" time="41.106" classname="teammates.test.cases.ui.browsertests.InstructorEvalResultsPageUiTest"/>
  <testcase name="testP2PDisabledEval" time="7.706" classname="teammates.test.cases.ui.browsertests.InstructorEvalResultsPageUiTest"/>
  <testcase name="testPublishedEval" time="14.82" classname="teammates.test.cases.ui.browsertests.InstructorEvalResultsPageUiTest"/>
  <testcase name="testAll" time="34.772" classname="teammates.test.cases.ui.browsertests.InstructorEvalSubmissionEditPageUiTest"/>
  <testcase name="testAll" time="27.939" classname="teammates.test.cases.ui.browsertests.InstructorEvalSubmissionViewPageUiTest"/>
  <testcase name="allTests" time="257.256" classname="teammates.test.cases.ui.browsertests.InstructorCourseEditPageUiTest"/>
  <testcase name="testAll" time="25.303" classname="teammates.test.cases.ui.browsertests.InstructorFeedbackQuestionSubmitPageUiTest"/>
  <testcase name="allTests" time="664.707" classname="teammates.test.cases.ui.browsertests.InstructorFeedbackEditPageUiTest"/>
  <testcase name="allTests" time="51.121" classname="teammates.test.cases.ui.browsertests.InstructorSearchPageUiTest"/>
  <testcase name="testAll" time="3.822" classname="teammates.test.cases.ui.browsertests.StudentCourseDetailsPageUiTest"/>
  <testcase name="testAll" time="144.189" classname="teammates.test.cases.ui.browsertests.InstructorFeedbackSubmitPageUiTest"/>
  <testcase name="allTests" time="790.416" classname="teammates.test.cases.ui.browsertests.InstructorFeedbackPageUiTest"/>
  <testcase name="testAll" time="22.37" classname="teammates.test.cases.ui.browsertests.StudentEvalResultsPageUiTest"/>
  <testcase name="testAll" time="92.772" classname="teammates.test.cases.ui.browsertests.InstructorStudentRecordsPageUiTest"/>
  <testcase name="testAll" time="100.478" classname="teammates.test.cases.ui.browsertests.StudentEvalEditSubmissionPageUiTest"/>
  <testcase name="testAll" time="10.514" classname="teammates.test.cases.ui.browsertests.AdminAccountDetailsPageUiTest"/>
  <testcase name="testAll" time="29.172" classname="teammates.test.cases.ui.browsertests.StudentFeedbackResultsPageUiTest"/>
  <testcase name="testEvaluationClosingReminders" time="0.328" classname="teammates.test.cases.ui.browsertests.AutomatedSessionRemindersTest"/>
  <testcase name="testEvaluationOpeningReminders" time="0.484" classname="teammates.test.cases.ui.browsertests.AutomatedSessionRemindersTest"/>
  <testcase name="testFeedbackSessionOpeningReminders" time="0.967" classname="teammates.test.cases.ui.browsertests.AutomatedSessionRemindersTest"/>
  <testcase name="testFeedbackSessionPublishedReminders" time="0.936" classname="teammates.test.cases.ui.browsertests.AutomatedSessionRemindersTest"/>
  <testcase name="testAll" time="51.807" classname="teammates.test.cases.ui.browsertests.StudentFeedbackQuestionSubmitPageUiTest"/>
  <testcase name="testFeedbackSesssionClosingReminders" time="0.92" classname="teammates.test.cases.ui.browsertests.AutomatedSessionRemindersTest"/>
  <testcase name="testInstructorHome" time="11.247" classname="teammates.test.cases.ui.browsertests.AllAccessControlUiTests">
    <failure type="java.lang.RuntimeException" message="java.lang.reflect.InvocationTargetException">
      <![CDATA[java.lang.RuntimeException: java.lang.reflect.InvocationTargetException
	at teammates.test.pageobjects.AppPage.createNewPage(AppPage.java:1014)
	at teammates.test.pageobjects.AppPage.changePageType(AppPage.java:207)
	at teammates.test.pageobjects.DevServerLoginPage.loginAsInstructor(DevServerLoginPage.java:37)
	at teammates.test.cases.ui.browsertests.AllAccessControlUiTests.loginInstructor(AllAccessControlUiTests.java:337)
	at teammates.test.cases.ui.browsertests.AllAccessControlUiTests.testInstructorHome(AllAccessControlUiTests.java:271)
	at java.util.concurrent.ThreadPoolExecutor.runWorker(ThreadPoolExecutor.java:1145)
	at java.util.concurrent.ThreadPoolExecutor$Worker.run(ThreadPoolExecutor.java:615)
	at java.lang.Thread.run(Thread.java:745)
	at teammates.test.pageobjects.AppPage.createNewPage(AppPage.java:1010)
	... 17 more
Caused by: java.lang.IllegalStateException: Not in the correct page!
	at teammates.test.pageobjects.AppPage.<init>(AppPage.java:148)
	at teammates.test.pageobjects.InstructorHomePage.<init>(InstructorHomePage.java:30)
	... 22 more
... Removed 15 stack frames]]>
    </failure>
  </testcase> <!-- testInstructorHome -->
  <testcase name="testAdjustmentOfSubsmission" time="28.36" classname="teammates.test.cases.ui.browsertests.InstructorSubmissionAdjustmentUiTest"/>
  <testcase name="testAll" time="36.082" classname="teammates.test.cases.ui.browsertests.AdminHomePageUiTest">
    <failure type="java.lang.AssertionError" message="expected:&amp;lt;Instructor AHPUiT Instrúctör has been successfully created with join link:
http://teammates-john.appspot.com/page/instructorCourseJoin?key=3B9ECA0DC2C52172BED1847E27CF89B8BFD7CCECBA179277AB28CC43F8D0411F5519FBBFA77999CF9F51BD92902C7B5D717482A8F208F2DFA73FC8334239E274&amp;amp;instructorinstitution=TEAMMATES+Test+Institute+1&amp;gt; but was:&amp;lt;null&amp;gt;">
      <![CDATA[java.lang.AssertionError: expected:<Instructor AHPUiT Instrúctör has been successfully created with join link:
http://teammates-john.appspot.com/page/instructorCourseJoin?key=3B9ECA0DC2C52172BED1847E27CF89B8BFD7CCECBA179277AB28CC43F8D0411F5519FBBFA77999CF9F51BD92902C7B5D717482A8F208F2DFA73FC8334239E274&instructorinstitution=TEAMMATES+Test+Institute+1> but was:<null>
	at teammates.test.pageobjects.AppPage.verifyStatus(AppPage.java:926)
	at teammates.test.cases.ui.browsertests.AdminHomePageUiTest.testCreateInstructorAction(AdminHomePageUiTest.java:110)
	at teammates.test.cases.ui.browsertests.AdminHomePageUiTest.testAll(AdminHomePageUiTest.java:72)
	at java.util.concurrent.ThreadPoolExecutor.runWorker(ThreadPoolExecutor.java:1145)
	at java.util.concurrent.ThreadPoolExecutor$Worker.run(ThreadPoolExecutor.java:615)
	at java.lang.Thread.run(Thread.java:745)
... Removed 12 stack frames]]>
    </failure>
  </testcase> <!-- testAll -->
  <testcase name="allTests" time="316.442" classname="teammates.test.cases.ui.browsertests.InstructorHomePageUiTest"/>
  <testcase name="testAll" time="142.051" classname="teammates.test.cases.ui.browsertests.StudentFeedbackSubmitPageUiTest"/>
  <testcase name="testPubliclyAccessiblePages" time="10807.633" classname="teammates.test.cases.ui.browsertests.AllAccessControlUiTests">
    <failure type="org.openqa.selenium.remote.UnreachableBrowserException" message="Error communicating with the remote browser. It may have died.
Build info: version: &amp;apos;2.41.0&amp;apos;, revision: &amp;apos;3192d8a&amp;apos;, time: &amp;apos;2014-03-27 17:17:32&amp;apos;
System info: host: &amp;apos;soccf-tr5-001&amp;apos;, ip: &amp;apos;172.26.191.176&amp;apos;, os.name: &amp;apos;Windows 7&amp;apos;, os.arch: &amp;apos;x86&amp;apos;, os.version: &amp;apos;6.1&amp;apos;, java.version: &amp;apos;1.7.0_60&amp;apos;
Driver info: driver.version: RemoteWebDriver">
      <![CDATA[org.openqa.selenium.remote.UnreachableBrowserException: Error communicating with the remote browser. It may have died.
Build info: version: '2.41.0', revision: '3192d8a', time: '2014-03-27 17:17:32'
System info: host: 'soccf-tr5-001', ip: '172.26.191.176', os.name: 'Windows 7', os.arch: 'x86', os.version: '6.1', java.version: '1.7.0_60'
Driver info: driver.version: RemoteWebDriver
	at org.openqa.selenium.remote.RemoteWebDriver.execute(RemoteWebDriver.java:589)
	at org.openqa.selenium.remote.RemoteWebDriver.get(RemoteWebDriver.java:300)
	at teammates.test.pageobjects.AppPage.navigateTo(AppPage.java:198)
	at teammates.test.cases.ui.browsertests.AllAccessControlUiTests.testPubliclyAccessiblePages(AllAccessControlUiTests.java:312)
	at java.util.concurrent.ThreadPoolExecutor.runWorker(ThreadPoolExecutor.java:1145)
	at java.util.concurrent.ThreadPoolExecutor$Worker.run(ThreadPoolExecutor.java:615)
	at java.lang.Thread.run(Thread.java:745)
Caused by: java.net.SocketTimeoutException: Read timed out
	at java.net.SocketInputStream.socketRead0(Native Method)
	at java.net.SocketInputStream.read(SocketInputStream.java:152)
	at java.net.SocketInputStream.read(SocketInputStream.java:122)
	at org.apache.http.impl.io.AbstractSessionInputBuffer.fillBuffer(AbstractSessionInputBuffer.java:160)
	at org.apache.http.impl.io.SocketInputBuffer.fillBuffer(SocketInputBuffer.java:84)
	at org.apache.http.impl.io.AbstractSessionInputBuffer.readLine(AbstractSessionInputBuffer.java:273)
	at org.apache.http.impl.conn.DefaultHttpResponseParser.parseHead(DefaultHttpResponseParser.java:140)
	at org.apache.http.impl.conn.DefaultHttpResponseParser.parseHead(DefaultHttpResponseParser.java:57)
	at org.apache.http.impl.io.AbstractMessageParser.parse(AbstractMessageParser.java:260)
	at org.apache.http.impl.AbstractHttpClientConnection.receiveResponseHeader(AbstractHttpClientConnection.java:283)
	at org.apache.http.impl.conn.DefaultClientConnection.receiveResponseHeader(DefaultClientConnection.java:251)
	at org.apache.http.impl.conn.AbstractClientConnAdapter.receiveResponseHeader(AbstractClientConnAdapter.java:223)
	at org.apache.http.protocol.HttpRequestExecutor.doReceiveResponse(HttpRequestExecutor.java:271)
	at org.apache.http.protocol.HttpRequestExecutor.execute(HttpRequestExecutor.java:123)
	at org.apache.http.impl.client.DefaultRequestDirector.tryExecute(DefaultRequestDirector.java:682)
	at org.apache.http.impl.client.DefaultRequestDirector.execute(DefaultRequestDirector.java:486)
	at org.apache.http.impl.client.AbstractHttpClient.doExecute(AbstractHttpClient.java:863)
	at org.apache.http.impl.client.CloseableHttpClient.execute(CloseableHttpClient.java:72)
	at org.apache.http.impl.client.CloseableHttpClient.execute(CloseableHttpClient.java:57)
	at org.openqa.selenium.remote.HttpCommandExecutor.fallBackExecute(HttpCommandExecutor.java:322)
	at org.openqa.selenium.remote.HttpCommandExecutor.execute(HttpCommandExecutor.java:301)
	at org.openqa.selenium.firefox.internal.NewProfileExtensionConnection.execute(NewProfileExtensionConnection.java:165)
	at org.openqa.selenium.firefox.FirefoxDriver$LazyCommandExecutor.execute(FirefoxDriver.java:362)
	at org.openqa.selenium.remote.RemoteWebDriver.execute(RemoteWebDriver.java:568)
	... 16 more
... Removed 10 stack frames]]>
    </failure>
  </testcase> <!-- testPubliclyAccessiblePages -->
  <testcase name="testStudentAccessToAdminPages" time="0.001" classname="teammates.test.cases.ui.browsertests.AllAccessControlUiTests">
    <failure type="org.openqa.selenium.NoSuchWindowException" message="Window not found. The browser window may have been closed.
Command duration or timeout: 1 milliseconds
Build info: version: &amp;apos;2.41.0&amp;apos;, revision: &amp;apos;3192d8a&amp;apos;, time: &amp;apos;2014-03-27 17:17:32&amp;apos;
System info: host: &amp;apos;soccf-tr5-001&amp;apos;, ip: &amp;apos;172.26.191.176&amp;apos;, os.name: &amp;apos;Windows 7&amp;apos;, os.arch: &amp;apos;x86&amp;apos;, os.version: &amp;apos;6.1&amp;apos;, java.version: &amp;apos;1.7.0_60&amp;apos;
Session ID: c3fec8d6-475c-494a-ab93-2f941739edba
Driver info: org.openqa.selenium.firefox.FirefoxDriver
Capabilities [{platform=XP, acceptSslCerts=true, javascriptEnabled=true, cssSelectorsEnabled=true, databaseEnabled=true, browserName=firefox, handlesAlerts=true, browserConnectionEnabled=true, webStorageEnabled=true, nativeEvents=false, rotatable=false, locationContextEnabled=true, applicationCacheEnabled=true, takesScreenshot=true, version=21.0}]">
      <![CDATA[org.openqa.selenium.NoSuchWindowException: Window not found. The browser window may have been closed.
Command duration or timeout: 1 milliseconds
Build info: version: '2.41.0', revision: '3192d8a', time: '2014-03-27 17:17:32'
System info: host: 'soccf-tr5-001', ip: '172.26.191.176', os.name: 'Windows 7', os.arch: 'x86', os.version: '6.1', java.version: '1.7.0_60'
Session ID: c3fec8d6-475c-494a-ab93-2f941739edba
Driver info: org.openqa.selenium.firefox.FirefoxDriver
Capabilities [{platform=XP, acceptSslCerts=true, javascriptEnabled=true, cssSelectorsEnabled=true, databaseEnabled=true, browserName=firefox, handlesAlerts=true, browserConnectionEnabled=true, webStorageEnabled=true, nativeEvents=false, rotatable=false, locationContextEnabled=true, applicationCacheEnabled=true, takesScreenshot=true, version=21.0}]
	at org.openqa.selenium.remote.ErrorHandler.createThrowable(ErrorHandler.java:193)
	at org.openqa.selenium.remote.ErrorHandler.throwIfResponseFailed(ErrorHandler.java:145)
	at org.openqa.selenium.remote.RemoteWebDriver.execute(RemoteWebDriver.java:595)
	at org.openqa.selenium.remote.RemoteWebDriver.get(RemoteWebDriver.java:300)
	at teammates.test.pageobjects.AppPage.logout(AppPage.java:406)
	at teammates.test.pageobjects.AppPage.logout(AppPage.java:398)
	at teammates.test.cases.ui.browsertests.AllAccessControlUiTests.loginStudent(AllAccessControlUiTests.java:323)
	at teammates.test.cases.ui.browsertests.AllAccessControlUiTests.testStudentAccessToAdminPages(AllAccessControlUiTests.java:139)
	at java.util.concurrent.ThreadPoolExecutor.runWorker(ThreadPoolExecutor.java:1145)
	at java.util.concurrent.ThreadPoolExecutor$Worker.run(ThreadPoolExecutor.java:615)
	at java.lang.Thread.run(Thread.java:745)
Caused by: org.openqa.selenium.remote.ErrorHandler$UnknownServerException: Window not found. The browser window may have been closed.
Build info: version: '2.41.0', revision: '3192d8a', time: '2014-03-27 17:17:32'
System info: host: 'soccf-tr5-001', ip: '172.26.191.176', os.name: 'Windows 7', os.arch: 'x86', os.version: '6.1', java.version: '1.7.0_60'
Driver info: driver.version: unknown
	at <anonymous class>.nsCommandProcessor.prototype.execute(file:///C:/Users/a0100124/AppData/Local/Temp/anonymous5001795366539514019webdriver-profile/extensions/fxdriver@googlecode.com/components/command_processor.js:10954)
	at <anonymous class>.Dispatcher.executeAs/<(file:///C:/Users/a0100124/AppData/Local/Temp/anonymous5001795366539514019webdriver-profile/extensions/fxdriver@googlecode.com/components/driver_component.js:7717)
	at <anonymous class>.Resource.prototype.handle(file:///C:/Users/a0100124/AppData/Local/Temp/anonymous5001795366539514019webdriver-profile/extensions/fxdriver@googlecode.com/components/driver_component.js:7864)
	at <anonymous class>.Dispatcher.prototype.dispatch(file:///C:/Users/a0100124/AppData/Local/Temp/anonymous5001795366539514019webdriver-profile/extensions/fxdriver@googlecode.com/components/driver_component.js:7811)
	at <anonymous class>.WebDriverServer/<.handle(file:///C:/Users/a0100124/AppData/Local/Temp/anonymous5001795366539514019webdriver-profile/extensions/fxdriver@googlecode.com/components/driver_component.js:10740)
	at <anonymous class>.<anonymous method>(file:///C:/Users/a0100124/AppData/Local/Temp/anonymous5001795366539514019webdriver-profile/extensions/fxdriver@googlecode.com/components/httpd.js:1935)
	at <anonymous class>.ServerHandler.prototype.handleResponse(file:///C:/Users/a0100124/AppData/Local/Temp/anonymous5001795366539514019webdriver-profile/extensions/fxdriver@googlecode.com/components/httpd.js:2261)
	at <anonymous class>.Connection.prototype.process(file:///C:/Users/a0100124/AppData/Local/Temp/anonymous5001795366539514019webdriver-profile/extensions/fxdriver@googlecode.com/components/httpd.js:1168)
	at <anonymous class>.RequestReader.prototype._handleResponse(file:///C:/Users/a0100124/AppData/Local/Temp/anonymous5001795366539514019webdriver-profile/extensions/fxdriver@googlecode.com/components/httpd.js:1616)
	at <anonymous class>.RequestReader.prototype._processBody(file:///C:/Users/a0100124/AppData/Local/Temp/anonymous5001795366539514019webdriver-profile/extensions/fxdriver@googlecode.com/components/httpd.js:1464)
	at <anonymous class>.RequestReader.prototype.onInputStreamReady(file:///C:/Users/a0100124/AppData/Local/Temp/anonymous5001795366539514019webdriver-profile/extensions/fxdriver@googlecode.com/components/httpd.js:1333)
... Removed 14 stack frames]]>
    </failure>
  </testcase> <!-- testStudentAccessToAdminPages -->
  <testcase name="testStudentEvalResult" time="8.502" classname="teammates.test.cases.ui.browsertests.AllAccessControlUiTests">
    <failure type="org.openqa.selenium.NoSuchWindowException" message="Window not found. The browser window may have been closed.
Command duration or timeout: 0 milliseconds
Build info: version: &amp;apos;2.41.0&amp;apos;, revision: &amp;apos;3192d8a&amp;apos;, time: &amp;apos;2014-03-27 17:17:32&amp;apos;
System info: host: &amp;apos;soccf-tr5-001&amp;apos;, ip: &amp;apos;172.26.191.176&amp;apos;, os.name: &amp;apos;Windows 7&amp;apos;, os.arch: &amp;apos;x86&amp;apos;, os.version: &amp;apos;6.1&amp;apos;, java.version: &amp;apos;1.7.0_60&amp;apos;
Session ID: c3fec8d6-475c-494a-ab93-2f941739edba
Driver info: org.openqa.selenium.firefox.FirefoxDriver
Capabilities [{platform=XP, acceptSslCerts=true, javascriptEnabled=true, cssSelectorsEnabled=true, databaseEnabled=true, browserName=firefox, handlesAlerts=true, browserConnectionEnabled=true, webStorageEnabled=true, nativeEvents=false, rotatable=false, locationContextEnabled=true, applicationCacheEnabled=true, takesScreenshot=true, version=21.0}]">
      <![CDATA[org.openqa.selenium.NoSuchWindowException: Window not found. The browser window may have been closed.
Command duration or timeout: 0 milliseconds
Build info: version: '2.41.0', revision: '3192d8a', time: '2014-03-27 17:17:32'
System info: host: 'soccf-tr5-001', ip: '172.26.191.176', os.name: 'Windows 7', os.arch: 'x86', os.version: '6.1', java.version: '1.7.0_60'
Session ID: c3fec8d6-475c-494a-ab93-2f941739edba
Driver info: org.openqa.selenium.firefox.FirefoxDriver
Capabilities [{platform=XP, acceptSslCerts=true, javascriptEnabled=true, cssSelectorsEnabled=true, databaseEnabled=true, browserName=firefox, handlesAlerts=true, browserConnectionEnabled=true, webStorageEnabled=true, nativeEvents=false, rotatable=false, locationContextEnabled=true, applicationCacheEnabled=true, takesScreenshot=true, version=21.0}]
	at org.openqa.selenium.remote.ErrorHandler.createThrowable(ErrorHandler.java:193)
	at org.openqa.selenium.remote.ErrorHandler.throwIfResponseFailed(ErrorHandler.java:145)
	at org.openqa.selenium.remote.RemoteWebDriver.execute(RemoteWebDriver.java:595)
	at org.openqa.selenium.remote.RemoteWebDriver.get(RemoteWebDriver.java:300)
	at teammates.test.pageobjects.AppPage.logout(AppPage.java:406)
	at teammates.test.pageobjects.AppPage.logout(AppPage.java:398)
	at teammates.test.cases.ui.browsertests.AllAccessControlUiTests.loginStudent(AllAccessControlUiTests.java:323)
	at teammates.test.cases.ui.browsertests.AllAccessControlUiTests.testStudentEvalResult(AllAccessControlUiTests.java:241)
	at java.util.concurrent.ThreadPoolExecutor.runWorker(ThreadPoolExecutor.java:1145)
	at java.util.concurrent.ThreadPoolExecutor$Worker.run(ThreadPoolExecutor.java:615)
	at java.lang.Thread.run(Thread.java:745)
Caused by: org.openqa.selenium.remote.ErrorHandler$UnknownServerException: Window not found. The browser window may have been closed.
Build info: version: '2.41.0', revision: '3192d8a', time: '2014-03-27 17:17:32'
System info: host: 'soccf-tr5-001', ip: '172.26.191.176', os.name: 'Windows 7', os.arch: 'x86', os.version: '6.1', java.version: '1.7.0_60'
Driver info: driver.version: unknown
	at <anonymous class>.nsCommandProcessor.prototype.execute(file:///C:/Users/a0100124/AppData/Local/Temp/anonymous5001795366539514019webdriver-profile/extensions/fxdriver@googlecode.com/components/command_processor.js:10954)
	at <anonymous class>.Dispatcher.executeAs/<(file:///C:/Users/a0100124/AppData/Local/Temp/anonymous5001795366539514019webdriver-profile/extensions/fxdriver@googlecode.com/components/driver_component.js:7717)
	at <anonymous class>.Resource.prototype.handle(file:///C:/Users/a0100124/AppData/Local/Temp/anonymous5001795366539514019webdriver-profile/extensions/fxdriver@googlecode.com/components/driver_component.js:7864)
	at <anonymous class>.Dispatcher.prototype.dispatch(file:///C:/Users/a0100124/AppData/Local/Temp/anonymous5001795366539514019webdriver-profile/extensions/fxdriver@googlecode.com/components/driver_component.js:7811)
	at <anonymous class>.WebDriverServer/<.handle(file:///C:/Users/a0100124/AppData/Local/Temp/anonymous5001795366539514019webdriver-profile/extensions/fxdriver@googlecode.com/components/driver_component.js:10740)
	at <anonymous class>.<anonymous method>(file:///C:/Users/a0100124/AppData/Local/Temp/anonymous5001795366539514019webdriver-profile/extensions/fxdriver@googlecode.com/components/httpd.js:1935)
	at <anonymous class>.ServerHandler.prototype.handleResponse(file:///C:/Users/a0100124/AppData/Local/Temp/anonymous5001795366539514019webdriver-profile/extensions/fxdriver@googlecode.com/components/httpd.js:2261)
	at <anonymous class>.Connection.prototype.process(file:///C:/Users/a0100124/AppData/Local/Temp/anonymous5001795366539514019webdriver-profile/extensions/fxdriver@googlecode.com/components/httpd.js:1168)
	at <anonymous class>.RequestReader.prototype._handleResponse(file:///C:/Users/a0100124/AppData/Local/Temp/anonymous5001795366539514019webdriver-profile/extensions/fxdriver@googlecode.com/components/httpd.js:1616)
	at <anonymous class>.RequestReader.prototype._processBody(file:///C:/Users/a0100124/AppData/Local/Temp/anonymous5001795366539514019webdriver-profile/extensions/fxdriver@googlecode.com/components/httpd.js:1464)
	at <anonymous class>.RequestReader.prototype.onInputStreamReady(file:///C:/Users/a0100124/AppData/Local/Temp/anonymous5001795366539514019webdriver-profile/extensions/fxdriver@googlecode.com/components/httpd.js:1333)
... Removed 14 stack frames]]>
    </failure>
  </testcase> <!-- testStudentEvalResult -->
  <testcase name="testStudentEvalSubmission" time="8.377" classname="teammates.test.cases.ui.browsertests.AllAccessControlUiTests">
    <failure type="org.openqa.selenium.NoSuchWindowException" message="Window not found. The browser window may have been closed.
Command duration or timeout: 0 milliseconds
Build info: version: &amp;apos;2.41.0&amp;apos;, revision: &amp;apos;3192d8a&amp;apos;, time: &amp;apos;2014-03-27 17:17:32&amp;apos;
System info: host: &amp;apos;soccf-tr5-001&amp;apos;, ip: &amp;apos;172.26.191.176&amp;apos;, os.name: &amp;apos;Windows 7&amp;apos;, os.arch: &amp;apos;x86&amp;apos;, os.version: &amp;apos;6.1&amp;apos;, java.version: &amp;apos;1.7.0_60&amp;apos;
Session ID: c3fec8d6-475c-494a-ab93-2f941739edba
Driver info: org.openqa.selenium.firefox.FirefoxDriver
Capabilities [{platform=XP, acceptSslCerts=true, javascriptEnabled=true, cssSelectorsEnabled=true, databaseEnabled=true, browserName=firefox, handlesAlerts=true, browserConnectionEnabled=true, webStorageEnabled=true, nativeEvents=false, rotatable=false, locationContextEnabled=true, applicationCacheEnabled=true, takesScreenshot=true, version=21.0}]">
      <![CDATA[org.openqa.selenium.NoSuchWindowException: Window not found. The browser window may have been closed.
Command duration or timeout: 0 milliseconds
Build info: version: '2.41.0', revision: '3192d8a', time: '2014-03-27 17:17:32'
System info: host: 'soccf-tr5-001', ip: '172.26.191.176', os.name: 'Windows 7', os.arch: 'x86', os.version: '6.1', java.version: '1.7.0_60'
Session ID: c3fec8d6-475c-494a-ab93-2f941739edba
Driver info: org.openqa.selenium.firefox.FirefoxDriver
Capabilities [{platform=XP, acceptSslCerts=true, javascriptEnabled=true, cssSelectorsEnabled=true, databaseEnabled=true, browserName=firefox, handlesAlerts=true, browserConnectionEnabled=true, webStorageEnabled=true, nativeEvents=false, rotatable=false, locationContextEnabled=true, applicationCacheEnabled=true, takesScreenshot=true, version=21.0}]
	at org.openqa.selenium.remote.ErrorHandler.createThrowable(ErrorHandler.java:193)
	at org.openqa.selenium.remote.ErrorHandler.throwIfResponseFailed(ErrorHandler.java:145)
	at org.openqa.selenium.remote.RemoteWebDriver.execute(RemoteWebDriver.java:595)
	at org.openqa.selenium.remote.RemoteWebDriver.get(RemoteWebDriver.java:300)
	at teammates.test.pageobjects.AppPage.logout(AppPage.java:406)
	at teammates.test.pageobjects.AppPage.logout(AppPage.java:398)
	at teammates.test.cases.ui.browsertests.AllAccessControlUiTests.loginStudent(AllAccessControlUiTests.java:323)
	at teammates.test.cases.ui.browsertests.AllAccessControlUiTests.testStudentEvalSubmission(AllAccessControlUiTests.java:158)
	at java.util.concurrent.ThreadPoolExecutor.runWorker(ThreadPoolExecutor.java:1145)
	at java.util.concurrent.ThreadPoolExecutor$Worker.run(ThreadPoolExecutor.java:615)
	at java.lang.Thread.run(Thread.java:745)
Caused by: org.openqa.selenium.remote.ErrorHandler$UnknownServerException: Window not found. The browser window may have been closed.
Build info: version: '2.41.0', revision: '3192d8a', time: '2014-03-27 17:17:32'
System info: host: 'soccf-tr5-001', ip: '172.26.191.176', os.name: 'Windows 7', os.arch: 'x86', os.version: '6.1', java.version: '1.7.0_60'
Driver info: driver.version: unknown
	at <anonymous class>.nsCommandProcessor.prototype.execute(file:///C:/Users/a0100124/AppData/Local/Temp/anonymous5001795366539514019webdriver-profile/extensions/fxdriver@googlecode.com/components/command_processor.js:10954)
	at <anonymous class>.Dispatcher.executeAs/<(file:///C:/Users/a0100124/AppData/Local/Temp/anonymous5001795366539514019webdriver-profile/extensions/fxdriver@googlecode.com/components/driver_component.js:7717)
	at <anonymous class>.Resource.prototype.handle(file:///C:/Users/a0100124/AppData/Local/Temp/anonymous5001795366539514019webdriver-profile/extensions/fxdriver@googlecode.com/components/driver_component.js:7864)
	at <anonymous class>.Dispatcher.prototype.dispatch(file:///C:/Users/a0100124/AppData/Local/Temp/anonymous5001795366539514019webdriver-profile/extensions/fxdriver@googlecode.com/components/driver_component.js:7811)
	at <anonymous class>.WebDriverServer/<.handle(file:///C:/Users/a0100124/AppData/Local/Temp/anonymous5001795366539514019webdriver-profile/extensions/fxdriver@googlecode.com/components/driver_component.js:10740)
	at <anonymous class>.<anonymous method>(file:///C:/Users/a0100124/AppData/Local/Temp/anonymous5001795366539514019webdriver-profile/extensions/fxdriver@googlecode.com/components/httpd.js:1935)
	at <anonymous class>.ServerHandler.prototype.handleResponse(file:///C:/Users/a0100124/AppData/Local/Temp/anonymous5001795366539514019webdriver-profile/extensions/fxdriver@googlecode.com/components/httpd.js:2261)
	at <anonymous class>.Connection.prototype.process(file:///C:/Users/a0100124/AppData/Local/Temp/anonymous5001795366539514019webdriver-profile/extensions/fxdriver@googlecode.com/components/httpd.js:1168)
	at <anonymous class>.RequestReader.prototype._handleResponse(file:///C:/Users/a0100124/AppData/Local/Temp/anonymous5001795366539514019webdriver-profile/extensions/fxdriver@googlecode.com/components/httpd.js:1616)
	at <anonymous class>.RequestReader.prototype._processBody(file:///C:/Users/a0100124/AppData/Local/Temp/anonymous5001795366539514019webdriver-profile/extensions/fxdriver@googlecode.com/components/httpd.js:1464)
	at <anonymous class>.RequestReader.prototype.onInputStreamReady(file:///C:/Users/a0100124/AppData/Local/Temp/anonymous5001795366539514019webdriver-profile/extensions/fxdriver@googlecode.com/components/httpd.js:1333)
... Removed 14 stack frames]]>
    </failure>
  </testcase> <!-- testStudentEvalSubmission -->
  <testcase name="testStudentHome" time="0.015" classname="teammates.test.cases.ui.browsertests.AllAccessControlUiTests">
    <failure type="org.openqa.selenium.NoSuchWindowException" message="Window not found. The browser window may have been closed.
Command duration or timeout: 15 milliseconds
Build info: version: &amp;apos;2.41.0&amp;apos;, revision: &amp;apos;3192d8a&amp;apos;, time: &amp;apos;2014-03-27 17:17:32&amp;apos;
System info: host: &amp;apos;soccf-tr5-001&amp;apos;, ip: &amp;apos;172.26.191.176&amp;apos;, os.name: &amp;apos;Windows 7&amp;apos;, os.arch: &amp;apos;x86&amp;apos;, os.version: &amp;apos;6.1&amp;apos;, java.version: &amp;apos;1.7.0_60&amp;apos;
Session ID: c3fec8d6-475c-494a-ab93-2f941739edba
Driver info: org.openqa.selenium.firefox.FirefoxDriver
Capabilities [{platform=XP, acceptSslCerts=true, javascriptEnabled=true, cssSelectorsEnabled=true, databaseEnabled=true, browserName=firefox, handlesAlerts=true, browserConnectionEnabled=true, webStorageEnabled=true, nativeEvents=false, rotatable=false, locationContextEnabled=true, applicationCacheEnabled=true, takesScreenshot=true, version=21.0}]">
      <![CDATA[org.openqa.selenium.NoSuchWindowException: Window not found. The browser window may have been closed.
Command duration or timeout: 15 milliseconds
Build info: version: '2.41.0', revision: '3192d8a', time: '2014-03-27 17:17:32'
System info: host: 'soccf-tr5-001', ip: '172.26.191.176', os.name: 'Windows 7', os.arch: 'x86', os.version: '6.1', java.version: '1.7.0_60'
Session ID: c3fec8d6-475c-494a-ab93-2f941739edba
Driver info: org.openqa.selenium.firefox.FirefoxDriver
Capabilities [{platform=XP, acceptSslCerts=true, javascriptEnabled=true, cssSelectorsEnabled=true, databaseEnabled=true, browserName=firefox, handlesAlerts=true, browserConnectionEnabled=true, webStorageEnabled=true, nativeEvents=false, rotatable=false, locationContextEnabled=true, applicationCacheEnabled=true, takesScreenshot=true, version=21.0}]
	at org.openqa.selenium.remote.ErrorHandler.createThrowable(ErrorHandler.java:193)
	at org.openqa.selenium.remote.ErrorHandler.throwIfResponseFailed(ErrorHandler.java:145)
	at org.openqa.selenium.remote.RemoteWebDriver.execute(RemoteWebDriver.java:595)
	at org.openqa.selenium.remote.RemoteWebDriver.get(RemoteWebDriver.java:300)
	at teammates.test.pageobjects.AppPage.logout(AppPage.java:406)
	at teammates.test.pageobjects.AppPage.logout(AppPage.java:398)
	at teammates.test.cases.ui.browsertests.AllAccessControlUiTests.loginStudent(AllAccessControlUiTests.java:323)
	at teammates.test.cases.ui.browsertests.AllAccessControlUiTests.testStudentHome(AllAccessControlUiTests.java:145)
	at java.util.concurrent.ThreadPoolExecutor.runWorker(ThreadPoolExecutor.java:1145)
	at java.util.concurrent.ThreadPoolExecutor$Worker.run(ThreadPoolExecutor.java:615)
	at java.lang.Thread.run(Thread.java:745)
Caused by: org.openqa.selenium.remote.ErrorHandler$UnknownServerException: Window not found. The browser window may have been closed.
Build info: version: '2.41.0', revision: '3192d8a', time: '2014-03-27 17:17:32'
System info: host: 'soccf-tr5-001', ip: '172.26.191.176', os.name: 'Windows 7', os.arch: 'x86', os.version: '6.1', java.version: '1.7.0_60'
Driver info: driver.version: unknown
	at <anonymous class>.nsCommandProcessor.prototype.execute(file:///C:/Users/a0100124/AppData/Local/Temp/anonymous5001795366539514019webdriver-profile/extensions/fxdriver@googlecode.com/components/command_processor.js:10954)
	at <anonymous class>.Dispatcher.executeAs/<(file:///C:/Users/a0100124/AppData/Local/Temp/anonymous5001795366539514019webdriver-profile/extensions/fxdriver@googlecode.com/components/driver_component.js:7717)
	at <anonymous class>.Resource.prototype.handle(file:///C:/Users/a0100124/AppData/Local/Temp/anonymous5001795366539514019webdriver-profile/extensions/fxdriver@googlecode.com/components/driver_component.js:7864)
	at <anonymous class>.Dispatcher.prototype.dispatch(file:///C:/Users/a0100124/AppData/Local/Temp/anonymous5001795366539514019webdriver-profile/extensions/fxdriver@googlecode.com/components/driver_component.js:7811)
	at <anonymous class>.WebDriverServer/<.handle(file:///C:/Users/a0100124/AppData/Local/Temp/anonymous5001795366539514019webdriver-profile/extensions/fxdriver@googlecode.com/components/driver_component.js:10740)
	at <anonymous class>.<anonymous method>(file:///C:/Users/a0100124/AppData/Local/Temp/anonymous5001795366539514019webdriver-profile/extensions/fxdriver@googlecode.com/components/httpd.js:1935)
	at <anonymous class>.ServerHandler.prototype.handleResponse(file:///C:/Users/a0100124/AppData/Local/Temp/anonymous5001795366539514019webdriver-profile/extensions/fxdriver@googlecode.com/components/httpd.js:2261)
	at <anonymous class>.Connection.prototype.process(file:///C:/Users/a0100124/AppData/Local/Temp/anonymous5001795366539514019webdriver-profile/extensions/fxdriver@googlecode.com/components/httpd.js:1168)
	at <anonymous class>.RequestReader.prototype._handleResponse(file:///C:/Users/a0100124/AppData/Local/Temp/anonymous5001795366539514019webdriver-profile/extensions/fxdriver@googlecode.com/components/httpd.js:1616)
	at <anonymous class>.RequestReader.prototype._processBody(file:///C:/Users/a0100124/AppData/Local/Temp/anonymous5001795366539514019webdriver-profile/extensions/fxdriver@googlecode.com/components/httpd.js:1464)
	at <anonymous class>.RequestReader.prototype.onInputStreamReady(file:///C:/Users/a0100124/AppData/Local/Temp/anonymous5001795366539514019webdriver-profile/extensions/fxdriver@googlecode.com/components/httpd.js:1333)
... Removed 14 stack frames]]>
    </failure>
  </testcase> <!-- testStudentHome -->
  <testcase name="testUserNotLoggedIn" time="0.0" classname="teammates.test.cases.ui.browsertests.AllAccessControlUiTests">
    <failure type="org.openqa.selenium.NoSuchWindowException" message="Window not found. The browser window may have been closed.
Command duration or timeout: 0 milliseconds
Build info: version: &amp;apos;2.41.0&amp;apos;, revision: &amp;apos;3192d8a&amp;apos;, time: &amp;apos;2014-03-27 17:17:32&amp;apos;
System info: host: &amp;apos;soccf-tr5-001&amp;apos;, ip: &amp;apos;172.26.191.176&amp;apos;, os.name: &amp;apos;Windows 7&amp;apos;, os.arch: &amp;apos;x86&amp;apos;, os.version: &amp;apos;6.1&amp;apos;, java.version: &amp;apos;1.7.0_60&amp;apos;
Session ID: c3fec8d6-475c-494a-ab93-2f941739edba
Driver info: org.openqa.selenium.firefox.FirefoxDriver
Capabilities [{platform=XP, acceptSslCerts=true, javascriptEnabled=true, cssSelectorsEnabled=true, databaseEnabled=true, browserName=firefox, handlesAlerts=true, browserConnectionEnabled=true, webStorageEnabled=true, nativeEvents=false, rotatable=false, locationContextEnabled=true, applicationCacheEnabled=true, takesScreenshot=true, version=21.0}]">
      <![CDATA[org.openqa.selenium.NoSuchWindowException: Window not found. The browser window may have been closed.
Command duration or timeout: 0 milliseconds
Build info: version: '2.41.0', revision: '3192d8a', time: '2014-03-27 17:17:32'
System info: host: 'soccf-tr5-001', ip: '172.26.191.176', os.name: 'Windows 7', os.arch: 'x86', os.version: '6.1', java.version: '1.7.0_60'
Session ID: c3fec8d6-475c-494a-ab93-2f941739edba
Driver info: org.openqa.selenium.firefox.FirefoxDriver
Capabilities [{platform=XP, acceptSslCerts=true, javascriptEnabled=true, cssSelectorsEnabled=true, databaseEnabled=true, browserName=firefox, handlesAlerts=true, browserConnectionEnabled=true, webStorageEnabled=true, nativeEvents=false, rotatable=false, locationContextEnabled=true, applicationCacheEnabled=true, takesScreenshot=true, version=21.0}]
	at org.openqa.selenium.remote.ErrorHandler.createThrowable(ErrorHandler.java:193)
	at org.openqa.selenium.remote.ErrorHandler.throwIfResponseFailed(ErrorHandler.java:145)
	at org.openqa.selenium.remote.RemoteWebDriver.execute(RemoteWebDriver.java:595)
	at org.openqa.selenium.remote.RemoteWebDriver.get(RemoteWebDriver.java:300)
	at teammates.test.pageobjects.AppPage.logout(AppPage.java:406)
	at teammates.test.pageobjects.AppPage.logout(AppPage.java:398)
	at teammates.test.cases.ui.browsertests.AllAccessControlUiTests.testUserNotLoggedIn(AllAccessControlUiTests.java:86)
	at java.util.concurrent.ThreadPoolExecutor.runWorker(ThreadPoolExecutor.java:1145)
	at java.util.concurrent.ThreadPoolExecutor$Worker.run(ThreadPoolExecutor.java:615)
	at java.lang.Thread.run(Thread.java:745)
Caused by: org.openqa.selenium.remote.ErrorHandler$UnknownServerException: Window not found. The browser window may have been closed.
Build info: version: '2.41.0', revision: '3192d8a', time: '2014-03-27 17:17:32'
System info: host: 'soccf-tr5-001', ip: '172.26.191.176', os.name: 'Windows 7', os.arch: 'x86', os.version: '6.1', java.version: '1.7.0_60'
Driver info: driver.version: unknown
	at <anonymous class>.nsCommandProcessor.prototype.execute(file:///C:/Users/a0100124/AppData/Local/Temp/anonymous5001795366539514019webdriver-profile/extensions/fxdriver@googlecode.com/components/command_processor.js:10954)
	at <anonymous class>.Dispatcher.executeAs/<(file:///C:/Users/a0100124/AppData/Local/Temp/anonymous5001795366539514019webdriver-profile/extensions/fxdriver@googlecode.com/components/driver_component.js:7717)
	at <anonymous class>.Resource.prototype.handle(file:///C:/Users/a0100124/AppData/Local/Temp/anonymous5001795366539514019webdriver-profile/extensions/fxdriver@googlecode.com/components/driver_component.js:7864)
	at <anonymous class>.Dispatcher.prototype.dispatch(file:///C:/Users/a0100124/AppData/Local/Temp/anonymous5001795366539514019webdriver-profile/extensions/fxdriver@googlecode.com/components/driver_component.js:7811)
	at <anonymous class>.WebDriverServer/<.handle(file:///C:/Users/a0100124/AppData/Local/Temp/anonymous5001795366539514019webdriver-profile/extensions/fxdriver@googlecode.com/components/driver_component.js:10740)
	at <anonymous class>.<anonymous method>(file:///C:/Users/a0100124/AppData/Local/Temp/anonymous5001795366539514019webdriver-profile/extensions/fxdriver@googlecode.com/components/httpd.js:1935)
	at <anonymous class>.ServerHandler.prototype.handleResponse(file:///C:/Users/a0100124/AppData/Local/Temp/anonymous5001795366539514019webdriver-profile/extensions/fxdriver@googlecode.com/components/httpd.js:2261)
	at <anonymous class>.Connection.prototype.process(file:///C:/Users/a0100124/AppData/Local/Temp/anonymous5001795366539514019webdriver-profile/extensions/fxdriver@googlecode.com/components/httpd.js:1168)
	at <anonymous class>.RequestReader.prototype._handleResponse(file:///C:/Users/a0100124/AppData/Local/Temp/anonymous5001795366539514019webdriver-profile/extensions/fxdriver@googlecode.com/components/httpd.js:1616)
	at <anonymous class>.RequestReader.prototype._processBody(file:///C:/Users/a0100124/AppData/Local/Temp/anonymous5001795366539514019webdriver-profile/extensions/fxdriver@googlecode.com/components/httpd.js:1464)
	at <anonymous class>.RequestReader.prototype.onInputStreamReady(file:///C:/Users/a0100124/AppData/Local/Temp/anonymous5001795366539514019webdriver-profile/extensions/fxdriver@googlecode.com/components/httpd.js:1333)
... Removed 14 stack frames]]>
    </failure>
  </testcase> <!-- testUserNotLoggedIn -->
  <testcase name="testUserNotRegistered" time="0.0" classname="teammates.test.cases.ui.browsertests.AllAccessControlUiTests">
    <failure type="org.openqa.selenium.NoSuchWindowException" message="Window not found. The browser window may have been closed.
Command duration or timeout: 0 milliseconds
Build info: version: &amp;apos;2.41.0&amp;apos;, revision: &amp;apos;3192d8a&amp;apos;, time: &amp;apos;2014-03-27 17:17:32&amp;apos;
System info: host: &amp;apos;soccf-tr5-001&amp;apos;, ip: &amp;apos;172.26.191.176&amp;apos;, os.name: &amp;apos;Windows 7&amp;apos;, os.arch: &amp;apos;x86&amp;apos;, os.version: &amp;apos;6.1&amp;apos;, java.version: &amp;apos;1.7.0_60&amp;apos;
Session ID: c3fec8d6-475c-494a-ab93-2f941739edba
Driver info: org.openqa.selenium.firefox.FirefoxDriver
Capabilities [{platform=XP, acceptSslCerts=true, javascriptEnabled=true, cssSelectorsEnabled=true, databaseEnabled=true, browserName=firefox, handlesAlerts=true, browserConnectionEnabled=true, webStorageEnabled=true, nativeEvents=false, rotatable=false, locationContextEnabled=true, applicationCacheEnabled=true, takesScreenshot=true, version=21.0}]">
      <![CDATA[org.openqa.selenium.NoSuchWindowException: Window not found. The browser window may have been closed.
Command duration or timeout: 0 milliseconds
Build info: version: '2.41.0', revision: '3192d8a', time: '2014-03-27 17:17:32'
System info: host: 'soccf-tr5-001', ip: '172.26.191.176', os.name: 'Windows 7', os.arch: 'x86', os.version: '6.1', java.version: '1.7.0_60'
Session ID: c3fec8d6-475c-494a-ab93-2f941739edba
Driver info: org.openqa.selenium.firefox.FirefoxDriver
Capabilities [{platform=XP, acceptSslCerts=true, javascriptEnabled=true, cssSelectorsEnabled=true, databaseEnabled=true, browserName=firefox, handlesAlerts=true, browserConnectionEnabled=true, webStorageEnabled=true, nativeEvents=false, rotatable=false, locationContextEnabled=true, applicationCacheEnabled=true, takesScreenshot=true, version=21.0}]
	at org.openqa.selenium.remote.ErrorHandler.createThrowable(ErrorHandler.java:193)
	at org.openqa.selenium.remote.ErrorHandler.throwIfResponseFailed(ErrorHandler.java:145)
	at org.openqa.selenium.remote.RemoteWebDriver.execute(RemoteWebDriver.java:595)
	at org.openqa.selenium.remote.RemoteWebDriver.get(RemoteWebDriver.java:300)
	at teammates.test.pageobjects.AppPage.logout(AppPage.java:406)
	at teammates.test.pageobjects.AppPage.logout(AppPage.java:398)
	at teammates.test.cases.ui.browsertests.AllAccessControlUiTests.loginStudent(AllAccessControlUiTests.java:323)
	at teammates.test.cases.ui.browsertests.AllAccessControlUiTests.testUserNotRegistered(AllAccessControlUiTests.java:110)
	at java.util.concurrent.ThreadPoolExecutor.runWorker(ThreadPoolExecutor.java:1145)
	at java.util.concurrent.ThreadPoolExecutor$Worker.run(ThreadPoolExecutor.java:615)
	at java.lang.Thread.run(Thread.java:745)
Caused by: org.openqa.selenium.remote.ErrorHandler$UnknownServerException: Window not found. The browser window may have been closed.
Build info: version: '2.41.0', revision: '3192d8a', time: '2014-03-27 17:17:32'
System info: host: 'soccf-tr5-001', ip: '172.26.191.176', os.name: 'Windows 7', os.arch: 'x86', os.version: '6.1', java.version: '1.7.0_60'
Driver info: driver.version: unknown
	at <anonymous class>.nsCommandProcessor.prototype.execute(file:///C:/Users/a0100124/AppData/Local/Temp/anonymous5001795366539514019webdriver-profile/extensions/fxdriver@googlecode.com/components/command_processor.js:10954)
	at <anonymous class>.Dispatcher.executeAs/<(file:///C:/Users/a0100124/AppData/Local/Temp/anonymous5001795366539514019webdriver-profile/extensions/fxdriver@googlecode.com/components/driver_component.js:7717)
	at <anonymous class>.Resource.prototype.handle(file:///C:/Users/a0100124/AppData/Local/Temp/anonymous5001795366539514019webdriver-profile/extensions/fxdriver@googlecode.com/components/driver_component.js:7864)
	at <anonymous class>.Dispatcher.prototype.dispatch(file:///C:/Users/a0100124/AppData/Local/Temp/anonymous5001795366539514019webdriver-profile/extensions/fxdriver@googlecode.com/components/driver_component.js:7811)
	at <anonymous class>.WebDriverServer/<.handle(file:///C:/Users/a0100124/AppData/Local/Temp/anonymous5001795366539514019webdriver-profile/extensions/fxdriver@googlecode.com/components/driver_component.js:10740)
	at <anonymous class>.<anonymous method>(file:///C:/Users/a0100124/AppData/Local/Temp/anonymous5001795366539514019webdriver-profile/extensions/fxdriver@googlecode.com/components/httpd.js:1935)
	at <anonymous class>.ServerHandler.prototype.handleResponse(file:///C:/Users/a0100124/AppData/Local/Temp/anonymous5001795366539514019webdriver-profile/extensions/fxdriver@googlecode.com/components/httpd.js:2261)
	at <anonymous class>.Connection.prototype.process(file:///C:/Users/a0100124/AppData/Local/Temp/anonymous5001795366539514019webdriver-profile/extensions/fxdriver@googlecode.com/components/httpd.js:1168)
	at <anonymous class>.RequestReader.prototype._handleResponse(file:///C:/Users/a0100124/AppData/Local/Temp/anonymous5001795366539514019webdriver-profile/extensions/fxdriver@googlecode.com/components/httpd.js:1616)
	at <anonymous class>.RequestReader.prototype._processBody(file:///C:/Users/a0100124/AppData/Local/Temp/anonymous5001795366539514019webdriver-profile/extensions/fxdriver@googlecode.com/components/httpd.js:1464)
	at <anonymous class>.RequestReader.prototype.onInputStreamReady(file:///C:/Users/a0100124/AppData/Local/Temp/anonymous5001795366539514019webdriver-profile/extensions/fxdriver@googlecode.com/components/httpd.js:1333)
... Removed 14 stack frames]]>
    </failure>
  </testcase> <!-- testUserNotRegistered -->
</testsuite> <!-- parallel-ui-tests -->
